2022-09-28 22:33:05,309 INFO o.h.v.i.u.Version [background-preinit] HV000001: Hibernate Validator 6.2.3.Final
2022-09-28 22:33:05,367 INFO o.s.b.StartupInfoLogger [main] Starting IgCloneApplication using Java 1.8.0_202 on DESKTOP-FSGNT1P with PID 7292 (D:\instagram-backend\api\app-base\target\classes started by za in D:\instagram-backend\api)
2022-09-28 22:33:05,369 INFO o.s.b.SpringApplication [main] No active profile set, falling back to 1 default profile: "default"
2022-09-28 22:33:06,094 INFO o.s.d.r.c.RepositoryConfigurationDelegate [main] Bootstrapping Spring Data JPA repositories in DEFAULT mode.
2022-09-28 22:33:06,209 INFO o.s.d.r.c.RepositoryConfigurationDelegate [main] Finished Spring Data repository scanning in 103 ms. Found 10 JPA repository interfaces.
2022-09-28 22:33:06,874 INFO o.s.c.s.PostProcessorRegistrationDelegate$BeanPostProcessorChecker [main] Bean 'methodSecurityConfig' of type [com.sangnk.core.security.MethodSecurityConfig$$EnhancerBySpringCGLIB$$d8168d8] is not eligible for getting processed by all BeanPostProcessors (for example: not eligible for auto-proxying)
2022-09-28 22:33:07,110 INFO o.s.b.w.e.t.TomcatWebServer [main] Tomcat initialized with port(s): 8023 (http)
2022-09-28 22:33:07,116 INFO o.a.j.l.DirectJDKLog [main] Initializing ProtocolHandler ["http-nio-8023"]
2022-09-28 22:33:07,117 INFO o.a.j.l.DirectJDKLog [main] Starting service [Tomcat]
2022-09-28 22:33:07,117 INFO o.a.j.l.DirectJDKLog [main] Starting Servlet engine: [Apache Tomcat/9.0.60]
2022-09-28 22:33:07,257 INFO o.a.j.l.DirectJDKLog [main] Initializing Spring embedded WebApplicationContext
2022-09-28 22:33:07,257 INFO o.s.b.w.s.c.ServletWebServerApplicationContext [main] Root WebApplicationContext: initialization completed in 1856 ms
2022-09-28 22:33:07,543 INFO o.h.j.i.u.LogHelper [main] HHH000204: Processing PersistenceUnitInfo [name: db.primary.datasource]
2022-09-28 22:33:07,579 INFO o.h.Version [main] HHH000412: Hibernate ORM core version 5.6.7.Final
2022-09-28 22:33:07,695 INFO o.h.a.c.r.j.JavaReflectionManager [main] HCANN000001: Hibernate Commons Annotations {5.1.2.Final}
2022-09-28 22:33:07,819 INFO o.h.d.Dialect [main] HHH000400: Using dialect: com.sangnk.core.dialect.MariaDB103UnicodeDialect
2022-09-28 22:33:08,642 INFO o.h.e.t.j.p.i.JtaPlatformInitiator [main] HHH000490: Using JtaPlatform implementation: [org.hibernate.engine.transaction.jta.platform.internal.NoJtaPlatform]
2022-09-28 22:33:08,649 INFO o.s.o.j.AbstractEntityManagerFactoryBean [main] Initialized JPA EntityManagerFactory for persistence unit 'db.primary.datasource'
2022-09-28 22:33:09,550 INFO o.h.d.Dialect [main] HHH000400: Using dialect: com.sangnk.core.dialect.MariaDB103UnicodeDialect$$EnhancerBySpringCGLIB$$bf145adc
2022-09-28 22:33:09,570 INFO o.h.d.Dialect [main] HHH000400: Using dialect: com.sangnk.core.dialect.MySQLUnicodeDialect$$EnhancerBySpringCGLIB$$31b05e6a
2022-09-28 22:33:09,583 INFO o.h.d.Dialect [main] HHH000400: Using dialect: com.sangnk.core.dialect.Oracle10gUnicodeDialect$$EnhancerBySpringCGLIB$$ddad7dd2
2022-09-28 22:33:09,599 INFO o.h.d.Dialect [main] HHH000400: Using dialect: com.sangnk.core.dialect.PostgreSQLUnicodeDialect$$EnhancerBySpringCGLIB$$5ad4da10
2022-09-28 22:33:09,634 INFO o.h.d.Dialect [main] HHH000400: Using dialect: com.sangnk.core.dialect.SQLServerUnicodeDialect$$EnhancerBySpringCGLIB$$e8eeb639
2022-09-28 22:33:10,052 INFO o.q.i.StdSchedulerFactory [main] Using default implementation for ThreadExecutor
2022-09-28 22:33:10,062 INFO o.q.c.SchedulerSignalerImpl [main] Initialized Scheduler Signaller of type: class org.quartz.core.SchedulerSignalerImpl
2022-09-28 22:33:10,062 INFO o.q.c.QuartzScheduler [main] Quartz Scheduler v.2.3.2 created.
2022-09-28 22:33:10,063 INFO o.q.s.RAMJobStore [main] RAMJobStore initialized.
2022-09-28 22:33:10,063 INFO o.q.c.QuartzScheduler [main] Scheduler meta-data: Quartz Scheduler (v2.3.2) 'quartzScheduler' with instanceId 'NON_CLUSTERED'
  Scheduler class: 'org.quartz.core.QuartzScheduler' - running locally.
  NOT STARTED.
  Currently in standby mode.
  Number of jobs executed: 0
  Using thread pool 'org.quartz.simpl.SimpleThreadPool' - with 10 threads.
  Using job-store 'org.quartz.simpl.RAMJobStore' - which does not support persistence. and is not clustered.

2022-09-28 22:33:10,063 INFO o.q.i.StdSchedulerFactory [main] Quartz scheduler 'quartzScheduler' initialized from an externally provided properties instance.
2022-09-28 22:33:10,063 INFO o.q.i.StdSchedulerFactory [main] Quartz scheduler version: 2.3.2
2022-09-28 22:33:10,064 INFO o.q.c.QuartzScheduler [main] JobFactory set to: org.springframework.scheduling.quartz.SpringBeanJobFactory@1d63c523
2022-09-28 22:33:10,133 INFO o.s.b.a.e.w.EndpointLinksResolver [main] Exposing 15 endpoint(s) beneath base path '/actuator'
2022-09-28 22:33:10,415 WARN o.s.s.c.a.w.b.WebSecurity [main] You are asking Spring Security to ignore Ant [pattern='/**', OPTIONS]. This is not recommended -- please use permitAll via HttpSecurity#authorizeHttpRequests instead.
2022-09-28 22:33:10,416 INFO o.s.s.w.DefaultSecurityFilterChain [main] Will secure Ant [pattern='/**', OPTIONS] with []
2022-09-28 22:33:10,416 WARN o.s.s.c.a.w.b.WebSecurity [main] You are asking Spring Security to ignore Ant [pattern='/swagger-resources/**']. This is not recommended -- please use permitAll via HttpSecurity#authorizeHttpRequests instead.
2022-09-28 22:33:10,416 INFO o.s.s.w.DefaultSecurityFilterChain [main] Will secure Ant [pattern='/swagger-resources/**'] with []
2022-09-28 22:33:10,416 WARN o.s.s.c.a.w.b.WebSecurity [main] You are asking Spring Security to ignore Ant [pattern='/swagger-ui.html**']. This is not recommended -- please use permitAll via HttpSecurity#authorizeHttpRequests instead.
2022-09-28 22:33:10,416 INFO o.s.s.w.DefaultSecurityFilterChain [main] Will secure Ant [pattern='/swagger-ui.html**'] with []
2022-09-28 22:33:10,416 WARN o.s.s.c.a.w.b.WebSecurity [main] You are asking Spring Security to ignore Ant [pattern='/swagger-ui/**']. This is not recommended -- please use permitAll via HttpSecurity#authorizeHttpRequests instead.
2022-09-28 22:33:10,416 INFO o.s.s.w.DefaultSecurityFilterChain [main] Will secure Ant [pattern='/swagger-ui/**'] with []
2022-09-28 22:33:10,416 WARN o.s.s.c.a.w.b.WebSecurity [main] You are asking Spring Security to ignore Ant [pattern='/v2/api-docs/**']. This is not recommended -- please use permitAll via HttpSecurity#authorizeHttpRequests instead.
2022-09-28 22:33:10,417 INFO o.s.s.w.DefaultSecurityFilterChain [main] Will secure Ant [pattern='/v2/api-docs/**'] with []
2022-09-28 22:33:10,417 WARN o.s.s.c.a.w.b.WebSecurity [main] You are asking Spring Security to ignore Ant [pattern='/webjars/**']. This is not recommended -- please use permitAll via HttpSecurity#authorizeHttpRequests instead.
2022-09-28 22:33:10,417 INFO o.s.s.w.DefaultSecurityFilterChain [main] Will secure Ant [pattern='/webjars/**'] with []
2022-09-28 22:33:10,417 WARN o.s.s.c.a.w.b.WebSecurity [main] You are asking Spring Security to ignore Ant [pattern='/public/**']. This is not recommended -- please use permitAll via HttpSecurity#authorizeHttpRequests instead.
2022-09-28 22:33:10,417 INFO o.s.s.w.DefaultSecurityFilterChain [main] Will secure Ant [pattern='/public/**'] with []
2022-09-28 22:33:10,447 INFO o.s.s.w.DefaultSecurityFilterChain [main] Will not secure Or [Ant [pattern='/**']]
2022-09-28 22:33:10,526 DEBUG o.h.e.j.s.SqlStatementLogger [main] select admuser0_.id as id1_0_, admuser0_.ADDRESS as address2_0_, admuser0_.BIRTHDAY as birthday3_0_, admuser0_.CREATE_TIME as create_t4_0_, admuser0_.CREATOR_ID as creator_5_0_, admuser0_.CREATOR_NAME as creator_6_0_, admuser0_.EMAIL as email7_0_, admuser0_.FULL_NAME as full_nam8_0_, admuser0_.GENDER as gender9_0_, admuser0_.GIVEN_NAME as given_n10_0_, admuser0_.IS_DELETE as is_dele11_0_, admuser0_.PASSWORD as passwor12_0_, admuser0_.PHONE_NUMBER as phone_n13_0_, admuser0_.POSITION as positio14_0_, admuser0_.STATUS as status15_0_, admuser0_.SURNAME as surname16_0_, admuser0_.TYPE as type17_0_, admuser0_.UPDATE_TIME as update_18_0_, admuser0_.UPDATER_ID as updater19_0_, admuser0_.UPDATER_NAME as updater20_0_, admuser0_.USER_NAME as user_na21_0_ from ADM_USERS admuser0_ where admuser0_.USER_NAME=?
2022-09-28 22:33:10,529 TRACE o.h.t.d.s.BasicBinder [main] binding parameter [1] as [VARCHAR] - [admin]
2022-09-28 22:33:10,857 INFO o.a.j.l.DirectJDKLog [main] Starting ProtocolHandler ["http-nio-8023"]
2022-09-28 22:33:10,871 INFO o.s.b.w.e.t.TomcatWebServer [main] Tomcat started on port(s): 8023 (http) with context path '/ig-clone'
2022-09-28 22:33:10,986 INFO o.a.j.l.DirectJDKLog [http-nio-8023-exec-3] Initializing Spring DispatcherServlet 'dispatcherServlet'
2022-09-28 22:33:11,027 DEBUG o.h.e.j.s.SqlStatementLogger [http-nio-8023-exec-3] select admuser0_.id as id1_0_, admuser0_.ADDRESS as address2_0_, admuser0_.BIRTHDAY as birthday3_0_, admuser0_.CREATE_TIME as create_t4_0_, admuser0_.CREATOR_ID as creator_5_0_, admuser0_.CREATOR_NAME as creator_6_0_, admuser0_.EMAIL as email7_0_, admuser0_.FULL_NAME as full_nam8_0_, admuser0_.GENDER as gender9_0_, admuser0_.GIVEN_NAME as given_n10_0_, admuser0_.IS_DELETE as is_dele11_0_, admuser0_.PASSWORD as passwor12_0_, admuser0_.PHONE_NUMBER as phone_n13_0_, admuser0_.POSITION as positio14_0_, admuser0_.STATUS as status15_0_, admuser0_.SURNAME as surname16_0_, admuser0_.TYPE as type17_0_, admuser0_.UPDATE_TIME as update_18_0_, admuser0_.UPDATER_ID as updater19_0_, admuser0_.UPDATER_NAME as updater20_0_, admuser0_.USER_NAME as user_na21_0_ from ADM_USERS admuser0_ where admuser0_.USER_NAME=?
2022-09-28 22:33:11,028 TRACE o.h.t.d.s.BasicBinder [http-nio-8023-exec-3] binding parameter [1] as [VARCHAR] - [admin]
2022-09-28 22:33:11,031 DEBUG o.h.e.j.s.SqlStatementLogger [http-nio-8023-exec-3] select admuser0_.id as id1_0_, admuser0_.ADDRESS as address2_0_, admuser0_.BIRTHDAY as birthday3_0_, admuser0_.CREATE_TIME as create_t4_0_, admuser0_.CREATOR_ID as creator_5_0_, admuser0_.CREATOR_NAME as creator_6_0_, admuser0_.EMAIL as email7_0_, admuser0_.FULL_NAME as full_nam8_0_, admuser0_.GENDER as gender9_0_, admuser0_.GIVEN_NAME as given_n10_0_, admuser0_.IS_DELETE as is_dele11_0_, admuser0_.PASSWORD as passwor12_0_, admuser0_.PHONE_NUMBER as phone_n13_0_, admuser0_.POSITION as positio14_0_, admuser0_.STATUS as status15_0_, admuser0_.SURNAME as surname16_0_, admuser0_.TYPE as type17_0_, admuser0_.UPDATE_TIME as update_18_0_, admuser0_.UPDATER_ID as updater19_0_, admuser0_.UPDATER_NAME as updater20_0_, admuser0_.USER_NAME as user_na21_0_ from ADM_USERS admuser0_ where admuser0_.USER_NAME=?
2022-09-28 22:33:11,032 TRACE o.h.t.d.s.BasicBinder [http-nio-8023-exec-3] binding parameter [1] as [VARCHAR] - [admin]
2022-09-28 22:33:11,102 DEBUG o.h.e.j.s.SqlStatementLogger [http-nio-8023-exec-3] select post0_.id as id1_9_0_, post0_.CREATE_TIME as create_t2_9_0_, post0_.CREATOR_ID as creator_3_9_0_, post0_.CREATOR_NAME as creator_4_9_0_, post0_.DESCRIPTION as descript5_9_0_, post0_.IS_DELETE as is_delet6_9_0_, post0_.UPDATE_TIME as update_t7_9_0_, post0_.UPDATER_ID as updater_8_9_0_, post0_.UPDATER_NAME as updater_9_9_0_ from POST post0_ where post0_.id=?
2022-09-28 22:33:11,103 TRACE o.h.t.d.s.BasicBinder [http-nio-8023-exec-3] binding parameter [1] as [BIGINT] - [1]
2022-09-28 22:33:11,139 DEBUG o.h.e.j.s.SqlStatementLogger [http-nio-8023-exec-3] insert into COMMENTS (body, CREATE_TIME, CREATOR_ID, CREATOR_NAME, IS_DELETE, post_id, UPDATE_TIME, UPDATER_ID, UPDATER_NAME, user_id) values (?, ?, ?, ?, ?, ?, ?, ?, ?, ?)
2022-09-28 22:33:11,139 TRACE o.h.t.d.s.BasicBinder [http-nio-8023-exec-3] binding parameter [1] as [VARCHAR] - [ahhahaha]
2022-09-28 22:33:11,140 TRACE o.h.t.d.s.BasicBinder [http-nio-8023-exec-3] binding parameter [2] as [TIMESTAMP] - [Wed Sep 28 22:33:11 ICT 2022]
2022-09-28 22:33:11,141 TRACE o.h.t.d.s.BasicBinder [http-nio-8023-exec-3] binding parameter [3] as [BIGINT] - [1]
2022-09-28 22:33:11,141 TRACE o.h.t.d.s.BasicBinder [http-nio-8023-exec-3] binding parameter [4] as [VARCHAR] - [null]
2022-09-28 22:33:11,141 TRACE o.h.t.d.s.BasicBinder [http-nio-8023-exec-3] binding parameter [5] as [BIGINT] - [0]
2022-09-28 22:33:11,142 TRACE o.h.t.d.s.BasicBinder [http-nio-8023-exec-3] binding parameter [6] as [BIGINT] - [1]
2022-09-28 22:33:11,142 TRACE o.h.t.d.s.BasicBinder [http-nio-8023-exec-3] binding parameter [7] as [TIMESTAMP] - [Wed Sep 28 22:33:11 ICT 2022]
2022-09-28 22:33:11,142 TRACE o.h.t.d.s.BasicBinder [http-nio-8023-exec-3] binding parameter [8] as [BIGINT] - [1]
2022-09-28 22:33:11,142 TRACE o.h.t.d.s.BasicBinder [http-nio-8023-exec-3] binding parameter [9] as [VARCHAR] - [null]
2022-09-28 22:33:11,143 TRACE o.h.t.d.s.BasicBinder [http-nio-8023-exec-3] binding parameter [10] as [BIGINT] - [1]
2022-09-28 22:33:11,183 INFO o.s.s.q.SchedulerFactoryBean [main] Starting Quartz Scheduler now
2022-09-28 22:33:11,183 INFO o.q.c.QuartzScheduler [main] Scheduler quartzScheduler_$_NON_CLUSTERED started.
2022-09-28 22:33:11,194 INFO o.s.b.StartupInfoLogger [main] Started IgCloneApplication in 6.162 seconds (JVM running for 7.12)
2022-09-28 22:33:22,434 INFO c.s.p.SSOResource [http-nio-8023-exec-4] language current: en_US, examle error_401: Unauthorized
2022-09-28 22:33:22,512 DEBUG o.h.e.j.s.SqlStatementLogger [http-nio-8023-exec-4] select admuser0_.id as id1_0_, admuser0_.ADDRESS as address2_0_, admuser0_.BIRTHDAY as birthday3_0_, admuser0_.CREATE_TIME as create_t4_0_, admuser0_.CREATOR_ID as creator_5_0_, admuser0_.CREATOR_NAME as creator_6_0_, admuser0_.EMAIL as email7_0_, admuser0_.FULL_NAME as full_nam8_0_, admuser0_.GENDER as gender9_0_, admuser0_.GIVEN_NAME as given_n10_0_, admuser0_.IS_DELETE as is_dele11_0_, admuser0_.PASSWORD as passwor12_0_, admuser0_.PHONE_NUMBER as phone_n13_0_, admuser0_.POSITION as positio14_0_, admuser0_.STATUS as status15_0_, admuser0_.SURNAME as surname16_0_, admuser0_.TYPE as type17_0_, admuser0_.UPDATE_TIME as update_18_0_, admuser0_.UPDATER_ID as updater19_0_, admuser0_.UPDATER_NAME as updater20_0_, admuser0_.USER_NAME as user_na21_0_ from ADM_USERS admuser0_ where admuser0_.USER_NAME=?
2022-09-28 22:33:22,513 TRACE o.h.t.d.s.BasicBinder [http-nio-8023-exec-4] binding parameter [1] as [VARCHAR] - [user2]
2022-09-28 22:33:35,391 DEBUG o.h.e.j.s.SqlStatementLogger [http-nio-8023-exec-1] select admuser0_.id as id1_0_, admuser0_.ADDRESS as address2_0_, admuser0_.BIRTHDAY as birthday3_0_, admuser0_.CREATE_TIME as create_t4_0_, admuser0_.CREATOR_ID as creator_5_0_, admuser0_.CREATOR_NAME as creator_6_0_, admuser0_.EMAIL as email7_0_, admuser0_.FULL_NAME as full_nam8_0_, admuser0_.GENDER as gender9_0_, admuser0_.GIVEN_NAME as given_n10_0_, admuser0_.IS_DELETE as is_dele11_0_, admuser0_.PASSWORD as passwor12_0_, admuser0_.PHONE_NUMBER as phone_n13_0_, admuser0_.POSITION as positio14_0_, admuser0_.STATUS as status15_0_, admuser0_.SURNAME as surname16_0_, admuser0_.TYPE as type17_0_, admuser0_.UPDATE_TIME as update_18_0_, admuser0_.UPDATER_ID as updater19_0_, admuser0_.UPDATER_NAME as updater20_0_, admuser0_.USER_NAME as user_na21_0_ from ADM_USERS admuser0_ where admuser0_.USER_NAME=?
2022-09-28 22:33:35,393 TRACE o.h.t.d.s.BasicBinder [http-nio-8023-exec-1] binding parameter [1] as [VARCHAR] - [user2]
2022-09-28 22:33:35,396 DEBUG o.h.e.j.s.SqlStatementLogger [http-nio-8023-exec-1] select admuser0_.id as id1_0_, admuser0_.ADDRESS as address2_0_, admuser0_.BIRTHDAY as birthday3_0_, admuser0_.CREATE_TIME as create_t4_0_, admuser0_.CREATOR_ID as creator_5_0_, admuser0_.CREATOR_NAME as creator_6_0_, admuser0_.EMAIL as email7_0_, admuser0_.FULL_NAME as full_nam8_0_, admuser0_.GENDER as gender9_0_, admuser0_.GIVEN_NAME as given_n10_0_, admuser0_.IS_DELETE as is_dele11_0_, admuser0_.PASSWORD as passwor12_0_, admuser0_.PHONE_NUMBER as phone_n13_0_, admuser0_.POSITION as positio14_0_, admuser0_.STATUS as status15_0_, admuser0_.SURNAME as surname16_0_, admuser0_.TYPE as type17_0_, admuser0_.UPDATE_TIME as update_18_0_, admuser0_.UPDATER_ID as updater19_0_, admuser0_.UPDATER_NAME as updater20_0_, admuser0_.USER_NAME as user_na21_0_ from ADM_USERS admuser0_ where admuser0_.USER_NAME=?
2022-09-28 22:33:35,398 TRACE o.h.t.d.s.BasicBinder [http-nio-8023-exec-1] binding parameter [1] as [VARCHAR] - [user2]
2022-09-28 22:33:35,402 DEBUG o.h.e.j.s.SqlStatementLogger [http-nio-8023-exec-1] select post0_.id as id1_9_0_, post0_.CREATE_TIME as create_t2_9_0_, post0_.CREATOR_ID as creator_3_9_0_, post0_.CREATOR_NAME as creator_4_9_0_, post0_.DESCRIPTION as descript5_9_0_, post0_.IS_DELETE as is_delet6_9_0_, post0_.UPDATE_TIME as update_t7_9_0_, post0_.UPDATER_ID as updater_8_9_0_, post0_.UPDATER_NAME as updater_9_9_0_ from POST post0_ where post0_.id=?
2022-09-28 22:33:35,403 TRACE o.h.t.d.s.BasicBinder [http-nio-8023-exec-1] binding parameter [1] as [BIGINT] - [1]
2022-09-28 22:33:35,408 DEBUG o.h.e.j.s.SqlStatementLogger [http-nio-8023-exec-1] insert into COMMENTS (body, CREATE_TIME, CREATOR_ID, CREATOR_NAME, IS_DELETE, post_id, UPDATE_TIME, UPDATER_ID, UPDATER_NAME, user_id) values (?, ?, ?, ?, ?, ?, ?, ?, ?, ?)
2022-09-28 22:33:35,408 TRACE o.h.t.d.s.BasicBinder [http-nio-8023-exec-1] binding parameter [1] as [VARCHAR] - [ahhahaha 1 2 3]
2022-09-28 22:33:35,409 TRACE o.h.t.d.s.BasicBinder [http-nio-8023-exec-1] binding parameter [2] as [TIMESTAMP] - [Wed Sep 28 22:33:35 ICT 2022]
2022-09-28 22:33:35,410 TRACE o.h.t.d.s.BasicBinder [http-nio-8023-exec-1] binding parameter [3] as [BIGINT] - [4]
2022-09-28 22:33:35,410 TRACE o.h.t.d.s.BasicBinder [http-nio-8023-exec-1] binding parameter [4] as [VARCHAR] - [null]
2022-09-28 22:33:35,410 TRACE o.h.t.d.s.BasicBinder [http-nio-8023-exec-1] binding parameter [5] as [BIGINT] - [0]
2022-09-28 22:33:35,411 TRACE o.h.t.d.s.BasicBinder [http-nio-8023-exec-1] binding parameter [6] as [BIGINT] - [1]
2022-09-28 22:33:35,411 TRACE o.h.t.d.s.BasicBinder [http-nio-8023-exec-1] binding parameter [7] as [TIMESTAMP] - [Wed Sep 28 22:33:35 ICT 2022]
2022-09-28 22:33:35,411 TRACE o.h.t.d.s.BasicBinder [http-nio-8023-exec-1] binding parameter [8] as [BIGINT] - [4]
2022-09-28 22:33:35,411 TRACE o.h.t.d.s.BasicBinder [http-nio-8023-exec-1] binding parameter [9] as [VARCHAR] - [null]
2022-09-28 22:33:35,412 TRACE o.h.t.d.s.BasicBinder [http-nio-8023-exec-1] binding parameter [10] as [BIGINT] - [4]
2022-09-28 22:35:25,817 DEBUG o.h.e.j.s.SqlStatementLogger [http-nio-8023-exec-7] select count(viewcommen0_.id) as col_0_0_ from ( select * from COMMENTS ) viewcommen0_ left outer join POST post1_ on viewcommen0_.post_id=post1_.id where 1=1 and post1_.id=?
2022-09-28 22:35:25,818 TRACE o.h.t.d.s.BasicBinder [http-nio-8023-exec-7] binding parameter [1] as [BIGINT] - [1]
2022-09-28 22:35:25,825 DEBUG o.h.e.j.s.SqlStatementLogger [http-nio-8023-exec-7] select viewcommen0_.id as id1_0_, viewcommen0_.BODY as body2_0_, viewcommen0_.CREATE_TIME as create_t3_0_, viewcommen0_.CREATOR_ID as creator_4_0_, viewcommen0_.CREATOR_NAME as creator_5_0_, viewcommen0_.IS_DELETE as is_delet6_0_, viewcommen0_.post_id as post_id10_0_, viewcommen0_.UPDATE_TIME as update_t7_0_, viewcommen0_.UPDATER_ID as updater_8_0_, viewcommen0_.UPDATER_NAME as updater_9_0_, viewcommen0_.user_id as user_id11_0_ from ( select * from COMMENTS ) viewcommen0_ left outer join POST post1_ on viewcommen0_.post_id=post1_.id where 1=1 and post1_.id=? order by viewcommen0_.CREATE_TIME DESC limit ?
2022-09-28 22:35:25,825 TRACE o.h.t.d.s.BasicBinder [http-nio-8023-exec-7] binding parameter [1] as [BIGINT] - [1]
2022-09-28 22:35:25,841 DEBUG o.h.e.j.s.SqlStatementLogger [http-nio-8023-exec-7] select post0_.id as id1_9_0_, post0_.CREATE_TIME as create_t2_9_0_, post0_.CREATOR_ID as creator_3_9_0_, post0_.CREATOR_NAME as creator_4_9_0_, post0_.DESCRIPTION as descript5_9_0_, post0_.IS_DELETE as is_delet6_9_0_, post0_.UPDATE_TIME as update_t7_9_0_, post0_.UPDATER_ID as updater_8_9_0_, post0_.UPDATER_NAME as updater_9_9_0_ from POST post0_ where post0_.id=?
2022-09-28 22:35:25,841 TRACE o.h.t.d.s.BasicBinder [http-nio-8023-exec-7] binding parameter [1] as [BIGINT] - [1]
2022-09-28 22:35:25,843 DEBUG o.h.e.j.s.SqlStatementLogger [http-nio-8023-exec-7] select admuser0_.id as id1_0_0_, admuser0_.ADDRESS as address2_0_0_, admuser0_.BIRTHDAY as birthday3_0_0_, admuser0_.CREATE_TIME as create_t4_0_0_, admuser0_.CREATOR_ID as creator_5_0_0_, admuser0_.CREATOR_NAME as creator_6_0_0_, admuser0_.EMAIL as email7_0_0_, admuser0_.FULL_NAME as full_nam8_0_0_, admuser0_.GENDER as gender9_0_0_, admuser0_.GIVEN_NAME as given_n10_0_0_, admuser0_.IS_DELETE as is_dele11_0_0_, admuser0_.PASSWORD as passwor12_0_0_, admuser0_.PHONE_NUMBER as phone_n13_0_0_, admuser0_.POSITION as positio14_0_0_, admuser0_.STATUS as status15_0_0_, admuser0_.SURNAME as surname16_0_0_, admuser0_.TYPE as type17_0_0_, admuser0_.UPDATE_TIME as update_18_0_0_, admuser0_.UPDATER_ID as updater19_0_0_, admuser0_.UPDATER_NAME as updater20_0_0_, admuser0_.USER_NAME as user_na21_0_0_ from ADM_USERS admuser0_ where admuser0_.id=?
2022-09-28 22:35:25,843 TRACE o.h.t.d.s.BasicBinder [http-nio-8023-exec-7] binding parameter [1] as [BIGINT] - [4]
2022-09-28 22:35:25,844 DEBUG o.h.e.j.s.SqlStatementLogger [http-nio-8023-exec-7] select admuser0_.id as id1_0_0_, admuser0_.ADDRESS as address2_0_0_, admuser0_.BIRTHDAY as birthday3_0_0_, admuser0_.CREATE_TIME as create_t4_0_0_, admuser0_.CREATOR_ID as creator_5_0_0_, admuser0_.CREATOR_NAME as creator_6_0_0_, admuser0_.EMAIL as email7_0_0_, admuser0_.FULL_NAME as full_nam8_0_0_, admuser0_.GENDER as gender9_0_0_, admuser0_.GIVEN_NAME as given_n10_0_0_, admuser0_.IS_DELETE as is_dele11_0_0_, admuser0_.PASSWORD as passwor12_0_0_, admuser0_.PHONE_NUMBER as phone_n13_0_0_, admuser0_.POSITION as positio14_0_0_, admuser0_.STATUS as status15_0_0_, admuser0_.SURNAME as surname16_0_0_, admuser0_.TYPE as type17_0_0_, admuser0_.UPDATE_TIME as update_18_0_0_, admuser0_.UPDATER_ID as updater19_0_0_, admuser0_.UPDATER_NAME as updater20_0_0_, admuser0_.USER_NAME as user_na21_0_0_ from ADM_USERS admuser0_ where admuser0_.id=?
2022-09-28 22:35:25,844 TRACE o.h.t.d.s.BasicBinder [http-nio-8023-exec-7] binding parameter [1] as [BIGINT] - [1]
2022-09-28 22:36:28,871 ERROR c.s.c.u.JsonHelper [http-nio-8023-exec-9] java.lang.NumberFormatException: empty String
2022-09-28 22:36:37,250 DEBUG o.h.e.j.s.SqlStatementLogger [http-nio-8023-exec-10] select count(viewcommen0_.id) as col_0_0_ from ( select * from COMMENTS ) viewcommen0_ left outer join POST post1_ on viewcommen0_.post_id=post1_.id where 1=1 and post1_.id=?
2022-09-28 22:36:37,253 TRACE o.h.t.d.s.BasicBinder [http-nio-8023-exec-10] binding parameter [1] as [BIGINT] - [1]
2022-09-28 22:36:37,255 DEBUG o.h.e.j.s.SqlStatementLogger [http-nio-8023-exec-10] select viewcommen0_.id as id1_0_, viewcommen0_.BODY as body2_0_, viewcommen0_.CREATE_TIME as create_t3_0_, viewcommen0_.CREATOR_ID as creator_4_0_, viewcommen0_.CREATOR_NAME as creator_5_0_, viewcommen0_.IS_DELETE as is_delet6_0_, viewcommen0_.post_id as post_id10_0_, viewcommen0_.UPDATE_TIME as update_t7_0_, viewcommen0_.UPDATER_ID as updater_8_0_, viewcommen0_.UPDATER_NAME as updater_9_0_, viewcommen0_.user_id as user_id11_0_ from ( select * from COMMENTS ) viewcommen0_ left outer join POST post1_ on viewcommen0_.post_id=post1_.id where 1=1 and post1_.id=? order by viewcommen0_.CREATE_TIME DESC limit ?
2022-09-28 22:36:37,255 TRACE o.h.t.d.s.BasicBinder [http-nio-8023-exec-10] binding parameter [1] as [BIGINT] - [1]
2022-09-28 22:36:37,260 DEBUG o.h.e.j.s.SqlStatementLogger [http-nio-8023-exec-10] select post0_.id as id1_9_0_, post0_.CREATE_TIME as create_t2_9_0_, post0_.CREATOR_ID as creator_3_9_0_, post0_.CREATOR_NAME as creator_4_9_0_, post0_.DESCRIPTION as descript5_9_0_, post0_.IS_DELETE as is_delet6_9_0_, post0_.UPDATE_TIME as update_t7_9_0_, post0_.UPDATER_ID as updater_8_9_0_, post0_.UPDATER_NAME as updater_9_9_0_ from POST post0_ where post0_.id=?
2022-09-28 22:36:37,261 TRACE o.h.t.d.s.BasicBinder [http-nio-8023-exec-10] binding parameter [1] as [BIGINT] - [1]
2022-09-28 22:36:37,262 DEBUG o.h.e.j.s.SqlStatementLogger [http-nio-8023-exec-10] select admuser0_.id as id1_0_0_, admuser0_.ADDRESS as address2_0_0_, admuser0_.BIRTHDAY as birthday3_0_0_, admuser0_.CREATE_TIME as create_t4_0_0_, admuser0_.CREATOR_ID as creator_5_0_0_, admuser0_.CREATOR_NAME as creator_6_0_0_, admuser0_.EMAIL as email7_0_0_, admuser0_.FULL_NAME as full_nam8_0_0_, admuser0_.GENDER as gender9_0_0_, admuser0_.GIVEN_NAME as given_n10_0_0_, admuser0_.IS_DELETE as is_dele11_0_0_, admuser0_.PASSWORD as passwor12_0_0_, admuser0_.PHONE_NUMBER as phone_n13_0_0_, admuser0_.POSITION as positio14_0_0_, admuser0_.STATUS as status15_0_0_, admuser0_.SURNAME as surname16_0_0_, admuser0_.TYPE as type17_0_0_, admuser0_.UPDATE_TIME as update_18_0_0_, admuser0_.UPDATER_ID as updater19_0_0_, admuser0_.UPDATER_NAME as updater20_0_0_, admuser0_.USER_NAME as user_na21_0_0_ from ADM_USERS admuser0_ where admuser0_.id=?
2022-09-28 22:36:37,263 TRACE o.h.t.d.s.BasicBinder [http-nio-8023-exec-10] binding parameter [1] as [BIGINT] - [4]
2022-09-28 22:36:37,264 DEBUG o.h.e.j.s.SqlStatementLogger [http-nio-8023-exec-10] select admuser0_.id as id1_0_0_, admuser0_.ADDRESS as address2_0_0_, admuser0_.BIRTHDAY as birthday3_0_0_, admuser0_.CREATE_TIME as create_t4_0_0_, admuser0_.CREATOR_ID as creator_5_0_0_, admuser0_.CREATOR_NAME as creator_6_0_0_, admuser0_.EMAIL as email7_0_0_, admuser0_.FULL_NAME as full_nam8_0_0_, admuser0_.GENDER as gender9_0_0_, admuser0_.GIVEN_NAME as given_n10_0_0_, admuser0_.IS_DELETE as is_dele11_0_0_, admuser0_.PASSWORD as passwor12_0_0_, admuser0_.PHONE_NUMBER as phone_n13_0_0_, admuser0_.POSITION as positio14_0_0_, admuser0_.STATUS as status15_0_0_, admuser0_.SURNAME as surname16_0_0_, admuser0_.TYPE as type17_0_0_, admuser0_.UPDATE_TIME as update_18_0_0_, admuser0_.UPDATER_ID as updater19_0_0_, admuser0_.UPDATER_NAME as updater20_0_0_, admuser0_.USER_NAME as user_na21_0_0_ from ADM_USERS admuser0_ where admuser0_.id=?
2022-09-28 22:36:37,265 TRACE o.h.t.d.s.BasicBinder [http-nio-8023-exec-10] binding parameter [1] as [BIGINT] - [1]
2022-09-28 22:38:24,653 DEBUG o.h.e.j.s.SqlStatementLogger [http-nio-8023-exec-2] select follow0_.id as id1_7_, follow0_.CREATE_TIME as create_t2_7_, follow0_.CREATOR_ID as creator_3_7_, follow0_.CREATOR_NAME as creator_4_7_, follow0_.follower_id as follower9_7_, follow0_.following_id as followi10_7_, follow0_.IS_DELETE as is_delet5_7_, follow0_.UPDATE_TIME as update_t6_7_, follow0_.UPDATER_ID as updater_7_7_, follow0_.UPDATER_NAME as updater_8_7_ from FOLLOWS follow0_ inner join ADM_USERS admuser1_ on follow0_.follower_id=admuser1_.id where admuser1_.id=?
2022-09-28 22:38:24,656 TRACE o.h.t.d.s.BasicBinder [http-nio-8023-exec-2] binding parameter [1] as [BIGINT] - [4]
2022-09-28 22:38:24,670 DEBUG o.h.e.j.s.SqlStatementLogger [http-nio-8023-exec-2] select count(viewpost0_.id) as col_0_0_ from ( select * from POST ) viewpost0_ left outer join FOLLOWS follow1_ on (follow1_.follower_id=viewpost0_.id) where 1=1
2022-09-28 22:38:55,492 DEBUG o.h.e.j.s.SqlStatementLogger [http-nio-8023-exec-4] select follow0_.id as id1_7_, follow0_.CREATE_TIME as create_t2_7_, follow0_.CREATOR_ID as creator_3_7_, follow0_.CREATOR_NAME as creator_4_7_, follow0_.follower_id as follower9_7_, follow0_.following_id as followi10_7_, follow0_.IS_DELETE as is_delet5_7_, follow0_.UPDATE_TIME as update_t6_7_, follow0_.UPDATER_ID as updater_7_7_, follow0_.UPDATER_NAME as updater_8_7_ from FOLLOWS follow0_ inner join ADM_USERS admuser1_ on follow0_.follower_id=admuser1_.id where admuser1_.id=?
2022-09-28 22:38:55,493 TRACE o.h.t.d.s.BasicBinder [http-nio-8023-exec-4] binding parameter [1] as [BIGINT] - [4]
2022-09-28 22:38:55,494 DEBUG o.h.e.j.s.SqlStatementLogger [http-nio-8023-exec-4] select count(viewpost0_.id) as col_0_0_ from ( select * from POST ) viewpost0_ left outer join FOLLOWS follow1_ on (follow1_.follower_id=viewpost0_.id) where 1=1
2022-09-28 22:39:11,579 ERROR c.s.c.u.JsonHelper [http-nio-8023-exec-1] java.lang.NumberFormatException: empty String
2022-09-28 22:39:11,580 DEBUG o.h.e.j.s.SqlStatementLogger [http-nio-8023-exec-1] select follow0_.id as id1_7_, follow0_.CREATE_TIME as create_t2_7_, follow0_.CREATOR_ID as creator_3_7_, follow0_.CREATOR_NAME as creator_4_7_, follow0_.follower_id as follower9_7_, follow0_.following_id as followi10_7_, follow0_.IS_DELETE as is_delet5_7_, follow0_.UPDATE_TIME as update_t6_7_, follow0_.UPDATER_ID as updater_7_7_, follow0_.UPDATER_NAME as updater_8_7_ from FOLLOWS follow0_ inner join ADM_USERS admuser1_ on follow0_.follower_id=admuser1_.id where admuser1_.id=?
2022-09-28 22:39:11,581 TRACE o.h.t.d.s.BasicBinder [http-nio-8023-exec-1] binding parameter [1] as [BIGINT] - [4]
2022-09-28 22:39:40,621 ERROR c.s.c.u.JsonHelper [http-nio-8023-exec-6] java.lang.NumberFormatException: empty String
2022-09-28 22:39:50,375 DEBUG o.h.e.j.s.SqlStatementLogger [http-nio-8023-exec-6] select follow0_.id as id1_7_, follow0_.CREATE_TIME as create_t2_7_, follow0_.CREATOR_ID as creator_3_7_, follow0_.CREATOR_NAME as creator_4_7_, follow0_.follower_id as follower9_7_, follow0_.following_id as followi10_7_, follow0_.IS_DELETE as is_delet5_7_, follow0_.UPDATE_TIME as update_t6_7_, follow0_.UPDATER_ID as updater_7_7_, follow0_.UPDATER_NAME as updater_8_7_ from FOLLOWS follow0_ inner join ADM_USERS admuser1_ on follow0_.follower_id=admuser1_.id where admuser1_.id=?
2022-09-28 22:39:50,379 TRACE o.h.t.d.s.BasicBinder [http-nio-8023-exec-6] binding parameter [1] as [BIGINT] - [4]
2022-09-28 22:40:06,193 INFO c.s.p.SSOResource [http-nio-8023-exec-7] language current: en_US, examle error_401: Unauthorized
2022-09-28 22:40:06,196 DEBUG o.h.e.j.s.SqlStatementLogger [http-nio-8023-exec-7] select admuser0_.id as id1_0_, admuser0_.ADDRESS as address2_0_, admuser0_.BIRTHDAY as birthday3_0_, admuser0_.CREATE_TIME as create_t4_0_, admuser0_.CREATOR_ID as creator_5_0_, admuser0_.CREATOR_NAME as creator_6_0_, admuser0_.EMAIL as email7_0_, admuser0_.FULL_NAME as full_nam8_0_, admuser0_.GENDER as gender9_0_, admuser0_.GIVEN_NAME as given_n10_0_, admuser0_.IS_DELETE as is_dele11_0_, admuser0_.PASSWORD as passwor12_0_, admuser0_.PHONE_NUMBER as phone_n13_0_, admuser0_.POSITION as positio14_0_, admuser0_.STATUS as status15_0_, admuser0_.SURNAME as surname16_0_, admuser0_.TYPE as type17_0_, admuser0_.UPDATE_TIME as update_18_0_, admuser0_.UPDATER_ID as updater19_0_, admuser0_.UPDATER_NAME as updater20_0_, admuser0_.USER_NAME as user_na21_0_ from ADM_USERS admuser0_ where admuser0_.USER_NAME=?
2022-09-28 22:40:06,197 TRACE o.h.t.d.s.BasicBinder [http-nio-8023-exec-7] binding parameter [1] as [VARCHAR] - [admin]
2022-09-28 22:40:23,518 DEBUG o.h.e.j.s.SqlStatementLogger [http-nio-8023-exec-8] select admuser0_.id as id1_0_, admuser0_.ADDRESS as address2_0_, admuser0_.BIRTHDAY as birthday3_0_, admuser0_.CREATE_TIME as create_t4_0_, admuser0_.CREATOR_ID as creator_5_0_, admuser0_.CREATOR_NAME as creator_6_0_, admuser0_.EMAIL as email7_0_, admuser0_.FULL_NAME as full_nam8_0_, admuser0_.GENDER as gender9_0_, admuser0_.GIVEN_NAME as given_n10_0_, admuser0_.IS_DELETE as is_dele11_0_, admuser0_.PASSWORD as passwor12_0_, admuser0_.PHONE_NUMBER as phone_n13_0_, admuser0_.POSITION as positio14_0_, admuser0_.STATUS as status15_0_, admuser0_.SURNAME as surname16_0_, admuser0_.TYPE as type17_0_, admuser0_.UPDATE_TIME as update_18_0_, admuser0_.UPDATER_ID as updater19_0_, admuser0_.UPDATER_NAME as updater20_0_, admuser0_.USER_NAME as user_na21_0_ from ADM_USERS admuser0_ where admuser0_.USER_NAME=?
2022-09-28 22:40:23,519 TRACE o.h.t.d.s.BasicBinder [http-nio-8023-exec-8] binding parameter [1] as [VARCHAR] - [admin]
2022-09-28 22:40:23,522 DEBUG o.h.e.j.s.SqlStatementLogger [http-nio-8023-exec-8] select admuser0_.id as id1_0_, admuser0_.ADDRESS as address2_0_, admuser0_.BIRTHDAY as birthday3_0_, admuser0_.CREATE_TIME as create_t4_0_, admuser0_.CREATOR_ID as creator_5_0_, admuser0_.CREATOR_NAME as creator_6_0_, admuser0_.EMAIL as email7_0_, admuser0_.FULL_NAME as full_nam8_0_, admuser0_.GENDER as gender9_0_, admuser0_.GIVEN_NAME as given_n10_0_, admuser0_.IS_DELETE as is_dele11_0_, admuser0_.PASSWORD as passwor12_0_, admuser0_.PHONE_NUMBER as phone_n13_0_, admuser0_.POSITION as positio14_0_, admuser0_.STATUS as status15_0_, admuser0_.SURNAME as surname16_0_, admuser0_.TYPE as type17_0_, admuser0_.UPDATE_TIME as update_18_0_, admuser0_.UPDATER_ID as updater19_0_, admuser0_.UPDATER_NAME as updater20_0_, admuser0_.USER_NAME as user_na21_0_ from ADM_USERS admuser0_ where admuser0_.USER_NAME=?
2022-09-28 22:40:23,523 TRACE o.h.t.d.s.BasicBinder [http-nio-8023-exec-8] binding parameter [1] as [VARCHAR] - [admin]
2022-09-28 22:40:23,526 ERROR c.s.c.u.JsonHelper [http-nio-8023-exec-8] java.lang.NumberFormatException: empty String
2022-09-28 22:40:26,321 DEBUG o.h.e.j.s.SqlStatementLogger [http-nio-8023-exec-8] select follow0_.id as id1_7_, follow0_.CREATE_TIME as create_t2_7_, follow0_.CREATOR_ID as creator_3_7_, follow0_.CREATOR_NAME as creator_4_7_, follow0_.follower_id as follower9_7_, follow0_.following_id as followi10_7_, follow0_.IS_DELETE as is_delet5_7_, follow0_.UPDATE_TIME as update_t6_7_, follow0_.UPDATER_ID as updater_7_7_, follow0_.UPDATER_NAME as updater_8_7_ from FOLLOWS follow0_ inner join ADM_USERS admuser1_ on follow0_.follower_id=admuser1_.id where admuser1_.id=?
2022-09-28 22:40:26,324 TRACE o.h.t.d.s.BasicBinder [http-nio-8023-exec-8] binding parameter [1] as [BIGINT] - [1]
2022-09-28 22:40:51,544 INFO o.q.c.QuartzScheduler [SpringApplicationShutdownHook] Scheduler quartzScheduler_$_NON_CLUSTERED paused.
2022-09-28 22:40:51,630 INFO o.s.s.q.SchedulerFactoryBean [SpringApplicationShutdownHook] Shutting down Quartz Scheduler
2022-09-28 22:40:51,630 INFO o.q.c.QuartzScheduler [SpringApplicationShutdownHook] Scheduler quartzScheduler_$_NON_CLUSTERED shutting down.
2022-09-28 22:40:51,630 INFO o.q.c.QuartzScheduler [SpringApplicationShutdownHook] Scheduler quartzScheduler_$_NON_CLUSTERED paused.
2022-09-28 22:40:51,630 INFO o.q.c.QuartzScheduler [SpringApplicationShutdownHook] Scheduler quartzScheduler_$_NON_CLUSTERED shutdown complete.
2022-09-28 22:40:51,634 INFO o.s.o.j.AbstractEntityManagerFactoryBean [SpringApplicationShutdownHook] Closing JPA EntityManagerFactory for persistence unit 'db.primary.datasource'
