2022-09-28 22:50:45,677 INFO o.h.v.i.u.Version [background-preinit] HV000001: Hibernate Validator 6.2.3.Final
2022-09-28 22:50:45,711 INFO o.s.b.StartupInfoLogger [main] Starting IgCloneApplication using Java 1.8.0_202 on DESKTOP-FSGNT1P with PID 19336 (D:\instagram-backend\api\app-base\target\classes started by za in D:\instagram-backend\api)
2022-09-28 22:50:45,713 INFO o.s.b.SpringApplication [main] No active profile set, falling back to 1 default profile: "default"
2022-09-28 22:50:46,380 INFO o.s.d.r.c.RepositoryConfigurationDelegate [main] Bootstrapping Spring Data JPA repositories in DEFAULT mode.
2022-09-28 22:50:46,447 INFO o.s.d.r.c.RepositoryConfigurationDelegate [main] Finished Spring Data repository scanning in 61 ms. Found 10 JPA repository interfaces.
2022-09-28 22:50:47,018 INFO o.s.c.s.PostProcessorRegistrationDelegate$BeanPostProcessorChecker [main] Bean 'methodSecurityConfig' of type [com.sangnk.core.security.MethodSecurityConfig$$EnhancerBySpringCGLIB$$f936ce06] is not eligible for getting processed by all BeanPostProcessors (for example: not eligible for auto-proxying)
2022-09-28 22:50:47,207 INFO o.s.b.w.e.t.TomcatWebServer [main] Tomcat initialized with port(s): 8023 (http)
2022-09-28 22:50:47,212 INFO o.a.j.l.DirectJDKLog [main] Initializing ProtocolHandler ["http-nio-8023"]
2022-09-28 22:50:47,212 INFO o.a.j.l.DirectJDKLog [main] Starting service [Tomcat]
2022-09-28 22:50:47,212 INFO o.a.j.l.DirectJDKLog [main] Starting Servlet engine: [Apache Tomcat/9.0.60]
2022-09-28 22:50:47,334 INFO o.a.j.l.DirectJDKLog [main] Initializing Spring embedded WebApplicationContext
2022-09-28 22:50:47,334 INFO o.s.b.w.s.c.ServletWebServerApplicationContext [main] Root WebApplicationContext: initialization completed in 1569 ms
2022-09-28 22:50:47,576 INFO o.h.j.i.u.LogHelper [main] HHH000204: Processing PersistenceUnitInfo [name: db.primary.datasource]
2022-09-28 22:50:47,612 INFO o.h.Version [main] HHH000412: Hibernate ORM core version 5.6.7.Final
2022-09-28 22:50:47,714 INFO o.h.a.c.r.j.JavaReflectionManager [main] HCANN000001: Hibernate Commons Annotations {5.1.2.Final}
2022-09-28 22:50:47,825 INFO o.h.d.Dialect [main] HHH000400: Using dialect: com.sangnk.core.dialect.MariaDB103UnicodeDialect
2022-09-28 22:50:48,598 INFO o.h.e.t.j.p.i.JtaPlatformInitiator [main] HHH000490: Using JtaPlatform implementation: [org.hibernate.engine.transaction.jta.platform.internal.NoJtaPlatform]
2022-09-28 22:50:48,608 INFO o.s.o.j.AbstractEntityManagerFactoryBean [main] Initialized JPA EntityManagerFactory for persistence unit 'db.primary.datasource'
2022-09-28 22:50:49,338 INFO o.h.d.Dialect [main] HHH000400: Using dialect: com.sangnk.core.dialect.MariaDB103UnicodeDialect$$EnhancerBySpringCGLIB$$aac9c00a
2022-09-28 22:50:49,350 INFO o.h.d.Dialect [main] HHH000400: Using dialect: com.sangnk.core.dialect.MySQLUnicodeDialect$$EnhancerBySpringCGLIB$$1d65c398
2022-09-28 22:50:49,357 INFO o.h.d.Dialect [main] HHH000400: Using dialect: com.sangnk.core.dialect.Oracle10gUnicodeDialect$$EnhancerBySpringCGLIB$$c962e300
2022-09-28 22:50:49,366 INFO o.h.d.Dialect [main] HHH000400: Using dialect: com.sangnk.core.dialect.PostgreSQLUnicodeDialect$$EnhancerBySpringCGLIB$$468a3f3e
2022-09-28 22:50:49,374 INFO o.h.d.Dialect [main] HHH000400: Using dialect: com.sangnk.core.dialect.SQLServerUnicodeDialect$$EnhancerBySpringCGLIB$$d4a41b67
2022-09-28 22:50:49,664 INFO o.q.i.StdSchedulerFactory [main] Using default implementation for ThreadExecutor
2022-09-28 22:50:49,673 INFO o.q.c.SchedulerSignalerImpl [main] Initialized Scheduler Signaller of type: class org.quartz.core.SchedulerSignalerImpl
2022-09-28 22:50:49,673 INFO o.q.c.QuartzScheduler [main] Quartz Scheduler v.2.3.2 created.
2022-09-28 22:50:49,673 INFO o.q.s.RAMJobStore [main] RAMJobStore initialized.
2022-09-28 22:50:49,674 INFO o.q.c.QuartzScheduler [main] Scheduler meta-data: Quartz Scheduler (v2.3.2) 'quartzScheduler' with instanceId 'NON_CLUSTERED'
  Scheduler class: 'org.quartz.core.QuartzScheduler' - running locally.
  NOT STARTED.
  Currently in standby mode.
  Number of jobs executed: 0
  Using thread pool 'org.quartz.simpl.SimpleThreadPool' - with 10 threads.
  Using job-store 'org.quartz.simpl.RAMJobStore' - which does not support persistence. and is not clustered.

2022-09-28 22:50:49,674 INFO o.q.i.StdSchedulerFactory [main] Quartz scheduler 'quartzScheduler' initialized from an externally provided properties instance.
2022-09-28 22:50:49,674 INFO o.q.i.StdSchedulerFactory [main] Quartz scheduler version: 2.3.2
2022-09-28 22:50:49,674 INFO o.q.c.QuartzScheduler [main] JobFactory set to: org.springframework.scheduling.quartz.SpringBeanJobFactory@371a7fd5
2022-09-28 22:50:49,737 INFO o.s.b.a.e.w.EndpointLinksResolver [main] Exposing 15 endpoint(s) beneath base path '/actuator'
2022-09-28 22:50:49,974 WARN o.s.s.c.a.w.b.WebSecurity [main] You are asking Spring Security to ignore Ant [pattern='/**', OPTIONS]. This is not recommended -- please use permitAll via HttpSecurity#authorizeHttpRequests instead.
2022-09-28 22:50:49,975 INFO o.s.s.w.DefaultSecurityFilterChain [main] Will secure Ant [pattern='/**', OPTIONS] with []
2022-09-28 22:50:49,975 WARN o.s.s.c.a.w.b.WebSecurity [main] You are asking Spring Security to ignore Ant [pattern='/swagger-resources/**']. This is not recommended -- please use permitAll via HttpSecurity#authorizeHttpRequests instead.
2022-09-28 22:50:49,975 INFO o.s.s.w.DefaultSecurityFilterChain [main] Will secure Ant [pattern='/swagger-resources/**'] with []
2022-09-28 22:50:49,975 WARN o.s.s.c.a.w.b.WebSecurity [main] You are asking Spring Security to ignore Ant [pattern='/swagger-ui.html**']. This is not recommended -- please use permitAll via HttpSecurity#authorizeHttpRequests instead.
2022-09-28 22:50:49,975 INFO o.s.s.w.DefaultSecurityFilterChain [main] Will secure Ant [pattern='/swagger-ui.html**'] with []
2022-09-28 22:50:49,975 WARN o.s.s.c.a.w.b.WebSecurity [main] You are asking Spring Security to ignore Ant [pattern='/swagger-ui/**']. This is not recommended -- please use permitAll via HttpSecurity#authorizeHttpRequests instead.
2022-09-28 22:50:49,976 INFO o.s.s.w.DefaultSecurityFilterChain [main] Will secure Ant [pattern='/swagger-ui/**'] with []
2022-09-28 22:50:49,976 WARN o.s.s.c.a.w.b.WebSecurity [main] You are asking Spring Security to ignore Ant [pattern='/v2/api-docs/**']. This is not recommended -- please use permitAll via HttpSecurity#authorizeHttpRequests instead.
2022-09-28 22:50:49,976 INFO o.s.s.w.DefaultSecurityFilterChain [main] Will secure Ant [pattern='/v2/api-docs/**'] with []
2022-09-28 22:50:49,976 WARN o.s.s.c.a.w.b.WebSecurity [main] You are asking Spring Security to ignore Ant [pattern='/webjars/**']. This is not recommended -- please use permitAll via HttpSecurity#authorizeHttpRequests instead.
2022-09-28 22:50:49,976 INFO o.s.s.w.DefaultSecurityFilterChain [main] Will secure Ant [pattern='/webjars/**'] with []
2022-09-28 22:50:49,976 WARN o.s.s.c.a.w.b.WebSecurity [main] You are asking Spring Security to ignore Ant [pattern='/public/**']. This is not recommended -- please use permitAll via HttpSecurity#authorizeHttpRequests instead.
2022-09-28 22:50:49,976 INFO o.s.s.w.DefaultSecurityFilterChain [main] Will secure Ant [pattern='/public/**'] with []
2022-09-28 22:50:50,002 INFO o.s.s.w.DefaultSecurityFilterChain [main] Will not secure Or [Ant [pattern='/**']]
2022-09-28 22:50:50,070 DEBUG o.h.e.j.s.SqlStatementLogger [main] select admuser0_.id as id1_0_, admuser0_.ADDRESS as address2_0_, admuser0_.BIRTHDAY as birthday3_0_, admuser0_.CREATE_TIME as create_t4_0_, admuser0_.CREATOR_ID as creator_5_0_, admuser0_.CREATOR_NAME as creator_6_0_, admuser0_.EMAIL as email7_0_, admuser0_.FULL_NAME as full_nam8_0_, admuser0_.GENDER as gender9_0_, admuser0_.GIVEN_NAME as given_n10_0_, admuser0_.IS_DELETE as is_dele11_0_, admuser0_.PASSWORD as passwor12_0_, admuser0_.PHONE_NUMBER as phone_n13_0_, admuser0_.POSITION as positio14_0_, admuser0_.STATUS as status15_0_, admuser0_.SURNAME as surname16_0_, admuser0_.TYPE as type17_0_, admuser0_.UPDATE_TIME as update_18_0_, admuser0_.UPDATER_ID as updater19_0_, admuser0_.UPDATER_NAME as updater20_0_, admuser0_.USER_NAME as user_na21_0_ from ADM_USERS admuser0_ where admuser0_.USER_NAME=?
2022-09-28 22:50:50,073 TRACE o.h.t.d.s.BasicBinder [main] binding parameter [1] as [VARCHAR] - [admin]
2022-09-28 22:50:50,352 INFO o.a.j.l.DirectJDKLog [main] Starting ProtocolHandler ["http-nio-8023"]
2022-09-28 22:50:50,365 INFO o.s.b.w.e.t.TomcatWebServer [main] Tomcat started on port(s): 8023 (http) with context path '/ig-clone'
2022-09-28 22:50:50,627 INFO o.s.s.q.SchedulerFactoryBean [main] Starting Quartz Scheduler now
2022-09-28 22:50:50,627 INFO o.q.c.QuartzScheduler [main] Scheduler quartzScheduler_$_NON_CLUSTERED started.
2022-09-28 22:50:50,636 INFO o.s.b.StartupInfoLogger [main] Started IgCloneApplication in 5.179 seconds (JVM running for 6.093)
2022-09-28 22:50:50,960 INFO o.a.j.l.DirectJDKLog [RMI TCP Connection(1)-192.168.0.104] Initializing Spring DispatcherServlet 'dispatcherServlet'
2022-09-28 22:50:54,399 DEBUG o.h.e.j.s.SqlStatementLogger [http-nio-8023-exec-1] select admuser0_.id as id1_0_, admuser0_.ADDRESS as address2_0_, admuser0_.BIRTHDAY as birthday3_0_, admuser0_.CREATE_TIME as create_t4_0_, admuser0_.CREATOR_ID as creator_5_0_, admuser0_.CREATOR_NAME as creator_6_0_, admuser0_.EMAIL as email7_0_, admuser0_.FULL_NAME as full_nam8_0_, admuser0_.GENDER as gender9_0_, admuser0_.GIVEN_NAME as given_n10_0_, admuser0_.IS_DELETE as is_dele11_0_, admuser0_.PASSWORD as passwor12_0_, admuser0_.PHONE_NUMBER as phone_n13_0_, admuser0_.POSITION as positio14_0_, admuser0_.STATUS as status15_0_, admuser0_.SURNAME as surname16_0_, admuser0_.TYPE as type17_0_, admuser0_.UPDATE_TIME as update_18_0_, admuser0_.UPDATER_ID as updater19_0_, admuser0_.UPDATER_NAME as updater20_0_, admuser0_.USER_NAME as user_na21_0_ from ADM_USERS admuser0_ where admuser0_.USER_NAME=?
2022-09-28 22:50:54,400 TRACE o.h.t.d.s.BasicBinder [http-nio-8023-exec-1] binding parameter [1] as [VARCHAR] - [admin]
2022-09-28 22:50:54,404 DEBUG o.h.e.j.s.SqlStatementLogger [http-nio-8023-exec-1] select admuser0_.id as id1_0_, admuser0_.ADDRESS as address2_0_, admuser0_.BIRTHDAY as birthday3_0_, admuser0_.CREATE_TIME as create_t4_0_, admuser0_.CREATOR_ID as creator_5_0_, admuser0_.CREATOR_NAME as creator_6_0_, admuser0_.EMAIL as email7_0_, admuser0_.FULL_NAME as full_nam8_0_, admuser0_.GENDER as gender9_0_, admuser0_.GIVEN_NAME as given_n10_0_, admuser0_.IS_DELETE as is_dele11_0_, admuser0_.PASSWORD as passwor12_0_, admuser0_.PHONE_NUMBER as phone_n13_0_, admuser0_.POSITION as positio14_0_, admuser0_.STATUS as status15_0_, admuser0_.SURNAME as surname16_0_, admuser0_.TYPE as type17_0_, admuser0_.UPDATE_TIME as update_18_0_, admuser0_.UPDATER_ID as updater19_0_, admuser0_.UPDATER_NAME as updater20_0_, admuser0_.USER_NAME as user_na21_0_ from ADM_USERS admuser0_ where admuser0_.USER_NAME=?
2022-09-28 22:50:54,405 TRACE o.h.t.d.s.BasicBinder [http-nio-8023-exec-1] binding parameter [1] as [VARCHAR] - [admin]
2022-09-28 22:50:54,455 DEBUG o.h.e.j.s.SqlStatementLogger [http-nio-8023-exec-1] select follow0_.id as id1_7_, follow0_.CREATE_TIME as create_t2_7_, follow0_.CREATOR_ID as creator_3_7_, follow0_.CREATOR_NAME as creator_4_7_, follow0_.follower_id as follower9_7_, follow0_.following_id as followi10_7_, follow0_.IS_DELETE as is_delet5_7_, follow0_.UPDATE_TIME as update_t6_7_, follow0_.UPDATER_ID as updater_7_7_, follow0_.UPDATER_NAME as updater_8_7_ from FOLLOWS follow0_ inner join ADM_USERS admuser1_ on follow0_.follower_id=admuser1_.id where admuser1_.id=?
2022-09-28 22:50:54,457 TRACE o.h.t.d.s.BasicBinder [http-nio-8023-exec-1] binding parameter [1] as [BIGINT] - [1]
2022-09-28 22:50:54,472 DEBUG o.h.e.j.s.SqlStatementLogger [http-nio-8023-exec-1] select count(viewpost0_.id) as col_0_0_ from ( select * from POST ) viewpost0_ where 1=1 and (viewpost0_.CREATOR_ID in (? , ? , ? , ? , ?))
2022-09-28 22:50:54,472 TRACE o.h.t.d.s.BasicBinder [http-nio-8023-exec-1] binding parameter [1] as [BIGINT] - [3]
2022-09-28 22:50:54,472 TRACE o.h.t.d.s.BasicBinder [http-nio-8023-exec-1] binding parameter [2] as [BIGINT] - [2]
2022-09-28 22:50:54,473 TRACE o.h.t.d.s.BasicBinder [http-nio-8023-exec-1] binding parameter [3] as [BIGINT] - [4]
2022-09-28 22:50:54,473 TRACE o.h.t.d.s.BasicBinder [http-nio-8023-exec-1] binding parameter [4] as [BIGINT] - [5]
2022-09-28 22:50:54,473 TRACE o.h.t.d.s.BasicBinder [http-nio-8023-exec-1] binding parameter [5] as [BIGINT] - [1]
2022-09-28 22:50:54,476 DEBUG o.h.e.j.s.SqlStatementLogger [http-nio-8023-exec-1] select viewpost0_.id as id1_0_, viewpost0_.CREATE_TIME as create_t2_0_, viewpost0_.CREATOR_ID as creator_3_0_, viewpost0_.CREATOR_NAME as creator_4_0_, viewpost0_.DESCRIPTION as descript5_0_, viewpost0_.IS_DELETE as is_delet6_0_, viewpost0_.UPDATE_TIME as update_t7_0_, viewpost0_.UPDATER_ID as updater_8_0_, viewpost0_.UPDATER_NAME as updater_9_0_ from ( select * from POST ) viewpost0_ where 1=1 and (viewpost0_.CREATOR_ID in (? , ? , ? , ? , ?)) order by viewpost0_.CREATE_TIME DESC limit ?
2022-09-28 22:50:54,476 TRACE o.h.t.d.s.BasicBinder [http-nio-8023-exec-1] binding parameter [1] as [BIGINT] - [3]
2022-09-28 22:50:54,476 TRACE o.h.t.d.s.BasicBinder [http-nio-8023-exec-1] binding parameter [2] as [BIGINT] - [2]
2022-09-28 22:50:54,476 TRACE o.h.t.d.s.BasicBinder [http-nio-8023-exec-1] binding parameter [3] as [BIGINT] - [4]
2022-09-28 22:50:54,476 TRACE o.h.t.d.s.BasicBinder [http-nio-8023-exec-1] binding parameter [4] as [BIGINT] - [5]
2022-09-28 22:50:54,476 TRACE o.h.t.d.s.BasicBinder [http-nio-8023-exec-1] binding parameter [5] as [BIGINT] - [1]
2022-09-28 22:51:56,153 DEBUG o.h.e.j.s.SqlStatementLogger [http-nio-8023-exec-2] select admuser0_.id as id1_0_, admuser0_.ADDRESS as address2_0_, admuser0_.BIRTHDAY as birthday3_0_, admuser0_.CREATE_TIME as create_t4_0_, admuser0_.CREATOR_ID as creator_5_0_, admuser0_.CREATOR_NAME as creator_6_0_, admuser0_.EMAIL as email7_0_, admuser0_.FULL_NAME as full_nam8_0_, admuser0_.GENDER as gender9_0_, admuser0_.GIVEN_NAME as given_n10_0_, admuser0_.IS_DELETE as is_dele11_0_, admuser0_.PASSWORD as passwor12_0_, admuser0_.PHONE_NUMBER as phone_n13_0_, admuser0_.POSITION as positio14_0_, admuser0_.STATUS as status15_0_, admuser0_.SURNAME as surname16_0_, admuser0_.TYPE as type17_0_, admuser0_.UPDATE_TIME as update_18_0_, admuser0_.UPDATER_ID as updater19_0_, admuser0_.UPDATER_NAME as updater20_0_, admuser0_.USER_NAME as user_na21_0_ from ADM_USERS admuser0_ where admuser0_.USER_NAME=?
2022-09-28 22:51:56,154 TRACE o.h.t.d.s.BasicBinder [http-nio-8023-exec-2] binding parameter [1] as [VARCHAR] - [admin]
2022-09-28 22:51:56,157 DEBUG o.h.e.j.s.SqlStatementLogger [http-nio-8023-exec-2] select admuser0_.id as id1_0_, admuser0_.ADDRESS as address2_0_, admuser0_.BIRTHDAY as birthday3_0_, admuser0_.CREATE_TIME as create_t4_0_, admuser0_.CREATOR_ID as creator_5_0_, admuser0_.CREATOR_NAME as creator_6_0_, admuser0_.EMAIL as email7_0_, admuser0_.FULL_NAME as full_nam8_0_, admuser0_.GENDER as gender9_0_, admuser0_.GIVEN_NAME as given_n10_0_, admuser0_.IS_DELETE as is_dele11_0_, admuser0_.PASSWORD as passwor12_0_, admuser0_.PHONE_NUMBER as phone_n13_0_, admuser0_.POSITION as positio14_0_, admuser0_.STATUS as status15_0_, admuser0_.SURNAME as surname16_0_, admuser0_.TYPE as type17_0_, admuser0_.UPDATE_TIME as update_18_0_, admuser0_.UPDATER_ID as updater19_0_, admuser0_.UPDATER_NAME as updater20_0_, admuser0_.USER_NAME as user_na21_0_ from ADM_USERS admuser0_ where admuser0_.USER_NAME=?
2022-09-28 22:51:56,159 TRACE o.h.t.d.s.BasicBinder [http-nio-8023-exec-2] binding parameter [1] as [VARCHAR] - [admin]
2022-09-28 22:51:56,162 DEBUG o.h.e.j.s.SqlStatementLogger [http-nio-8023-exec-2] select follow0_.id as id1_7_, follow0_.CREATE_TIME as create_t2_7_, follow0_.CREATOR_ID as creator_3_7_, follow0_.CREATOR_NAME as creator_4_7_, follow0_.follower_id as follower9_7_, follow0_.following_id as followi10_7_, follow0_.IS_DELETE as is_delet5_7_, follow0_.UPDATE_TIME as update_t6_7_, follow0_.UPDATER_ID as updater_7_7_, follow0_.UPDATER_NAME as updater_8_7_ from FOLLOWS follow0_ inner join ADM_USERS admuser1_ on follow0_.follower_id=admuser1_.id where admuser1_.id=?
2022-09-28 22:51:56,164 TRACE o.h.t.d.s.BasicBinder [http-nio-8023-exec-2] binding parameter [1] as [BIGINT] - [1]
2022-09-28 22:51:56,166 DEBUG o.h.e.j.s.SqlStatementLogger [http-nio-8023-exec-2] select count(viewpost0_.id) as col_0_0_ from ( select * from POST ) viewpost0_ where 1=1 and (viewpost0_.CREATOR_ID in (? , ? , ? , ?))
2022-09-28 22:51:56,166 TRACE o.h.t.d.s.BasicBinder [http-nio-8023-exec-2] binding parameter [1] as [BIGINT] - [2]
2022-09-28 22:51:56,166 TRACE o.h.t.d.s.BasicBinder [http-nio-8023-exec-2] binding parameter [2] as [BIGINT] - [3]
2022-09-28 22:51:56,166 TRACE o.h.t.d.s.BasicBinder [http-nio-8023-exec-2] binding parameter [3] as [BIGINT] - [4]
2022-09-28 22:51:56,166 TRACE o.h.t.d.s.BasicBinder [http-nio-8023-exec-2] binding parameter [4] as [BIGINT] - [1]
2022-09-28 22:51:56,168 DEBUG o.h.e.j.s.SqlStatementLogger [http-nio-8023-exec-2] select viewpost0_.id as id1_0_, viewpost0_.CREATE_TIME as create_t2_0_, viewpost0_.CREATOR_ID as creator_3_0_, viewpost0_.CREATOR_NAME as creator_4_0_, viewpost0_.DESCRIPTION as descript5_0_, viewpost0_.IS_DELETE as is_delet6_0_, viewpost0_.UPDATE_TIME as update_t7_0_, viewpost0_.UPDATER_ID as updater_8_0_, viewpost0_.UPDATER_NAME as updater_9_0_ from ( select * from POST ) viewpost0_ where 1=1 and (viewpost0_.CREATOR_ID in (? , ? , ? , ?)) order by viewpost0_.CREATE_TIME DESC limit ?
2022-09-28 22:51:56,168 TRACE o.h.t.d.s.BasicBinder [http-nio-8023-exec-2] binding parameter [1] as [BIGINT] - [2]
2022-09-28 22:51:56,168 TRACE o.h.t.d.s.BasicBinder [http-nio-8023-exec-2] binding parameter [2] as [BIGINT] - [3]
2022-09-28 22:51:56,168 TRACE o.h.t.d.s.BasicBinder [http-nio-8023-exec-2] binding parameter [3] as [BIGINT] - [4]
2022-09-28 22:51:56,168 TRACE o.h.t.d.s.BasicBinder [http-nio-8023-exec-2] binding parameter [4] as [BIGINT] - [1]
2022-09-28 22:52:07,913 DEBUG o.h.e.j.s.SqlStatementLogger [http-nio-8023-exec-4] select admuser0_.id as id1_0_, admuser0_.ADDRESS as address2_0_, admuser0_.BIRTHDAY as birthday3_0_, admuser0_.CREATE_TIME as create_t4_0_, admuser0_.CREATOR_ID as creator_5_0_, admuser0_.CREATOR_NAME as creator_6_0_, admuser0_.EMAIL as email7_0_, admuser0_.FULL_NAME as full_nam8_0_, admuser0_.GENDER as gender9_0_, admuser0_.GIVEN_NAME as given_n10_0_, admuser0_.IS_DELETE as is_dele11_0_, admuser0_.PASSWORD as passwor12_0_, admuser0_.PHONE_NUMBER as phone_n13_0_, admuser0_.POSITION as positio14_0_, admuser0_.STATUS as status15_0_, admuser0_.SURNAME as surname16_0_, admuser0_.TYPE as type17_0_, admuser0_.UPDATE_TIME as update_18_0_, admuser0_.UPDATER_ID as updater19_0_, admuser0_.UPDATER_NAME as updater20_0_, admuser0_.USER_NAME as user_na21_0_ from ADM_USERS admuser0_ where admuser0_.USER_NAME=?
2022-09-28 22:52:07,914 TRACE o.h.t.d.s.BasicBinder [http-nio-8023-exec-4] binding parameter [1] as [VARCHAR] - [admin]
2022-09-28 22:52:07,916 DEBUG o.h.e.j.s.SqlStatementLogger [http-nio-8023-exec-4] select admuser0_.id as id1_0_, admuser0_.ADDRESS as address2_0_, admuser0_.BIRTHDAY as birthday3_0_, admuser0_.CREATE_TIME as create_t4_0_, admuser0_.CREATOR_ID as creator_5_0_, admuser0_.CREATOR_NAME as creator_6_0_, admuser0_.EMAIL as email7_0_, admuser0_.FULL_NAME as full_nam8_0_, admuser0_.GENDER as gender9_0_, admuser0_.GIVEN_NAME as given_n10_0_, admuser0_.IS_DELETE as is_dele11_0_, admuser0_.PASSWORD as passwor12_0_, admuser0_.PHONE_NUMBER as phone_n13_0_, admuser0_.POSITION as positio14_0_, admuser0_.STATUS as status15_0_, admuser0_.SURNAME as surname16_0_, admuser0_.TYPE as type17_0_, admuser0_.UPDATE_TIME as update_18_0_, admuser0_.UPDATER_ID as updater19_0_, admuser0_.UPDATER_NAME as updater20_0_, admuser0_.USER_NAME as user_na21_0_ from ADM_USERS admuser0_ where admuser0_.USER_NAME=?
2022-09-28 22:52:07,918 TRACE o.h.t.d.s.BasicBinder [http-nio-8023-exec-4] binding parameter [1] as [VARCHAR] - [admin]
2022-09-28 22:52:07,920 DEBUG o.h.e.j.s.SqlStatementLogger [http-nio-8023-exec-4] select follow0_.id as id1_7_, follow0_.CREATE_TIME as create_t2_7_, follow0_.CREATOR_ID as creator_3_7_, follow0_.CREATOR_NAME as creator_4_7_, follow0_.follower_id as follower9_7_, follow0_.following_id as followi10_7_, follow0_.IS_DELETE as is_delet5_7_, follow0_.UPDATE_TIME as update_t6_7_, follow0_.UPDATER_ID as updater_7_7_, follow0_.UPDATER_NAME as updater_8_7_ from FOLLOWS follow0_ inner join ADM_USERS admuser1_ on follow0_.follower_id=admuser1_.id where admuser1_.id=?
2022-09-28 22:52:07,922 TRACE o.h.t.d.s.BasicBinder [http-nio-8023-exec-4] binding parameter [1] as [BIGINT] - [1]
2022-09-28 22:52:07,924 DEBUG o.h.e.j.s.SqlStatementLogger [http-nio-8023-exec-4] select count(viewpost0_.id) as col_0_0_ from ( select * from POST ) viewpost0_ where 1=1 and (viewpost0_.CREATOR_ID in (? , ? , ? , ? , ?))
2022-09-28 22:52:07,924 TRACE o.h.t.d.s.BasicBinder [http-nio-8023-exec-4] binding parameter [1] as [BIGINT] - [3]
2022-09-28 22:52:07,924 TRACE o.h.t.d.s.BasicBinder [http-nio-8023-exec-4] binding parameter [2] as [BIGINT] - [2]
2022-09-28 22:52:07,924 TRACE o.h.t.d.s.BasicBinder [http-nio-8023-exec-4] binding parameter [3] as [BIGINT] - [4]
2022-09-28 22:52:07,924 TRACE o.h.t.d.s.BasicBinder [http-nio-8023-exec-4] binding parameter [4] as [BIGINT] - [5]
2022-09-28 22:52:07,925 TRACE o.h.t.d.s.BasicBinder [http-nio-8023-exec-4] binding parameter [5] as [BIGINT] - [1]
2022-09-28 22:52:07,925 DEBUG o.h.e.j.s.SqlStatementLogger [http-nio-8023-exec-4] select viewpost0_.id as id1_0_, viewpost0_.CREATE_TIME as create_t2_0_, viewpost0_.CREATOR_ID as creator_3_0_, viewpost0_.CREATOR_NAME as creator_4_0_, viewpost0_.DESCRIPTION as descript5_0_, viewpost0_.IS_DELETE as is_delet6_0_, viewpost0_.UPDATE_TIME as update_t7_0_, viewpost0_.UPDATER_ID as updater_8_0_, viewpost0_.UPDATER_NAME as updater_9_0_ from ( select * from POST ) viewpost0_ where 1=1 and (viewpost0_.CREATOR_ID in (? , ? , ? , ? , ?)) order by viewpost0_.CREATE_TIME DESC limit ?
2022-09-28 22:52:07,925 TRACE o.h.t.d.s.BasicBinder [http-nio-8023-exec-4] binding parameter [1] as [BIGINT] - [3]
2022-09-28 22:52:07,925 TRACE o.h.t.d.s.BasicBinder [http-nio-8023-exec-4] binding parameter [2] as [BIGINT] - [2]
2022-09-28 22:52:07,925 TRACE o.h.t.d.s.BasicBinder [http-nio-8023-exec-4] binding parameter [3] as [BIGINT] - [4]
2022-09-28 22:52:07,926 TRACE o.h.t.d.s.BasicBinder [http-nio-8023-exec-4] binding parameter [4] as [BIGINT] - [5]
2022-09-28 22:52:07,926 TRACE o.h.t.d.s.BasicBinder [http-nio-8023-exec-4] binding parameter [5] as [BIGINT] - [1]
2022-09-28 23:00:46,347 INFO o.q.c.QuartzScheduler [SpringApplicationShutdownHook] Scheduler quartzScheduler_$_NON_CLUSTERED paused.
2022-09-28 23:00:46,449 INFO o.s.s.q.SchedulerFactoryBean [SpringApplicationShutdownHook] Shutting down Quartz Scheduler
2022-09-28 23:00:46,449 INFO o.q.c.QuartzScheduler [SpringApplicationShutdownHook] Scheduler quartzScheduler_$_NON_CLUSTERED shutting down.
2022-09-28 23:00:46,450 INFO o.q.c.QuartzScheduler [SpringApplicationShutdownHook] Scheduler quartzScheduler_$_NON_CLUSTERED paused.
2022-09-28 23:00:46,450 INFO o.q.c.QuartzScheduler [SpringApplicationShutdownHook] Scheduler quartzScheduler_$_NON_CLUSTERED shutdown complete.
2022-09-28 23:00:46,454 INFO o.s.o.j.AbstractEntityManagerFactoryBean [SpringApplicationShutdownHook] Closing JPA EntityManagerFactory for persistence unit 'db.primary.datasource'
