2022-09-29 00:38:01,865 INFO o.h.v.i.u.Version [background-preinit] HV000001: Hibernate Validator 6.2.3.Final
2022-09-29 00:38:01,929 INFO o.s.b.StartupInfoLogger [main] Starting IgCloneApplication using Java 1.8.0_202 on DESKTOP-FSGNT1P with PID 19404 (D:\instagram-backend\api\app-base\target\classes started by za in D:\instagram-backend\api)
2022-09-29 00:38:01,931 INFO o.s.b.SpringApplication [main] No active profile set, falling back to 1 default profile: "default"
2022-09-29 00:38:03,935 INFO o.s.d.r.c.RepositoryConfigurationDelegate [main] Bootstrapping Spring Data JPA repositories in DEFAULT mode.
2022-09-29 00:38:04,002 INFO o.s.d.r.c.RepositoryConfigurationDelegate [main] Finished Spring Data repository scanning in 58 ms. Found 10 JPA repository interfaces.
2022-09-29 00:38:04,736 INFO o.s.c.s.PostProcessorRegistrationDelegate$BeanPostProcessorChecker [main] Bean 'methodSecurityConfig' of type [com.sangnk.core.security.MethodSecurityConfig$$EnhancerBySpringCGLIB$$f9ebd1f6] is not eligible for getting processed by all BeanPostProcessors (for example: not eligible for auto-proxying)
2022-09-29 00:38:05,122 INFO o.s.b.w.e.t.TomcatWebServer [main] Tomcat initialized with port(s): 8023 (http)
2022-09-29 00:38:05,129 INFO o.a.j.l.DirectJDKLog [main] Initializing ProtocolHandler ["http-nio-8023"]
2022-09-29 00:38:05,130 INFO o.a.j.l.DirectJDKLog [main] Starting service [Tomcat]
2022-09-29 00:38:05,130 INFO o.a.j.l.DirectJDKLog [main] Starting Servlet engine: [Apache Tomcat/9.0.60]
2022-09-29 00:38:05,292 INFO o.a.j.l.DirectJDKLog [main] Initializing Spring embedded WebApplicationContext
2022-09-29 00:38:05,292 INFO o.s.b.w.s.c.ServletWebServerApplicationContext [main] Root WebApplicationContext: initialization completed in 3328 ms
2022-09-29 00:38:05,595 INFO o.h.j.i.u.LogHelper [main] HHH000204: Processing PersistenceUnitInfo [name: db.primary.datasource]
2022-09-29 00:38:05,650 INFO o.h.Version [main] HHH000412: Hibernate ORM core version 5.6.7.Final
2022-09-29 00:38:05,800 INFO o.h.a.c.r.j.JavaReflectionManager [main] HCANN000001: Hibernate Commons Annotations {5.1.2.Final}
2022-09-29 00:38:05,964 INFO o.h.d.Dialect [main] HHH000400: Using dialect: com.sangnk.core.dialect.MariaDB103UnicodeDialect
2022-09-29 00:38:06,952 INFO o.h.e.t.j.p.i.JtaPlatformInitiator [main] HHH000490: Using JtaPlatform implementation: [org.hibernate.engine.transaction.jta.platform.internal.NoJtaPlatform]
2022-09-29 00:38:06,961 INFO o.s.o.j.AbstractEntityManagerFactoryBean [main] Initialized JPA EntityManagerFactory for persistence unit 'db.primary.datasource'
2022-09-29 00:38:07,833 INFO o.h.d.Dialect [main] HHH000400: Using dialect: com.sangnk.core.dialect.MariaDB103UnicodeDialect$$EnhancerBySpringCGLIB$$ab7ec3fa
2022-09-29 00:38:07,846 INFO o.h.d.Dialect [main] HHH000400: Using dialect: com.sangnk.core.dialect.MySQLUnicodeDialect$$EnhancerBySpringCGLIB$$1e1ac788
2022-09-29 00:38:07,854 INFO o.h.d.Dialect [main] HHH000400: Using dialect: com.sangnk.core.dialect.Oracle10gUnicodeDialect$$EnhancerBySpringCGLIB$$ca17e6f0
2022-09-29 00:38:07,864 INFO o.h.d.Dialect [main] HHH000400: Using dialect: com.sangnk.core.dialect.PostgreSQLUnicodeDialect$$EnhancerBySpringCGLIB$$473f432e
2022-09-29 00:38:07,872 INFO o.h.d.Dialect [main] HHH000400: Using dialect: com.sangnk.core.dialect.SQLServerUnicodeDialect$$EnhancerBySpringCGLIB$$d5591f57
2022-09-29 00:38:08,224 INFO o.q.i.StdSchedulerFactory [main] Using default implementation for ThreadExecutor
2022-09-29 00:38:08,233 INFO o.q.c.SchedulerSignalerImpl [main] Initialized Scheduler Signaller of type: class org.quartz.core.SchedulerSignalerImpl
2022-09-29 00:38:08,234 INFO o.q.c.QuartzScheduler [main] Quartz Scheduler v.2.3.2 created.
2022-09-29 00:38:08,235 INFO o.q.s.RAMJobStore [main] RAMJobStore initialized.
2022-09-29 00:38:08,236 INFO o.q.c.QuartzScheduler [main] Scheduler meta-data: Quartz Scheduler (v2.3.2) 'quartzScheduler' with instanceId 'NON_CLUSTERED'
  Scheduler class: 'org.quartz.core.QuartzScheduler' - running locally.
  NOT STARTED.
  Currently in standby mode.
  Number of jobs executed: 0
  Using thread pool 'org.quartz.simpl.SimpleThreadPool' - with 10 threads.
  Using job-store 'org.quartz.simpl.RAMJobStore' - which does not support persistence. and is not clustered.

2022-09-29 00:38:08,236 INFO o.q.i.StdSchedulerFactory [main] Quartz scheduler 'quartzScheduler' initialized from an externally provided properties instance.
2022-09-29 00:38:08,236 INFO o.q.i.StdSchedulerFactory [main] Quartz scheduler version: 2.3.2
2022-09-29 00:38:08,236 INFO o.q.c.QuartzScheduler [main] JobFactory set to: org.springframework.scheduling.quartz.SpringBeanJobFactory@bf2f2ce
2022-09-29 00:38:08,305 INFO o.s.b.a.e.w.EndpointLinksResolver [main] Exposing 15 endpoint(s) beneath base path '/actuator'
2022-09-29 00:38:08,613 WARN o.s.s.c.a.w.b.WebSecurity [main] You are asking Spring Security to ignore Ant [pattern='/**', OPTIONS]. This is not recommended -- please use permitAll via HttpSecurity#authorizeHttpRequests instead.
2022-09-29 00:38:08,614 INFO o.s.s.w.DefaultSecurityFilterChain [main] Will secure Ant [pattern='/**', OPTIONS] with []
2022-09-29 00:38:08,614 WARN o.s.s.c.a.w.b.WebSecurity [main] You are asking Spring Security to ignore Ant [pattern='/swagger-resources/**']. This is not recommended -- please use permitAll via HttpSecurity#authorizeHttpRequests instead.
2022-09-29 00:38:08,614 INFO o.s.s.w.DefaultSecurityFilterChain [main] Will secure Ant [pattern='/swagger-resources/**'] with []
2022-09-29 00:38:08,614 WARN o.s.s.c.a.w.b.WebSecurity [main] You are asking Spring Security to ignore Ant [pattern='/swagger-ui.html**']. This is not recommended -- please use permitAll via HttpSecurity#authorizeHttpRequests instead.
2022-09-29 00:38:08,615 INFO o.s.s.w.DefaultSecurityFilterChain [main] Will secure Ant [pattern='/swagger-ui.html**'] with []
2022-09-29 00:38:08,615 WARN o.s.s.c.a.w.b.WebSecurity [main] You are asking Spring Security to ignore Ant [pattern='/swagger-ui/**']. This is not recommended -- please use permitAll via HttpSecurity#authorizeHttpRequests instead.
2022-09-29 00:38:08,615 INFO o.s.s.w.DefaultSecurityFilterChain [main] Will secure Ant [pattern='/swagger-ui/**'] with []
2022-09-29 00:38:08,615 WARN o.s.s.c.a.w.b.WebSecurity [main] You are asking Spring Security to ignore Ant [pattern='/v2/api-docs/**']. This is not recommended -- please use permitAll via HttpSecurity#authorizeHttpRequests instead.
2022-09-29 00:38:08,615 INFO o.s.s.w.DefaultSecurityFilterChain [main] Will secure Ant [pattern='/v2/api-docs/**'] with []
2022-09-29 00:38:08,615 WARN o.s.s.c.a.w.b.WebSecurity [main] You are asking Spring Security to ignore Ant [pattern='/webjars/**']. This is not recommended -- please use permitAll via HttpSecurity#authorizeHttpRequests instead.
2022-09-29 00:38:08,615 INFO o.s.s.w.DefaultSecurityFilterChain [main] Will secure Ant [pattern='/webjars/**'] with []
2022-09-29 00:38:08,615 WARN o.s.s.c.a.w.b.WebSecurity [main] You are asking Spring Security to ignore Ant [pattern='/public/**']. This is not recommended -- please use permitAll via HttpSecurity#authorizeHttpRequests instead.
2022-09-29 00:38:08,615 INFO o.s.s.w.DefaultSecurityFilterChain [main] Will secure Ant [pattern='/public/**'] with []
2022-09-29 00:38:08,645 INFO o.s.s.w.DefaultSecurityFilterChain [main] Will not secure Or [Ant [pattern='/**']]
2022-09-29 00:38:08,727 DEBUG o.h.e.j.s.SqlStatementLogger [main] select admuser0_.id as id1_0_, admuser0_.ADDRESS as address2_0_, admuser0_.BIRTHDAY as birthday3_0_, admuser0_.CREATE_TIME as create_t4_0_, admuser0_.CREATOR_ID as creator_5_0_, admuser0_.CREATOR_NAME as creator_6_0_, admuser0_.EMAIL as email7_0_, admuser0_.FULL_NAME as full_nam8_0_, admuser0_.GENDER as gender9_0_, admuser0_.GIVEN_NAME as given_n10_0_, admuser0_.IS_DELETE as is_dele11_0_, admuser0_.PASSWORD as passwor12_0_, admuser0_.PHONE_NUMBER as phone_n13_0_, admuser0_.POSITION as positio14_0_, admuser0_.STATUS as status15_0_, admuser0_.SURNAME as surname16_0_, admuser0_.TYPE as type17_0_, admuser0_.UPDATE_TIME as update_18_0_, admuser0_.UPDATER_ID as updater19_0_, admuser0_.UPDATER_NAME as updater20_0_, admuser0_.USER_NAME as user_na21_0_ from ADM_USERS admuser0_ where admuser0_.USER_NAME=?
2022-09-29 00:38:08,731 TRACE o.h.t.d.s.BasicBinder [main] binding parameter [1] as [VARCHAR] - [admin]
2022-09-29 00:38:09,016 INFO o.a.j.l.DirectJDKLog [main] Starting ProtocolHandler ["http-nio-8023"]
2022-09-29 00:38:09,036 INFO o.s.b.w.e.t.TomcatWebServer [main] Tomcat started on port(s): 8023 (http) with context path '/ig-clone'
2022-09-29 00:38:09,324 INFO o.s.s.q.SchedulerFactoryBean [main] Starting Quartz Scheduler now
2022-09-29 00:38:09,325 INFO o.q.c.QuartzScheduler [main] Scheduler quartzScheduler_$_NON_CLUSTERED started.
2022-09-29 00:38:09,334 INFO o.s.b.StartupInfoLogger [main] Started IgCloneApplication in 7.797 seconds (JVM running for 9.044)
2022-09-29 00:38:09,820 INFO o.a.j.l.DirectJDKLog [RMI TCP Connection(4)-192.168.0.104] Initializing Spring DispatcherServlet 'dispatcherServlet'
2022-09-29 00:39:57,922 DEBUG o.h.e.j.s.SqlStatementLogger [http-nio-8023-exec-2] select admuser0_.id as id1_0_, admuser0_.ADDRESS as address2_0_, admuser0_.BIRTHDAY as birthday3_0_, admuser0_.CREATE_TIME as create_t4_0_, admuser0_.CREATOR_ID as creator_5_0_, admuser0_.CREATOR_NAME as creator_6_0_, admuser0_.EMAIL as email7_0_, admuser0_.FULL_NAME as full_nam8_0_, admuser0_.GENDER as gender9_0_, admuser0_.GIVEN_NAME as given_n10_0_, admuser0_.IS_DELETE as is_dele11_0_, admuser0_.PASSWORD as passwor12_0_, admuser0_.PHONE_NUMBER as phone_n13_0_, admuser0_.POSITION as positio14_0_, admuser0_.STATUS as status15_0_, admuser0_.SURNAME as surname16_0_, admuser0_.TYPE as type17_0_, admuser0_.UPDATE_TIME as update_18_0_, admuser0_.UPDATER_ID as updater19_0_, admuser0_.UPDATER_NAME as updater20_0_, admuser0_.USER_NAME as user_na21_0_ from ADM_USERS admuser0_ where admuser0_.USER_NAME=?
2022-09-29 00:39:57,924 TRACE o.h.t.d.s.BasicBinder [http-nio-8023-exec-2] binding parameter [1] as [VARCHAR] - [admin]
2022-09-29 00:39:57,944 DEBUG o.h.e.j.s.SqlStatementLogger [http-nio-8023-exec-2] select admuser0_.id as id1_0_, admuser0_.ADDRESS as address2_0_, admuser0_.BIRTHDAY as birthday3_0_, admuser0_.CREATE_TIME as create_t4_0_, admuser0_.CREATOR_ID as creator_5_0_, admuser0_.CREATOR_NAME as creator_6_0_, admuser0_.EMAIL as email7_0_, admuser0_.FULL_NAME as full_nam8_0_, admuser0_.GENDER as gender9_0_, admuser0_.GIVEN_NAME as given_n10_0_, admuser0_.IS_DELETE as is_dele11_0_, admuser0_.PASSWORD as passwor12_0_, admuser0_.PHONE_NUMBER as phone_n13_0_, admuser0_.POSITION as positio14_0_, admuser0_.STATUS as status15_0_, admuser0_.SURNAME as surname16_0_, admuser0_.TYPE as type17_0_, admuser0_.UPDATE_TIME as update_18_0_, admuser0_.UPDATER_ID as updater19_0_, admuser0_.UPDATER_NAME as updater20_0_, admuser0_.USER_NAME as user_na21_0_ from ADM_USERS admuser0_ where admuser0_.USER_NAME=?
2022-09-29 00:39:57,946 TRACE o.h.t.d.s.BasicBinder [http-nio-8023-exec-2] binding parameter [1] as [VARCHAR] - [admin]
2022-09-29 00:39:58,045 DEBUG o.h.e.j.s.SqlStatementLogger [http-nio-8023-exec-2] select follow0_.id as id1_7_, follow0_.CREATE_TIME as create_t2_7_, follow0_.CREATOR_ID as creator_3_7_, follow0_.CREATOR_NAME as creator_4_7_, follow0_.follower_id as follower9_7_, follow0_.following_id as followi10_7_, follow0_.IS_DELETE as is_delet5_7_, follow0_.UPDATE_TIME as update_t6_7_, follow0_.UPDATER_ID as updater_7_7_, follow0_.UPDATER_NAME as updater_8_7_ from FOLLOWS follow0_ inner join ADM_USERS admuser1_ on follow0_.follower_id=admuser1_.id where admuser1_.id=?
2022-09-29 00:39:58,047 TRACE o.h.t.d.s.BasicBinder [http-nio-8023-exec-2] binding parameter [1] as [BIGINT] - [1]
2022-09-29 00:39:58,084 DEBUG o.h.e.j.s.SqlStatementLogger [http-nio-8023-exec-2] select count(viewpost0_.id) as col_0_0_ from ( select * from POST ) viewpost0_ where 1=1 and (viewpost0_.CREATOR_ID in (? , ? , ? , ? , ?))
2022-09-29 00:39:58,084 TRACE o.h.t.d.s.BasicBinder [http-nio-8023-exec-2] binding parameter [1] as [BIGINT] - [3]
2022-09-29 00:39:58,084 TRACE o.h.t.d.s.BasicBinder [http-nio-8023-exec-2] binding parameter [2] as [BIGINT] - [2]
2022-09-29 00:39:58,084 TRACE o.h.t.d.s.BasicBinder [http-nio-8023-exec-2] binding parameter [3] as [BIGINT] - [4]
2022-09-29 00:39:58,085 TRACE o.h.t.d.s.BasicBinder [http-nio-8023-exec-2] binding parameter [4] as [BIGINT] - [5]
2022-09-29 00:39:58,085 TRACE o.h.t.d.s.BasicBinder [http-nio-8023-exec-2] binding parameter [5] as [BIGINT] - [1]
2022-09-29 00:39:58,092 DEBUG o.h.e.j.s.SqlStatementLogger [http-nio-8023-exec-2] select viewpost0_.id as id1_0_, viewpost0_.CREATE_TIME as create_t2_0_, viewpost0_.CREATOR_ID as creator_3_0_, viewpost0_.CREATOR_NAME as creator_4_0_, viewpost0_.DESCRIPTION as descript5_0_, viewpost0_.IS_DELETE as is_delet6_0_, viewpost0_.UPDATE_TIME as update_t7_0_, viewpost0_.UPDATER_ID as updater_8_0_, viewpost0_.UPDATER_NAME as updater_9_0_ from ( select * from POST ) viewpost0_ where 1=1 and (viewpost0_.CREATOR_ID in (? , ? , ? , ? , ?)) order by viewpost0_.UPDATE_TIME DESC, viewpost0_.CREATE_TIME DESC limit ?
2022-09-29 00:39:58,092 TRACE o.h.t.d.s.BasicBinder [http-nio-8023-exec-2] binding parameter [1] as [BIGINT] - [3]
2022-09-29 00:39:58,092 TRACE o.h.t.d.s.BasicBinder [http-nio-8023-exec-2] binding parameter [2] as [BIGINT] - [2]
2022-09-29 00:39:58,092 TRACE o.h.t.d.s.BasicBinder [http-nio-8023-exec-2] binding parameter [3] as [BIGINT] - [4]
2022-09-29 00:39:58,093 TRACE o.h.t.d.s.BasicBinder [http-nio-8023-exec-2] binding parameter [4] as [BIGINT] - [5]
2022-09-29 00:39:58,093 TRACE o.h.t.d.s.BasicBinder [http-nio-8023-exec-2] binding parameter [5] as [BIGINT] - [1]
2022-09-29 00:41:27,574 DEBUG o.h.e.j.s.SqlStatementLogger [http-nio-8023-exec-6] select admuser0_.id as id1_0_, admuser0_.ADDRESS as address2_0_, admuser0_.BIRTHDAY as birthday3_0_, admuser0_.CREATE_TIME as create_t4_0_, admuser0_.CREATOR_ID as creator_5_0_, admuser0_.CREATOR_NAME as creator_6_0_, admuser0_.EMAIL as email7_0_, admuser0_.FULL_NAME as full_nam8_0_, admuser0_.GENDER as gender9_0_, admuser0_.GIVEN_NAME as given_n10_0_, admuser0_.IS_DELETE as is_dele11_0_, admuser0_.PASSWORD as passwor12_0_, admuser0_.PHONE_NUMBER as phone_n13_0_, admuser0_.POSITION as positio14_0_, admuser0_.STATUS as status15_0_, admuser0_.SURNAME as surname16_0_, admuser0_.TYPE as type17_0_, admuser0_.UPDATE_TIME as update_18_0_, admuser0_.UPDATER_ID as updater19_0_, admuser0_.UPDATER_NAME as updater20_0_, admuser0_.USER_NAME as user_na21_0_ from ADM_USERS admuser0_ where admuser0_.USER_NAME=?
2022-09-29 00:41:27,576 TRACE o.h.t.d.s.BasicBinder [http-nio-8023-exec-6] binding parameter [1] as [VARCHAR] - [admin]
2022-09-29 00:41:27,579 DEBUG o.h.e.j.s.SqlStatementLogger [http-nio-8023-exec-6] select admuser0_.id as id1_0_, admuser0_.ADDRESS as address2_0_, admuser0_.BIRTHDAY as birthday3_0_, admuser0_.CREATE_TIME as create_t4_0_, admuser0_.CREATOR_ID as creator_5_0_, admuser0_.CREATOR_NAME as creator_6_0_, admuser0_.EMAIL as email7_0_, admuser0_.FULL_NAME as full_nam8_0_, admuser0_.GENDER as gender9_0_, admuser0_.GIVEN_NAME as given_n10_0_, admuser0_.IS_DELETE as is_dele11_0_, admuser0_.PASSWORD as passwor12_0_, admuser0_.PHONE_NUMBER as phone_n13_0_, admuser0_.POSITION as positio14_0_, admuser0_.STATUS as status15_0_, admuser0_.SURNAME as surname16_0_, admuser0_.TYPE as type17_0_, admuser0_.UPDATE_TIME as update_18_0_, admuser0_.UPDATER_ID as updater19_0_, admuser0_.UPDATER_NAME as updater20_0_, admuser0_.USER_NAME as user_na21_0_ from ADM_USERS admuser0_ where admuser0_.USER_NAME=?
2022-09-29 00:41:27,580 TRACE o.h.t.d.s.BasicBinder [http-nio-8023-exec-6] binding parameter [1] as [VARCHAR] - [admin]
2022-09-29 00:41:27,583 DEBUG o.h.e.j.s.SqlStatementLogger [http-nio-8023-exec-6] select follow0_.id as id1_7_, follow0_.CREATE_TIME as create_t2_7_, follow0_.CREATOR_ID as creator_3_7_, follow0_.CREATOR_NAME as creator_4_7_, follow0_.follower_id as follower9_7_, follow0_.following_id as followi10_7_, follow0_.IS_DELETE as is_delet5_7_, follow0_.UPDATE_TIME as update_t6_7_, follow0_.UPDATER_ID as updater_7_7_, follow0_.UPDATER_NAME as updater_8_7_ from FOLLOWS follow0_ inner join ADM_USERS admuser1_ on follow0_.follower_id=admuser1_.id where admuser1_.id=?
2022-09-29 00:41:27,584 TRACE o.h.t.d.s.BasicBinder [http-nio-8023-exec-6] binding parameter [1] as [BIGINT] - [1]
2022-09-29 00:41:27,586 DEBUG o.h.e.j.s.SqlStatementLogger [http-nio-8023-exec-6] select count(viewpost0_.id) as col_0_0_ from ( select * from POST ) viewpost0_ where 1=1 and (viewpost0_.CREATOR_ID in (? , ? , ? , ? , ?))
2022-09-29 00:41:27,586 TRACE o.h.t.d.s.BasicBinder [http-nio-8023-exec-6] binding parameter [1] as [BIGINT] - [3]
2022-09-29 00:41:27,587 TRACE o.h.t.d.s.BasicBinder [http-nio-8023-exec-6] binding parameter [2] as [BIGINT] - [2]
2022-09-29 00:41:27,587 TRACE o.h.t.d.s.BasicBinder [http-nio-8023-exec-6] binding parameter [3] as [BIGINT] - [4]
2022-09-29 00:41:27,587 TRACE o.h.t.d.s.BasicBinder [http-nio-8023-exec-6] binding parameter [4] as [BIGINT] - [5]
2022-09-29 00:41:27,587 TRACE o.h.t.d.s.BasicBinder [http-nio-8023-exec-6] binding parameter [5] as [BIGINT] - [1]
2022-09-29 00:41:27,588 DEBUG o.h.e.j.s.SqlStatementLogger [http-nio-8023-exec-6] select viewpost0_.id as id1_0_, viewpost0_.CREATE_TIME as create_t2_0_, viewpost0_.CREATOR_ID as creator_3_0_, viewpost0_.CREATOR_NAME as creator_4_0_, viewpost0_.DESCRIPTION as descript5_0_, viewpost0_.IS_DELETE as is_delet6_0_, viewpost0_.UPDATE_TIME as update_t7_0_, viewpost0_.UPDATER_ID as updater_8_0_, viewpost0_.UPDATER_NAME as updater_9_0_ from ( select * from POST ) viewpost0_ where 1=1 and (viewpost0_.CREATOR_ID in (? , ? , ? , ? , ?)) order by viewpost0_.UPDATE_TIME DESC, viewpost0_.CREATE_TIME DESC limit ?
2022-09-29 00:41:27,588 TRACE o.h.t.d.s.BasicBinder [http-nio-8023-exec-6] binding parameter [1] as [BIGINT] - [3]
2022-09-29 00:41:27,588 TRACE o.h.t.d.s.BasicBinder [http-nio-8023-exec-6] binding parameter [2] as [BIGINT] - [2]
2022-09-29 00:41:27,589 TRACE o.h.t.d.s.BasicBinder [http-nio-8023-exec-6] binding parameter [3] as [BIGINT] - [4]
2022-09-29 00:41:27,589 TRACE o.h.t.d.s.BasicBinder [http-nio-8023-exec-6] binding parameter [4] as [BIGINT] - [5]
2022-09-29 00:41:27,589 TRACE o.h.t.d.s.BasicBinder [http-nio-8023-exec-6] binding parameter [5] as [BIGINT] - [1]
2022-09-29 00:41:42,122 DEBUG o.h.e.j.s.SqlStatementLogger [http-nio-8023-exec-8] select admuser0_.id as id1_0_, admuser0_.ADDRESS as address2_0_, admuser0_.BIRTHDAY as birthday3_0_, admuser0_.CREATE_TIME as create_t4_0_, admuser0_.CREATOR_ID as creator_5_0_, admuser0_.CREATOR_NAME as creator_6_0_, admuser0_.EMAIL as email7_0_, admuser0_.FULL_NAME as full_nam8_0_, admuser0_.GENDER as gender9_0_, admuser0_.GIVEN_NAME as given_n10_0_, admuser0_.IS_DELETE as is_dele11_0_, admuser0_.PASSWORD as passwor12_0_, admuser0_.PHONE_NUMBER as phone_n13_0_, admuser0_.POSITION as positio14_0_, admuser0_.STATUS as status15_0_, admuser0_.SURNAME as surname16_0_, admuser0_.TYPE as type17_0_, admuser0_.UPDATE_TIME as update_18_0_, admuser0_.UPDATER_ID as updater19_0_, admuser0_.UPDATER_NAME as updater20_0_, admuser0_.USER_NAME as user_na21_0_ from ADM_USERS admuser0_ where admuser0_.USER_NAME=?
2022-09-29 00:41:42,123 TRACE o.h.t.d.s.BasicBinder [http-nio-8023-exec-8] binding parameter [1] as [VARCHAR] - [admin]
2022-09-29 00:41:42,126 DEBUG o.h.e.j.s.SqlStatementLogger [http-nio-8023-exec-8] select admuser0_.id as id1_0_, admuser0_.ADDRESS as address2_0_, admuser0_.BIRTHDAY as birthday3_0_, admuser0_.CREATE_TIME as create_t4_0_, admuser0_.CREATOR_ID as creator_5_0_, admuser0_.CREATOR_NAME as creator_6_0_, admuser0_.EMAIL as email7_0_, admuser0_.FULL_NAME as full_nam8_0_, admuser0_.GENDER as gender9_0_, admuser0_.GIVEN_NAME as given_n10_0_, admuser0_.IS_DELETE as is_dele11_0_, admuser0_.PASSWORD as passwor12_0_, admuser0_.PHONE_NUMBER as phone_n13_0_, admuser0_.POSITION as positio14_0_, admuser0_.STATUS as status15_0_, admuser0_.SURNAME as surname16_0_, admuser0_.TYPE as type17_0_, admuser0_.UPDATE_TIME as update_18_0_, admuser0_.UPDATER_ID as updater19_0_, admuser0_.UPDATER_NAME as updater20_0_, admuser0_.USER_NAME as user_na21_0_ from ADM_USERS admuser0_ where admuser0_.USER_NAME=?
2022-09-29 00:41:42,127 TRACE o.h.t.d.s.BasicBinder [http-nio-8023-exec-8] binding parameter [1] as [VARCHAR] - [admin]
2022-09-29 00:41:42,129 DEBUG o.h.e.j.s.SqlStatementLogger [http-nio-8023-exec-8] select follow0_.id as id1_7_, follow0_.CREATE_TIME as create_t2_7_, follow0_.CREATOR_ID as creator_3_7_, follow0_.CREATOR_NAME as creator_4_7_, follow0_.follower_id as follower9_7_, follow0_.following_id as followi10_7_, follow0_.IS_DELETE as is_delet5_7_, follow0_.UPDATE_TIME as update_t6_7_, follow0_.UPDATER_ID as updater_7_7_, follow0_.UPDATER_NAME as updater_8_7_ from FOLLOWS follow0_ inner join ADM_USERS admuser1_ on follow0_.follower_id=admuser1_.id where admuser1_.id=?
2022-09-29 00:41:42,131 TRACE o.h.t.d.s.BasicBinder [http-nio-8023-exec-8] binding parameter [1] as [BIGINT] - [1]
2022-09-29 00:41:42,133 DEBUG o.h.e.j.s.SqlStatementLogger [http-nio-8023-exec-8] select count(viewpost0_.id) as col_0_0_ from ( select * from POST ) viewpost0_ where 1=1 and (viewpost0_.CREATOR_ID in (? , ? , ? , ? , ?))
2022-09-29 00:41:42,133 TRACE o.h.t.d.s.BasicBinder [http-nio-8023-exec-8] binding parameter [1] as [BIGINT] - [3]
2022-09-29 00:41:42,133 TRACE o.h.t.d.s.BasicBinder [http-nio-8023-exec-8] binding parameter [2] as [BIGINT] - [2]
2022-09-29 00:41:42,133 TRACE o.h.t.d.s.BasicBinder [http-nio-8023-exec-8] binding parameter [3] as [BIGINT] - [4]
2022-09-29 00:41:42,133 TRACE o.h.t.d.s.BasicBinder [http-nio-8023-exec-8] binding parameter [4] as [BIGINT] - [5]
2022-09-29 00:41:42,134 TRACE o.h.t.d.s.BasicBinder [http-nio-8023-exec-8] binding parameter [5] as [BIGINT] - [1]
2022-09-29 00:41:42,135 DEBUG o.h.e.j.s.SqlStatementLogger [http-nio-8023-exec-8] select viewpost0_.id as id1_0_, viewpost0_.CREATE_TIME as create_t2_0_, viewpost0_.CREATOR_ID as creator_3_0_, viewpost0_.CREATOR_NAME as creator_4_0_, viewpost0_.DESCRIPTION as descript5_0_, viewpost0_.IS_DELETE as is_delet6_0_, viewpost0_.UPDATE_TIME as update_t7_0_, viewpost0_.UPDATER_ID as updater_8_0_, viewpost0_.UPDATER_NAME as updater_9_0_ from ( select * from POST ) viewpost0_ where 1=1 and (viewpost0_.CREATOR_ID in (? , ? , ? , ? , ?)) order by viewpost0_.UPDATE_TIME DESC, viewpost0_.CREATE_TIME DESC limit ?
2022-09-29 00:41:42,135 TRACE o.h.t.d.s.BasicBinder [http-nio-8023-exec-8] binding parameter [1] as [BIGINT] - [3]
2022-09-29 00:41:42,135 TRACE o.h.t.d.s.BasicBinder [http-nio-8023-exec-8] binding parameter [2] as [BIGINT] - [2]
2022-09-29 00:41:42,135 TRACE o.h.t.d.s.BasicBinder [http-nio-8023-exec-8] binding parameter [3] as [BIGINT] - [4]
2022-09-29 00:41:42,135 TRACE o.h.t.d.s.BasicBinder [http-nio-8023-exec-8] binding parameter [4] as [BIGINT] - [5]
2022-09-29 00:41:42,136 TRACE o.h.t.d.s.BasicBinder [http-nio-8023-exec-8] binding parameter [5] as [BIGINT] - [1]
2022-09-29 00:41:43,794 DEBUG o.h.e.j.s.SqlStatementLogger [http-nio-8023-exec-10] select admuser0_.id as id1_0_, admuser0_.ADDRESS as address2_0_, admuser0_.BIRTHDAY as birthday3_0_, admuser0_.CREATE_TIME as create_t4_0_, admuser0_.CREATOR_ID as creator_5_0_, admuser0_.CREATOR_NAME as creator_6_0_, admuser0_.EMAIL as email7_0_, admuser0_.FULL_NAME as full_nam8_0_, admuser0_.GENDER as gender9_0_, admuser0_.GIVEN_NAME as given_n10_0_, admuser0_.IS_DELETE as is_dele11_0_, admuser0_.PASSWORD as passwor12_0_, admuser0_.PHONE_NUMBER as phone_n13_0_, admuser0_.POSITION as positio14_0_, admuser0_.STATUS as status15_0_, admuser0_.SURNAME as surname16_0_, admuser0_.TYPE as type17_0_, admuser0_.UPDATE_TIME as update_18_0_, admuser0_.UPDATER_ID as updater19_0_, admuser0_.UPDATER_NAME as updater20_0_, admuser0_.USER_NAME as user_na21_0_ from ADM_USERS admuser0_ where admuser0_.USER_NAME=?
2022-09-29 00:41:43,795 TRACE o.h.t.d.s.BasicBinder [http-nio-8023-exec-10] binding parameter [1] as [VARCHAR] - [admin]
2022-09-29 00:41:43,797 DEBUG o.h.e.j.s.SqlStatementLogger [http-nio-8023-exec-10] select admuser0_.id as id1_0_, admuser0_.ADDRESS as address2_0_, admuser0_.BIRTHDAY as birthday3_0_, admuser0_.CREATE_TIME as create_t4_0_, admuser0_.CREATOR_ID as creator_5_0_, admuser0_.CREATOR_NAME as creator_6_0_, admuser0_.EMAIL as email7_0_, admuser0_.FULL_NAME as full_nam8_0_, admuser0_.GENDER as gender9_0_, admuser0_.GIVEN_NAME as given_n10_0_, admuser0_.IS_DELETE as is_dele11_0_, admuser0_.PASSWORD as passwor12_0_, admuser0_.PHONE_NUMBER as phone_n13_0_, admuser0_.POSITION as positio14_0_, admuser0_.STATUS as status15_0_, admuser0_.SURNAME as surname16_0_, admuser0_.TYPE as type17_0_, admuser0_.UPDATE_TIME as update_18_0_, admuser0_.UPDATER_ID as updater19_0_, admuser0_.UPDATER_NAME as updater20_0_, admuser0_.USER_NAME as user_na21_0_ from ADM_USERS admuser0_ where admuser0_.USER_NAME=?
2022-09-29 00:41:43,798 TRACE o.h.t.d.s.BasicBinder [http-nio-8023-exec-10] binding parameter [1] as [VARCHAR] - [admin]
2022-09-29 00:41:43,800 DEBUG o.h.e.j.s.SqlStatementLogger [http-nio-8023-exec-10] select follow0_.id as id1_7_, follow0_.CREATE_TIME as create_t2_7_, follow0_.CREATOR_ID as creator_3_7_, follow0_.CREATOR_NAME as creator_4_7_, follow0_.follower_id as follower9_7_, follow0_.following_id as followi10_7_, follow0_.IS_DELETE as is_delet5_7_, follow0_.UPDATE_TIME as update_t6_7_, follow0_.UPDATER_ID as updater_7_7_, follow0_.UPDATER_NAME as updater_8_7_ from FOLLOWS follow0_ inner join ADM_USERS admuser1_ on follow0_.follower_id=admuser1_.id where admuser1_.id=?
2022-09-29 00:41:43,801 TRACE o.h.t.d.s.BasicBinder [http-nio-8023-exec-10] binding parameter [1] as [BIGINT] - [1]
2022-09-29 00:41:43,804 DEBUG o.h.e.j.s.SqlStatementLogger [http-nio-8023-exec-10] select count(viewpost0_.id) as col_0_0_ from ( select * from POST ) viewpost0_ where 1=1 and (viewpost0_.CREATOR_ID in (? , ? , ? , ? , ?))
2022-09-29 00:41:43,804 TRACE o.h.t.d.s.BasicBinder [http-nio-8023-exec-10] binding parameter [1] as [BIGINT] - [3]
2022-09-29 00:41:43,804 TRACE o.h.t.d.s.BasicBinder [http-nio-8023-exec-10] binding parameter [2] as [BIGINT] - [2]
2022-09-29 00:41:43,804 TRACE o.h.t.d.s.BasicBinder [http-nio-8023-exec-10] binding parameter [3] as [BIGINT] - [4]
2022-09-29 00:41:43,804 TRACE o.h.t.d.s.BasicBinder [http-nio-8023-exec-10] binding parameter [4] as [BIGINT] - [5]
2022-09-29 00:41:43,805 TRACE o.h.t.d.s.BasicBinder [http-nio-8023-exec-10] binding parameter [5] as [BIGINT] - [1]
2022-09-29 00:41:43,805 DEBUG o.h.e.j.s.SqlStatementLogger [http-nio-8023-exec-10] select viewpost0_.id as id1_0_, viewpost0_.CREATE_TIME as create_t2_0_, viewpost0_.CREATOR_ID as creator_3_0_, viewpost0_.CREATOR_NAME as creator_4_0_, viewpost0_.DESCRIPTION as descript5_0_, viewpost0_.IS_DELETE as is_delet6_0_, viewpost0_.UPDATE_TIME as update_t7_0_, viewpost0_.UPDATER_ID as updater_8_0_, viewpost0_.UPDATER_NAME as updater_9_0_ from ( select * from POST ) viewpost0_ where 1=1 and (viewpost0_.CREATOR_ID in (? , ? , ? , ? , ?)) order by viewpost0_.UPDATE_TIME DESC, viewpost0_.CREATE_TIME DESC limit ?
2022-09-29 00:41:43,805 TRACE o.h.t.d.s.BasicBinder [http-nio-8023-exec-10] binding parameter [1] as [BIGINT] - [3]
2022-09-29 00:41:43,806 TRACE o.h.t.d.s.BasicBinder [http-nio-8023-exec-10] binding parameter [2] as [BIGINT] - [2]
2022-09-29 00:41:43,806 TRACE o.h.t.d.s.BasicBinder [http-nio-8023-exec-10] binding parameter [3] as [BIGINT] - [4]
2022-09-29 00:41:43,806 TRACE o.h.t.d.s.BasicBinder [http-nio-8023-exec-10] binding parameter [4] as [BIGINT] - [5]
2022-09-29 00:41:43,806 TRACE o.h.t.d.s.BasicBinder [http-nio-8023-exec-10] binding parameter [5] as [BIGINT] - [1]
2022-09-29 00:41:48,672 DEBUG o.h.e.j.s.SqlStatementLogger [http-nio-8023-exec-2] select admuser0_.id as id1_0_, admuser0_.ADDRESS as address2_0_, admuser0_.BIRTHDAY as birthday3_0_, admuser0_.CREATE_TIME as create_t4_0_, admuser0_.CREATOR_ID as creator_5_0_, admuser0_.CREATOR_NAME as creator_6_0_, admuser0_.EMAIL as email7_0_, admuser0_.FULL_NAME as full_nam8_0_, admuser0_.GENDER as gender9_0_, admuser0_.GIVEN_NAME as given_n10_0_, admuser0_.IS_DELETE as is_dele11_0_, admuser0_.PASSWORD as passwor12_0_, admuser0_.PHONE_NUMBER as phone_n13_0_, admuser0_.POSITION as positio14_0_, admuser0_.STATUS as status15_0_, admuser0_.SURNAME as surname16_0_, admuser0_.TYPE as type17_0_, admuser0_.UPDATE_TIME as update_18_0_, admuser0_.UPDATER_ID as updater19_0_, admuser0_.UPDATER_NAME as updater20_0_, admuser0_.USER_NAME as user_na21_0_ from ADM_USERS admuser0_ where admuser0_.USER_NAME=?
2022-09-29 00:41:48,674 TRACE o.h.t.d.s.BasicBinder [http-nio-8023-exec-2] binding parameter [1] as [VARCHAR] - [admin]
2022-09-29 00:41:48,676 DEBUG o.h.e.j.s.SqlStatementLogger [http-nio-8023-exec-2] select admuser0_.id as id1_0_, admuser0_.ADDRESS as address2_0_, admuser0_.BIRTHDAY as birthday3_0_, admuser0_.CREATE_TIME as create_t4_0_, admuser0_.CREATOR_ID as creator_5_0_, admuser0_.CREATOR_NAME as creator_6_0_, admuser0_.EMAIL as email7_0_, admuser0_.FULL_NAME as full_nam8_0_, admuser0_.GENDER as gender9_0_, admuser0_.GIVEN_NAME as given_n10_0_, admuser0_.IS_DELETE as is_dele11_0_, admuser0_.PASSWORD as passwor12_0_, admuser0_.PHONE_NUMBER as phone_n13_0_, admuser0_.POSITION as positio14_0_, admuser0_.STATUS as status15_0_, admuser0_.SURNAME as surname16_0_, admuser0_.TYPE as type17_0_, admuser0_.UPDATE_TIME as update_18_0_, admuser0_.UPDATER_ID as updater19_0_, admuser0_.UPDATER_NAME as updater20_0_, admuser0_.USER_NAME as user_na21_0_ from ADM_USERS admuser0_ where admuser0_.USER_NAME=?
2022-09-29 00:41:48,677 TRACE o.h.t.d.s.BasicBinder [http-nio-8023-exec-2] binding parameter [1] as [VARCHAR] - [admin]
2022-09-29 00:41:48,680 DEBUG o.h.e.j.s.SqlStatementLogger [http-nio-8023-exec-2] select follow0_.id as id1_7_, follow0_.CREATE_TIME as create_t2_7_, follow0_.CREATOR_ID as creator_3_7_, follow0_.CREATOR_NAME as creator_4_7_, follow0_.follower_id as follower9_7_, follow0_.following_id as followi10_7_, follow0_.IS_DELETE as is_delet5_7_, follow0_.UPDATE_TIME as update_t6_7_, follow0_.UPDATER_ID as updater_7_7_, follow0_.UPDATER_NAME as updater_8_7_ from FOLLOWS follow0_ inner join ADM_USERS admuser1_ on follow0_.follower_id=admuser1_.id where admuser1_.id=?
2022-09-29 00:41:48,681 TRACE o.h.t.d.s.BasicBinder [http-nio-8023-exec-2] binding parameter [1] as [BIGINT] - [1]
2022-09-29 00:41:48,682 DEBUG o.h.e.j.s.SqlStatementLogger [http-nio-8023-exec-2] select count(viewpost0_.id) as col_0_0_ from ( select * from POST ) viewpost0_ where 1=1 and (viewpost0_.CREATOR_ID in (? , ? , ? , ? , ?))
2022-09-29 00:41:48,683 TRACE o.h.t.d.s.BasicBinder [http-nio-8023-exec-2] binding parameter [1] as [BIGINT] - [3]
2022-09-29 00:41:48,683 TRACE o.h.t.d.s.BasicBinder [http-nio-8023-exec-2] binding parameter [2] as [BIGINT] - [2]
2022-09-29 00:41:48,683 TRACE o.h.t.d.s.BasicBinder [http-nio-8023-exec-2] binding parameter [3] as [BIGINT] - [4]
2022-09-29 00:41:48,683 TRACE o.h.t.d.s.BasicBinder [http-nio-8023-exec-2] binding parameter [4] as [BIGINT] - [5]
2022-09-29 00:41:48,683 TRACE o.h.t.d.s.BasicBinder [http-nio-8023-exec-2] binding parameter [5] as [BIGINT] - [1]
2022-09-29 00:41:48,684 DEBUG o.h.e.j.s.SqlStatementLogger [http-nio-8023-exec-2] select viewpost0_.id as id1_0_, viewpost0_.CREATE_TIME as create_t2_0_, viewpost0_.CREATOR_ID as creator_3_0_, viewpost0_.CREATOR_NAME as creator_4_0_, viewpost0_.DESCRIPTION as descript5_0_, viewpost0_.IS_DELETE as is_delet6_0_, viewpost0_.UPDATE_TIME as update_t7_0_, viewpost0_.UPDATER_ID as updater_8_0_, viewpost0_.UPDATER_NAME as updater_9_0_ from ( select * from POST ) viewpost0_ where 1=1 and (viewpost0_.CREATOR_ID in (? , ? , ? , ? , ?)) order by viewpost0_.UPDATE_TIME DESC, viewpost0_.CREATE_TIME DESC limit ?
2022-09-29 00:41:48,684 TRACE o.h.t.d.s.BasicBinder [http-nio-8023-exec-2] binding parameter [1] as [BIGINT] - [3]
2022-09-29 00:41:48,685 TRACE o.h.t.d.s.BasicBinder [http-nio-8023-exec-2] binding parameter [2] as [BIGINT] - [2]
2022-09-29 00:41:48,685 TRACE o.h.t.d.s.BasicBinder [http-nio-8023-exec-2] binding parameter [3] as [BIGINT] - [4]
2022-09-29 00:41:48,685 TRACE o.h.t.d.s.BasicBinder [http-nio-8023-exec-2] binding parameter [4] as [BIGINT] - [5]
2022-09-29 00:41:48,685 TRACE o.h.t.d.s.BasicBinder [http-nio-8023-exec-2] binding parameter [5] as [BIGINT] - [1]
2022-09-29 00:42:15,326 DEBUG o.h.e.j.s.SqlStatementLogger [http-nio-8023-exec-9] select admuser0_.id as id1_0_, admuser0_.ADDRESS as address2_0_, admuser0_.BIRTHDAY as birthday3_0_, admuser0_.CREATE_TIME as create_t4_0_, admuser0_.CREATOR_ID as creator_5_0_, admuser0_.CREATOR_NAME as creator_6_0_, admuser0_.EMAIL as email7_0_, admuser0_.FULL_NAME as full_nam8_0_, admuser0_.GENDER as gender9_0_, admuser0_.GIVEN_NAME as given_n10_0_, admuser0_.IS_DELETE as is_dele11_0_, admuser0_.PASSWORD as passwor12_0_, admuser0_.PHONE_NUMBER as phone_n13_0_, admuser0_.POSITION as positio14_0_, admuser0_.STATUS as status15_0_, admuser0_.SURNAME as surname16_0_, admuser0_.TYPE as type17_0_, admuser0_.UPDATE_TIME as update_18_0_, admuser0_.UPDATER_ID as updater19_0_, admuser0_.UPDATER_NAME as updater20_0_, admuser0_.USER_NAME as user_na21_0_ from ADM_USERS admuser0_ where admuser0_.USER_NAME=?
2022-09-29 00:42:15,327 TRACE o.h.t.d.s.BasicBinder [http-nio-8023-exec-9] binding parameter [1] as [VARCHAR] - [admin]
2022-09-29 00:42:15,330 DEBUG o.h.e.j.s.SqlStatementLogger [http-nio-8023-exec-9] select admuser0_.id as id1_0_, admuser0_.ADDRESS as address2_0_, admuser0_.BIRTHDAY as birthday3_0_, admuser0_.CREATE_TIME as create_t4_0_, admuser0_.CREATOR_ID as creator_5_0_, admuser0_.CREATOR_NAME as creator_6_0_, admuser0_.EMAIL as email7_0_, admuser0_.FULL_NAME as full_nam8_0_, admuser0_.GENDER as gender9_0_, admuser0_.GIVEN_NAME as given_n10_0_, admuser0_.IS_DELETE as is_dele11_0_, admuser0_.PASSWORD as passwor12_0_, admuser0_.PHONE_NUMBER as phone_n13_0_, admuser0_.POSITION as positio14_0_, admuser0_.STATUS as status15_0_, admuser0_.SURNAME as surname16_0_, admuser0_.TYPE as type17_0_, admuser0_.UPDATE_TIME as update_18_0_, admuser0_.UPDATER_ID as updater19_0_, admuser0_.UPDATER_NAME as updater20_0_, admuser0_.USER_NAME as user_na21_0_ from ADM_USERS admuser0_ where admuser0_.USER_NAME=?
2022-09-29 00:42:15,331 TRACE o.h.t.d.s.BasicBinder [http-nio-8023-exec-9] binding parameter [1] as [VARCHAR] - [admin]
2022-09-29 00:42:15,333 DEBUG o.h.e.j.s.SqlStatementLogger [http-nio-8023-exec-9] select follow0_.id as id1_7_, follow0_.CREATE_TIME as create_t2_7_, follow0_.CREATOR_ID as creator_3_7_, follow0_.CREATOR_NAME as creator_4_7_, follow0_.follower_id as follower9_7_, follow0_.following_id as followi10_7_, follow0_.IS_DELETE as is_delet5_7_, follow0_.UPDATE_TIME as update_t6_7_, follow0_.UPDATER_ID as updater_7_7_, follow0_.UPDATER_NAME as updater_8_7_ from FOLLOWS follow0_ inner join ADM_USERS admuser1_ on follow0_.follower_id=admuser1_.id where admuser1_.id=?
2022-09-29 00:42:15,335 TRACE o.h.t.d.s.BasicBinder [http-nio-8023-exec-9] binding parameter [1] as [BIGINT] - [1]
2022-09-29 00:42:15,336 DEBUG o.h.e.j.s.SqlStatementLogger [http-nio-8023-exec-9] select count(viewpost0_.id) as col_0_0_ from ( select * from POST ) viewpost0_ where 1=1 and (viewpost0_.CREATOR_ID in (? , ? , ? , ? , ?))
2022-09-29 00:42:15,336 TRACE o.h.t.d.s.BasicBinder [http-nio-8023-exec-9] binding parameter [1] as [BIGINT] - [3]
2022-09-29 00:42:15,337 TRACE o.h.t.d.s.BasicBinder [http-nio-8023-exec-9] binding parameter [2] as [BIGINT] - [2]
2022-09-29 00:42:15,337 TRACE o.h.t.d.s.BasicBinder [http-nio-8023-exec-9] binding parameter [3] as [BIGINT] - [4]
2022-09-29 00:42:15,337 TRACE o.h.t.d.s.BasicBinder [http-nio-8023-exec-9] binding parameter [4] as [BIGINT] - [5]
2022-09-29 00:42:15,337 TRACE o.h.t.d.s.BasicBinder [http-nio-8023-exec-9] binding parameter [5] as [BIGINT] - [1]
2022-09-29 00:42:15,338 DEBUG o.h.e.j.s.SqlStatementLogger [http-nio-8023-exec-9] select viewpost0_.id as id1_0_, viewpost0_.CREATE_TIME as create_t2_0_, viewpost0_.CREATOR_ID as creator_3_0_, viewpost0_.CREATOR_NAME as creator_4_0_, viewpost0_.DESCRIPTION as descript5_0_, viewpost0_.IS_DELETE as is_delet6_0_, viewpost0_.UPDATE_TIME as update_t7_0_, viewpost0_.UPDATER_ID as updater_8_0_, viewpost0_.UPDATER_NAME as updater_9_0_ from ( select * from POST ) viewpost0_ where 1=1 and (viewpost0_.CREATOR_ID in (? , ? , ? , ? , ?)) order by viewpost0_.UPDATE_TIME DESC, viewpost0_.CREATE_TIME DESC limit ?
2022-09-29 00:42:15,338 TRACE o.h.t.d.s.BasicBinder [http-nio-8023-exec-9] binding parameter [1] as [BIGINT] - [3]
2022-09-29 00:42:15,338 TRACE o.h.t.d.s.BasicBinder [http-nio-8023-exec-9] binding parameter [2] as [BIGINT] - [2]
2022-09-29 00:42:15,338 TRACE o.h.t.d.s.BasicBinder [http-nio-8023-exec-9] binding parameter [3] as [BIGINT] - [4]
2022-09-29 00:42:15,338 TRACE o.h.t.d.s.BasicBinder [http-nio-8023-exec-9] binding parameter [4] as [BIGINT] - [5]
2022-09-29 00:42:15,339 TRACE o.h.t.d.s.BasicBinder [http-nio-8023-exec-9] binding parameter [5] as [BIGINT] - [1]
2022-09-29 00:42:24,222 DEBUG o.h.e.j.s.SqlStatementLogger [http-nio-8023-exec-5] select admuser0_.id as id1_0_, admuser0_.ADDRESS as address2_0_, admuser0_.BIRTHDAY as birthday3_0_, admuser0_.CREATE_TIME as create_t4_0_, admuser0_.CREATOR_ID as creator_5_0_, admuser0_.CREATOR_NAME as creator_6_0_, admuser0_.EMAIL as email7_0_, admuser0_.FULL_NAME as full_nam8_0_, admuser0_.GENDER as gender9_0_, admuser0_.GIVEN_NAME as given_n10_0_, admuser0_.IS_DELETE as is_dele11_0_, admuser0_.PASSWORD as passwor12_0_, admuser0_.PHONE_NUMBER as phone_n13_0_, admuser0_.POSITION as positio14_0_, admuser0_.STATUS as status15_0_, admuser0_.SURNAME as surname16_0_, admuser0_.TYPE as type17_0_, admuser0_.UPDATE_TIME as update_18_0_, admuser0_.UPDATER_ID as updater19_0_, admuser0_.UPDATER_NAME as updater20_0_, admuser0_.USER_NAME as user_na21_0_ from ADM_USERS admuser0_ where admuser0_.USER_NAME=?
2022-09-29 00:42:24,223 TRACE o.h.t.d.s.BasicBinder [http-nio-8023-exec-5] binding parameter [1] as [VARCHAR] - [admin]
2022-09-29 00:42:24,225 DEBUG o.h.e.j.s.SqlStatementLogger [http-nio-8023-exec-5] select admuser0_.id as id1_0_, admuser0_.ADDRESS as address2_0_, admuser0_.BIRTHDAY as birthday3_0_, admuser0_.CREATE_TIME as create_t4_0_, admuser0_.CREATOR_ID as creator_5_0_, admuser0_.CREATOR_NAME as creator_6_0_, admuser0_.EMAIL as email7_0_, admuser0_.FULL_NAME as full_nam8_0_, admuser0_.GENDER as gender9_0_, admuser0_.GIVEN_NAME as given_n10_0_, admuser0_.IS_DELETE as is_dele11_0_, admuser0_.PASSWORD as passwor12_0_, admuser0_.PHONE_NUMBER as phone_n13_0_, admuser0_.POSITION as positio14_0_, admuser0_.STATUS as status15_0_, admuser0_.SURNAME as surname16_0_, admuser0_.TYPE as type17_0_, admuser0_.UPDATE_TIME as update_18_0_, admuser0_.UPDATER_ID as updater19_0_, admuser0_.UPDATER_NAME as updater20_0_, admuser0_.USER_NAME as user_na21_0_ from ADM_USERS admuser0_ where admuser0_.USER_NAME=?
2022-09-29 00:42:24,226 TRACE o.h.t.d.s.BasicBinder [http-nio-8023-exec-5] binding parameter [1] as [VARCHAR] - [admin]
2022-09-29 00:42:24,230 DEBUG o.h.e.j.s.SqlStatementLogger [http-nio-8023-exec-5] select follow0_.id as id1_7_, follow0_.CREATE_TIME as create_t2_7_, follow0_.CREATOR_ID as creator_3_7_, follow0_.CREATOR_NAME as creator_4_7_, follow0_.follower_id as follower9_7_, follow0_.following_id as followi10_7_, follow0_.IS_DELETE as is_delet5_7_, follow0_.UPDATE_TIME as update_t6_7_, follow0_.UPDATER_ID as updater_7_7_, follow0_.UPDATER_NAME as updater_8_7_ from FOLLOWS follow0_ inner join ADM_USERS admuser1_ on follow0_.follower_id=admuser1_.id where admuser1_.id=?
2022-09-29 00:42:24,231 TRACE o.h.t.d.s.BasicBinder [http-nio-8023-exec-5] binding parameter [1] as [BIGINT] - [1]
2022-09-29 00:42:24,232 DEBUG o.h.e.j.s.SqlStatementLogger [http-nio-8023-exec-5] select count(viewpost0_.id) as col_0_0_ from ( select * from POST ) viewpost0_ where 1=1 and (viewpost0_.CREATOR_ID in (? , ? , ? , ? , ?))
2022-09-29 00:42:24,232 TRACE o.h.t.d.s.BasicBinder [http-nio-8023-exec-5] binding parameter [1] as [BIGINT] - [3]
2022-09-29 00:42:24,232 TRACE o.h.t.d.s.BasicBinder [http-nio-8023-exec-5] binding parameter [2] as [BIGINT] - [2]
2022-09-29 00:42:24,233 TRACE o.h.t.d.s.BasicBinder [http-nio-8023-exec-5] binding parameter [3] as [BIGINT] - [4]
2022-09-29 00:42:24,233 TRACE o.h.t.d.s.BasicBinder [http-nio-8023-exec-5] binding parameter [4] as [BIGINT] - [5]
2022-09-29 00:42:24,233 TRACE o.h.t.d.s.BasicBinder [http-nio-8023-exec-5] binding parameter [5] as [BIGINT] - [1]
2022-09-29 00:42:24,233 DEBUG o.h.e.j.s.SqlStatementLogger [http-nio-8023-exec-5] select viewpost0_.id as id1_0_, viewpost0_.CREATE_TIME as create_t2_0_, viewpost0_.CREATOR_ID as creator_3_0_, viewpost0_.CREATOR_NAME as creator_4_0_, viewpost0_.DESCRIPTION as descript5_0_, viewpost0_.IS_DELETE as is_delet6_0_, viewpost0_.UPDATE_TIME as update_t7_0_, viewpost0_.UPDATER_ID as updater_8_0_, viewpost0_.UPDATER_NAME as updater_9_0_ from ( select * from POST ) viewpost0_ where 1=1 and (viewpost0_.CREATOR_ID in (? , ? , ? , ? , ?)) order by viewpost0_.UPDATE_TIME DESC, viewpost0_.CREATE_TIME DESC limit ?
2022-09-29 00:42:24,262 TRACE o.h.t.d.s.BasicBinder [http-nio-8023-exec-5] binding parameter [1] as [BIGINT] - [3]
2022-09-29 00:42:24,262 TRACE o.h.t.d.s.BasicBinder [http-nio-8023-exec-5] binding parameter [2] as [BIGINT] - [2]
2022-09-29 00:42:24,262 TRACE o.h.t.d.s.BasicBinder [http-nio-8023-exec-5] binding parameter [3] as [BIGINT] - [4]
2022-09-29 00:42:24,263 TRACE o.h.t.d.s.BasicBinder [http-nio-8023-exec-5] binding parameter [4] as [BIGINT] - [5]
2022-09-29 00:42:24,263 TRACE o.h.t.d.s.BasicBinder [http-nio-8023-exec-5] binding parameter [5] as [BIGINT] - [1]
2022-09-29 00:42:33,404 DEBUG o.h.e.j.s.SqlStatementLogger [http-nio-8023-exec-7] select admuser0_.id as id1_0_, admuser0_.ADDRESS as address2_0_, admuser0_.BIRTHDAY as birthday3_0_, admuser0_.CREATE_TIME as create_t4_0_, admuser0_.CREATOR_ID as creator_5_0_, admuser0_.CREATOR_NAME as creator_6_0_, admuser0_.EMAIL as email7_0_, admuser0_.FULL_NAME as full_nam8_0_, admuser0_.GENDER as gender9_0_, admuser0_.GIVEN_NAME as given_n10_0_, admuser0_.IS_DELETE as is_dele11_0_, admuser0_.PASSWORD as passwor12_0_, admuser0_.PHONE_NUMBER as phone_n13_0_, admuser0_.POSITION as positio14_0_, admuser0_.STATUS as status15_0_, admuser0_.SURNAME as surname16_0_, admuser0_.TYPE as type17_0_, admuser0_.UPDATE_TIME as update_18_0_, admuser0_.UPDATER_ID as updater19_0_, admuser0_.UPDATER_NAME as updater20_0_, admuser0_.USER_NAME as user_na21_0_ from ADM_USERS admuser0_ where admuser0_.USER_NAME=?
2022-09-29 00:42:33,405 TRACE o.h.t.d.s.BasicBinder [http-nio-8023-exec-7] binding parameter [1] as [VARCHAR] - [admin]
2022-09-29 00:42:33,408 DEBUG o.h.e.j.s.SqlStatementLogger [http-nio-8023-exec-7] select admuser0_.id as id1_0_, admuser0_.ADDRESS as address2_0_, admuser0_.BIRTHDAY as birthday3_0_, admuser0_.CREATE_TIME as create_t4_0_, admuser0_.CREATOR_ID as creator_5_0_, admuser0_.CREATOR_NAME as creator_6_0_, admuser0_.EMAIL as email7_0_, admuser0_.FULL_NAME as full_nam8_0_, admuser0_.GENDER as gender9_0_, admuser0_.GIVEN_NAME as given_n10_0_, admuser0_.IS_DELETE as is_dele11_0_, admuser0_.PASSWORD as passwor12_0_, admuser0_.PHONE_NUMBER as phone_n13_0_, admuser0_.POSITION as positio14_0_, admuser0_.STATUS as status15_0_, admuser0_.SURNAME as surname16_0_, admuser0_.TYPE as type17_0_, admuser0_.UPDATE_TIME as update_18_0_, admuser0_.UPDATER_ID as updater19_0_, admuser0_.UPDATER_NAME as updater20_0_, admuser0_.USER_NAME as user_na21_0_ from ADM_USERS admuser0_ where admuser0_.USER_NAME=?
2022-09-29 00:42:33,410 TRACE o.h.t.d.s.BasicBinder [http-nio-8023-exec-7] binding parameter [1] as [VARCHAR] - [admin]
2022-09-29 00:42:33,412 DEBUG o.h.e.j.s.SqlStatementLogger [http-nio-8023-exec-7] select follow0_.id as id1_7_, follow0_.CREATE_TIME as create_t2_7_, follow0_.CREATOR_ID as creator_3_7_, follow0_.CREATOR_NAME as creator_4_7_, follow0_.follower_id as follower9_7_, follow0_.following_id as followi10_7_, follow0_.IS_DELETE as is_delet5_7_, follow0_.UPDATE_TIME as update_t6_7_, follow0_.UPDATER_ID as updater_7_7_, follow0_.UPDATER_NAME as updater_8_7_ from FOLLOWS follow0_ inner join ADM_USERS admuser1_ on follow0_.follower_id=admuser1_.id where admuser1_.id=?
2022-09-29 00:42:33,414 TRACE o.h.t.d.s.BasicBinder [http-nio-8023-exec-7] binding parameter [1] as [BIGINT] - [1]
2022-09-29 00:42:33,415 DEBUG o.h.e.j.s.SqlStatementLogger [http-nio-8023-exec-7] select count(viewpost0_.id) as col_0_0_ from ( select * from POST ) viewpost0_ where 1=1 and (viewpost0_.CREATOR_ID in (? , ? , ? , ? , ?))
2022-09-29 00:42:33,415 TRACE o.h.t.d.s.BasicBinder [http-nio-8023-exec-7] binding parameter [1] as [BIGINT] - [3]
2022-09-29 00:42:33,415 TRACE o.h.t.d.s.BasicBinder [http-nio-8023-exec-7] binding parameter [2] as [BIGINT] - [2]
2022-09-29 00:42:33,416 TRACE o.h.t.d.s.BasicBinder [http-nio-8023-exec-7] binding parameter [3] as [BIGINT] - [4]
2022-09-29 00:42:33,416 TRACE o.h.t.d.s.BasicBinder [http-nio-8023-exec-7] binding parameter [4] as [BIGINT] - [5]
2022-09-29 00:42:33,416 TRACE o.h.t.d.s.BasicBinder [http-nio-8023-exec-7] binding parameter [5] as [BIGINT] - [1]
2022-09-29 00:42:33,416 DEBUG o.h.e.j.s.SqlStatementLogger [http-nio-8023-exec-7] select viewpost0_.id as id1_0_, viewpost0_.CREATE_TIME as create_t2_0_, viewpost0_.CREATOR_ID as creator_3_0_, viewpost0_.CREATOR_NAME as creator_4_0_, viewpost0_.DESCRIPTION as descript5_0_, viewpost0_.IS_DELETE as is_delet6_0_, viewpost0_.UPDATE_TIME as update_t7_0_, viewpost0_.UPDATER_ID as updater_8_0_, viewpost0_.UPDATER_NAME as updater_9_0_ from ( select * from POST ) viewpost0_ where 1=1 and (viewpost0_.CREATOR_ID in (? , ? , ? , ? , ?)) order by viewpost0_.UPDATE_TIME DESC, viewpost0_.CREATE_TIME DESC limit ?
2022-09-29 00:42:33,417 TRACE o.h.t.d.s.BasicBinder [http-nio-8023-exec-7] binding parameter [1] as [BIGINT] - [3]
2022-09-29 00:42:33,417 TRACE o.h.t.d.s.BasicBinder [http-nio-8023-exec-7] binding parameter [2] as [BIGINT] - [2]
2022-09-29 00:42:33,417 TRACE o.h.t.d.s.BasicBinder [http-nio-8023-exec-7] binding parameter [3] as [BIGINT] - [4]
2022-09-29 00:42:33,417 TRACE o.h.t.d.s.BasicBinder [http-nio-8023-exec-7] binding parameter [4] as [BIGINT] - [5]
2022-09-29 00:42:33,417 TRACE o.h.t.d.s.BasicBinder [http-nio-8023-exec-7] binding parameter [5] as [BIGINT] - [1]
2022-09-29 00:44:10,189 DEBUG o.h.e.j.s.SqlStatementLogger [http-nio-8023-exec-3] select admuser0_.id as id1_0_, admuser0_.ADDRESS as address2_0_, admuser0_.BIRTHDAY as birthday3_0_, admuser0_.CREATE_TIME as create_t4_0_, admuser0_.CREATOR_ID as creator_5_0_, admuser0_.CREATOR_NAME as creator_6_0_, admuser0_.EMAIL as email7_0_, admuser0_.FULL_NAME as full_nam8_0_, admuser0_.GENDER as gender9_0_, admuser0_.GIVEN_NAME as given_n10_0_, admuser0_.IS_DELETE as is_dele11_0_, admuser0_.PASSWORD as passwor12_0_, admuser0_.PHONE_NUMBER as phone_n13_0_, admuser0_.POSITION as positio14_0_, admuser0_.STATUS as status15_0_, admuser0_.SURNAME as surname16_0_, admuser0_.TYPE as type17_0_, admuser0_.UPDATE_TIME as update_18_0_, admuser0_.UPDATER_ID as updater19_0_, admuser0_.UPDATER_NAME as updater20_0_, admuser0_.USER_NAME as user_na21_0_ from ADM_USERS admuser0_ where admuser0_.USER_NAME=?
2022-09-29 00:44:10,191 TRACE o.h.t.d.s.BasicBinder [http-nio-8023-exec-3] binding parameter [1] as [VARCHAR] - [admin]
2022-09-29 00:44:10,193 DEBUG o.h.e.j.s.SqlStatementLogger [http-nio-8023-exec-3] select admuser0_.id as id1_0_, admuser0_.ADDRESS as address2_0_, admuser0_.BIRTHDAY as birthday3_0_, admuser0_.CREATE_TIME as create_t4_0_, admuser0_.CREATOR_ID as creator_5_0_, admuser0_.CREATOR_NAME as creator_6_0_, admuser0_.EMAIL as email7_0_, admuser0_.FULL_NAME as full_nam8_0_, admuser0_.GENDER as gender9_0_, admuser0_.GIVEN_NAME as given_n10_0_, admuser0_.IS_DELETE as is_dele11_0_, admuser0_.PASSWORD as passwor12_0_, admuser0_.PHONE_NUMBER as phone_n13_0_, admuser0_.POSITION as positio14_0_, admuser0_.STATUS as status15_0_, admuser0_.SURNAME as surname16_0_, admuser0_.TYPE as type17_0_, admuser0_.UPDATE_TIME as update_18_0_, admuser0_.UPDATER_ID as updater19_0_, admuser0_.UPDATER_NAME as updater20_0_, admuser0_.USER_NAME as user_na21_0_ from ADM_USERS admuser0_ where admuser0_.USER_NAME=?
2022-09-29 00:44:10,194 TRACE o.h.t.d.s.BasicBinder [http-nio-8023-exec-3] binding parameter [1] as [VARCHAR] - [admin]
2022-09-29 00:44:10,196 DEBUG o.h.e.j.s.SqlStatementLogger [http-nio-8023-exec-3] select follow0_.id as id1_7_, follow0_.CREATE_TIME as create_t2_7_, follow0_.CREATOR_ID as creator_3_7_, follow0_.CREATOR_NAME as creator_4_7_, follow0_.follower_id as follower9_7_, follow0_.following_id as followi10_7_, follow0_.IS_DELETE as is_delet5_7_, follow0_.UPDATE_TIME as update_t6_7_, follow0_.UPDATER_ID as updater_7_7_, follow0_.UPDATER_NAME as updater_8_7_ from FOLLOWS follow0_ inner join ADM_USERS admuser1_ on follow0_.follower_id=admuser1_.id where admuser1_.id=?
2022-09-29 00:44:10,197 TRACE o.h.t.d.s.BasicBinder [http-nio-8023-exec-3] binding parameter [1] as [BIGINT] - [1]
2022-09-29 00:44:10,198 DEBUG o.h.e.j.s.SqlStatementLogger [http-nio-8023-exec-3] select count(viewpost0_.id) as col_0_0_ from ( select * from POST ) viewpost0_ where 1=1 and (viewpost0_.CREATOR_ID in (? , ? , ? , ? , ?))
2022-09-29 00:44:10,199 TRACE o.h.t.d.s.BasicBinder [http-nio-8023-exec-3] binding parameter [1] as [BIGINT] - [3]
2022-09-29 00:44:10,199 TRACE o.h.t.d.s.BasicBinder [http-nio-8023-exec-3] binding parameter [2] as [BIGINT] - [2]
2022-09-29 00:44:10,199 TRACE o.h.t.d.s.BasicBinder [http-nio-8023-exec-3] binding parameter [3] as [BIGINT] - [4]
2022-09-29 00:44:10,199 TRACE o.h.t.d.s.BasicBinder [http-nio-8023-exec-3] binding parameter [4] as [BIGINT] - [5]
2022-09-29 00:44:10,199 TRACE o.h.t.d.s.BasicBinder [http-nio-8023-exec-3] binding parameter [5] as [BIGINT] - [1]
2022-09-29 00:44:10,200 DEBUG o.h.e.j.s.SqlStatementLogger [http-nio-8023-exec-3] select viewpost0_.id as id1_0_, viewpost0_.CREATE_TIME as create_t2_0_, viewpost0_.CREATOR_ID as creator_3_0_, viewpost0_.CREATOR_NAME as creator_4_0_, viewpost0_.DESCRIPTION as descript5_0_, viewpost0_.IS_DELETE as is_delet6_0_, viewpost0_.UPDATE_TIME as update_t7_0_, viewpost0_.UPDATER_ID as updater_8_0_, viewpost0_.UPDATER_NAME as updater_9_0_ from ( select * from POST ) viewpost0_ where 1=1 and (viewpost0_.CREATOR_ID in (? , ? , ? , ? , ?)) order by viewpost0_.UPDATE_TIME DESC, viewpost0_.CREATE_TIME DESC limit ?
2022-09-29 00:44:10,200 TRACE o.h.t.d.s.BasicBinder [http-nio-8023-exec-3] binding parameter [1] as [BIGINT] - [3]
2022-09-29 00:44:10,201 TRACE o.h.t.d.s.BasicBinder [http-nio-8023-exec-3] binding parameter [2] as [BIGINT] - [2]
2022-09-29 00:44:10,201 TRACE o.h.t.d.s.BasicBinder [http-nio-8023-exec-3] binding parameter [3] as [BIGINT] - [4]
2022-09-29 00:44:10,201 TRACE o.h.t.d.s.BasicBinder [http-nio-8023-exec-3] binding parameter [4] as [BIGINT] - [5]
2022-09-29 00:44:10,201 TRACE o.h.t.d.s.BasicBinder [http-nio-8023-exec-3] binding parameter [5] as [BIGINT] - [1]
2022-09-29 00:44:13,896 DEBUG o.h.e.j.s.SqlStatementLogger [http-nio-8023-exec-1] select admuser0_.id as id1_0_, admuser0_.ADDRESS as address2_0_, admuser0_.BIRTHDAY as birthday3_0_, admuser0_.CREATE_TIME as create_t4_0_, admuser0_.CREATOR_ID as creator_5_0_, admuser0_.CREATOR_NAME as creator_6_0_, admuser0_.EMAIL as email7_0_, admuser0_.FULL_NAME as full_nam8_0_, admuser0_.GENDER as gender9_0_, admuser0_.GIVEN_NAME as given_n10_0_, admuser0_.IS_DELETE as is_dele11_0_, admuser0_.PASSWORD as passwor12_0_, admuser0_.PHONE_NUMBER as phone_n13_0_, admuser0_.POSITION as positio14_0_, admuser0_.STATUS as status15_0_, admuser0_.SURNAME as surname16_0_, admuser0_.TYPE as type17_0_, admuser0_.UPDATE_TIME as update_18_0_, admuser0_.UPDATER_ID as updater19_0_, admuser0_.UPDATER_NAME as updater20_0_, admuser0_.USER_NAME as user_na21_0_ from ADM_USERS admuser0_ where admuser0_.USER_NAME=?
2022-09-29 00:44:13,897 TRACE o.h.t.d.s.BasicBinder [http-nio-8023-exec-1] binding parameter [1] as [VARCHAR] - [admin]
2022-09-29 00:44:13,899 DEBUG o.h.e.j.s.SqlStatementLogger [http-nio-8023-exec-1] select admuser0_.id as id1_0_, admuser0_.ADDRESS as address2_0_, admuser0_.BIRTHDAY as birthday3_0_, admuser0_.CREATE_TIME as create_t4_0_, admuser0_.CREATOR_ID as creator_5_0_, admuser0_.CREATOR_NAME as creator_6_0_, admuser0_.EMAIL as email7_0_, admuser0_.FULL_NAME as full_nam8_0_, admuser0_.GENDER as gender9_0_, admuser0_.GIVEN_NAME as given_n10_0_, admuser0_.IS_DELETE as is_dele11_0_, admuser0_.PASSWORD as passwor12_0_, admuser0_.PHONE_NUMBER as phone_n13_0_, admuser0_.POSITION as positio14_0_, admuser0_.STATUS as status15_0_, admuser0_.SURNAME as surname16_0_, admuser0_.TYPE as type17_0_, admuser0_.UPDATE_TIME as update_18_0_, admuser0_.UPDATER_ID as updater19_0_, admuser0_.UPDATER_NAME as updater20_0_, admuser0_.USER_NAME as user_na21_0_ from ADM_USERS admuser0_ where admuser0_.USER_NAME=?
2022-09-29 00:44:13,900 TRACE o.h.t.d.s.BasicBinder [http-nio-8023-exec-1] binding parameter [1] as [VARCHAR] - [admin]
2022-09-29 00:44:13,902 DEBUG o.h.e.j.s.SqlStatementLogger [http-nio-8023-exec-1] select follow0_.id as id1_7_, follow0_.CREATE_TIME as create_t2_7_, follow0_.CREATOR_ID as creator_3_7_, follow0_.CREATOR_NAME as creator_4_7_, follow0_.follower_id as follower9_7_, follow0_.following_id as followi10_7_, follow0_.IS_DELETE as is_delet5_7_, follow0_.UPDATE_TIME as update_t6_7_, follow0_.UPDATER_ID as updater_7_7_, follow0_.UPDATER_NAME as updater_8_7_ from FOLLOWS follow0_ inner join ADM_USERS admuser1_ on follow0_.follower_id=admuser1_.id where admuser1_.id=?
2022-09-29 00:44:13,903 TRACE o.h.t.d.s.BasicBinder [http-nio-8023-exec-1] binding parameter [1] as [BIGINT] - [1]
2022-09-29 00:44:13,904 DEBUG o.h.e.j.s.SqlStatementLogger [http-nio-8023-exec-1] select count(viewpost0_.id) as col_0_0_ from ( select * from POST ) viewpost0_ where 1=1 and (viewpost0_.CREATOR_ID in (? , ? , ? , ? , ?))
2022-09-29 00:44:13,904 TRACE o.h.t.d.s.BasicBinder [http-nio-8023-exec-1] binding parameter [1] as [BIGINT] - [3]
2022-09-29 00:44:13,904 TRACE o.h.t.d.s.BasicBinder [http-nio-8023-exec-1] binding parameter [2] as [BIGINT] - [2]
2022-09-29 00:44:13,904 TRACE o.h.t.d.s.BasicBinder [http-nio-8023-exec-1] binding parameter [3] as [BIGINT] - [4]
2022-09-29 00:44:13,906 TRACE o.h.t.d.s.BasicBinder [http-nio-8023-exec-1] binding parameter [4] as [BIGINT] - [5]
2022-09-29 00:44:13,906 TRACE o.h.t.d.s.BasicBinder [http-nio-8023-exec-1] binding parameter [5] as [BIGINT] - [1]
2022-09-29 00:44:13,906 DEBUG o.h.e.j.s.SqlStatementLogger [http-nio-8023-exec-1] select viewpost0_.id as id1_0_, viewpost0_.CREATE_TIME as create_t2_0_, viewpost0_.CREATOR_ID as creator_3_0_, viewpost0_.CREATOR_NAME as creator_4_0_, viewpost0_.DESCRIPTION as descript5_0_, viewpost0_.IS_DELETE as is_delet6_0_, viewpost0_.UPDATE_TIME as update_t7_0_, viewpost0_.UPDATER_ID as updater_8_0_, viewpost0_.UPDATER_NAME as updater_9_0_ from ( select * from POST ) viewpost0_ where 1=1 and (viewpost0_.CREATOR_ID in (? , ? , ? , ? , ?)) order by viewpost0_.UPDATE_TIME DESC, viewpost0_.CREATE_TIME DESC limit ?
2022-09-29 00:44:13,906 TRACE o.h.t.d.s.BasicBinder [http-nio-8023-exec-1] binding parameter [1] as [BIGINT] - [3]
2022-09-29 00:44:13,906 TRACE o.h.t.d.s.BasicBinder [http-nio-8023-exec-1] binding parameter [2] as [BIGINT] - [2]
2022-09-29 00:44:13,906 TRACE o.h.t.d.s.BasicBinder [http-nio-8023-exec-1] binding parameter [3] as [BIGINT] - [4]
2022-09-29 00:44:13,907 TRACE o.h.t.d.s.BasicBinder [http-nio-8023-exec-1] binding parameter [4] as [BIGINT] - [5]
2022-09-29 00:44:13,907 TRACE o.h.t.d.s.BasicBinder [http-nio-8023-exec-1] binding parameter [5] as [BIGINT] - [1]
2022-09-29 00:45:44,886 INFO o.q.c.QuartzScheduler [SpringApplicationShutdownHook] Scheduler quartzScheduler_$_NON_CLUSTERED paused.
2022-09-29 00:45:44,977 INFO o.s.s.q.SchedulerFactoryBean [SpringApplicationShutdownHook] Shutting down Quartz Scheduler
2022-09-29 00:45:44,977 INFO o.q.c.QuartzScheduler [SpringApplicationShutdownHook] Scheduler quartzScheduler_$_NON_CLUSTERED shutting down.
2022-09-29 00:45:44,977 INFO o.q.c.QuartzScheduler [SpringApplicationShutdownHook] Scheduler quartzScheduler_$_NON_CLUSTERED paused.
2022-09-29 00:45:44,978 INFO o.q.c.QuartzScheduler [SpringApplicationShutdownHook] Scheduler quartzScheduler_$_NON_CLUSTERED shutdown complete.
2022-09-29 00:45:44,981 INFO o.s.o.j.AbstractEntityManagerFactoryBean [SpringApplicationShutdownHook] Closing JPA EntityManagerFactory for persistence unit 'db.primary.datasource'
