2022-09-28 22:40:56,335 INFO o.h.v.i.u.Version [background-preinit] HV000001: Hibernate Validator 6.2.3.Final
2022-09-28 22:40:56,406 INFO o.s.b.StartupInfoLogger [main] Starting IgCloneApplication using Java 1.8.0_202 on DESKTOP-FSGNT1P with PID 19344 (D:\instagram-backend\api\app-base\target\classes started by za in D:\instagram-backend\api)
2022-09-28 22:40:56,410 INFO o.s.b.SpringApplication [main] No active profile set, falling back to 1 default profile: "default"
2022-09-28 22:40:57,240 INFO o.s.d.r.c.RepositoryConfigurationDelegate [main] Bootstrapping Spring Data JPA repositories in DEFAULT mode.
2022-09-28 22:40:57,303 INFO o.s.d.r.c.RepositoryConfigurationDelegate [main] Finished Spring Data repository scanning in 56 ms. Found 10 JPA repository interfaces.
2022-09-28 22:40:58,102 INFO o.s.c.s.PostProcessorRegistrationDelegate$BeanPostProcessorChecker [main] Bean 'methodSecurityConfig' of type [com.sangnk.core.security.MethodSecurityConfig$$EnhancerBySpringCGLIB$$7366f7de] is not eligible for getting processed by all BeanPostProcessors (for example: not eligible for auto-proxying)
2022-09-28 22:40:58,384 INFO o.s.b.w.e.t.TomcatWebServer [main] Tomcat initialized with port(s): 8023 (http)
2022-09-28 22:40:58,390 INFO o.a.j.l.DirectJDKLog [main] Initializing ProtocolHandler ["http-nio-8023"]
2022-09-28 22:40:58,390 INFO o.a.j.l.DirectJDKLog [main] Starting service [Tomcat]
2022-09-28 22:40:58,391 INFO o.a.j.l.DirectJDKLog [main] Starting Servlet engine: [Apache Tomcat/9.0.60]
2022-09-28 22:40:58,507 INFO o.a.j.l.DirectJDKLog [main] Initializing Spring embedded WebApplicationContext
2022-09-28 22:40:58,507 INFO o.s.b.w.s.c.ServletWebServerApplicationContext [main] Root WebApplicationContext: initialization completed in 2027 ms
2022-09-28 22:40:58,754 INFO o.h.j.i.u.LogHelper [main] HHH000204: Processing PersistenceUnitInfo [name: db.primary.datasource]
2022-09-28 22:40:58,791 INFO o.h.Version [main] HHH000412: Hibernate ORM core version 5.6.7.Final
2022-09-28 22:40:58,897 INFO o.h.a.c.r.j.JavaReflectionManager [main] HCANN000001: Hibernate Commons Annotations {5.1.2.Final}
2022-09-28 22:40:59,025 INFO o.h.d.Dialect [main] HHH000400: Using dialect: com.sangnk.core.dialect.MariaDB103UnicodeDialect
2022-09-28 22:40:59,793 INFO o.h.e.t.j.p.i.JtaPlatformInitiator [main] HHH000490: Using JtaPlatform implementation: [org.hibernate.engine.transaction.jta.platform.internal.NoJtaPlatform]
2022-09-28 22:40:59,800 INFO o.s.o.j.AbstractEntityManagerFactoryBean [main] Initialized JPA EntityManagerFactory for persistence unit 'db.primary.datasource'
2022-09-28 22:41:00,550 INFO o.h.d.Dialect [main] HHH000400: Using dialect: com.sangnk.core.dialect.MariaDB103UnicodeDialect$$EnhancerBySpringCGLIB$$24f9e9e2
2022-09-28 22:41:00,564 INFO o.h.d.Dialect [main] HHH000400: Using dialect: com.sangnk.core.dialect.MySQLUnicodeDialect$$EnhancerBySpringCGLIB$$9795ed70
2022-09-28 22:41:00,571 INFO o.h.d.Dialect [main] HHH000400: Using dialect: com.sangnk.core.dialect.Oracle10gUnicodeDialect$$EnhancerBySpringCGLIB$$43930cd8
2022-09-28 22:41:00,582 INFO o.h.d.Dialect [main] HHH000400: Using dialect: com.sangnk.core.dialect.PostgreSQLUnicodeDialect$$EnhancerBySpringCGLIB$$c0ba6916
2022-09-28 22:41:00,591 INFO o.h.d.Dialect [main] HHH000400: Using dialect: com.sangnk.core.dialect.SQLServerUnicodeDialect$$EnhancerBySpringCGLIB$$4ed4453f
2022-09-28 22:41:00,980 INFO o.q.i.StdSchedulerFactory [main] Using default implementation for ThreadExecutor
2022-09-28 22:41:00,988 INFO o.q.c.SchedulerSignalerImpl [main] Initialized Scheduler Signaller of type: class org.quartz.core.SchedulerSignalerImpl
2022-09-28 22:41:00,988 INFO o.q.c.QuartzScheduler [main] Quartz Scheduler v.2.3.2 created.
2022-09-28 22:41:00,989 INFO o.q.s.RAMJobStore [main] RAMJobStore initialized.
2022-09-28 22:41:00,990 INFO o.q.c.QuartzScheduler [main] Scheduler meta-data: Quartz Scheduler (v2.3.2) 'quartzScheduler' with instanceId 'NON_CLUSTERED'
  Scheduler class: 'org.quartz.core.QuartzScheduler' - running locally.
  NOT STARTED.
  Currently in standby mode.
  Number of jobs executed: 0
  Using thread pool 'org.quartz.simpl.SimpleThreadPool' - with 10 threads.
  Using job-store 'org.quartz.simpl.RAMJobStore' - which does not support persistence. and is not clustered.

2022-09-28 22:41:00,990 INFO o.q.i.StdSchedulerFactory [main] Quartz scheduler 'quartzScheduler' initialized from an externally provided properties instance.
2022-09-28 22:41:00,990 INFO o.q.i.StdSchedulerFactory [main] Quartz scheduler version: 2.3.2
2022-09-28 22:41:00,990 INFO o.q.c.QuartzScheduler [main] JobFactory set to: org.springframework.scheduling.quartz.SpringBeanJobFactory@78652c15
2022-09-28 22:41:01,053 INFO o.s.b.a.e.w.EndpointLinksResolver [main] Exposing 15 endpoint(s) beneath base path '/actuator'
2022-09-28 22:41:01,328 WARN o.s.s.c.a.w.b.WebSecurity [main] You are asking Spring Security to ignore Ant [pattern='/**', OPTIONS]. This is not recommended -- please use permitAll via HttpSecurity#authorizeHttpRequests instead.
2022-09-28 22:41:01,329 INFO o.s.s.w.DefaultSecurityFilterChain [main] Will secure Ant [pattern='/**', OPTIONS] with []
2022-09-28 22:41:01,329 WARN o.s.s.c.a.w.b.WebSecurity [main] You are asking Spring Security to ignore Ant [pattern='/swagger-resources/**']. This is not recommended -- please use permitAll via HttpSecurity#authorizeHttpRequests instead.
2022-09-28 22:41:01,329 INFO o.s.s.w.DefaultSecurityFilterChain [main] Will secure Ant [pattern='/swagger-resources/**'] with []
2022-09-28 22:41:01,329 WARN o.s.s.c.a.w.b.WebSecurity [main] You are asking Spring Security to ignore Ant [pattern='/swagger-ui.html**']. This is not recommended -- please use permitAll via HttpSecurity#authorizeHttpRequests instead.
2022-09-28 22:41:01,329 INFO o.s.s.w.DefaultSecurityFilterChain [main] Will secure Ant [pattern='/swagger-ui.html**'] with []
2022-09-28 22:41:01,329 WARN o.s.s.c.a.w.b.WebSecurity [main] You are asking Spring Security to ignore Ant [pattern='/swagger-ui/**']. This is not recommended -- please use permitAll via HttpSecurity#authorizeHttpRequests instead.
2022-09-28 22:41:01,329 INFO o.s.s.w.DefaultSecurityFilterChain [main] Will secure Ant [pattern='/swagger-ui/**'] with []
2022-09-28 22:41:01,329 WARN o.s.s.c.a.w.b.WebSecurity [main] You are asking Spring Security to ignore Ant [pattern='/v2/api-docs/**']. This is not recommended -- please use permitAll via HttpSecurity#authorizeHttpRequests instead.
2022-09-28 22:41:01,329 INFO o.s.s.w.DefaultSecurityFilterChain [main] Will secure Ant [pattern='/v2/api-docs/**'] with []
2022-09-28 22:41:01,329 WARN o.s.s.c.a.w.b.WebSecurity [main] You are asking Spring Security to ignore Ant [pattern='/webjars/**']. This is not recommended -- please use permitAll via HttpSecurity#authorizeHttpRequests instead.
2022-09-28 22:41:01,329 INFO o.s.s.w.DefaultSecurityFilterChain [main] Will secure Ant [pattern='/webjars/**'] with []
2022-09-28 22:41:01,329 WARN o.s.s.c.a.w.b.WebSecurity [main] You are asking Spring Security to ignore Ant [pattern='/public/**']. This is not recommended -- please use permitAll via HttpSecurity#authorizeHttpRequests instead.
2022-09-28 22:41:01,329 INFO o.s.s.w.DefaultSecurityFilterChain [main] Will secure Ant [pattern='/public/**'] with []
2022-09-28 22:41:01,395 INFO o.s.s.w.DefaultSecurityFilterChain [main] Will not secure Or [Ant [pattern='/**']]
2022-09-28 22:41:01,577 DEBUG o.h.e.j.s.SqlStatementLogger [main] select admuser0_.id as id1_0_, admuser0_.ADDRESS as address2_0_, admuser0_.BIRTHDAY as birthday3_0_, admuser0_.CREATE_TIME as create_t4_0_, admuser0_.CREATOR_ID as creator_5_0_, admuser0_.CREATOR_NAME as creator_6_0_, admuser0_.EMAIL as email7_0_, admuser0_.FULL_NAME as full_nam8_0_, admuser0_.GENDER as gender9_0_, admuser0_.GIVEN_NAME as given_n10_0_, admuser0_.IS_DELETE as is_dele11_0_, admuser0_.PASSWORD as passwor12_0_, admuser0_.PHONE_NUMBER as phone_n13_0_, admuser0_.POSITION as positio14_0_, admuser0_.STATUS as status15_0_, admuser0_.SURNAME as surname16_0_, admuser0_.TYPE as type17_0_, admuser0_.UPDATE_TIME as update_18_0_, admuser0_.UPDATER_ID as updater19_0_, admuser0_.UPDATER_NAME as updater20_0_, admuser0_.USER_NAME as user_na21_0_ from ADM_USERS admuser0_ where admuser0_.USER_NAME=?
2022-09-28 22:41:01,581 TRACE o.h.t.d.s.BasicBinder [main] binding parameter [1] as [VARCHAR] - [admin]
2022-09-28 22:41:01,906 INFO o.a.j.l.DirectJDKLog [main] Starting ProtocolHandler ["http-nio-8023"]
2022-09-28 22:41:01,919 INFO o.s.b.w.e.t.TomcatWebServer [main] Tomcat started on port(s): 8023 (http) with context path '/ig-clone'
2022-09-28 22:41:02,200 INFO o.s.s.q.SchedulerFactoryBean [main] Starting Quartz Scheduler now
2022-09-28 22:41:02,201 INFO o.q.c.QuartzScheduler [main] Scheduler quartzScheduler_$_NON_CLUSTERED started.
2022-09-28 22:41:02,209 INFO o.s.b.StartupInfoLogger [main] Started IgCloneApplication in 6.171 seconds (JVM running for 7.139)
2022-09-28 22:41:02,573 INFO o.a.j.l.DirectJDKLog [RMI TCP Connection(3)-192.168.0.104] Initializing Spring DispatcherServlet 'dispatcherServlet'
2022-09-28 22:41:21,688 DEBUG o.h.e.j.s.SqlStatementLogger [http-nio-8023-exec-2] select admuser0_.id as id1_0_, admuser0_.ADDRESS as address2_0_, admuser0_.BIRTHDAY as birthday3_0_, admuser0_.CREATE_TIME as create_t4_0_, admuser0_.CREATOR_ID as creator_5_0_, admuser0_.CREATOR_NAME as creator_6_0_, admuser0_.EMAIL as email7_0_, admuser0_.FULL_NAME as full_nam8_0_, admuser0_.GENDER as gender9_0_, admuser0_.GIVEN_NAME as given_n10_0_, admuser0_.IS_DELETE as is_dele11_0_, admuser0_.PASSWORD as passwor12_0_, admuser0_.PHONE_NUMBER as phone_n13_0_, admuser0_.POSITION as positio14_0_, admuser0_.STATUS as status15_0_, admuser0_.SURNAME as surname16_0_, admuser0_.TYPE as type17_0_, admuser0_.UPDATE_TIME as update_18_0_, admuser0_.UPDATER_ID as updater19_0_, admuser0_.UPDATER_NAME as updater20_0_, admuser0_.USER_NAME as user_na21_0_ from ADM_USERS admuser0_ where admuser0_.USER_NAME=?
2022-09-28 22:41:21,690 TRACE o.h.t.d.s.BasicBinder [http-nio-8023-exec-2] binding parameter [1] as [VARCHAR] - [admin]
2022-09-28 22:41:21,693 DEBUG o.h.e.j.s.SqlStatementLogger [http-nio-8023-exec-2] select admuser0_.id as id1_0_, admuser0_.ADDRESS as address2_0_, admuser0_.BIRTHDAY as birthday3_0_, admuser0_.CREATE_TIME as create_t4_0_, admuser0_.CREATOR_ID as creator_5_0_, admuser0_.CREATOR_NAME as creator_6_0_, admuser0_.EMAIL as email7_0_, admuser0_.FULL_NAME as full_nam8_0_, admuser0_.GENDER as gender9_0_, admuser0_.GIVEN_NAME as given_n10_0_, admuser0_.IS_DELETE as is_dele11_0_, admuser0_.PASSWORD as passwor12_0_, admuser0_.PHONE_NUMBER as phone_n13_0_, admuser0_.POSITION as positio14_0_, admuser0_.STATUS as status15_0_, admuser0_.SURNAME as surname16_0_, admuser0_.TYPE as type17_0_, admuser0_.UPDATE_TIME as update_18_0_, admuser0_.UPDATER_ID as updater19_0_, admuser0_.UPDATER_NAME as updater20_0_, admuser0_.USER_NAME as user_na21_0_ from ADM_USERS admuser0_ where admuser0_.USER_NAME=?
2022-09-28 22:41:21,694 TRACE o.h.t.d.s.BasicBinder [http-nio-8023-exec-2] binding parameter [1] as [VARCHAR] - [admin]
2022-09-28 22:41:21,744 ERROR c.s.c.u.JsonHelper [http-nio-8023-exec-2] java.lang.NumberFormatException: empty String
2022-09-28 22:41:23,253 DEBUG o.h.e.j.s.SqlStatementLogger [http-nio-8023-exec-2] select follow0_.id as id1_7_, follow0_.CREATE_TIME as create_t2_7_, follow0_.CREATOR_ID as creator_3_7_, follow0_.CREATOR_NAME as creator_4_7_, follow0_.follower_id as follower9_7_, follow0_.following_id as followi10_7_, follow0_.IS_DELETE as is_delet5_7_, follow0_.UPDATE_TIME as update_t6_7_, follow0_.UPDATER_ID as updater_7_7_, follow0_.UPDATER_NAME as updater_8_7_ from FOLLOWS follow0_ inner join ADM_USERS admuser1_ on follow0_.follower_id=admuser1_.id where admuser1_.id=?
2022-09-28 22:41:23,254 TRACE o.h.t.d.s.BasicBinder [http-nio-8023-exec-2] binding parameter [1] as [BIGINT] - [1]
2022-09-28 22:41:28,440 DEBUG o.h.e.j.s.SqlStatementLogger [http-nio-8023-exec-1] select admuser0_.id as id1_0_, admuser0_.ADDRESS as address2_0_, admuser0_.BIRTHDAY as birthday3_0_, admuser0_.CREATE_TIME as create_t4_0_, admuser0_.CREATOR_ID as creator_5_0_, admuser0_.CREATOR_NAME as creator_6_0_, admuser0_.EMAIL as email7_0_, admuser0_.FULL_NAME as full_nam8_0_, admuser0_.GENDER as gender9_0_, admuser0_.GIVEN_NAME as given_n10_0_, admuser0_.IS_DELETE as is_dele11_0_, admuser0_.PASSWORD as passwor12_0_, admuser0_.PHONE_NUMBER as phone_n13_0_, admuser0_.POSITION as positio14_0_, admuser0_.STATUS as status15_0_, admuser0_.SURNAME as surname16_0_, admuser0_.TYPE as type17_0_, admuser0_.UPDATE_TIME as update_18_0_, admuser0_.UPDATER_ID as updater19_0_, admuser0_.UPDATER_NAME as updater20_0_, admuser0_.USER_NAME as user_na21_0_ from ADM_USERS admuser0_ where admuser0_.USER_NAME=?
2022-09-28 22:41:28,442 TRACE o.h.t.d.s.BasicBinder [http-nio-8023-exec-1] binding parameter [1] as [VARCHAR] - [admin]
2022-09-28 22:41:28,446 DEBUG o.h.e.j.s.SqlStatementLogger [http-nio-8023-exec-1] select admuser0_.id as id1_0_, admuser0_.ADDRESS as address2_0_, admuser0_.BIRTHDAY as birthday3_0_, admuser0_.CREATE_TIME as create_t4_0_, admuser0_.CREATOR_ID as creator_5_0_, admuser0_.CREATOR_NAME as creator_6_0_, admuser0_.EMAIL as email7_0_, admuser0_.FULL_NAME as full_nam8_0_, admuser0_.GENDER as gender9_0_, admuser0_.GIVEN_NAME as given_n10_0_, admuser0_.IS_DELETE as is_dele11_0_, admuser0_.PASSWORD as passwor12_0_, admuser0_.PHONE_NUMBER as phone_n13_0_, admuser0_.POSITION as positio14_0_, admuser0_.STATUS as status15_0_, admuser0_.SURNAME as surname16_0_, admuser0_.TYPE as type17_0_, admuser0_.UPDATE_TIME as update_18_0_, admuser0_.UPDATER_ID as updater19_0_, admuser0_.UPDATER_NAME as updater20_0_, admuser0_.USER_NAME as user_na21_0_ from ADM_USERS admuser0_ where admuser0_.USER_NAME=?
2022-09-28 22:41:28,448 TRACE o.h.t.d.s.BasicBinder [http-nio-8023-exec-1] binding parameter [1] as [VARCHAR] - [admin]
2022-09-28 22:41:28,452 ERROR c.s.c.u.JsonHelper [http-nio-8023-exec-1] java.lang.NumberFormatException: empty String
2022-09-28 22:41:29,625 DEBUG o.h.e.j.s.SqlStatementLogger [http-nio-8023-exec-1] select follow0_.id as id1_7_, follow0_.CREATE_TIME as create_t2_7_, follow0_.CREATOR_ID as creator_3_7_, follow0_.CREATOR_NAME as creator_4_7_, follow0_.follower_id as follower9_7_, follow0_.following_id as followi10_7_, follow0_.IS_DELETE as is_delet5_7_, follow0_.UPDATE_TIME as update_t6_7_, follow0_.UPDATER_ID as updater_7_7_, follow0_.UPDATER_NAME as updater_8_7_ from FOLLOWS follow0_ inner join ADM_USERS admuser1_ on follow0_.follower_id=admuser1_.id where admuser1_.id=?
2022-09-28 22:41:29,628 TRACE o.h.t.d.s.BasicBinder [http-nio-8023-exec-1] binding parameter [1] as [BIGINT] - [1]
2022-09-28 22:42:11,801 DEBUG o.h.e.j.s.SqlStatementLogger [http-nio-8023-exec-3] select admuser0_.id as id1_0_, admuser0_.ADDRESS as address2_0_, admuser0_.BIRTHDAY as birthday3_0_, admuser0_.CREATE_TIME as create_t4_0_, admuser0_.CREATOR_ID as creator_5_0_, admuser0_.CREATOR_NAME as creator_6_0_, admuser0_.EMAIL as email7_0_, admuser0_.FULL_NAME as full_nam8_0_, admuser0_.GENDER as gender9_0_, admuser0_.GIVEN_NAME as given_n10_0_, admuser0_.IS_DELETE as is_dele11_0_, admuser0_.PASSWORD as passwor12_0_, admuser0_.PHONE_NUMBER as phone_n13_0_, admuser0_.POSITION as positio14_0_, admuser0_.STATUS as status15_0_, admuser0_.SURNAME as surname16_0_, admuser0_.TYPE as type17_0_, admuser0_.UPDATE_TIME as update_18_0_, admuser0_.UPDATER_ID as updater19_0_, admuser0_.UPDATER_NAME as updater20_0_, admuser0_.USER_NAME as user_na21_0_ from ADM_USERS admuser0_ where admuser0_.USER_NAME=?
2022-09-28 22:42:11,803 TRACE o.h.t.d.s.BasicBinder [http-nio-8023-exec-3] binding parameter [1] as [VARCHAR] - [admin]
2022-09-28 22:42:11,806 DEBUG o.h.e.j.s.SqlStatementLogger [http-nio-8023-exec-3] select admuser0_.id as id1_0_, admuser0_.ADDRESS as address2_0_, admuser0_.BIRTHDAY as birthday3_0_, admuser0_.CREATE_TIME as create_t4_0_, admuser0_.CREATOR_ID as creator_5_0_, admuser0_.CREATOR_NAME as creator_6_0_, admuser0_.EMAIL as email7_0_, admuser0_.FULL_NAME as full_nam8_0_, admuser0_.GENDER as gender9_0_, admuser0_.GIVEN_NAME as given_n10_0_, admuser0_.IS_DELETE as is_dele11_0_, admuser0_.PASSWORD as passwor12_0_, admuser0_.PHONE_NUMBER as phone_n13_0_, admuser0_.POSITION as positio14_0_, admuser0_.STATUS as status15_0_, admuser0_.SURNAME as surname16_0_, admuser0_.TYPE as type17_0_, admuser0_.UPDATE_TIME as update_18_0_, admuser0_.UPDATER_ID as updater19_0_, admuser0_.UPDATER_NAME as updater20_0_, admuser0_.USER_NAME as user_na21_0_ from ADM_USERS admuser0_ where admuser0_.USER_NAME=?
2022-09-28 22:42:11,807 TRACE o.h.t.d.s.BasicBinder [http-nio-8023-exec-3] binding parameter [1] as [VARCHAR] - [admin]
2022-09-28 22:42:13,498 DEBUG o.h.e.j.s.SqlStatementLogger [http-nio-8023-exec-3] select follow0_.id as id1_7_, follow0_.CREATE_TIME as create_t2_7_, follow0_.CREATOR_ID as creator_3_7_, follow0_.CREATOR_NAME as creator_4_7_, follow0_.follower_id as follower9_7_, follow0_.following_id as followi10_7_, follow0_.IS_DELETE as is_delet5_7_, follow0_.UPDATE_TIME as update_t6_7_, follow0_.UPDATER_ID as updater_7_7_, follow0_.UPDATER_NAME as updater_8_7_ from FOLLOWS follow0_ inner join ADM_USERS admuser1_ on follow0_.follower_id=admuser1_.id where admuser1_.id=?
2022-09-28 22:42:13,499 TRACE o.h.t.d.s.BasicBinder [http-nio-8023-exec-3] binding parameter [1] as [BIGINT] - [1]
2022-09-28 22:42:13,514 DEBUG o.h.e.j.s.SqlStatementLogger [http-nio-8023-exec-3] select count(viewpost0_.id) as col_0_0_ from ( select * from POST ) viewpost0_ left outer join FOLLOWS follow1_ on (follow1_.follower_id=viewpost0_.id) where 1=1 and (follow1_.id in (? , ? , ? , ?))
2022-09-28 22:42:13,514 TRACE o.h.t.d.s.BasicBinder [http-nio-8023-exec-3] binding parameter [1] as [BIGINT] - [1]
2022-09-28 22:42:13,514 TRACE o.h.t.d.s.BasicBinder [http-nio-8023-exec-3] binding parameter [2] as [BIGINT] - [2]
2022-09-28 22:42:13,514 TRACE o.h.t.d.s.BasicBinder [http-nio-8023-exec-3] binding parameter [3] as [BIGINT] - [3]
2022-09-28 22:42:13,515 TRACE o.h.t.d.s.BasicBinder [http-nio-8023-exec-3] binding parameter [4] as [BIGINT] - [4]
2022-09-28 22:42:13,521 DEBUG o.h.e.j.s.SqlStatementLogger [http-nio-8023-exec-3] select viewpost0_.id as id1_0_, viewpost0_.CREATE_TIME as create_t2_0_, viewpost0_.CREATOR_ID as creator_3_0_, viewpost0_.CREATOR_NAME as creator_4_0_, viewpost0_.DESCRIPTION as descript5_0_, viewpost0_.IS_DELETE as is_delet6_0_, viewpost0_.UPDATE_TIME as update_t7_0_, viewpost0_.UPDATER_ID as updater_8_0_, viewpost0_.UPDATER_NAME as updater_9_0_ from ( select * from POST ) viewpost0_ left outer join FOLLOWS follow1_ on (follow1_.follower_id=viewpost0_.id) where 1=1 and (follow1_.id in (? , ? , ? , ?)) order by viewpost0_.CREATE_TIME DESC limit ?
2022-09-28 22:42:13,522 TRACE o.h.t.d.s.BasicBinder [http-nio-8023-exec-3] binding parameter [1] as [BIGINT] - [1]
2022-09-28 22:42:13,522 TRACE o.h.t.d.s.BasicBinder [http-nio-8023-exec-3] binding parameter [2] as [BIGINT] - [2]
2022-09-28 22:42:13,522 TRACE o.h.t.d.s.BasicBinder [http-nio-8023-exec-3] binding parameter [3] as [BIGINT] - [3]
2022-09-28 22:42:13,522 TRACE o.h.t.d.s.BasicBinder [http-nio-8023-exec-3] binding parameter [4] as [BIGINT] - [4]
2022-09-28 22:43:17,966 INFO o.q.c.QuartzScheduler [SpringApplicationShutdownHook] Scheduler quartzScheduler_$_NON_CLUSTERED paused.
2022-09-28 22:43:18,054 INFO o.s.s.q.SchedulerFactoryBean [SpringApplicationShutdownHook] Shutting down Quartz Scheduler
2022-09-28 22:43:18,054 INFO o.q.c.QuartzScheduler [SpringApplicationShutdownHook] Scheduler quartzScheduler_$_NON_CLUSTERED shutting down.
2022-09-28 22:43:18,054 INFO o.q.c.QuartzScheduler [SpringApplicationShutdownHook] Scheduler quartzScheduler_$_NON_CLUSTERED paused.
2022-09-28 22:43:18,054 INFO o.q.c.QuartzScheduler [SpringApplicationShutdownHook] Scheduler quartzScheduler_$_NON_CLUSTERED shutdown complete.
2022-09-28 22:43:18,057 INFO o.s.o.j.AbstractEntityManagerFactoryBean [SpringApplicationShutdownHook] Closing JPA EntityManagerFactory for persistence unit 'db.primary.datasource'
