2022-09-29 23:13:57,909 INFO o.h.v.i.u.Version [background-preinit] HV000001: Hibernate Validator 6.2.3.Final
2022-09-29 23:13:57,965 INFO o.s.b.StartupInfoLogger [main] Starting IgCloneApplication using Java 1.8.0_202 on DESKTOP-FSGNT1P with PID 20604 (D:\instagram-backend\api\app-base\target\classes started by za in D:\instagram-backend\api)
2022-09-29 23:13:57,967 INFO o.s.b.SpringApplication [main] No active profile set, falling back to 1 default profile: "default"
2022-09-29 23:13:58,687 INFO o.s.d.r.c.RepositoryConfigurationDelegate [main] Bootstrapping Spring Data JPA repositories in DEFAULT mode.
2022-09-29 23:13:58,745 INFO o.s.d.r.c.RepositoryConfigurationDelegate [main] Finished Spring Data repository scanning in 51 ms. Found 10 JPA repository interfaces.
2022-09-29 23:13:59,287 INFO o.s.c.s.PostProcessorRegistrationDelegate$BeanPostProcessorChecker [main] Bean 'methodSecurityConfig' of type [com.sangnk.core.security.MethodSecurityConfig$$EnhancerBySpringCGLIB$$39d8698d] is not eligible for getting processed by all BeanPostProcessors (for example: not eligible for auto-proxying)
2022-09-29 23:13:59,516 INFO o.s.b.w.e.t.TomcatWebServer [main] Tomcat initialized with port(s): 8023 (http)
2022-09-29 23:13:59,522 INFO o.a.j.l.DirectJDKLog [main] Initializing ProtocolHandler ["http-nio-8023"]
2022-09-29 23:13:59,522 INFO o.a.j.l.DirectJDKLog [main] Starting service [Tomcat]
2022-09-29 23:13:59,522 INFO o.a.j.l.DirectJDKLog [main] Starting Servlet engine: [Apache Tomcat/9.0.60]
2022-09-29 23:13:59,656 INFO o.a.j.l.DirectJDKLog [main] Initializing Spring embedded WebApplicationContext
2022-09-29 23:13:59,656 INFO o.s.b.w.s.c.ServletWebServerApplicationContext [main] Root WebApplicationContext: initialization completed in 1654 ms
2022-09-29 23:13:59,918 INFO o.h.j.i.u.LogHelper [main] HHH000204: Processing PersistenceUnitInfo [name: db.primary.datasource]
2022-09-29 23:13:59,952 INFO o.h.Version [main] HHH000412: Hibernate ORM core version 5.6.7.Final
2022-09-29 23:14:00,055 INFO o.h.a.c.r.j.JavaReflectionManager [main] HCANN000001: Hibernate Commons Annotations {5.1.2.Final}
2022-09-29 23:14:00,182 INFO o.h.d.Dialect [main] HHH000400: Using dialect: com.sangnk.core.dialect.MariaDB103UnicodeDialect
2022-09-29 23:14:00,944 INFO o.h.e.t.j.p.i.JtaPlatformInitiator [main] HHH000490: Using JtaPlatform implementation: [org.hibernate.engine.transaction.jta.platform.internal.NoJtaPlatform]
2022-09-29 23:14:00,951 INFO o.s.o.j.AbstractEntityManagerFactoryBean [main] Initialized JPA EntityManagerFactory for persistence unit 'db.primary.datasource'
2022-09-29 23:14:01,710 INFO o.h.d.Dialect [main] HHH000400: Using dialect: com.sangnk.core.dialect.MariaDB103UnicodeDialect$$EnhancerBySpringCGLIB$$eb6b5b91
2022-09-29 23:14:01,722 INFO o.h.d.Dialect [main] HHH000400: Using dialect: com.sangnk.core.dialect.MySQLUnicodeDialect$$EnhancerBySpringCGLIB$$5e075f1f
2022-09-29 23:14:01,729 INFO o.h.d.Dialect [main] HHH000400: Using dialect: com.sangnk.core.dialect.Oracle10gUnicodeDialect$$EnhancerBySpringCGLIB$$a047e87
2022-09-29 23:14:01,737 INFO o.h.d.Dialect [main] HHH000400: Using dialect: com.sangnk.core.dialect.PostgreSQLUnicodeDialect$$EnhancerBySpringCGLIB$$872bdac5
2022-09-29 23:14:01,745 INFO o.h.d.Dialect [main] HHH000400: Using dialect: com.sangnk.core.dialect.SQLServerUnicodeDialect$$EnhancerBySpringCGLIB$$1545b6ee
2022-09-29 23:14:02,025 INFO o.q.i.StdSchedulerFactory [main] Using default implementation for ThreadExecutor
2022-09-29 23:14:02,034 INFO o.q.c.SchedulerSignalerImpl [main] Initialized Scheduler Signaller of type: class org.quartz.core.SchedulerSignalerImpl
2022-09-29 23:14:02,034 INFO o.q.c.QuartzScheduler [main] Quartz Scheduler v.2.3.2 created.
2022-09-29 23:14:02,035 INFO o.q.s.RAMJobStore [main] RAMJobStore initialized.
2022-09-29 23:14:02,036 INFO o.q.c.QuartzScheduler [main] Scheduler meta-data: Quartz Scheduler (v2.3.2) 'quartzScheduler' with instanceId 'NON_CLUSTERED'
  Scheduler class: 'org.quartz.core.QuartzScheduler' - running locally.
  NOT STARTED.
  Currently in standby mode.
  Number of jobs executed: 0
  Using thread pool 'org.quartz.simpl.SimpleThreadPool' - with 10 threads.
  Using job-store 'org.quartz.simpl.RAMJobStore' - which does not support persistence. and is not clustered.

2022-09-29 23:14:02,036 INFO o.q.i.StdSchedulerFactory [main] Quartz scheduler 'quartzScheduler' initialized from an externally provided properties instance.
2022-09-29 23:14:02,036 INFO o.q.i.StdSchedulerFactory [main] Quartz scheduler version: 2.3.2
2022-09-29 23:14:02,036 INFO o.q.c.QuartzScheduler [main] JobFactory set to: org.springframework.scheduling.quartz.SpringBeanJobFactory@5ceb6796
2022-09-29 23:14:02,099 INFO o.s.b.a.e.w.EndpointLinksResolver [main] Exposing 15 endpoint(s) beneath base path '/actuator'
2022-09-29 23:14:02,369 WARN o.s.s.c.a.w.b.WebSecurity [main] You are asking Spring Security to ignore Ant [pattern='/**', OPTIONS]. This is not recommended -- please use permitAll via HttpSecurity#authorizeHttpRequests instead.
2022-09-29 23:14:02,370 INFO o.s.s.w.DefaultSecurityFilterChain [main] Will secure Ant [pattern='/**', OPTIONS] with []
2022-09-29 23:14:02,370 WARN o.s.s.c.a.w.b.WebSecurity [main] You are asking Spring Security to ignore Ant [pattern='/swagger-resources/**']. This is not recommended -- please use permitAll via HttpSecurity#authorizeHttpRequests instead.
2022-09-29 23:14:02,370 INFO o.s.s.w.DefaultSecurityFilterChain [main] Will secure Ant [pattern='/swagger-resources/**'] with []
2022-09-29 23:14:02,370 WARN o.s.s.c.a.w.b.WebSecurity [main] You are asking Spring Security to ignore Ant [pattern='/swagger-ui.html**']. This is not recommended -- please use permitAll via HttpSecurity#authorizeHttpRequests instead.
2022-09-29 23:14:02,370 INFO o.s.s.w.DefaultSecurityFilterChain [main] Will secure Ant [pattern='/swagger-ui.html**'] with []
2022-09-29 23:14:02,370 WARN o.s.s.c.a.w.b.WebSecurity [main] You are asking Spring Security to ignore Ant [pattern='/swagger-ui/**']. This is not recommended -- please use permitAll via HttpSecurity#authorizeHttpRequests instead.
2022-09-29 23:14:02,370 INFO o.s.s.w.DefaultSecurityFilterChain [main] Will secure Ant [pattern='/swagger-ui/**'] with []
2022-09-29 23:14:02,371 WARN o.s.s.c.a.w.b.WebSecurity [main] You are asking Spring Security to ignore Ant [pattern='/v2/api-docs/**']. This is not recommended -- please use permitAll via HttpSecurity#authorizeHttpRequests instead.
2022-09-29 23:14:02,371 INFO o.s.s.w.DefaultSecurityFilterChain [main] Will secure Ant [pattern='/v2/api-docs/**'] with []
2022-09-29 23:14:02,371 WARN o.s.s.c.a.w.b.WebSecurity [main] You are asking Spring Security to ignore Ant [pattern='/webjars/**']. This is not recommended -- please use permitAll via HttpSecurity#authorizeHttpRequests instead.
2022-09-29 23:14:02,371 INFO o.s.s.w.DefaultSecurityFilterChain [main] Will secure Ant [pattern='/webjars/**'] with []
2022-09-29 23:14:02,371 WARN o.s.s.c.a.w.b.WebSecurity [main] You are asking Spring Security to ignore Ant [pattern='/public/**']. This is not recommended -- please use permitAll via HttpSecurity#authorizeHttpRequests instead.
2022-09-29 23:14:02,371 INFO o.s.s.w.DefaultSecurityFilterChain [main] Will secure Ant [pattern='/public/**'] with []
2022-09-29 23:14:02,371 WARN o.s.s.c.a.w.b.WebSecurity [main] You are asking Spring Security to ignore Ant [pattern='/files/downloadFile/**']. This is not recommended -- please use permitAll via HttpSecurity#authorizeHttpRequests instead.
2022-09-29 23:14:02,371 INFO o.s.s.w.DefaultSecurityFilterChain [main] Will secure Ant [pattern='/files/downloadFile/**'] with []
2022-09-29 23:14:02,399 INFO o.s.s.w.DefaultSecurityFilterChain [main] Will not secure Or [Ant [pattern='/**']]
2022-09-29 23:14:02,470 DEBUG o.h.e.j.s.SqlStatementLogger [main] select admuser0_.id as id1_0_, admuser0_.ADDRESS as address2_0_, admuser0_.BIRTHDAY as birthday3_0_, admuser0_.CREATE_TIME as create_t4_0_, admuser0_.CREATOR_ID as creator_5_0_, admuser0_.CREATOR_NAME as creator_6_0_, admuser0_.EMAIL as email7_0_, admuser0_.FULL_NAME as full_nam8_0_, admuser0_.GENDER as gender9_0_, admuser0_.GIVEN_NAME as given_n10_0_, admuser0_.IS_DELETE as is_dele11_0_, admuser0_.PASSWORD as passwor12_0_, admuser0_.PHONE_NUMBER as phone_n13_0_, admuser0_.POSITION as positio14_0_, admuser0_.STATUS as status15_0_, admuser0_.SURNAME as surname16_0_, admuser0_.TYPE as type17_0_, admuser0_.UPDATE_TIME as update_18_0_, admuser0_.UPDATER_ID as updater19_0_, admuser0_.UPDATER_NAME as updater20_0_, admuser0_.USER_NAME as user_na21_0_ from ADM_USERS admuser0_ where admuser0_.USER_NAME=?
2022-09-29 23:14:02,474 TRACE o.h.t.d.s.BasicBinder [main] binding parameter [1] as [VARCHAR] - [admin]
2022-09-29 23:14:02,765 INFO o.a.j.l.DirectJDKLog [main] Starting ProtocolHandler ["http-nio-8023"]
2022-09-29 23:14:02,778 INFO o.s.b.w.e.t.TomcatWebServer [main] Tomcat started on port(s): 8023 (http) with context path '/ig-clone'
2022-09-29 23:14:03,143 INFO o.s.s.q.SchedulerFactoryBean [main] Starting Quartz Scheduler now
2022-09-29 23:14:03,144 INFO o.q.c.QuartzScheduler [main] Scheduler quartzScheduler_$_NON_CLUSTERED started.
2022-09-29 23:14:03,152 INFO o.s.b.StartupInfoLogger [main] Started IgCloneApplication in 5.471 seconds (JVM running for 6.428)
2022-09-29 23:14:03,650 INFO o.a.j.l.DirectJDKLog [RMI TCP Connection(1)-192.168.0.104] Initializing Spring DispatcherServlet 'dispatcherServlet'
2022-09-29 23:14:48,119 DEBUG o.h.e.j.s.SqlStatementLogger [http-nio-8023-exec-2] select admuser0_.id as id1_0_, admuser0_.ADDRESS as address2_0_, admuser0_.BIRTHDAY as birthday3_0_, admuser0_.CREATE_TIME as create_t4_0_, admuser0_.CREATOR_ID as creator_5_0_, admuser0_.CREATOR_NAME as creator_6_0_, admuser0_.EMAIL as email7_0_, admuser0_.FULL_NAME as full_nam8_0_, admuser0_.GENDER as gender9_0_, admuser0_.GIVEN_NAME as given_n10_0_, admuser0_.IS_DELETE as is_dele11_0_, admuser0_.PASSWORD as passwor12_0_, admuser0_.PHONE_NUMBER as phone_n13_0_, admuser0_.POSITION as positio14_0_, admuser0_.STATUS as status15_0_, admuser0_.SURNAME as surname16_0_, admuser0_.TYPE as type17_0_, admuser0_.UPDATE_TIME as update_18_0_, admuser0_.UPDATER_ID as updater19_0_, admuser0_.UPDATER_NAME as updater20_0_, admuser0_.USER_NAME as user_na21_0_ from ADM_USERS admuser0_ where admuser0_.USER_NAME=?
2022-09-29 23:14:48,119 TRACE o.h.t.d.s.BasicBinder [http-nio-8023-exec-2] binding parameter [1] as [VARCHAR] - [user2]
2022-09-29 23:14:48,129 ERROR c.s.c.RestApiExceptionHandler [http-nio-8023-exec-2] error - POST 192.168.0.104:8023/ig-clone/public/v1/sso/register - Tên đăng nhập đã tồn tại
2022-09-29 23:14:48,237 DEBUG o.h.e.j.s.SqlStatementLogger [http-nio-8023-exec-3] select admuser0_.id as id1_0_, admuser0_.ADDRESS as address2_0_, admuser0_.BIRTHDAY as birthday3_0_, admuser0_.CREATE_TIME as create_t4_0_, admuser0_.CREATOR_ID as creator_5_0_, admuser0_.CREATOR_NAME as creator_6_0_, admuser0_.EMAIL as email7_0_, admuser0_.FULL_NAME as full_nam8_0_, admuser0_.GENDER as gender9_0_, admuser0_.GIVEN_NAME as given_n10_0_, admuser0_.IS_DELETE as is_dele11_0_, admuser0_.PASSWORD as passwor12_0_, admuser0_.PHONE_NUMBER as phone_n13_0_, admuser0_.POSITION as positio14_0_, admuser0_.STATUS as status15_0_, admuser0_.SURNAME as surname16_0_, admuser0_.TYPE as type17_0_, admuser0_.UPDATE_TIME as update_18_0_, admuser0_.UPDATER_ID as updater19_0_, admuser0_.UPDATER_NAME as updater20_0_, admuser0_.USER_NAME as user_na21_0_ from ADM_USERS admuser0_ where admuser0_.USER_NAME=?
2022-09-29 23:14:48,238 TRACE o.h.t.d.s.BasicBinder [http-nio-8023-exec-3] binding parameter [1] as [VARCHAR] - [user2]
2022-09-29 23:14:48,239 ERROR c.s.c.RestApiExceptionHandler [http-nio-8023-exec-3] error - POST 192.168.0.104:8023/ig-clone/public/v1/sso/register - Tên đăng nhập đã tồn tại
2022-09-29 23:18:52,993 DEBUG o.h.e.j.s.SqlStatementLogger [http-nio-8023-exec-1] select admuser0_.id as id1_0_, admuser0_.ADDRESS as address2_0_, admuser0_.BIRTHDAY as birthday3_0_, admuser0_.CREATE_TIME as create_t4_0_, admuser0_.CREATOR_ID as creator_5_0_, admuser0_.CREATOR_NAME as creator_6_0_, admuser0_.EMAIL as email7_0_, admuser0_.FULL_NAME as full_nam8_0_, admuser0_.GENDER as gender9_0_, admuser0_.GIVEN_NAME as given_n10_0_, admuser0_.IS_DELETE as is_dele11_0_, admuser0_.PASSWORD as passwor12_0_, admuser0_.PHONE_NUMBER as phone_n13_0_, admuser0_.POSITION as positio14_0_, admuser0_.STATUS as status15_0_, admuser0_.SURNAME as surname16_0_, admuser0_.TYPE as type17_0_, admuser0_.UPDATE_TIME as update_18_0_, admuser0_.UPDATER_ID as updater19_0_, admuser0_.UPDATER_NAME as updater20_0_, admuser0_.USER_NAME as user_na21_0_ from ADM_USERS admuser0_ where admuser0_.USER_NAME=?
2022-09-29 23:18:52,993 TRACE o.h.t.d.s.BasicBinder [http-nio-8023-exec-1] binding parameter [1] as [VARCHAR] - [user2]
2022-09-29 23:18:52,995 ERROR c.s.c.RestApiExceptionHandler [http-nio-8023-exec-1] error - POST 192.168.0.104:8023/ig-clone/public/v1/sso/register - Tên đăng nhập đã tồn tại
2022-09-29 23:18:53,082 DEBUG o.h.e.j.s.SqlStatementLogger [http-nio-8023-exec-4] select admuser0_.id as id1_0_, admuser0_.ADDRESS as address2_0_, admuser0_.BIRTHDAY as birthday3_0_, admuser0_.CREATE_TIME as create_t4_0_, admuser0_.CREATOR_ID as creator_5_0_, admuser0_.CREATOR_NAME as creator_6_0_, admuser0_.EMAIL as email7_0_, admuser0_.FULL_NAME as full_nam8_0_, admuser0_.GENDER as gender9_0_, admuser0_.GIVEN_NAME as given_n10_0_, admuser0_.IS_DELETE as is_dele11_0_, admuser0_.PASSWORD as passwor12_0_, admuser0_.PHONE_NUMBER as phone_n13_0_, admuser0_.POSITION as positio14_0_, admuser0_.STATUS as status15_0_, admuser0_.SURNAME as surname16_0_, admuser0_.TYPE as type17_0_, admuser0_.UPDATE_TIME as update_18_0_, admuser0_.UPDATER_ID as updater19_0_, admuser0_.UPDATER_NAME as updater20_0_, admuser0_.USER_NAME as user_na21_0_ from ADM_USERS admuser0_ where admuser0_.USER_NAME=?
2022-09-29 23:18:53,082 TRACE o.h.t.d.s.BasicBinder [http-nio-8023-exec-4] binding parameter [1] as [VARCHAR] - [user2]
2022-09-29 23:18:53,084 ERROR c.s.c.RestApiExceptionHandler [http-nio-8023-exec-4] error - POST 192.168.0.104:8023/ig-clone/public/v1/sso/register - Tên đăng nhập đã tồn tại
2022-09-29 23:18:54,541 DEBUG o.h.e.j.s.SqlStatementLogger [http-nio-8023-exec-6] select admuser0_.id as id1_0_, admuser0_.ADDRESS as address2_0_, admuser0_.BIRTHDAY as birthday3_0_, admuser0_.CREATE_TIME as create_t4_0_, admuser0_.CREATOR_ID as creator_5_0_, admuser0_.CREATOR_NAME as creator_6_0_, admuser0_.EMAIL as email7_0_, admuser0_.FULL_NAME as full_nam8_0_, admuser0_.GENDER as gender9_0_, admuser0_.GIVEN_NAME as given_n10_0_, admuser0_.IS_DELETE as is_dele11_0_, admuser0_.PASSWORD as passwor12_0_, admuser0_.PHONE_NUMBER as phone_n13_0_, admuser0_.POSITION as positio14_0_, admuser0_.STATUS as status15_0_, admuser0_.SURNAME as surname16_0_, admuser0_.TYPE as type17_0_, admuser0_.UPDATE_TIME as update_18_0_, admuser0_.UPDATER_ID as updater19_0_, admuser0_.UPDATER_NAME as updater20_0_, admuser0_.USER_NAME as user_na21_0_ from ADM_USERS admuser0_ where admuser0_.USER_NAME=?
2022-09-29 23:18:54,542 TRACE o.h.t.d.s.BasicBinder [http-nio-8023-exec-6] binding parameter [1] as [VARCHAR] - [user2]
2022-09-29 23:18:54,543 ERROR c.s.c.RestApiExceptionHandler [http-nio-8023-exec-6] error - POST 192.168.0.104:8023/ig-clone/public/v1/sso/register - Tên đăng nhập đã tồn tại
2022-09-29 23:18:54,625 DEBUG o.h.e.j.s.SqlStatementLogger [http-nio-8023-exec-5] select admuser0_.id as id1_0_, admuser0_.ADDRESS as address2_0_, admuser0_.BIRTHDAY as birthday3_0_, admuser0_.CREATE_TIME as create_t4_0_, admuser0_.CREATOR_ID as creator_5_0_, admuser0_.CREATOR_NAME as creator_6_0_, admuser0_.EMAIL as email7_0_, admuser0_.FULL_NAME as full_nam8_0_, admuser0_.GENDER as gender9_0_, admuser0_.GIVEN_NAME as given_n10_0_, admuser0_.IS_DELETE as is_dele11_0_, admuser0_.PASSWORD as passwor12_0_, admuser0_.PHONE_NUMBER as phone_n13_0_, admuser0_.POSITION as positio14_0_, admuser0_.STATUS as status15_0_, admuser0_.SURNAME as surname16_0_, admuser0_.TYPE as type17_0_, admuser0_.UPDATE_TIME as update_18_0_, admuser0_.UPDATER_ID as updater19_0_, admuser0_.UPDATER_NAME as updater20_0_, admuser0_.USER_NAME as user_na21_0_ from ADM_USERS admuser0_ where admuser0_.USER_NAME=?
2022-09-29 23:18:54,625 TRACE o.h.t.d.s.BasicBinder [http-nio-8023-exec-5] binding parameter [1] as [VARCHAR] - [user2]
2022-09-29 23:18:54,626 ERROR c.s.c.RestApiExceptionHandler [http-nio-8023-exec-5] error - POST 192.168.0.104:8023/ig-clone/public/v1/sso/register - Tên đăng nhập đã tồn tại
2022-09-29 23:18:55,619 DEBUG o.h.e.j.s.SqlStatementLogger [http-nio-8023-exec-7] select admuser0_.id as id1_0_, admuser0_.ADDRESS as address2_0_, admuser0_.BIRTHDAY as birthday3_0_, admuser0_.CREATE_TIME as create_t4_0_, admuser0_.CREATOR_ID as creator_5_0_, admuser0_.CREATOR_NAME as creator_6_0_, admuser0_.EMAIL as email7_0_, admuser0_.FULL_NAME as full_nam8_0_, admuser0_.GENDER as gender9_0_, admuser0_.GIVEN_NAME as given_n10_0_, admuser0_.IS_DELETE as is_dele11_0_, admuser0_.PASSWORD as passwor12_0_, admuser0_.PHONE_NUMBER as phone_n13_0_, admuser0_.POSITION as positio14_0_, admuser0_.STATUS as status15_0_, admuser0_.SURNAME as surname16_0_, admuser0_.TYPE as type17_0_, admuser0_.UPDATE_TIME as update_18_0_, admuser0_.UPDATER_ID as updater19_0_, admuser0_.UPDATER_NAME as updater20_0_, admuser0_.USER_NAME as user_na21_0_ from ADM_USERS admuser0_ where admuser0_.USER_NAME=?
2022-09-29 23:18:55,620 TRACE o.h.t.d.s.BasicBinder [http-nio-8023-exec-7] binding parameter [1] as [VARCHAR] - [user2]
2022-09-29 23:18:55,621 ERROR c.s.c.RestApiExceptionHandler [http-nio-8023-exec-7] error - POST 192.168.0.104:8023/ig-clone/public/v1/sso/register - Tên đăng nhập đã tồn tại
2022-09-29 23:18:55,705 DEBUG o.h.e.j.s.SqlStatementLogger [http-nio-8023-exec-8] select admuser0_.id as id1_0_, admuser0_.ADDRESS as address2_0_, admuser0_.BIRTHDAY as birthday3_0_, admuser0_.CREATE_TIME as create_t4_0_, admuser0_.CREATOR_ID as creator_5_0_, admuser0_.CREATOR_NAME as creator_6_0_, admuser0_.EMAIL as email7_0_, admuser0_.FULL_NAME as full_nam8_0_, admuser0_.GENDER as gender9_0_, admuser0_.GIVEN_NAME as given_n10_0_, admuser0_.IS_DELETE as is_dele11_0_, admuser0_.PASSWORD as passwor12_0_, admuser0_.PHONE_NUMBER as phone_n13_0_, admuser0_.POSITION as positio14_0_, admuser0_.STATUS as status15_0_, admuser0_.SURNAME as surname16_0_, admuser0_.TYPE as type17_0_, admuser0_.UPDATE_TIME as update_18_0_, admuser0_.UPDATER_ID as updater19_0_, admuser0_.UPDATER_NAME as updater20_0_, admuser0_.USER_NAME as user_na21_0_ from ADM_USERS admuser0_ where admuser0_.USER_NAME=?
2022-09-29 23:18:55,705 TRACE o.h.t.d.s.BasicBinder [http-nio-8023-exec-8] binding parameter [1] as [VARCHAR] - [user2]
2022-09-29 23:18:55,707 ERROR c.s.c.RestApiExceptionHandler [http-nio-8023-exec-8] error - POST 192.168.0.104:8023/ig-clone/public/v1/sso/register - Tên đăng nhập đã tồn tại
2022-09-29 23:18:56,609 DEBUG o.h.e.j.s.SqlStatementLogger [http-nio-8023-exec-10] select admuser0_.id as id1_0_, admuser0_.ADDRESS as address2_0_, admuser0_.BIRTHDAY as birthday3_0_, admuser0_.CREATE_TIME as create_t4_0_, admuser0_.CREATOR_ID as creator_5_0_, admuser0_.CREATOR_NAME as creator_6_0_, admuser0_.EMAIL as email7_0_, admuser0_.FULL_NAME as full_nam8_0_, admuser0_.GENDER as gender9_0_, admuser0_.GIVEN_NAME as given_n10_0_, admuser0_.IS_DELETE as is_dele11_0_, admuser0_.PASSWORD as passwor12_0_, admuser0_.PHONE_NUMBER as phone_n13_0_, admuser0_.POSITION as positio14_0_, admuser0_.STATUS as status15_0_, admuser0_.SURNAME as surname16_0_, admuser0_.TYPE as type17_0_, admuser0_.UPDATE_TIME as update_18_0_, admuser0_.UPDATER_ID as updater19_0_, admuser0_.UPDATER_NAME as updater20_0_, admuser0_.USER_NAME as user_na21_0_ from ADM_USERS admuser0_ where admuser0_.USER_NAME=?
2022-09-29 23:18:56,609 TRACE o.h.t.d.s.BasicBinder [http-nio-8023-exec-10] binding parameter [1] as [VARCHAR] - [user2]
2022-09-29 23:18:56,610 ERROR c.s.c.RestApiExceptionHandler [http-nio-8023-exec-10] error - POST 192.168.0.104:8023/ig-clone/public/v1/sso/register - Tên đăng nhập đã tồn tại
2022-09-29 23:18:56,695 DEBUG o.h.e.j.s.SqlStatementLogger [http-nio-8023-exec-9] select admuser0_.id as id1_0_, admuser0_.ADDRESS as address2_0_, admuser0_.BIRTHDAY as birthday3_0_, admuser0_.CREATE_TIME as create_t4_0_, admuser0_.CREATOR_ID as creator_5_0_, admuser0_.CREATOR_NAME as creator_6_0_, admuser0_.EMAIL as email7_0_, admuser0_.FULL_NAME as full_nam8_0_, admuser0_.GENDER as gender9_0_, admuser0_.GIVEN_NAME as given_n10_0_, admuser0_.IS_DELETE as is_dele11_0_, admuser0_.PASSWORD as passwor12_0_, admuser0_.PHONE_NUMBER as phone_n13_0_, admuser0_.POSITION as positio14_0_, admuser0_.STATUS as status15_0_, admuser0_.SURNAME as surname16_0_, admuser0_.TYPE as type17_0_, admuser0_.UPDATE_TIME as update_18_0_, admuser0_.UPDATER_ID as updater19_0_, admuser0_.UPDATER_NAME as updater20_0_, admuser0_.USER_NAME as user_na21_0_ from ADM_USERS admuser0_ where admuser0_.USER_NAME=?
2022-09-29 23:18:56,695 TRACE o.h.t.d.s.BasicBinder [http-nio-8023-exec-9] binding parameter [1] as [VARCHAR] - [user2]
2022-09-29 23:18:56,697 ERROR c.s.c.RestApiExceptionHandler [http-nio-8023-exec-9] error - POST 192.168.0.104:8023/ig-clone/public/v1/sso/register - Tên đăng nhập đã tồn tại
2022-09-29 23:18:57,584 DEBUG o.h.e.j.s.SqlStatementLogger [http-nio-8023-exec-2] select admuser0_.id as id1_0_, admuser0_.ADDRESS as address2_0_, admuser0_.BIRTHDAY as birthday3_0_, admuser0_.CREATE_TIME as create_t4_0_, admuser0_.CREATOR_ID as creator_5_0_, admuser0_.CREATOR_NAME as creator_6_0_, admuser0_.EMAIL as email7_0_, admuser0_.FULL_NAME as full_nam8_0_, admuser0_.GENDER as gender9_0_, admuser0_.GIVEN_NAME as given_n10_0_, admuser0_.IS_DELETE as is_dele11_0_, admuser0_.PASSWORD as passwor12_0_, admuser0_.PHONE_NUMBER as phone_n13_0_, admuser0_.POSITION as positio14_0_, admuser0_.STATUS as status15_0_, admuser0_.SURNAME as surname16_0_, admuser0_.TYPE as type17_0_, admuser0_.UPDATE_TIME as update_18_0_, admuser0_.UPDATER_ID as updater19_0_, admuser0_.UPDATER_NAME as updater20_0_, admuser0_.USER_NAME as user_na21_0_ from ADM_USERS admuser0_ where admuser0_.USER_NAME=?
2022-09-29 23:18:57,584 TRACE o.h.t.d.s.BasicBinder [http-nio-8023-exec-2] binding parameter [1] as [VARCHAR] - [user2]
2022-09-29 23:18:57,586 ERROR c.s.c.RestApiExceptionHandler [http-nio-8023-exec-2] error - POST 192.168.0.104:8023/ig-clone/public/v1/sso/register - Tên đăng nhập đã tồn tại
2022-09-29 23:18:57,670 DEBUG o.h.e.j.s.SqlStatementLogger [http-nio-8023-exec-3] select admuser0_.id as id1_0_, admuser0_.ADDRESS as address2_0_, admuser0_.BIRTHDAY as birthday3_0_, admuser0_.CREATE_TIME as create_t4_0_, admuser0_.CREATOR_ID as creator_5_0_, admuser0_.CREATOR_NAME as creator_6_0_, admuser0_.EMAIL as email7_0_, admuser0_.FULL_NAME as full_nam8_0_, admuser0_.GENDER as gender9_0_, admuser0_.GIVEN_NAME as given_n10_0_, admuser0_.IS_DELETE as is_dele11_0_, admuser0_.PASSWORD as passwor12_0_, admuser0_.PHONE_NUMBER as phone_n13_0_, admuser0_.POSITION as positio14_0_, admuser0_.STATUS as status15_0_, admuser0_.SURNAME as surname16_0_, admuser0_.TYPE as type17_0_, admuser0_.UPDATE_TIME as update_18_0_, admuser0_.UPDATER_ID as updater19_0_, admuser0_.UPDATER_NAME as updater20_0_, admuser0_.USER_NAME as user_na21_0_ from ADM_USERS admuser0_ where admuser0_.USER_NAME=?
2022-09-29 23:18:57,670 TRACE o.h.t.d.s.BasicBinder [http-nio-8023-exec-3] binding parameter [1] as [VARCHAR] - [user2]
2022-09-29 23:18:57,671 ERROR c.s.c.RestApiExceptionHandler [http-nio-8023-exec-3] error - POST 192.168.0.104:8023/ig-clone/public/v1/sso/register - Tên đăng nhập đã tồn tại
2022-09-29 23:19:12,882 DEBUG o.h.e.j.s.SqlStatementLogger [http-nio-8023-exec-1] select admuser0_.id as id1_0_, admuser0_.ADDRESS as address2_0_, admuser0_.BIRTHDAY as birthday3_0_, admuser0_.CREATE_TIME as create_t4_0_, admuser0_.CREATOR_ID as creator_5_0_, admuser0_.CREATOR_NAME as creator_6_0_, admuser0_.EMAIL as email7_0_, admuser0_.FULL_NAME as full_nam8_0_, admuser0_.GENDER as gender9_0_, admuser0_.GIVEN_NAME as given_n10_0_, admuser0_.IS_DELETE as is_dele11_0_, admuser0_.PASSWORD as passwor12_0_, admuser0_.PHONE_NUMBER as phone_n13_0_, admuser0_.POSITION as positio14_0_, admuser0_.STATUS as status15_0_, admuser0_.SURNAME as surname16_0_, admuser0_.TYPE as type17_0_, admuser0_.UPDATE_TIME as update_18_0_, admuser0_.UPDATER_ID as updater19_0_, admuser0_.UPDATER_NAME as updater20_0_, admuser0_.USER_NAME as user_na21_0_ from ADM_USERS admuser0_ where admuser0_.USER_NAME=?
2022-09-29 23:19:12,882 TRACE o.h.t.d.s.BasicBinder [http-nio-8023-exec-1] binding parameter [1] as [VARCHAR] - [user2]
2022-09-29 23:19:12,884 ERROR c.s.c.RestApiExceptionHandler [http-nio-8023-exec-1] error - POST 192.168.0.104:8023/ig-clone/public/v1/sso/register - Tên đăng nhập đã tồn tại
2022-09-29 23:19:12,969 DEBUG o.h.e.j.s.SqlStatementLogger [http-nio-8023-exec-4] select admuser0_.id as id1_0_, admuser0_.ADDRESS as address2_0_, admuser0_.BIRTHDAY as birthday3_0_, admuser0_.CREATE_TIME as create_t4_0_, admuser0_.CREATOR_ID as creator_5_0_, admuser0_.CREATOR_NAME as creator_6_0_, admuser0_.EMAIL as email7_0_, admuser0_.FULL_NAME as full_nam8_0_, admuser0_.GENDER as gender9_0_, admuser0_.GIVEN_NAME as given_n10_0_, admuser0_.IS_DELETE as is_dele11_0_, admuser0_.PASSWORD as passwor12_0_, admuser0_.PHONE_NUMBER as phone_n13_0_, admuser0_.POSITION as positio14_0_, admuser0_.STATUS as status15_0_, admuser0_.SURNAME as surname16_0_, admuser0_.TYPE as type17_0_, admuser0_.UPDATE_TIME as update_18_0_, admuser0_.UPDATER_ID as updater19_0_, admuser0_.UPDATER_NAME as updater20_0_, admuser0_.USER_NAME as user_na21_0_ from ADM_USERS admuser0_ where admuser0_.USER_NAME=?
2022-09-29 23:19:12,969 TRACE o.h.t.d.s.BasicBinder [http-nio-8023-exec-4] binding parameter [1] as [VARCHAR] - [user2]
2022-09-29 23:19:12,970 ERROR c.s.c.RestApiExceptionHandler [http-nio-8023-exec-4] error - POST 192.168.0.104:8023/ig-clone/public/v1/sso/register - Tên đăng nhập đã tồn tại
2022-09-29 23:19:22,088 DEBUG o.h.e.j.s.SqlStatementLogger [http-nio-8023-exec-6] select admuser0_.id as id1_0_, admuser0_.ADDRESS as address2_0_, admuser0_.BIRTHDAY as birthday3_0_, admuser0_.CREATE_TIME as create_t4_0_, admuser0_.CREATOR_ID as creator_5_0_, admuser0_.CREATOR_NAME as creator_6_0_, admuser0_.EMAIL as email7_0_, admuser0_.FULL_NAME as full_nam8_0_, admuser0_.GENDER as gender9_0_, admuser0_.GIVEN_NAME as given_n10_0_, admuser0_.IS_DELETE as is_dele11_0_, admuser0_.PASSWORD as passwor12_0_, admuser0_.PHONE_NUMBER as phone_n13_0_, admuser0_.POSITION as positio14_0_, admuser0_.STATUS as status15_0_, admuser0_.SURNAME as surname16_0_, admuser0_.TYPE as type17_0_, admuser0_.UPDATE_TIME as update_18_0_, admuser0_.UPDATER_ID as updater19_0_, admuser0_.UPDATER_NAME as updater20_0_, admuser0_.USER_NAME as user_na21_0_ from ADM_USERS admuser0_ where admuser0_.USER_NAME=?
2022-09-29 23:19:22,088 TRACE o.h.t.d.s.BasicBinder [http-nio-8023-exec-6] binding parameter [1] as [VARCHAR] - [user2]
2022-09-29 23:19:22,090 ERROR c.s.c.RestApiExceptionHandler [http-nio-8023-exec-6] error - POST 192.168.0.104:8023/ig-clone/public/v1/sso/register - Tên đăng nhập đã tồn tại
2022-09-29 23:19:22,174 DEBUG o.h.e.j.s.SqlStatementLogger [http-nio-8023-exec-5] select admuser0_.id as id1_0_, admuser0_.ADDRESS as address2_0_, admuser0_.BIRTHDAY as birthday3_0_, admuser0_.CREATE_TIME as create_t4_0_, admuser0_.CREATOR_ID as creator_5_0_, admuser0_.CREATOR_NAME as creator_6_0_, admuser0_.EMAIL as email7_0_, admuser0_.FULL_NAME as full_nam8_0_, admuser0_.GENDER as gender9_0_, admuser0_.GIVEN_NAME as given_n10_0_, admuser0_.IS_DELETE as is_dele11_0_, admuser0_.PASSWORD as passwor12_0_, admuser0_.PHONE_NUMBER as phone_n13_0_, admuser0_.POSITION as positio14_0_, admuser0_.STATUS as status15_0_, admuser0_.SURNAME as surname16_0_, admuser0_.TYPE as type17_0_, admuser0_.UPDATE_TIME as update_18_0_, admuser0_.UPDATER_ID as updater19_0_, admuser0_.UPDATER_NAME as updater20_0_, admuser0_.USER_NAME as user_na21_0_ from ADM_USERS admuser0_ where admuser0_.USER_NAME=?
2022-09-29 23:19:22,175 TRACE o.h.t.d.s.BasicBinder [http-nio-8023-exec-5] binding parameter [1] as [VARCHAR] - [user2]
2022-09-29 23:19:22,177 ERROR c.s.c.RestApiExceptionHandler [http-nio-8023-exec-5] error - POST 192.168.0.104:8023/ig-clone/public/v1/sso/register - Tên đăng nhập đã tồn tại
2022-09-29 23:21:01,701 INFO c.s.p.SSOResource [http-nio-8023-exec-8] language current: vi_VN, examle error_401: Không có quyền truy cập
2022-09-29 23:21:01,774 DEBUG o.h.e.j.s.SqlStatementLogger [http-nio-8023-exec-8] select admuser0_.id as id1_0_, admuser0_.ADDRESS as address2_0_, admuser0_.BIRTHDAY as birthday3_0_, admuser0_.CREATE_TIME as create_t4_0_, admuser0_.CREATOR_ID as creator_5_0_, admuser0_.CREATOR_NAME as creator_6_0_, admuser0_.EMAIL as email7_0_, admuser0_.FULL_NAME as full_nam8_0_, admuser0_.GENDER as gender9_0_, admuser0_.GIVEN_NAME as given_n10_0_, admuser0_.IS_DELETE as is_dele11_0_, admuser0_.PASSWORD as passwor12_0_, admuser0_.PHONE_NUMBER as phone_n13_0_, admuser0_.POSITION as positio14_0_, admuser0_.STATUS as status15_0_, admuser0_.SURNAME as surname16_0_, admuser0_.TYPE as type17_0_, admuser0_.UPDATE_TIME as update_18_0_, admuser0_.UPDATER_ID as updater19_0_, admuser0_.UPDATER_NAME as updater20_0_, admuser0_.USER_NAME as user_na21_0_ from ADM_USERS admuser0_ where admuser0_.USER_NAME=?
2022-09-29 23:21:01,774 TRACE o.h.t.d.s.BasicBinder [http-nio-8023-exec-8] binding parameter [1] as [VARCHAR] - [admin]
2022-09-29 23:22:06,298 DEBUG o.h.e.j.s.SqlStatementLogger [http-nio-8023-exec-9] select admuser0_.id as id1_0_, admuser0_.ADDRESS as address2_0_, admuser0_.BIRTHDAY as birthday3_0_, admuser0_.CREATE_TIME as create_t4_0_, admuser0_.CREATOR_ID as creator_5_0_, admuser0_.CREATOR_NAME as creator_6_0_, admuser0_.EMAIL as email7_0_, admuser0_.FULL_NAME as full_nam8_0_, admuser0_.GENDER as gender9_0_, admuser0_.GIVEN_NAME as given_n10_0_, admuser0_.IS_DELETE as is_dele11_0_, admuser0_.PASSWORD as passwor12_0_, admuser0_.PHONE_NUMBER as phone_n13_0_, admuser0_.POSITION as positio14_0_, admuser0_.STATUS as status15_0_, admuser0_.SURNAME as surname16_0_, admuser0_.TYPE as type17_0_, admuser0_.UPDATE_TIME as update_18_0_, admuser0_.UPDATER_ID as updater19_0_, admuser0_.UPDATER_NAME as updater20_0_, admuser0_.USER_NAME as user_na21_0_ from ADM_USERS admuser0_ where admuser0_.USER_NAME=?
2022-09-29 23:22:06,298 TRACE o.h.t.d.s.BasicBinder [http-nio-8023-exec-9] binding parameter [1] as [VARCHAR] - [user2]
2022-09-29 23:22:06,300 ERROR c.s.c.RestApiExceptionHandler [http-nio-8023-exec-9] error - POST 192.168.0.104:8023/ig-clone/public/v1/sso/register - Tên đăng nhập đã tồn tại
2022-09-29 23:22:06,387 DEBUG o.h.e.j.s.SqlStatementLogger [http-nio-8023-exec-2] select admuser0_.id as id1_0_, admuser0_.ADDRESS as address2_0_, admuser0_.BIRTHDAY as birthday3_0_, admuser0_.CREATE_TIME as create_t4_0_, admuser0_.CREATOR_ID as creator_5_0_, admuser0_.CREATOR_NAME as creator_6_0_, admuser0_.EMAIL as email7_0_, admuser0_.FULL_NAME as full_nam8_0_, admuser0_.GENDER as gender9_0_, admuser0_.GIVEN_NAME as given_n10_0_, admuser0_.IS_DELETE as is_dele11_0_, admuser0_.PASSWORD as passwor12_0_, admuser0_.PHONE_NUMBER as phone_n13_0_, admuser0_.POSITION as positio14_0_, admuser0_.STATUS as status15_0_, admuser0_.SURNAME as surname16_0_, admuser0_.TYPE as type17_0_, admuser0_.UPDATE_TIME as update_18_0_, admuser0_.UPDATER_ID as updater19_0_, admuser0_.UPDATER_NAME as updater20_0_, admuser0_.USER_NAME as user_na21_0_ from ADM_USERS admuser0_ where admuser0_.USER_NAME=?
2022-09-29 23:22:06,388 TRACE o.h.t.d.s.BasicBinder [http-nio-8023-exec-2] binding parameter [1] as [VARCHAR] - [user2]
2022-09-29 23:22:06,389 ERROR c.s.c.RestApiExceptionHandler [http-nio-8023-exec-2] error - POST 192.168.0.104:8023/ig-clone/public/v1/sso/register - Tên đăng nhập đã tồn tại
2022-09-29 23:22:07,675 DEBUG o.h.e.j.s.SqlStatementLogger [http-nio-8023-exec-3] select admuser0_.id as id1_0_, admuser0_.ADDRESS as address2_0_, admuser0_.BIRTHDAY as birthday3_0_, admuser0_.CREATE_TIME as create_t4_0_, admuser0_.CREATOR_ID as creator_5_0_, admuser0_.CREATOR_NAME as creator_6_0_, admuser0_.EMAIL as email7_0_, admuser0_.FULL_NAME as full_nam8_0_, admuser0_.GENDER as gender9_0_, admuser0_.GIVEN_NAME as given_n10_0_, admuser0_.IS_DELETE as is_dele11_0_, admuser0_.PASSWORD as passwor12_0_, admuser0_.PHONE_NUMBER as phone_n13_0_, admuser0_.POSITION as positio14_0_, admuser0_.STATUS as status15_0_, admuser0_.SURNAME as surname16_0_, admuser0_.TYPE as type17_0_, admuser0_.UPDATE_TIME as update_18_0_, admuser0_.UPDATER_ID as updater19_0_, admuser0_.UPDATER_NAME as updater20_0_, admuser0_.USER_NAME as user_na21_0_ from ADM_USERS admuser0_ where admuser0_.USER_NAME=?
2022-09-29 23:22:07,675 TRACE o.h.t.d.s.BasicBinder [http-nio-8023-exec-3] binding parameter [1] as [VARCHAR] - [user2]
2022-09-29 23:22:07,676 ERROR c.s.c.RestApiExceptionHandler [http-nio-8023-exec-3] error - POST 192.168.0.104:8023/ig-clone/public/v1/sso/register - Tên đăng nhập đã tồn tại
2022-09-29 23:22:07,768 DEBUG o.h.e.j.s.SqlStatementLogger [http-nio-8023-exec-1] select admuser0_.id as id1_0_, admuser0_.ADDRESS as address2_0_, admuser0_.BIRTHDAY as birthday3_0_, admuser0_.CREATE_TIME as create_t4_0_, admuser0_.CREATOR_ID as creator_5_0_, admuser0_.CREATOR_NAME as creator_6_0_, admuser0_.EMAIL as email7_0_, admuser0_.FULL_NAME as full_nam8_0_, admuser0_.GENDER as gender9_0_, admuser0_.GIVEN_NAME as given_n10_0_, admuser0_.IS_DELETE as is_dele11_0_, admuser0_.PASSWORD as passwor12_0_, admuser0_.PHONE_NUMBER as phone_n13_0_, admuser0_.POSITION as positio14_0_, admuser0_.STATUS as status15_0_, admuser0_.SURNAME as surname16_0_, admuser0_.TYPE as type17_0_, admuser0_.UPDATE_TIME as update_18_0_, admuser0_.UPDATER_ID as updater19_0_, admuser0_.UPDATER_NAME as updater20_0_, admuser0_.USER_NAME as user_na21_0_ from ADM_USERS admuser0_ where admuser0_.USER_NAME=?
2022-09-29 23:22:07,768 TRACE o.h.t.d.s.BasicBinder [http-nio-8023-exec-1] binding parameter [1] as [VARCHAR] - [user2]
2022-09-29 23:22:07,770 ERROR c.s.c.RestApiExceptionHandler [http-nio-8023-exec-1] error - POST 192.168.0.104:8023/ig-clone/public/v1/sso/register - Tên đăng nhập đã tồn tại
2022-09-29 23:22:15,147 DEBUG o.h.e.j.s.SqlStatementLogger [http-nio-8023-exec-4] select admuser0_.id as id1_0_, admuser0_.ADDRESS as address2_0_, admuser0_.BIRTHDAY as birthday3_0_, admuser0_.CREATE_TIME as create_t4_0_, admuser0_.CREATOR_ID as creator_5_0_, admuser0_.CREATOR_NAME as creator_6_0_, admuser0_.EMAIL as email7_0_, admuser0_.FULL_NAME as full_nam8_0_, admuser0_.GENDER as gender9_0_, admuser0_.GIVEN_NAME as given_n10_0_, admuser0_.IS_DELETE as is_dele11_0_, admuser0_.PASSWORD as passwor12_0_, admuser0_.PHONE_NUMBER as phone_n13_0_, admuser0_.POSITION as positio14_0_, admuser0_.STATUS as status15_0_, admuser0_.SURNAME as surname16_0_, admuser0_.TYPE as type17_0_, admuser0_.UPDATE_TIME as update_18_0_, admuser0_.UPDATER_ID as updater19_0_, admuser0_.UPDATER_NAME as updater20_0_, admuser0_.USER_NAME as user_na21_0_ from ADM_USERS admuser0_ where admuser0_.USER_NAME=?
2022-09-29 23:22:15,147 TRACE o.h.t.d.s.BasicBinder [http-nio-8023-exec-4] binding parameter [1] as [VARCHAR] - [user2]
2022-09-29 23:22:15,148 ERROR c.s.c.RestApiExceptionHandler [http-nio-8023-exec-4] error - POST 192.168.0.104:8023/ig-clone/public/v1/sso/register - Tên đăng nhập đã tồn tại
2022-09-29 23:22:15,229 DEBUG o.h.e.j.s.SqlStatementLogger [http-nio-8023-exec-6] select admuser0_.id as id1_0_, admuser0_.ADDRESS as address2_0_, admuser0_.BIRTHDAY as birthday3_0_, admuser0_.CREATE_TIME as create_t4_0_, admuser0_.CREATOR_ID as creator_5_0_, admuser0_.CREATOR_NAME as creator_6_0_, admuser0_.EMAIL as email7_0_, admuser0_.FULL_NAME as full_nam8_0_, admuser0_.GENDER as gender9_0_, admuser0_.GIVEN_NAME as given_n10_0_, admuser0_.IS_DELETE as is_dele11_0_, admuser0_.PASSWORD as passwor12_0_, admuser0_.PHONE_NUMBER as phone_n13_0_, admuser0_.POSITION as positio14_0_, admuser0_.STATUS as status15_0_, admuser0_.SURNAME as surname16_0_, admuser0_.TYPE as type17_0_, admuser0_.UPDATE_TIME as update_18_0_, admuser0_.UPDATER_ID as updater19_0_, admuser0_.UPDATER_NAME as updater20_0_, admuser0_.USER_NAME as user_na21_0_ from ADM_USERS admuser0_ where admuser0_.USER_NAME=?
2022-09-29 23:22:15,230 TRACE o.h.t.d.s.BasicBinder [http-nio-8023-exec-6] binding parameter [1] as [VARCHAR] - [user2]
2022-09-29 23:22:15,231 ERROR c.s.c.RestApiExceptionHandler [http-nio-8023-exec-6] error - POST 192.168.0.104:8023/ig-clone/public/v1/sso/register - Tên đăng nhập đã tồn tại
2022-09-29 23:24:10,528 DEBUG o.h.e.j.s.SqlStatementLogger [http-nio-8023-exec-5] select admuser0_.id as id1_0_, admuser0_.ADDRESS as address2_0_, admuser0_.BIRTHDAY as birthday3_0_, admuser0_.CREATE_TIME as create_t4_0_, admuser0_.CREATOR_ID as creator_5_0_, admuser0_.CREATOR_NAME as creator_6_0_, admuser0_.EMAIL as email7_0_, admuser0_.FULL_NAME as full_nam8_0_, admuser0_.GENDER as gender9_0_, admuser0_.GIVEN_NAME as given_n10_0_, admuser0_.IS_DELETE as is_dele11_0_, admuser0_.PASSWORD as passwor12_0_, admuser0_.PHONE_NUMBER as phone_n13_0_, admuser0_.POSITION as positio14_0_, admuser0_.STATUS as status15_0_, admuser0_.SURNAME as surname16_0_, admuser0_.TYPE as type17_0_, admuser0_.UPDATE_TIME as update_18_0_, admuser0_.UPDATER_ID as updater19_0_, admuser0_.UPDATER_NAME as updater20_0_, admuser0_.USER_NAME as user_na21_0_ from ADM_USERS admuser0_ where admuser0_.USER_NAME=?
2022-09-29 23:24:10,528 TRACE o.h.t.d.s.BasicBinder [http-nio-8023-exec-5] binding parameter [1] as [VARCHAR] - [user2]
2022-09-29 23:24:10,530 ERROR c.s.c.RestApiExceptionHandler [http-nio-8023-exec-5] error - POST 192.168.0.104:8023/ig-clone/public/v1/sso/register - Tên đăng nhập đã tồn tại
2022-09-29 23:24:10,625 DEBUG o.h.e.j.s.SqlStatementLogger [http-nio-8023-exec-7] select admuser0_.id as id1_0_, admuser0_.ADDRESS as address2_0_, admuser0_.BIRTHDAY as birthday3_0_, admuser0_.CREATE_TIME as create_t4_0_, admuser0_.CREATOR_ID as creator_5_0_, admuser0_.CREATOR_NAME as creator_6_0_, admuser0_.EMAIL as email7_0_, admuser0_.FULL_NAME as full_nam8_0_, admuser0_.GENDER as gender9_0_, admuser0_.GIVEN_NAME as given_n10_0_, admuser0_.IS_DELETE as is_dele11_0_, admuser0_.PASSWORD as passwor12_0_, admuser0_.PHONE_NUMBER as phone_n13_0_, admuser0_.POSITION as positio14_0_, admuser0_.STATUS as status15_0_, admuser0_.SURNAME as surname16_0_, admuser0_.TYPE as type17_0_, admuser0_.UPDATE_TIME as update_18_0_, admuser0_.UPDATER_ID as updater19_0_, admuser0_.UPDATER_NAME as updater20_0_, admuser0_.USER_NAME as user_na21_0_ from ADM_USERS admuser0_ where admuser0_.USER_NAME=?
2022-09-29 23:24:10,625 TRACE o.h.t.d.s.BasicBinder [http-nio-8023-exec-7] binding parameter [1] as [VARCHAR] - [user2]
2022-09-29 23:24:10,626 ERROR c.s.c.RestApiExceptionHandler [http-nio-8023-exec-7] error - POST 192.168.0.104:8023/ig-clone/public/v1/sso/register - Tên đăng nhập đã tồn tại
2022-09-29 23:25:18,865 DEBUG o.h.e.j.s.SqlStatementLogger [http-nio-8023-exec-8] select admuser0_.id as id1_0_, admuser0_.ADDRESS as address2_0_, admuser0_.BIRTHDAY as birthday3_0_, admuser0_.CREATE_TIME as create_t4_0_, admuser0_.CREATOR_ID as creator_5_0_, admuser0_.CREATOR_NAME as creator_6_0_, admuser0_.EMAIL as email7_0_, admuser0_.FULL_NAME as full_nam8_0_, admuser0_.GENDER as gender9_0_, admuser0_.GIVEN_NAME as given_n10_0_, admuser0_.IS_DELETE as is_dele11_0_, admuser0_.PASSWORD as passwor12_0_, admuser0_.PHONE_NUMBER as phone_n13_0_, admuser0_.POSITION as positio14_0_, admuser0_.STATUS as status15_0_, admuser0_.SURNAME as surname16_0_, admuser0_.TYPE as type17_0_, admuser0_.UPDATE_TIME as update_18_0_, admuser0_.UPDATER_ID as updater19_0_, admuser0_.UPDATER_NAME as updater20_0_, admuser0_.USER_NAME as user_na21_0_ from ADM_USERS admuser0_ where admuser0_.USER_NAME=?
2022-09-29 23:25:18,866 TRACE o.h.t.d.s.BasicBinder [http-nio-8023-exec-8] binding parameter [1] as [VARCHAR] - [user2]
2022-09-29 23:25:18,867 ERROR c.s.c.RestApiExceptionHandler [http-nio-8023-exec-8] error - POST 192.168.0.104:8023/ig-clone/public/v1/sso/register - Tên đăng nhập đã tồn tại
2022-09-29 23:27:35,864 DEBUG o.h.e.j.s.SqlStatementLogger [http-nio-8023-exec-10] select admuser0_.id as id1_0_, admuser0_.ADDRESS as address2_0_, admuser0_.BIRTHDAY as birthday3_0_, admuser0_.CREATE_TIME as create_t4_0_, admuser0_.CREATOR_ID as creator_5_0_, admuser0_.CREATOR_NAME as creator_6_0_, admuser0_.EMAIL as email7_0_, admuser0_.FULL_NAME as full_nam8_0_, admuser0_.GENDER as gender9_0_, admuser0_.GIVEN_NAME as given_n10_0_, admuser0_.IS_DELETE as is_dele11_0_, admuser0_.PASSWORD as passwor12_0_, admuser0_.PHONE_NUMBER as phone_n13_0_, admuser0_.POSITION as positio14_0_, admuser0_.STATUS as status15_0_, admuser0_.SURNAME as surname16_0_, admuser0_.TYPE as type17_0_, admuser0_.UPDATE_TIME as update_18_0_, admuser0_.UPDATER_ID as updater19_0_, admuser0_.UPDATER_NAME as updater20_0_, admuser0_.USER_NAME as user_na21_0_ from ADM_USERS admuser0_ where admuser0_.USER_NAME=?
2022-09-29 23:27:35,865 TRACE o.h.t.d.s.BasicBinder [http-nio-8023-exec-10] binding parameter [1] as [VARCHAR] - [user2]
2022-09-29 23:27:35,868 ERROR c.s.c.RestApiExceptionHandler [http-nio-8023-exec-10] error - POST 192.168.0.104:8023/ig-clone/public/v1/sso/register - Tên đăng nhập đã tồn tại
2022-09-29 23:27:35,958 DEBUG o.h.e.j.s.SqlStatementLogger [http-nio-8023-exec-9] select admuser0_.id as id1_0_, admuser0_.ADDRESS as address2_0_, admuser0_.BIRTHDAY as birthday3_0_, admuser0_.CREATE_TIME as create_t4_0_, admuser0_.CREATOR_ID as creator_5_0_, admuser0_.CREATOR_NAME as creator_6_0_, admuser0_.EMAIL as email7_0_, admuser0_.FULL_NAME as full_nam8_0_, admuser0_.GENDER as gender9_0_, admuser0_.GIVEN_NAME as given_n10_0_, admuser0_.IS_DELETE as is_dele11_0_, admuser0_.PASSWORD as passwor12_0_, admuser0_.PHONE_NUMBER as phone_n13_0_, admuser0_.POSITION as positio14_0_, admuser0_.STATUS as status15_0_, admuser0_.SURNAME as surname16_0_, admuser0_.TYPE as type17_0_, admuser0_.UPDATE_TIME as update_18_0_, admuser0_.UPDATER_ID as updater19_0_, admuser0_.UPDATER_NAME as updater20_0_, admuser0_.USER_NAME as user_na21_0_ from ADM_USERS admuser0_ where admuser0_.USER_NAME=?
2022-09-29 23:27:35,959 TRACE o.h.t.d.s.BasicBinder [http-nio-8023-exec-9] binding parameter [1] as [VARCHAR] - [user2]
2022-09-29 23:27:35,960 ERROR c.s.c.RestApiExceptionHandler [http-nio-8023-exec-9] error - POST 192.168.0.104:8023/ig-clone/public/v1/sso/register - Tên đăng nhập đã tồn tại
2022-09-29 23:28:33,096 DEBUG o.h.e.j.s.SqlStatementLogger [http-nio-8023-exec-2] select admuser0_.id as id1_0_, admuser0_.ADDRESS as address2_0_, admuser0_.BIRTHDAY as birthday3_0_, admuser0_.CREATE_TIME as create_t4_0_, admuser0_.CREATOR_ID as creator_5_0_, admuser0_.CREATOR_NAME as creator_6_0_, admuser0_.EMAIL as email7_0_, admuser0_.FULL_NAME as full_nam8_0_, admuser0_.GENDER as gender9_0_, admuser0_.GIVEN_NAME as given_n10_0_, admuser0_.IS_DELETE as is_dele11_0_, admuser0_.PASSWORD as passwor12_0_, admuser0_.PHONE_NUMBER as phone_n13_0_, admuser0_.POSITION as positio14_0_, admuser0_.STATUS as status15_0_, admuser0_.SURNAME as surname16_0_, admuser0_.TYPE as type17_0_, admuser0_.UPDATE_TIME as update_18_0_, admuser0_.UPDATER_ID as updater19_0_, admuser0_.UPDATER_NAME as updater20_0_, admuser0_.USER_NAME as user_na21_0_ from ADM_USERS admuser0_ where admuser0_.USER_NAME=?
2022-09-29 23:28:33,097 TRACE o.h.t.d.s.BasicBinder [http-nio-8023-exec-2] binding parameter [1] as [VARCHAR] - [user2]
2022-09-29 23:28:33,098 ERROR c.s.c.RestApiExceptionHandler [http-nio-8023-exec-2] error - POST 192.168.0.104:8023/ig-clone/public/v1/sso/register - Tên đăng nhập đã tồn tại
2022-09-29 23:28:33,197 DEBUG o.h.e.j.s.SqlStatementLogger [http-nio-8023-exec-3] select admuser0_.id as id1_0_, admuser0_.ADDRESS as address2_0_, admuser0_.BIRTHDAY as birthday3_0_, admuser0_.CREATE_TIME as create_t4_0_, admuser0_.CREATOR_ID as creator_5_0_, admuser0_.CREATOR_NAME as creator_6_0_, admuser0_.EMAIL as email7_0_, admuser0_.FULL_NAME as full_nam8_0_, admuser0_.GENDER as gender9_0_, admuser0_.GIVEN_NAME as given_n10_0_, admuser0_.IS_DELETE as is_dele11_0_, admuser0_.PASSWORD as passwor12_0_, admuser0_.PHONE_NUMBER as phone_n13_0_, admuser0_.POSITION as positio14_0_, admuser0_.STATUS as status15_0_, admuser0_.SURNAME as surname16_0_, admuser0_.TYPE as type17_0_, admuser0_.UPDATE_TIME as update_18_0_, admuser0_.UPDATER_ID as updater19_0_, admuser0_.UPDATER_NAME as updater20_0_, admuser0_.USER_NAME as user_na21_0_ from ADM_USERS admuser0_ where admuser0_.USER_NAME=?
2022-09-29 23:28:33,197 TRACE o.h.t.d.s.BasicBinder [http-nio-8023-exec-3] binding parameter [1] as [VARCHAR] - [user2]
2022-09-29 23:28:33,199 ERROR c.s.c.RestApiExceptionHandler [http-nio-8023-exec-3] error - POST 192.168.0.104:8023/ig-clone/public/v1/sso/register - Tên đăng nhập đã tồn tại
2022-09-29 23:30:19,736 DEBUG o.h.e.j.s.SqlStatementLogger [http-nio-8023-exec-1] select admuser0_.id as id1_0_, admuser0_.ADDRESS as address2_0_, admuser0_.BIRTHDAY as birthday3_0_, admuser0_.CREATE_TIME as create_t4_0_, admuser0_.CREATOR_ID as creator_5_0_, admuser0_.CREATOR_NAME as creator_6_0_, admuser0_.EMAIL as email7_0_, admuser0_.FULL_NAME as full_nam8_0_, admuser0_.GENDER as gender9_0_, admuser0_.GIVEN_NAME as given_n10_0_, admuser0_.IS_DELETE as is_dele11_0_, admuser0_.PASSWORD as passwor12_0_, admuser0_.PHONE_NUMBER as phone_n13_0_, admuser0_.POSITION as positio14_0_, admuser0_.STATUS as status15_0_, admuser0_.SURNAME as surname16_0_, admuser0_.TYPE as type17_0_, admuser0_.UPDATE_TIME as update_18_0_, admuser0_.UPDATER_ID as updater19_0_, admuser0_.UPDATER_NAME as updater20_0_, admuser0_.USER_NAME as user_na21_0_ from ADM_USERS admuser0_ where admuser0_.USER_NAME=?
2022-09-29 23:30:19,737 TRACE o.h.t.d.s.BasicBinder [http-nio-8023-exec-1] binding parameter [1] as [VARCHAR] - [user2]
2022-09-29 23:30:19,738 ERROR c.s.c.RestApiExceptionHandler [http-nio-8023-exec-1] error - POST 192.168.0.104:8023/ig-clone/public/v1/sso/register - Tên đăng nhập đã tồn tại
2022-09-29 23:30:19,828 DEBUG o.h.e.j.s.SqlStatementLogger [http-nio-8023-exec-4] select admuser0_.id as id1_0_, admuser0_.ADDRESS as address2_0_, admuser0_.BIRTHDAY as birthday3_0_, admuser0_.CREATE_TIME as create_t4_0_, admuser0_.CREATOR_ID as creator_5_0_, admuser0_.CREATOR_NAME as creator_6_0_, admuser0_.EMAIL as email7_0_, admuser0_.FULL_NAME as full_nam8_0_, admuser0_.GENDER as gender9_0_, admuser0_.GIVEN_NAME as given_n10_0_, admuser0_.IS_DELETE as is_dele11_0_, admuser0_.PASSWORD as passwor12_0_, admuser0_.PHONE_NUMBER as phone_n13_0_, admuser0_.POSITION as positio14_0_, admuser0_.STATUS as status15_0_, admuser0_.SURNAME as surname16_0_, admuser0_.TYPE as type17_0_, admuser0_.UPDATE_TIME as update_18_0_, admuser0_.UPDATER_ID as updater19_0_, admuser0_.UPDATER_NAME as updater20_0_, admuser0_.USER_NAME as user_na21_0_ from ADM_USERS admuser0_ where admuser0_.USER_NAME=?
2022-09-29 23:30:19,829 TRACE o.h.t.d.s.BasicBinder [http-nio-8023-exec-4] binding parameter [1] as [VARCHAR] - [user2]
2022-09-29 23:30:19,830 ERROR c.s.c.RestApiExceptionHandler [http-nio-8023-exec-4] error - POST 192.168.0.104:8023/ig-clone/public/v1/sso/register - Tên đăng nhập đã tồn tại
2022-09-29 23:30:33,897 DEBUG o.h.e.j.s.SqlStatementLogger [http-nio-8023-exec-6] select admuser0_.id as id1_0_, admuser0_.ADDRESS as address2_0_, admuser0_.BIRTHDAY as birthday3_0_, admuser0_.CREATE_TIME as create_t4_0_, admuser0_.CREATOR_ID as creator_5_0_, admuser0_.CREATOR_NAME as creator_6_0_, admuser0_.EMAIL as email7_0_, admuser0_.FULL_NAME as full_nam8_0_, admuser0_.GENDER as gender9_0_, admuser0_.GIVEN_NAME as given_n10_0_, admuser0_.IS_DELETE as is_dele11_0_, admuser0_.PASSWORD as passwor12_0_, admuser0_.PHONE_NUMBER as phone_n13_0_, admuser0_.POSITION as positio14_0_, admuser0_.STATUS as status15_0_, admuser0_.SURNAME as surname16_0_, admuser0_.TYPE as type17_0_, admuser0_.UPDATE_TIME as update_18_0_, admuser0_.UPDATER_ID as updater19_0_, admuser0_.UPDATER_NAME as updater20_0_, admuser0_.USER_NAME as user_na21_0_ from ADM_USERS admuser0_ where admuser0_.USER_NAME=?
2022-09-29 23:30:33,897 TRACE o.h.t.d.s.BasicBinder [http-nio-8023-exec-6] binding parameter [1] as [VARCHAR] - [user2]
2022-09-29 23:30:33,899 ERROR c.s.c.RestApiExceptionHandler [http-nio-8023-exec-6] error - POST 192.168.0.104:8023/ig-clone/public/v1/sso/register - Tên đăng nhập đã tồn tại
2022-09-29 23:30:33,982 DEBUG o.h.e.j.s.SqlStatementLogger [http-nio-8023-exec-5] select admuser0_.id as id1_0_, admuser0_.ADDRESS as address2_0_, admuser0_.BIRTHDAY as birthday3_0_, admuser0_.CREATE_TIME as create_t4_0_, admuser0_.CREATOR_ID as creator_5_0_, admuser0_.CREATOR_NAME as creator_6_0_, admuser0_.EMAIL as email7_0_, admuser0_.FULL_NAME as full_nam8_0_, admuser0_.GENDER as gender9_0_, admuser0_.GIVEN_NAME as given_n10_0_, admuser0_.IS_DELETE as is_dele11_0_, admuser0_.PASSWORD as passwor12_0_, admuser0_.PHONE_NUMBER as phone_n13_0_, admuser0_.POSITION as positio14_0_, admuser0_.STATUS as status15_0_, admuser0_.SURNAME as surname16_0_, admuser0_.TYPE as type17_0_, admuser0_.UPDATE_TIME as update_18_0_, admuser0_.UPDATER_ID as updater19_0_, admuser0_.UPDATER_NAME as updater20_0_, admuser0_.USER_NAME as user_na21_0_ from ADM_USERS admuser0_ where admuser0_.USER_NAME=?
2022-09-29 23:30:33,983 TRACE o.h.t.d.s.BasicBinder [http-nio-8023-exec-5] binding parameter [1] as [VARCHAR] - [user2]
2022-09-29 23:30:33,984 ERROR c.s.c.RestApiExceptionHandler [http-nio-8023-exec-5] error - POST 192.168.0.104:8023/ig-clone/public/v1/sso/register - Tên đăng nhập đã tồn tại
2022-09-29 23:30:37,408 DEBUG o.h.e.j.s.SqlStatementLogger [http-nio-8023-exec-7] select admuser0_.id as id1_0_, admuser0_.ADDRESS as address2_0_, admuser0_.BIRTHDAY as birthday3_0_, admuser0_.CREATE_TIME as create_t4_0_, admuser0_.CREATOR_ID as creator_5_0_, admuser0_.CREATOR_NAME as creator_6_0_, admuser0_.EMAIL as email7_0_, admuser0_.FULL_NAME as full_nam8_0_, admuser0_.GENDER as gender9_0_, admuser0_.GIVEN_NAME as given_n10_0_, admuser0_.IS_DELETE as is_dele11_0_, admuser0_.PASSWORD as passwor12_0_, admuser0_.PHONE_NUMBER as phone_n13_0_, admuser0_.POSITION as positio14_0_, admuser0_.STATUS as status15_0_, admuser0_.SURNAME as surname16_0_, admuser0_.TYPE as type17_0_, admuser0_.UPDATE_TIME as update_18_0_, admuser0_.UPDATER_ID as updater19_0_, admuser0_.UPDATER_NAME as updater20_0_, admuser0_.USER_NAME as user_na21_0_ from ADM_USERS admuser0_ where admuser0_.USER_NAME=?
2022-09-29 23:30:37,408 TRACE o.h.t.d.s.BasicBinder [http-nio-8023-exec-7] binding parameter [1] as [VARCHAR] - [user2]
2022-09-29 23:30:37,409 ERROR c.s.c.RestApiExceptionHandler [http-nio-8023-exec-7] error - POST 192.168.0.104:8023/ig-clone/public/v1/sso/register - Tên đăng nhập đã tồn tại
2022-09-29 23:30:37,494 DEBUG o.h.e.j.s.SqlStatementLogger [http-nio-8023-exec-8] select admuser0_.id as id1_0_, admuser0_.ADDRESS as address2_0_, admuser0_.BIRTHDAY as birthday3_0_, admuser0_.CREATE_TIME as create_t4_0_, admuser0_.CREATOR_ID as creator_5_0_, admuser0_.CREATOR_NAME as creator_6_0_, admuser0_.EMAIL as email7_0_, admuser0_.FULL_NAME as full_nam8_0_, admuser0_.GENDER as gender9_0_, admuser0_.GIVEN_NAME as given_n10_0_, admuser0_.IS_DELETE as is_dele11_0_, admuser0_.PASSWORD as passwor12_0_, admuser0_.PHONE_NUMBER as phone_n13_0_, admuser0_.POSITION as positio14_0_, admuser0_.STATUS as status15_0_, admuser0_.SURNAME as surname16_0_, admuser0_.TYPE as type17_0_, admuser0_.UPDATE_TIME as update_18_0_, admuser0_.UPDATER_ID as updater19_0_, admuser0_.UPDATER_NAME as updater20_0_, admuser0_.USER_NAME as user_na21_0_ from ADM_USERS admuser0_ where admuser0_.USER_NAME=?
2022-09-29 23:30:37,494 TRACE o.h.t.d.s.BasicBinder [http-nio-8023-exec-8] binding parameter [1] as [VARCHAR] - [user2]
2022-09-29 23:30:37,495 ERROR c.s.c.RestApiExceptionHandler [http-nio-8023-exec-8] error - POST 192.168.0.104:8023/ig-clone/public/v1/sso/register - Tên đăng nhập đã tồn tại
2022-09-29 23:30:38,664 DEBUG o.h.e.j.s.SqlStatementLogger [http-nio-8023-exec-10] select admuser0_.id as id1_0_, admuser0_.ADDRESS as address2_0_, admuser0_.BIRTHDAY as birthday3_0_, admuser0_.CREATE_TIME as create_t4_0_, admuser0_.CREATOR_ID as creator_5_0_, admuser0_.CREATOR_NAME as creator_6_0_, admuser0_.EMAIL as email7_0_, admuser0_.FULL_NAME as full_nam8_0_, admuser0_.GENDER as gender9_0_, admuser0_.GIVEN_NAME as given_n10_0_, admuser0_.IS_DELETE as is_dele11_0_, admuser0_.PASSWORD as passwor12_0_, admuser0_.PHONE_NUMBER as phone_n13_0_, admuser0_.POSITION as positio14_0_, admuser0_.STATUS as status15_0_, admuser0_.SURNAME as surname16_0_, admuser0_.TYPE as type17_0_, admuser0_.UPDATE_TIME as update_18_0_, admuser0_.UPDATER_ID as updater19_0_, admuser0_.UPDATER_NAME as updater20_0_, admuser0_.USER_NAME as user_na21_0_ from ADM_USERS admuser0_ where admuser0_.USER_NAME=?
2022-09-29 23:30:38,665 TRACE o.h.t.d.s.BasicBinder [http-nio-8023-exec-10] binding parameter [1] as [VARCHAR] - [user2]
2022-09-29 23:30:38,666 ERROR c.s.c.RestApiExceptionHandler [http-nio-8023-exec-10] error - POST 192.168.0.104:8023/ig-clone/public/v1/sso/register - Tên đăng nhập đã tồn tại
2022-09-29 23:30:38,750 DEBUG o.h.e.j.s.SqlStatementLogger [http-nio-8023-exec-9] select admuser0_.id as id1_0_, admuser0_.ADDRESS as address2_0_, admuser0_.BIRTHDAY as birthday3_0_, admuser0_.CREATE_TIME as create_t4_0_, admuser0_.CREATOR_ID as creator_5_0_, admuser0_.CREATOR_NAME as creator_6_0_, admuser0_.EMAIL as email7_0_, admuser0_.FULL_NAME as full_nam8_0_, admuser0_.GENDER as gender9_0_, admuser0_.GIVEN_NAME as given_n10_0_, admuser0_.IS_DELETE as is_dele11_0_, admuser0_.PASSWORD as passwor12_0_, admuser0_.PHONE_NUMBER as phone_n13_0_, admuser0_.POSITION as positio14_0_, admuser0_.STATUS as status15_0_, admuser0_.SURNAME as surname16_0_, admuser0_.TYPE as type17_0_, admuser0_.UPDATE_TIME as update_18_0_, admuser0_.UPDATER_ID as updater19_0_, admuser0_.UPDATER_NAME as updater20_0_, admuser0_.USER_NAME as user_na21_0_ from ADM_USERS admuser0_ where admuser0_.USER_NAME=?
2022-09-29 23:30:38,750 TRACE o.h.t.d.s.BasicBinder [http-nio-8023-exec-9] binding parameter [1] as [VARCHAR] - [user2]
2022-09-29 23:30:38,751 ERROR c.s.c.RestApiExceptionHandler [http-nio-8023-exec-9] error - POST 192.168.0.104:8023/ig-clone/public/v1/sso/register - Tên đăng nhập đã tồn tại
2022-09-29 23:33:40,156 DEBUG o.h.e.j.s.SqlStatementLogger [http-nio-8023-exec-2] select admuser0_.id as id1_0_, admuser0_.ADDRESS as address2_0_, admuser0_.BIRTHDAY as birthday3_0_, admuser0_.CREATE_TIME as create_t4_0_, admuser0_.CREATOR_ID as creator_5_0_, admuser0_.CREATOR_NAME as creator_6_0_, admuser0_.EMAIL as email7_0_, admuser0_.FULL_NAME as full_nam8_0_, admuser0_.GENDER as gender9_0_, admuser0_.GIVEN_NAME as given_n10_0_, admuser0_.IS_DELETE as is_dele11_0_, admuser0_.PASSWORD as passwor12_0_, admuser0_.PHONE_NUMBER as phone_n13_0_, admuser0_.POSITION as positio14_0_, admuser0_.STATUS as status15_0_, admuser0_.SURNAME as surname16_0_, admuser0_.TYPE as type17_0_, admuser0_.UPDATE_TIME as update_18_0_, admuser0_.UPDATER_ID as updater19_0_, admuser0_.UPDATER_NAME as updater20_0_, admuser0_.USER_NAME as user_na21_0_ from ADM_USERS admuser0_ where admuser0_.USER_NAME=?
2022-09-29 23:33:40,156 TRACE o.h.t.d.s.BasicBinder [http-nio-8023-exec-2] binding parameter [1] as [VARCHAR] - [user2]
2022-09-29 23:33:40,157 ERROR c.s.c.RestApiExceptionHandler [http-nio-8023-exec-2] error - POST 192.168.0.101:8023/ig-clone/public/v1/sso/register - Tên đăng nhập đã tồn tại
2022-09-29 23:33:40,258 DEBUG o.h.e.j.s.SqlStatementLogger [http-nio-8023-exec-3] select admuser0_.id as id1_0_, admuser0_.ADDRESS as address2_0_, admuser0_.BIRTHDAY as birthday3_0_, admuser0_.CREATE_TIME as create_t4_0_, admuser0_.CREATOR_ID as creator_5_0_, admuser0_.CREATOR_NAME as creator_6_0_, admuser0_.EMAIL as email7_0_, admuser0_.FULL_NAME as full_nam8_0_, admuser0_.GENDER as gender9_0_, admuser0_.GIVEN_NAME as given_n10_0_, admuser0_.IS_DELETE as is_dele11_0_, admuser0_.PASSWORD as passwor12_0_, admuser0_.PHONE_NUMBER as phone_n13_0_, admuser0_.POSITION as positio14_0_, admuser0_.STATUS as status15_0_, admuser0_.SURNAME as surname16_0_, admuser0_.TYPE as type17_0_, admuser0_.UPDATE_TIME as update_18_0_, admuser0_.UPDATER_ID as updater19_0_, admuser0_.UPDATER_NAME as updater20_0_, admuser0_.USER_NAME as user_na21_0_ from ADM_USERS admuser0_ where admuser0_.USER_NAME=?
2022-09-29 23:33:40,258 TRACE o.h.t.d.s.BasicBinder [http-nio-8023-exec-3] binding parameter [1] as [VARCHAR] - [user2]
2022-09-29 23:33:40,259 ERROR c.s.c.RestApiExceptionHandler [http-nio-8023-exec-3] error - POST 192.168.0.101:8023/ig-clone/public/v1/sso/register - Tên đăng nhập đã tồn tại
2022-09-29 23:33:42,300 DEBUG o.h.e.j.s.SqlStatementLogger [http-nio-8023-exec-1] select admuser0_.id as id1_0_, admuser0_.ADDRESS as address2_0_, admuser0_.BIRTHDAY as birthday3_0_, admuser0_.CREATE_TIME as create_t4_0_, admuser0_.CREATOR_ID as creator_5_0_, admuser0_.CREATOR_NAME as creator_6_0_, admuser0_.EMAIL as email7_0_, admuser0_.FULL_NAME as full_nam8_0_, admuser0_.GENDER as gender9_0_, admuser0_.GIVEN_NAME as given_n10_0_, admuser0_.IS_DELETE as is_dele11_0_, admuser0_.PASSWORD as passwor12_0_, admuser0_.PHONE_NUMBER as phone_n13_0_, admuser0_.POSITION as positio14_0_, admuser0_.STATUS as status15_0_, admuser0_.SURNAME as surname16_0_, admuser0_.TYPE as type17_0_, admuser0_.UPDATE_TIME as update_18_0_, admuser0_.UPDATER_ID as updater19_0_, admuser0_.UPDATER_NAME as updater20_0_, admuser0_.USER_NAME as user_na21_0_ from ADM_USERS admuser0_ where admuser0_.USER_NAME=?
2022-09-29 23:33:42,300 TRACE o.h.t.d.s.BasicBinder [http-nio-8023-exec-1] binding parameter [1] as [VARCHAR] - [user2]
2022-09-29 23:33:42,301 ERROR c.s.c.RestApiExceptionHandler [http-nio-8023-exec-1] error - POST 192.168.0.101:8023/ig-clone/public/v1/sso/register - Tên đăng nhập đã tồn tại
2022-09-29 23:33:42,394 DEBUG o.h.e.j.s.SqlStatementLogger [http-nio-8023-exec-4] select admuser0_.id as id1_0_, admuser0_.ADDRESS as address2_0_, admuser0_.BIRTHDAY as birthday3_0_, admuser0_.CREATE_TIME as create_t4_0_, admuser0_.CREATOR_ID as creator_5_0_, admuser0_.CREATOR_NAME as creator_6_0_, admuser0_.EMAIL as email7_0_, admuser0_.FULL_NAME as full_nam8_0_, admuser0_.GENDER as gender9_0_, admuser0_.GIVEN_NAME as given_n10_0_, admuser0_.IS_DELETE as is_dele11_0_, admuser0_.PASSWORD as passwor12_0_, admuser0_.PHONE_NUMBER as phone_n13_0_, admuser0_.POSITION as positio14_0_, admuser0_.STATUS as status15_0_, admuser0_.SURNAME as surname16_0_, admuser0_.TYPE as type17_0_, admuser0_.UPDATE_TIME as update_18_0_, admuser0_.UPDATER_ID as updater19_0_, admuser0_.UPDATER_NAME as updater20_0_, admuser0_.USER_NAME as user_na21_0_ from ADM_USERS admuser0_ where admuser0_.USER_NAME=?
2022-09-29 23:33:42,394 TRACE o.h.t.d.s.BasicBinder [http-nio-8023-exec-4] binding parameter [1] as [VARCHAR] - [user2]
2022-09-29 23:33:42,395 ERROR c.s.c.RestApiExceptionHandler [http-nio-8023-exec-4] error - POST 192.168.0.101:8023/ig-clone/public/v1/sso/register - Tên đăng nhập đã tồn tại
2022-09-29 23:36:27,633 DEBUG o.h.e.j.s.SqlStatementLogger [http-nio-8023-exec-6] select admuser0_.id as id1_0_, admuser0_.ADDRESS as address2_0_, admuser0_.BIRTHDAY as birthday3_0_, admuser0_.CREATE_TIME as create_t4_0_, admuser0_.CREATOR_ID as creator_5_0_, admuser0_.CREATOR_NAME as creator_6_0_, admuser0_.EMAIL as email7_0_, admuser0_.FULL_NAME as full_nam8_0_, admuser0_.GENDER as gender9_0_, admuser0_.GIVEN_NAME as given_n10_0_, admuser0_.IS_DELETE as is_dele11_0_, admuser0_.PASSWORD as passwor12_0_, admuser0_.PHONE_NUMBER as phone_n13_0_, admuser0_.POSITION as positio14_0_, admuser0_.STATUS as status15_0_, admuser0_.SURNAME as surname16_0_, admuser0_.TYPE as type17_0_, admuser0_.UPDATE_TIME as update_18_0_, admuser0_.UPDATER_ID as updater19_0_, admuser0_.UPDATER_NAME as updater20_0_, admuser0_.USER_NAME as user_na21_0_ from ADM_USERS admuser0_ where admuser0_.USER_NAME=?
2022-09-29 23:36:27,633 TRACE o.h.t.d.s.BasicBinder [http-nio-8023-exec-6] binding parameter [1] as [VARCHAR] - [user2]
2022-09-29 23:36:27,635 ERROR c.s.c.RestApiExceptionHandler [http-nio-8023-exec-6] error - POST 192.168.0.104:8023/ig-clone/public/v1/sso/register - Tên đăng nhập đã tồn tại
2022-09-29 23:36:27,754 DEBUG o.h.e.j.s.SqlStatementLogger [http-nio-8023-exec-5] select admuser0_.id as id1_0_, admuser0_.ADDRESS as address2_0_, admuser0_.BIRTHDAY as birthday3_0_, admuser0_.CREATE_TIME as create_t4_0_, admuser0_.CREATOR_ID as creator_5_0_, admuser0_.CREATOR_NAME as creator_6_0_, admuser0_.EMAIL as email7_0_, admuser0_.FULL_NAME as full_nam8_0_, admuser0_.GENDER as gender9_0_, admuser0_.GIVEN_NAME as given_n10_0_, admuser0_.IS_DELETE as is_dele11_0_, admuser0_.PASSWORD as passwor12_0_, admuser0_.PHONE_NUMBER as phone_n13_0_, admuser0_.POSITION as positio14_0_, admuser0_.STATUS as status15_0_, admuser0_.SURNAME as surname16_0_, admuser0_.TYPE as type17_0_, admuser0_.UPDATE_TIME as update_18_0_, admuser0_.UPDATER_ID as updater19_0_, admuser0_.UPDATER_NAME as updater20_0_, admuser0_.USER_NAME as user_na21_0_ from ADM_USERS admuser0_ where admuser0_.USER_NAME=?
2022-09-29 23:36:27,755 TRACE o.h.t.d.s.BasicBinder [http-nio-8023-exec-5] binding parameter [1] as [VARCHAR] - [user2]
2022-09-29 23:36:27,757 ERROR c.s.c.RestApiExceptionHandler [http-nio-8023-exec-5] error - POST 192.168.0.104:8023/ig-clone/public/v1/sso/register - Tên đăng nhập đã tồn tại
2022-09-29 23:36:30,522 DEBUG o.h.e.j.s.SqlStatementLogger [http-nio-8023-exec-7] select admuser0_.id as id1_0_, admuser0_.ADDRESS as address2_0_, admuser0_.BIRTHDAY as birthday3_0_, admuser0_.CREATE_TIME as create_t4_0_, admuser0_.CREATOR_ID as creator_5_0_, admuser0_.CREATOR_NAME as creator_6_0_, admuser0_.EMAIL as email7_0_, admuser0_.FULL_NAME as full_nam8_0_, admuser0_.GENDER as gender9_0_, admuser0_.GIVEN_NAME as given_n10_0_, admuser0_.IS_DELETE as is_dele11_0_, admuser0_.PASSWORD as passwor12_0_, admuser0_.PHONE_NUMBER as phone_n13_0_, admuser0_.POSITION as positio14_0_, admuser0_.STATUS as status15_0_, admuser0_.SURNAME as surname16_0_, admuser0_.TYPE as type17_0_, admuser0_.UPDATE_TIME as update_18_0_, admuser0_.UPDATER_ID as updater19_0_, admuser0_.UPDATER_NAME as updater20_0_, admuser0_.USER_NAME as user_na21_0_ from ADM_USERS admuser0_ where admuser0_.USER_NAME=?
2022-09-29 23:36:30,523 TRACE o.h.t.d.s.BasicBinder [http-nio-8023-exec-7] binding parameter [1] as [VARCHAR] - [user2]
2022-09-29 23:36:30,524 ERROR c.s.c.RestApiExceptionHandler [http-nio-8023-exec-7] error - POST 192.168.0.104:8023/ig-clone/public/v1/sso/register - Tên đăng nhập đã tồn tại
2022-09-29 23:36:30,624 DEBUG o.h.e.j.s.SqlStatementLogger [http-nio-8023-exec-8] select admuser0_.id as id1_0_, admuser0_.ADDRESS as address2_0_, admuser0_.BIRTHDAY as birthday3_0_, admuser0_.CREATE_TIME as create_t4_0_, admuser0_.CREATOR_ID as creator_5_0_, admuser0_.CREATOR_NAME as creator_6_0_, admuser0_.EMAIL as email7_0_, admuser0_.FULL_NAME as full_nam8_0_, admuser0_.GENDER as gender9_0_, admuser0_.GIVEN_NAME as given_n10_0_, admuser0_.IS_DELETE as is_dele11_0_, admuser0_.PASSWORD as passwor12_0_, admuser0_.PHONE_NUMBER as phone_n13_0_, admuser0_.POSITION as positio14_0_, admuser0_.STATUS as status15_0_, admuser0_.SURNAME as surname16_0_, admuser0_.TYPE as type17_0_, admuser0_.UPDATE_TIME as update_18_0_, admuser0_.UPDATER_ID as updater19_0_, admuser0_.UPDATER_NAME as updater20_0_, admuser0_.USER_NAME as user_na21_0_ from ADM_USERS admuser0_ where admuser0_.USER_NAME=?
2022-09-29 23:36:30,624 TRACE o.h.t.d.s.BasicBinder [http-nio-8023-exec-8] binding parameter [1] as [VARCHAR] - [user2]
2022-09-29 23:36:30,626 ERROR c.s.c.RestApiExceptionHandler [http-nio-8023-exec-8] error - POST 192.168.0.104:8023/ig-clone/public/v1/sso/register - Tên đăng nhập đã tồn tại
2022-09-29 23:36:45,485 DEBUG o.h.e.j.s.SqlStatementLogger [http-nio-8023-exec-10] select admuser0_.id as id1_0_, admuser0_.ADDRESS as address2_0_, admuser0_.BIRTHDAY as birthday3_0_, admuser0_.CREATE_TIME as create_t4_0_, admuser0_.CREATOR_ID as creator_5_0_, admuser0_.CREATOR_NAME as creator_6_0_, admuser0_.EMAIL as email7_0_, admuser0_.FULL_NAME as full_nam8_0_, admuser0_.GENDER as gender9_0_, admuser0_.GIVEN_NAME as given_n10_0_, admuser0_.IS_DELETE as is_dele11_0_, admuser0_.PASSWORD as passwor12_0_, admuser0_.PHONE_NUMBER as phone_n13_0_, admuser0_.POSITION as positio14_0_, admuser0_.STATUS as status15_0_, admuser0_.SURNAME as surname16_0_, admuser0_.TYPE as type17_0_, admuser0_.UPDATE_TIME as update_18_0_, admuser0_.UPDATER_ID as updater19_0_, admuser0_.UPDATER_NAME as updater20_0_, admuser0_.USER_NAME as user_na21_0_ from ADM_USERS admuser0_ where admuser0_.USER_NAME=?
2022-09-29 23:36:45,485 TRACE o.h.t.d.s.BasicBinder [http-nio-8023-exec-10] binding parameter [1] as [VARCHAR] - [user3]
2022-09-29 23:36:45,487 ERROR c.s.c.RestApiExceptionHandler [http-nio-8023-exec-10] error - POST 192.168.0.104:8023/ig-clone/public/v1/sso/register - Tên đăng nhập đã tồn tại
2022-09-29 23:36:45,587 DEBUG o.h.e.j.s.SqlStatementLogger [http-nio-8023-exec-9] select admuser0_.id as id1_0_, admuser0_.ADDRESS as address2_0_, admuser0_.BIRTHDAY as birthday3_0_, admuser0_.CREATE_TIME as create_t4_0_, admuser0_.CREATOR_ID as creator_5_0_, admuser0_.CREATOR_NAME as creator_6_0_, admuser0_.EMAIL as email7_0_, admuser0_.FULL_NAME as full_nam8_0_, admuser0_.GENDER as gender9_0_, admuser0_.GIVEN_NAME as given_n10_0_, admuser0_.IS_DELETE as is_dele11_0_, admuser0_.PASSWORD as passwor12_0_, admuser0_.PHONE_NUMBER as phone_n13_0_, admuser0_.POSITION as positio14_0_, admuser0_.STATUS as status15_0_, admuser0_.SURNAME as surname16_0_, admuser0_.TYPE as type17_0_, admuser0_.UPDATE_TIME as update_18_0_, admuser0_.UPDATER_ID as updater19_0_, admuser0_.UPDATER_NAME as updater20_0_, admuser0_.USER_NAME as user_na21_0_ from ADM_USERS admuser0_ where admuser0_.USER_NAME=?
2022-09-29 23:36:45,587 TRACE o.h.t.d.s.BasicBinder [http-nio-8023-exec-9] binding parameter [1] as [VARCHAR] - [user3]
2022-09-29 23:36:45,589 ERROR c.s.c.RestApiExceptionHandler [http-nio-8023-exec-9] error - POST 192.168.0.104:8023/ig-clone/public/v1/sso/register - Tên đăng nhập đã tồn tại
2022-09-29 23:36:50,155 DEBUG o.h.e.j.s.SqlStatementLogger [http-nio-8023-exec-2] select admuser0_.id as id1_0_, admuser0_.ADDRESS as address2_0_, admuser0_.BIRTHDAY as birthday3_0_, admuser0_.CREATE_TIME as create_t4_0_, admuser0_.CREATOR_ID as creator_5_0_, admuser0_.CREATOR_NAME as creator_6_0_, admuser0_.EMAIL as email7_0_, admuser0_.FULL_NAME as full_nam8_0_, admuser0_.GENDER as gender9_0_, admuser0_.GIVEN_NAME as given_n10_0_, admuser0_.IS_DELETE as is_dele11_0_, admuser0_.PASSWORD as passwor12_0_, admuser0_.PHONE_NUMBER as phone_n13_0_, admuser0_.POSITION as positio14_0_, admuser0_.STATUS as status15_0_, admuser0_.SURNAME as surname16_0_, admuser0_.TYPE as type17_0_, admuser0_.UPDATE_TIME as update_18_0_, admuser0_.UPDATER_ID as updater19_0_, admuser0_.UPDATER_NAME as updater20_0_, admuser0_.USER_NAME as user_na21_0_ from ADM_USERS admuser0_ where admuser0_.USER_NAME=?
2022-09-29 23:36:50,155 TRACE o.h.t.d.s.BasicBinder [http-nio-8023-exec-2] binding parameter [1] as [VARCHAR] - [user5]
2022-09-29 23:36:50,297 DEBUG o.h.e.j.s.SqlStatementLogger [http-nio-8023-exec-2] insert into ADM_USERS (ADDRESS, BIRTHDAY, CREATE_TIME, CREATOR_ID, CREATOR_NAME, EMAIL, FULL_NAME, GENDER, GIVEN_NAME, IS_DELETE, PASSWORD, PHONE_NUMBER, POSITION, STATUS, SURNAME, TYPE, UPDATE_TIME, UPDATER_ID, UPDATER_NAME, USER_NAME) values (?, ?, ?, ?, ?, ?, ?, ?, ?, ?, ?, ?, ?, ?, ?, ?, ?, ?, ?, ?)
2022-09-29 23:36:50,298 TRACE o.h.t.d.s.BasicBinder [http-nio-8023-exec-2] binding parameter [1] as [VARCHAR] - [null]
2022-09-29 23:36:50,304 TRACE o.h.t.d.s.BasicBinder [http-nio-8023-exec-2] binding parameter [2] as [TIMESTAMP] - [null]
2022-09-29 23:36:50,305 TRACE o.h.t.d.s.BasicBinder [http-nio-8023-exec-2] binding parameter [3] as [TIMESTAMP] - [Thu Sep 29 23:36:50 ICT 2022]
2022-09-29 23:36:50,309 TRACE o.h.t.d.s.BasicBinder [http-nio-8023-exec-2] binding parameter [4] as [BIGINT] - [-1]
2022-09-29 23:36:50,310 TRACE o.h.t.d.s.BasicBinder [http-nio-8023-exec-2] binding parameter [5] as [VARCHAR] - [UnAuthen]
2022-09-29 23:36:50,310 TRACE o.h.t.d.s.BasicBinder [http-nio-8023-exec-2] binding parameter [6] as [VARCHAR] - [null]
2022-09-29 23:36:50,311 TRACE o.h.t.d.s.BasicBinder [http-nio-8023-exec-2] binding parameter [7] as [VARCHAR] - [as sakks]
2022-09-29 23:36:50,311 TRACE o.h.t.d.s.BasicBinder [http-nio-8023-exec-2] binding parameter [8] as [BIGINT] - [null]
2022-09-29 23:36:50,311 TRACE o.h.t.d.s.BasicBinder [http-nio-8023-exec-2] binding parameter [9] as [VARCHAR] - [null]
2022-09-29 23:36:50,311 TRACE o.h.t.d.s.BasicBinder [http-nio-8023-exec-2] binding parameter [10] as [BIGINT] - [0]
2022-09-29 23:36:50,311 TRACE o.h.t.d.s.BasicBinder [http-nio-8023-exec-2] binding parameter [11] as [VARCHAR] - [$2a$10$GnDzX6hKWXorQSRbQSfDnOAi7VwdsmlQt/sViPNFpmKsAR.mQSb8i]
2022-09-29 23:36:50,311 TRACE o.h.t.d.s.BasicBinder [http-nio-8023-exec-2] binding parameter [12] as [VARCHAR] - [null]
2022-09-29 23:36:50,312 TRACE o.h.t.d.s.BasicBinder [http-nio-8023-exec-2] binding parameter [13] as [VARCHAR] - [null]
2022-09-29 23:36:50,312 TRACE o.h.t.d.s.BasicBinder [http-nio-8023-exec-2] binding parameter [14] as [BIGINT] - [0]
2022-09-29 23:36:50,312 TRACE o.h.t.d.s.BasicBinder [http-nio-8023-exec-2] binding parameter [15] as [VARCHAR] - [null]
2022-09-29 23:36:50,312 TRACE o.h.t.d.s.BasicBinder [http-nio-8023-exec-2] binding parameter [16] as [BIGINT] - [0]
2022-09-29 23:36:50,313 TRACE o.h.t.d.s.BasicBinder [http-nio-8023-exec-2] binding parameter [17] as [TIMESTAMP] - [Thu Sep 29 23:36:50 ICT 2022]
2022-09-29 23:36:50,313 TRACE o.h.t.d.s.BasicBinder [http-nio-8023-exec-2] binding parameter [18] as [BIGINT] - [-1]
2022-09-29 23:36:50,313 TRACE o.h.t.d.s.BasicBinder [http-nio-8023-exec-2] binding parameter [19] as [VARCHAR] - [UnAuthen]
2022-09-29 23:36:50,313 TRACE o.h.t.d.s.BasicBinder [http-nio-8023-exec-2] binding parameter [20] as [VARCHAR] - [user5]
2022-09-29 23:36:50,342 DEBUG o.h.e.j.s.SqlStatementLogger [http-nio-8023-exec-2] select admuser0_.id as id1_0_, admuser0_.ADDRESS as address2_0_, admuser0_.BIRTHDAY as birthday3_0_, admuser0_.CREATE_TIME as create_t4_0_, admuser0_.CREATOR_ID as creator_5_0_, admuser0_.CREATOR_NAME as creator_6_0_, admuser0_.EMAIL as email7_0_, admuser0_.FULL_NAME as full_nam8_0_, admuser0_.GENDER as gender9_0_, admuser0_.GIVEN_NAME as given_n10_0_, admuser0_.IS_DELETE as is_dele11_0_, admuser0_.PASSWORD as passwor12_0_, admuser0_.PHONE_NUMBER as phone_n13_0_, admuser0_.POSITION as positio14_0_, admuser0_.STATUS as status15_0_, admuser0_.SURNAME as surname16_0_, admuser0_.TYPE as type17_0_, admuser0_.UPDATE_TIME as update_18_0_, admuser0_.UPDATER_ID as updater19_0_, admuser0_.UPDATER_NAME as updater20_0_, admuser0_.USER_NAME as user_na21_0_ from ADM_USERS admuser0_ where admuser0_.USER_NAME=?
2022-09-29 23:36:50,343 TRACE o.h.t.d.s.BasicBinder [http-nio-8023-exec-2] binding parameter [1] as [VARCHAR] - [user5]
2022-09-29 23:36:50,424 ERROR c.s.s.i.SrsSystemSerciceImpl [http-nio-8023-exec-2] user5|Bad credentials
2022-09-29 23:36:50,432 ERROR c.s.c.RestApiExceptionHandler [http-nio-8023-exec-2] error - POST 192.168.0.104:8023/ig-clone/public/v1/sso/register - Tên đăng nhập hoặc mật khẩu không chính xác
2022-09-29 23:36:50,544 DEBUG o.h.e.j.s.SqlStatementLogger [http-nio-8023-exec-3] select admuser0_.id as id1_0_, admuser0_.ADDRESS as address2_0_, admuser0_.BIRTHDAY as birthday3_0_, admuser0_.CREATE_TIME as create_t4_0_, admuser0_.CREATOR_ID as creator_5_0_, admuser0_.CREATOR_NAME as creator_6_0_, admuser0_.EMAIL as email7_0_, admuser0_.FULL_NAME as full_nam8_0_, admuser0_.GENDER as gender9_0_, admuser0_.GIVEN_NAME as given_n10_0_, admuser0_.IS_DELETE as is_dele11_0_, admuser0_.PASSWORD as passwor12_0_, admuser0_.PHONE_NUMBER as phone_n13_0_, admuser0_.POSITION as positio14_0_, admuser0_.STATUS as status15_0_, admuser0_.SURNAME as surname16_0_, admuser0_.TYPE as type17_0_, admuser0_.UPDATE_TIME as update_18_0_, admuser0_.UPDATER_ID as updater19_0_, admuser0_.UPDATER_NAME as updater20_0_, admuser0_.USER_NAME as user_na21_0_ from ADM_USERS admuser0_ where admuser0_.USER_NAME=?
2022-09-29 23:36:50,544 TRACE o.h.t.d.s.BasicBinder [http-nio-8023-exec-3] binding parameter [1] as [VARCHAR] - [user5]
2022-09-29 23:36:50,546 DEBUG o.h.e.j.s.SqlStatementLogger [http-nio-8023-exec-3] insert into ADM_USERS (ADDRESS, BIRTHDAY, CREATE_TIME, CREATOR_ID, CREATOR_NAME, EMAIL, FULL_NAME, GENDER, GIVEN_NAME, IS_DELETE, PASSWORD, PHONE_NUMBER, POSITION, STATUS, SURNAME, TYPE, UPDATE_TIME, UPDATER_ID, UPDATER_NAME, USER_NAME) values (?, ?, ?, ?, ?, ?, ?, ?, ?, ?, ?, ?, ?, ?, ?, ?, ?, ?, ?, ?)
2022-09-29 23:36:50,546 TRACE o.h.t.d.s.BasicBinder [http-nio-8023-exec-3] binding parameter [1] as [VARCHAR] - [null]
2022-09-29 23:36:50,546 TRACE o.h.t.d.s.BasicBinder [http-nio-8023-exec-3] binding parameter [2] as [TIMESTAMP] - [null]
2022-09-29 23:36:50,546 TRACE o.h.t.d.s.BasicBinder [http-nio-8023-exec-3] binding parameter [3] as [TIMESTAMP] - [Thu Sep 29 23:36:50 ICT 2022]
2022-09-29 23:36:50,547 TRACE o.h.t.d.s.BasicBinder [http-nio-8023-exec-3] binding parameter [4] as [BIGINT] - [-1]
2022-09-29 23:36:50,547 TRACE o.h.t.d.s.BasicBinder [http-nio-8023-exec-3] binding parameter [5] as [VARCHAR] - [UnAuthen]
2022-09-29 23:36:50,547 TRACE o.h.t.d.s.BasicBinder [http-nio-8023-exec-3] binding parameter [6] as [VARCHAR] - [null]
2022-09-29 23:36:50,547 TRACE o.h.t.d.s.BasicBinder [http-nio-8023-exec-3] binding parameter [7] as [VARCHAR] - [as sakks]
2022-09-29 23:36:50,547 TRACE o.h.t.d.s.BasicBinder [http-nio-8023-exec-3] binding parameter [8] as [BIGINT] - [null]
2022-09-29 23:36:50,548 TRACE o.h.t.d.s.BasicBinder [http-nio-8023-exec-3] binding parameter [9] as [VARCHAR] - [null]
2022-09-29 23:36:50,548 TRACE o.h.t.d.s.BasicBinder [http-nio-8023-exec-3] binding parameter [10] as [BIGINT] - [0]
2022-09-29 23:36:50,548 TRACE o.h.t.d.s.BasicBinder [http-nio-8023-exec-3] binding parameter [11] as [VARCHAR] - [$2a$10$8rwNNrJRTtLBBMFjo1/qlOPhn1x/qQ5E5KJhMctxnrWTbN8vFVkdG]
2022-09-29 23:36:50,548 TRACE o.h.t.d.s.BasicBinder [http-nio-8023-exec-3] binding parameter [12] as [VARCHAR] - [null]
2022-09-29 23:36:50,549 TRACE o.h.t.d.s.BasicBinder [http-nio-8023-exec-3] binding parameter [13] as [VARCHAR] - [null]
2022-09-29 23:36:50,549 TRACE o.h.t.d.s.BasicBinder [http-nio-8023-exec-3] binding parameter [14] as [BIGINT] - [0]
2022-09-29 23:36:50,550 TRACE o.h.t.d.s.BasicBinder [http-nio-8023-exec-3] binding parameter [15] as [VARCHAR] - [null]
2022-09-29 23:36:50,550 TRACE o.h.t.d.s.BasicBinder [http-nio-8023-exec-3] binding parameter [16] as [BIGINT] - [0]
2022-09-29 23:36:50,550 TRACE o.h.t.d.s.BasicBinder [http-nio-8023-exec-3] binding parameter [17] as [TIMESTAMP] - [Thu Sep 29 23:36:50 ICT 2022]
2022-09-29 23:36:50,550 TRACE o.h.t.d.s.BasicBinder [http-nio-8023-exec-3] binding parameter [18] as [BIGINT] - [-1]
2022-09-29 23:36:50,550 TRACE o.h.t.d.s.BasicBinder [http-nio-8023-exec-3] binding parameter [19] as [VARCHAR] - [UnAuthen]
2022-09-29 23:36:50,551 TRACE o.h.t.d.s.BasicBinder [http-nio-8023-exec-3] binding parameter [20] as [VARCHAR] - [user5]
2022-09-29 23:36:50,750 DEBUG o.h.e.j.s.SqlStatementLogger [http-nio-8023-exec-3] select admuser0_.id as id1_0_, admuser0_.ADDRESS as address2_0_, admuser0_.BIRTHDAY as birthday3_0_, admuser0_.CREATE_TIME as create_t4_0_, admuser0_.CREATOR_ID as creator_5_0_, admuser0_.CREATOR_NAME as creator_6_0_, admuser0_.EMAIL as email7_0_, admuser0_.FULL_NAME as full_nam8_0_, admuser0_.GENDER as gender9_0_, admuser0_.GIVEN_NAME as given_n10_0_, admuser0_.IS_DELETE as is_dele11_0_, admuser0_.PASSWORD as passwor12_0_, admuser0_.PHONE_NUMBER as phone_n13_0_, admuser0_.POSITION as positio14_0_, admuser0_.STATUS as status15_0_, admuser0_.SURNAME as surname16_0_, admuser0_.TYPE as type17_0_, admuser0_.UPDATE_TIME as update_18_0_, admuser0_.UPDATER_ID as updater19_0_, admuser0_.UPDATER_NAME as updater20_0_, admuser0_.USER_NAME as user_na21_0_ from ADM_USERS admuser0_ where admuser0_.USER_NAME=?
2022-09-29 23:36:50,751 TRACE o.h.t.d.s.BasicBinder [http-nio-8023-exec-3] binding parameter [1] as [VARCHAR] - [user5]
2022-09-29 23:36:50,829 ERROR c.s.s.i.SrsSystemSerciceImpl [http-nio-8023-exec-3] user5|Bad credentials
2022-09-29 23:36:50,833 ERROR c.s.c.RestApiExceptionHandler [http-nio-8023-exec-3] error - POST 192.168.0.104:8023/ig-clone/public/v1/sso/register - Tên đăng nhập hoặc mật khẩu không chính xác
2022-09-29 23:37:49,081 DEBUG o.h.e.j.s.SqlStatementLogger [http-nio-8023-exec-1] select admuser0_.id as id1_0_, admuser0_.ADDRESS as address2_0_, admuser0_.BIRTHDAY as birthday3_0_, admuser0_.CREATE_TIME as create_t4_0_, admuser0_.CREATOR_ID as creator_5_0_, admuser0_.CREATOR_NAME as creator_6_0_, admuser0_.EMAIL as email7_0_, admuser0_.FULL_NAME as full_nam8_0_, admuser0_.GENDER as gender9_0_, admuser0_.GIVEN_NAME as given_n10_0_, admuser0_.IS_DELETE as is_dele11_0_, admuser0_.PASSWORD as passwor12_0_, admuser0_.PHONE_NUMBER as phone_n13_0_, admuser0_.POSITION as positio14_0_, admuser0_.STATUS as status15_0_, admuser0_.SURNAME as surname16_0_, admuser0_.TYPE as type17_0_, admuser0_.UPDATE_TIME as update_18_0_, admuser0_.UPDATER_ID as updater19_0_, admuser0_.UPDATER_NAME as updater20_0_, admuser0_.USER_NAME as user_na21_0_ from ADM_USERS admuser0_ where admuser0_.USER_NAME=?
2022-09-29 23:37:49,084 TRACE o.h.t.d.s.BasicBinder [http-nio-8023-exec-1] binding parameter [1] as [VARCHAR] - [user5]
2022-09-29 23:37:51,271 DEBUG o.h.e.j.s.SqlStatementLogger [http-nio-8023-exec-1] insert into ADM_USERS (ADDRESS, BIRTHDAY, CREATE_TIME, CREATOR_ID, CREATOR_NAME, EMAIL, FULL_NAME, GENDER, GIVEN_NAME, IS_DELETE, PASSWORD, PHONE_NUMBER, POSITION, STATUS, SURNAME, TYPE, UPDATE_TIME, UPDATER_ID, UPDATER_NAME, USER_NAME) values (?, ?, ?, ?, ?, ?, ?, ?, ?, ?, ?, ?, ?, ?, ?, ?, ?, ?, ?, ?)
2022-09-29 23:37:51,273 TRACE o.h.t.d.s.BasicBinder [http-nio-8023-exec-1] binding parameter [1] as [VARCHAR] - [null]
2022-09-29 23:37:51,274 TRACE o.h.t.d.s.BasicBinder [http-nio-8023-exec-1] binding parameter [2] as [TIMESTAMP] - [null]
2022-09-29 23:37:51,275 TRACE o.h.t.d.s.BasicBinder [http-nio-8023-exec-1] binding parameter [3] as [TIMESTAMP] - [Thu Sep 29 23:37:51 ICT 2022]
2022-09-29 23:37:51,276 TRACE o.h.t.d.s.BasicBinder [http-nio-8023-exec-1] binding parameter [4] as [BIGINT] - [-1]
2022-09-29 23:37:51,276 TRACE o.h.t.d.s.BasicBinder [http-nio-8023-exec-1] binding parameter [5] as [VARCHAR] - [UnAuthen]
2022-09-29 23:37:51,277 TRACE o.h.t.d.s.BasicBinder [http-nio-8023-exec-1] binding parameter [6] as [VARCHAR] - [null]
2022-09-29 23:37:51,277 TRACE o.h.t.d.s.BasicBinder [http-nio-8023-exec-1] binding parameter [7] as [VARCHAR] - [khuong hao]
2022-09-29 23:37:51,277 TRACE o.h.t.d.s.BasicBinder [http-nio-8023-exec-1] binding parameter [8] as [BIGINT] - [null]
2022-09-29 23:37:51,278 TRACE o.h.t.d.s.BasicBinder [http-nio-8023-exec-1] binding parameter [9] as [VARCHAR] - [null]
2022-09-29 23:37:51,278 TRACE o.h.t.d.s.BasicBinder [http-nio-8023-exec-1] binding parameter [10] as [BIGINT] - [0]
2022-09-29 23:37:51,279 TRACE o.h.t.d.s.BasicBinder [http-nio-8023-exec-1] binding parameter [11] as [VARCHAR] - [$2a$10$isPfk5BSd13Dbkr3ApfEPuoLColxA.jgLD8OkvgJkuZPP5naPbWaS]
2022-09-29 23:37:51,279 TRACE o.h.t.d.s.BasicBinder [http-nio-8023-exec-1] binding parameter [12] as [VARCHAR] - [null]
2022-09-29 23:37:51,279 TRACE o.h.t.d.s.BasicBinder [http-nio-8023-exec-1] binding parameter [13] as [VARCHAR] - [null]
2022-09-29 23:37:51,280 TRACE o.h.t.d.s.BasicBinder [http-nio-8023-exec-1] binding parameter [14] as [BIGINT] - [0]
2022-09-29 23:37:51,280 TRACE o.h.t.d.s.BasicBinder [http-nio-8023-exec-1] binding parameter [15] as [VARCHAR] - [null]
2022-09-29 23:37:51,281 TRACE o.h.t.d.s.BasicBinder [http-nio-8023-exec-1] binding parameter [16] as [BIGINT] - [0]
2022-09-29 23:37:51,281 TRACE o.h.t.d.s.BasicBinder [http-nio-8023-exec-1] binding parameter [17] as [TIMESTAMP] - [Thu Sep 29 23:37:51 ICT 2022]
2022-09-29 23:37:51,281 TRACE o.h.t.d.s.BasicBinder [http-nio-8023-exec-1] binding parameter [18] as [BIGINT] - [-1]
2022-09-29 23:37:51,282 TRACE o.h.t.d.s.BasicBinder [http-nio-8023-exec-1] binding parameter [19] as [VARCHAR] - [UnAuthen]
2022-09-29 23:37:51,282 TRACE o.h.t.d.s.BasicBinder [http-nio-8023-exec-1] binding parameter [20] as [VARCHAR] - [user5]
2022-09-29 23:38:10,493 DEBUG o.h.e.j.s.SqlStatementLogger [http-nio-8023-exec-1] select admuser0_.id as id1_0_, admuser0_.ADDRESS as address2_0_, admuser0_.BIRTHDAY as birthday3_0_, admuser0_.CREATE_TIME as create_t4_0_, admuser0_.CREATOR_ID as creator_5_0_, admuser0_.CREATOR_NAME as creator_6_0_, admuser0_.EMAIL as email7_0_, admuser0_.FULL_NAME as full_nam8_0_, admuser0_.GENDER as gender9_0_, admuser0_.GIVEN_NAME as given_n10_0_, admuser0_.IS_DELETE as is_dele11_0_, admuser0_.PASSWORD as passwor12_0_, admuser0_.PHONE_NUMBER as phone_n13_0_, admuser0_.POSITION as positio14_0_, admuser0_.STATUS as status15_0_, admuser0_.SURNAME as surname16_0_, admuser0_.TYPE as type17_0_, admuser0_.UPDATE_TIME as update_18_0_, admuser0_.UPDATER_ID as updater19_0_, admuser0_.UPDATER_NAME as updater20_0_, admuser0_.USER_NAME as user_na21_0_ from ADM_USERS admuser0_ where admuser0_.USER_NAME=?
2022-09-29 23:38:10,494 TRACE o.h.t.d.s.BasicBinder [http-nio-8023-exec-1] binding parameter [1] as [VARCHAR] - [user5]
2022-09-29 23:38:10,564 ERROR c.s.s.i.SrsSystemSerciceImpl [http-nio-8023-exec-1] user5|Bad credentials
2022-09-29 23:38:10,568 ERROR c.s.c.RestApiExceptionHandler [http-nio-8023-exec-1] error - POST 192.168.0.104:8023/ig-clone/public/v1/sso/register - Tên đăng nhập hoặc mật khẩu không chính xác
2022-09-29 23:41:36,388 DEBUG o.h.e.j.s.SqlStatementLogger [http-nio-8023-exec-6] select admuser0_.id as id1_0_, admuser0_.ADDRESS as address2_0_, admuser0_.BIRTHDAY as birthday3_0_, admuser0_.CREATE_TIME as create_t4_0_, admuser0_.CREATOR_ID as creator_5_0_, admuser0_.CREATOR_NAME as creator_6_0_, admuser0_.EMAIL as email7_0_, admuser0_.FULL_NAME as full_nam8_0_, admuser0_.GENDER as gender9_0_, admuser0_.GIVEN_NAME as given_n10_0_, admuser0_.IS_DELETE as is_dele11_0_, admuser0_.PASSWORD as passwor12_0_, admuser0_.PHONE_NUMBER as phone_n13_0_, admuser0_.POSITION as positio14_0_, admuser0_.STATUS as status15_0_, admuser0_.SURNAME as surname16_0_, admuser0_.TYPE as type17_0_, admuser0_.UPDATE_TIME as update_18_0_, admuser0_.UPDATER_ID as updater19_0_, admuser0_.UPDATER_NAME as updater20_0_, admuser0_.USER_NAME as user_na21_0_ from ADM_USERS admuser0_ where admuser0_.USER_NAME=?
2022-09-29 23:41:36,389 TRACE o.h.t.d.s.BasicBinder [http-nio-8023-exec-6] binding parameter [1] as [VARCHAR] - [user5]
2022-09-29 23:41:36,391 DEBUG o.h.e.j.s.SqlStatementLogger [http-nio-8023-exec-6] insert into ADM_USERS (ADDRESS, BIRTHDAY, CREATE_TIME, CREATOR_ID, CREATOR_NAME, EMAIL, FULL_NAME, GENDER, GIVEN_NAME, IS_DELETE, PASSWORD, PHONE_NUMBER, POSITION, STATUS, SURNAME, TYPE, UPDATE_TIME, UPDATER_ID, UPDATER_NAME, USER_NAME) values (?, ?, ?, ?, ?, ?, ?, ?, ?, ?, ?, ?, ?, ?, ?, ?, ?, ?, ?, ?)
2022-09-29 23:41:36,392 TRACE o.h.t.d.s.BasicBinder [http-nio-8023-exec-6] binding parameter [1] as [VARCHAR] - [null]
2022-09-29 23:41:36,392 TRACE o.h.t.d.s.BasicBinder [http-nio-8023-exec-6] binding parameter [2] as [TIMESTAMP] - [null]
2022-09-29 23:41:36,392 TRACE o.h.t.d.s.BasicBinder [http-nio-8023-exec-6] binding parameter [3] as [TIMESTAMP] - [Thu Sep 29 23:41:36 ICT 2022]
2022-09-29 23:41:36,392 TRACE o.h.t.d.s.BasicBinder [http-nio-8023-exec-6] binding parameter [4] as [BIGINT] - [-1]
2022-09-29 23:41:36,392 TRACE o.h.t.d.s.BasicBinder [http-nio-8023-exec-6] binding parameter [5] as [VARCHAR] - [UnAuthen]
2022-09-29 23:41:36,392 TRACE o.h.t.d.s.BasicBinder [http-nio-8023-exec-6] binding parameter [6] as [VARCHAR] - [null]
2022-09-29 23:41:36,393 TRACE o.h.t.d.s.BasicBinder [http-nio-8023-exec-6] binding parameter [7] as [VARCHAR] - [khuong hao]
2022-09-29 23:41:36,393 TRACE o.h.t.d.s.BasicBinder [http-nio-8023-exec-6] binding parameter [8] as [BIGINT] - [null]
2022-09-29 23:41:36,393 TRACE o.h.t.d.s.BasicBinder [http-nio-8023-exec-6] binding parameter [9] as [VARCHAR] - [null]
2022-09-29 23:41:36,393 TRACE o.h.t.d.s.BasicBinder [http-nio-8023-exec-6] binding parameter [10] as [BIGINT] - [0]
2022-09-29 23:41:36,393 TRACE o.h.t.d.s.BasicBinder [http-nio-8023-exec-6] binding parameter [11] as [VARCHAR] - [$2a$10$88/qsHMcuPpkG4B9LNtZyOKc0YoM/SgwX3i3owRQaktVPmsvAMXP6]
2022-09-29 23:41:36,393 TRACE o.h.t.d.s.BasicBinder [http-nio-8023-exec-6] binding parameter [12] as [VARCHAR] - [null]
2022-09-29 23:41:36,393 TRACE o.h.t.d.s.BasicBinder [http-nio-8023-exec-6] binding parameter [13] as [VARCHAR] - [null]
2022-09-29 23:41:36,393 TRACE o.h.t.d.s.BasicBinder [http-nio-8023-exec-6] binding parameter [14] as [BIGINT] - [0]
2022-09-29 23:41:36,393 TRACE o.h.t.d.s.BasicBinder [http-nio-8023-exec-6] binding parameter [15] as [VARCHAR] - [null]
2022-09-29 23:41:36,394 TRACE o.h.t.d.s.BasicBinder [http-nio-8023-exec-6] binding parameter [16] as [BIGINT] - [0]
2022-09-29 23:41:36,394 TRACE o.h.t.d.s.BasicBinder [http-nio-8023-exec-6] binding parameter [17] as [TIMESTAMP] - [Thu Sep 29 23:41:36 ICT 2022]
2022-09-29 23:41:36,394 TRACE o.h.t.d.s.BasicBinder [http-nio-8023-exec-6] binding parameter [18] as [BIGINT] - [-1]
2022-09-29 23:41:36,394 TRACE o.h.t.d.s.BasicBinder [http-nio-8023-exec-6] binding parameter [19] as [VARCHAR] - [UnAuthen]
2022-09-29 23:41:36,394 TRACE o.h.t.d.s.BasicBinder [http-nio-8023-exec-6] binding parameter [20] as [VARCHAR] - [user5]
2022-09-29 23:41:36,396 DEBUG o.h.e.j.s.SqlStatementLogger [http-nio-8023-exec-6] select admuser0_.id as id1_0_, admuser0_.ADDRESS as address2_0_, admuser0_.BIRTHDAY as birthday3_0_, admuser0_.CREATE_TIME as create_t4_0_, admuser0_.CREATOR_ID as creator_5_0_, admuser0_.CREATOR_NAME as creator_6_0_, admuser0_.EMAIL as email7_0_, admuser0_.FULL_NAME as full_nam8_0_, admuser0_.GENDER as gender9_0_, admuser0_.GIVEN_NAME as given_n10_0_, admuser0_.IS_DELETE as is_dele11_0_, admuser0_.PASSWORD as passwor12_0_, admuser0_.PHONE_NUMBER as phone_n13_0_, admuser0_.POSITION as positio14_0_, admuser0_.STATUS as status15_0_, admuser0_.SURNAME as surname16_0_, admuser0_.TYPE as type17_0_, admuser0_.UPDATE_TIME as update_18_0_, admuser0_.UPDATER_ID as updater19_0_, admuser0_.UPDATER_NAME as updater20_0_, admuser0_.USER_NAME as user_na21_0_ from ADM_USERS admuser0_ where admuser0_.USER_NAME=?
2022-09-29 23:41:36,396 TRACE o.h.t.d.s.BasicBinder [http-nio-8023-exec-6] binding parameter [1] as [VARCHAR] - [user5]
2022-09-29 23:41:36,468 ERROR c.s.s.i.SrsSystemSerciceImpl [http-nio-8023-exec-6] user5|Bad credentials
2022-09-29 23:41:36,471 ERROR c.s.c.RestApiExceptionHandler [http-nio-8023-exec-6] error - POST 192.168.0.104:8023/ig-clone/public/v1/sso/register - Tên đăng nhập hoặc mật khẩu không chính xác
2022-09-29 23:41:36,560 DEBUG o.h.e.j.s.SqlStatementLogger [http-nio-8023-exec-5] select admuser0_.id as id1_0_, admuser0_.ADDRESS as address2_0_, admuser0_.BIRTHDAY as birthday3_0_, admuser0_.CREATE_TIME as create_t4_0_, admuser0_.CREATOR_ID as creator_5_0_, admuser0_.CREATOR_NAME as creator_6_0_, admuser0_.EMAIL as email7_0_, admuser0_.FULL_NAME as full_nam8_0_, admuser0_.GENDER as gender9_0_, admuser0_.GIVEN_NAME as given_n10_0_, admuser0_.IS_DELETE as is_dele11_0_, admuser0_.PASSWORD as passwor12_0_, admuser0_.PHONE_NUMBER as phone_n13_0_, admuser0_.POSITION as positio14_0_, admuser0_.STATUS as status15_0_, admuser0_.SURNAME as surname16_0_, admuser0_.TYPE as type17_0_, admuser0_.UPDATE_TIME as update_18_0_, admuser0_.UPDATER_ID as updater19_0_, admuser0_.UPDATER_NAME as updater20_0_, admuser0_.USER_NAME as user_na21_0_ from ADM_USERS admuser0_ where admuser0_.USER_NAME=?
2022-09-29 23:41:36,560 TRACE o.h.t.d.s.BasicBinder [http-nio-8023-exec-5] binding parameter [1] as [VARCHAR] - [user5]
2022-09-29 23:41:36,561 DEBUG o.h.e.j.s.SqlStatementLogger [http-nio-8023-exec-5] insert into ADM_USERS (ADDRESS, BIRTHDAY, CREATE_TIME, CREATOR_ID, CREATOR_NAME, EMAIL, FULL_NAME, GENDER, GIVEN_NAME, IS_DELETE, PASSWORD, PHONE_NUMBER, POSITION, STATUS, SURNAME, TYPE, UPDATE_TIME, UPDATER_ID, UPDATER_NAME, USER_NAME) values (?, ?, ?, ?, ?, ?, ?, ?, ?, ?, ?, ?, ?, ?, ?, ?, ?, ?, ?, ?)
2022-09-29 23:41:36,562 TRACE o.h.t.d.s.BasicBinder [http-nio-8023-exec-5] binding parameter [1] as [VARCHAR] - [null]
2022-09-29 23:41:36,562 TRACE o.h.t.d.s.BasicBinder [http-nio-8023-exec-5] binding parameter [2] as [TIMESTAMP] - [null]
2022-09-29 23:41:36,562 TRACE o.h.t.d.s.BasicBinder [http-nio-8023-exec-5] binding parameter [3] as [TIMESTAMP] - [Thu Sep 29 23:41:36 ICT 2022]
2022-09-29 23:41:36,562 TRACE o.h.t.d.s.BasicBinder [http-nio-8023-exec-5] binding parameter [4] as [BIGINT] - [-1]
2022-09-29 23:41:36,562 TRACE o.h.t.d.s.BasicBinder [http-nio-8023-exec-5] binding parameter [5] as [VARCHAR] - [UnAuthen]
2022-09-29 23:41:36,562 TRACE o.h.t.d.s.BasicBinder [http-nio-8023-exec-5] binding parameter [6] as [VARCHAR] - [null]
2022-09-29 23:41:36,562 TRACE o.h.t.d.s.BasicBinder [http-nio-8023-exec-5] binding parameter [7] as [VARCHAR] - [khuong hao]
2022-09-29 23:41:36,562 TRACE o.h.t.d.s.BasicBinder [http-nio-8023-exec-5] binding parameter [8] as [BIGINT] - [null]
2022-09-29 23:41:36,563 TRACE o.h.t.d.s.BasicBinder [http-nio-8023-exec-5] binding parameter [9] as [VARCHAR] - [null]
2022-09-29 23:41:36,563 TRACE o.h.t.d.s.BasicBinder [http-nio-8023-exec-5] binding parameter [10] as [BIGINT] - [0]
2022-09-29 23:41:36,563 TRACE o.h.t.d.s.BasicBinder [http-nio-8023-exec-5] binding parameter [11] as [VARCHAR] - [$2a$10$3evdqYlG5Zma58dhMCfRcOay.HySecHeuQHsv4fmlpSsdv5wfNjwO]
2022-09-29 23:41:36,563 TRACE o.h.t.d.s.BasicBinder [http-nio-8023-exec-5] binding parameter [12] as [VARCHAR] - [null]
2022-09-29 23:41:36,563 TRACE o.h.t.d.s.BasicBinder [http-nio-8023-exec-5] binding parameter [13] as [VARCHAR] - [null]
2022-09-29 23:41:36,563 TRACE o.h.t.d.s.BasicBinder [http-nio-8023-exec-5] binding parameter [14] as [BIGINT] - [0]
2022-09-29 23:41:36,563 TRACE o.h.t.d.s.BasicBinder [http-nio-8023-exec-5] binding parameter [15] as [VARCHAR] - [null]
2022-09-29 23:41:36,563 TRACE o.h.t.d.s.BasicBinder [http-nio-8023-exec-5] binding parameter [16] as [BIGINT] - [0]
2022-09-29 23:41:36,563 TRACE o.h.t.d.s.BasicBinder [http-nio-8023-exec-5] binding parameter [17] as [TIMESTAMP] - [Thu Sep 29 23:41:36 ICT 2022]
2022-09-29 23:41:36,564 TRACE o.h.t.d.s.BasicBinder [http-nio-8023-exec-5] binding parameter [18] as [BIGINT] - [-1]
2022-09-29 23:41:36,564 TRACE o.h.t.d.s.BasicBinder [http-nio-8023-exec-5] binding parameter [19] as [VARCHAR] - [UnAuthen]
2022-09-29 23:41:36,564 TRACE o.h.t.d.s.BasicBinder [http-nio-8023-exec-5] binding parameter [20] as [VARCHAR] - [user5]
2022-09-29 23:41:36,566 DEBUG o.h.e.j.s.SqlStatementLogger [http-nio-8023-exec-5] select admuser0_.id as id1_0_, admuser0_.ADDRESS as address2_0_, admuser0_.BIRTHDAY as birthday3_0_, admuser0_.CREATE_TIME as create_t4_0_, admuser0_.CREATOR_ID as creator_5_0_, admuser0_.CREATOR_NAME as creator_6_0_, admuser0_.EMAIL as email7_0_, admuser0_.FULL_NAME as full_nam8_0_, admuser0_.GENDER as gender9_0_, admuser0_.GIVEN_NAME as given_n10_0_, admuser0_.IS_DELETE as is_dele11_0_, admuser0_.PASSWORD as passwor12_0_, admuser0_.PHONE_NUMBER as phone_n13_0_, admuser0_.POSITION as positio14_0_, admuser0_.STATUS as status15_0_, admuser0_.SURNAME as surname16_0_, admuser0_.TYPE as type17_0_, admuser0_.UPDATE_TIME as update_18_0_, admuser0_.UPDATER_ID as updater19_0_, admuser0_.UPDATER_NAME as updater20_0_, admuser0_.USER_NAME as user_na21_0_ from ADM_USERS admuser0_ where admuser0_.USER_NAME=?
2022-09-29 23:41:36,567 TRACE o.h.t.d.s.BasicBinder [http-nio-8023-exec-5] binding parameter [1] as [VARCHAR] - [user5]
2022-09-29 23:41:36,639 ERROR c.s.s.i.SrsSystemSerciceImpl [http-nio-8023-exec-5] user5|Bad credentials
2022-09-29 23:41:36,641 ERROR c.s.c.RestApiExceptionHandler [http-nio-8023-exec-5] error - POST 192.168.0.104:8023/ig-clone/public/v1/sso/register - Tên đăng nhập hoặc mật khẩu không chính xác
2022-09-29 23:42:14,895 INFO o.q.c.QuartzScheduler [SpringApplicationShutdownHook] Scheduler quartzScheduler_$_NON_CLUSTERED paused.
2022-09-29 23:42:15,043 INFO o.s.s.q.SchedulerFactoryBean [SpringApplicationShutdownHook] Shutting down Quartz Scheduler
2022-09-29 23:42:15,044 INFO o.q.c.QuartzScheduler [SpringApplicationShutdownHook] Scheduler quartzScheduler_$_NON_CLUSTERED shutting down.
2022-09-29 23:42:15,044 INFO o.q.c.QuartzScheduler [SpringApplicationShutdownHook] Scheduler quartzScheduler_$_NON_CLUSTERED paused.
2022-09-29 23:42:15,044 INFO o.q.c.QuartzScheduler [SpringApplicationShutdownHook] Scheduler quartzScheduler_$_NON_CLUSTERED shutdown complete.
2022-09-29 23:42:15,052 INFO o.s.o.j.AbstractEntityManagerFactoryBean [SpringApplicationShutdownHook] Closing JPA EntityManagerFactory for persistence unit 'db.primary.datasource'
