2022-09-28 23:00:56,017 INFO o.h.v.i.u.Version [background-preinit] HV000001: Hibernate Validator 6.2.3.Final
2022-09-28 23:00:56,086 INFO o.s.b.StartupInfoLogger [main] Starting IgCloneApplication using Java 1.8.0_202 on DESKTOP-FSGNT1P with PID 2496 (D:\instagram-backend\api\app-base\target\classes started by za in D:\instagram-backend\api)
2022-09-28 23:00:56,091 INFO o.s.b.SpringApplication [main] No active profile set, falling back to 1 default profile: "default"
2022-09-28 23:00:57,747 INFO o.s.d.r.c.RepositoryConfigurationDelegate [main] Bootstrapping Spring Data JPA repositories in DEFAULT mode.
2022-09-28 23:00:57,819 INFO o.s.d.r.c.RepositoryConfigurationDelegate [main] Finished Spring Data repository scanning in 64 ms. Found 10 JPA repository interfaces.
2022-09-28 23:00:58,415 INFO o.s.c.s.PostProcessorRegistrationDelegate$BeanPostProcessorChecker [main] Bean 'methodSecurityConfig' of type [com.sangnk.core.security.MethodSecurityConfig$$EnhancerBySpringCGLIB$$9e8b6ce] is not eligible for getting processed by all BeanPostProcessors (for example: not eligible for auto-proxying)
2022-09-28 23:00:58,815 INFO o.s.b.w.e.t.TomcatWebServer [main] Tomcat initialized with port(s): 8023 (http)
2022-09-28 23:00:58,826 INFO o.a.j.l.DirectJDKLog [main] Initializing ProtocolHandler ["http-nio-8023"]
2022-09-28 23:00:58,827 INFO o.a.j.l.DirectJDKLog [main] Starting service [Tomcat]
2022-09-28 23:00:58,827 INFO o.a.j.l.DirectJDKLog [main] Starting Servlet engine: [Apache Tomcat/9.0.60]
2022-09-28 23:00:58,977 INFO o.a.j.l.DirectJDKLog [main] Initializing Spring embedded WebApplicationContext
2022-09-28 23:00:58,977 INFO o.s.b.w.s.c.ServletWebServerApplicationContext [main] Root WebApplicationContext: initialization completed in 2840 ms
2022-09-28 23:00:59,230 INFO o.h.j.i.u.LogHelper [main] HHH000204: Processing PersistenceUnitInfo [name: db.primary.datasource]
2022-09-28 23:00:59,291 INFO o.h.Version [main] HHH000412: Hibernate ORM core version 5.6.7.Final
2022-09-28 23:00:59,459 INFO o.h.a.c.r.j.JavaReflectionManager [main] HCANN000001: Hibernate Commons Annotations {5.1.2.Final}
2022-09-28 23:00:59,631 INFO o.h.d.Dialect [main] HHH000400: Using dialect: com.sangnk.core.dialect.MariaDB103UnicodeDialect
2022-09-28 23:01:00,630 INFO o.h.e.t.j.p.i.JtaPlatformInitiator [main] HHH000490: Using JtaPlatform implementation: [org.hibernate.engine.transaction.jta.platform.internal.NoJtaPlatform]
2022-09-28 23:01:00,639 INFO o.s.o.j.AbstractEntityManagerFactoryBean [main] Initialized JPA EntityManagerFactory for persistence unit 'db.primary.datasource'
2022-09-28 23:01:01,658 INFO o.h.d.Dialect [main] HHH000400: Using dialect: com.sangnk.core.dialect.MariaDB103UnicodeDialect$$EnhancerBySpringCGLIB$$bb7ba8d2
2022-09-28 23:01:01,671 INFO o.h.d.Dialect [main] HHH000400: Using dialect: com.sangnk.core.dialect.MySQLUnicodeDialect$$EnhancerBySpringCGLIB$$2e17ac60
2022-09-28 23:01:01,679 INFO o.h.d.Dialect [main] HHH000400: Using dialect: com.sangnk.core.dialect.Oracle10gUnicodeDialect$$EnhancerBySpringCGLIB$$da14cbc8
2022-09-28 23:01:01,689 INFO o.h.d.Dialect [main] HHH000400: Using dialect: com.sangnk.core.dialect.PostgreSQLUnicodeDialect$$EnhancerBySpringCGLIB$$573c2806
2022-09-28 23:01:01,697 INFO o.h.d.Dialect [main] HHH000400: Using dialect: com.sangnk.core.dialect.SQLServerUnicodeDialect$$EnhancerBySpringCGLIB$$e556042f
2022-09-28 23:01:02,019 INFO o.q.i.StdSchedulerFactory [main] Using default implementation for ThreadExecutor
2022-09-28 23:01:02,028 INFO o.q.c.SchedulerSignalerImpl [main] Initialized Scheduler Signaller of type: class org.quartz.core.SchedulerSignalerImpl
2022-09-28 23:01:02,028 INFO o.q.c.QuartzScheduler [main] Quartz Scheduler v.2.3.2 created.
2022-09-28 23:01:02,028 INFO o.q.s.RAMJobStore [main] RAMJobStore initialized.
2022-09-28 23:01:02,029 INFO o.q.c.QuartzScheduler [main] Scheduler meta-data: Quartz Scheduler (v2.3.2) 'quartzScheduler' with instanceId 'NON_CLUSTERED'
  Scheduler class: 'org.quartz.core.QuartzScheduler' - running locally.
  NOT STARTED.
  Currently in standby mode.
  Number of jobs executed: 0
  Using thread pool 'org.quartz.simpl.SimpleThreadPool' - with 10 threads.
  Using job-store 'org.quartz.simpl.RAMJobStore' - which does not support persistence. and is not clustered.

2022-09-28 23:01:02,029 INFO o.q.i.StdSchedulerFactory [main] Quartz scheduler 'quartzScheduler' initialized from an externally provided properties instance.
2022-09-28 23:01:02,029 INFO o.q.i.StdSchedulerFactory [main] Quartz scheduler version: 2.3.2
2022-09-28 23:01:02,029 INFO o.q.c.QuartzScheduler [main] JobFactory set to: org.springframework.scheduling.quartz.SpringBeanJobFactory@51cf17e8
2022-09-28 23:01:02,092 INFO o.s.b.a.e.w.EndpointLinksResolver [main] Exposing 15 endpoint(s) beneath base path '/actuator'
2022-09-28 23:01:02,406 WARN o.s.s.c.a.w.b.WebSecurity [main] You are asking Spring Security to ignore Ant [pattern='/**', OPTIONS]. This is not recommended -- please use permitAll via HttpSecurity#authorizeHttpRequests instead.
2022-09-28 23:01:02,406 INFO o.s.s.w.DefaultSecurityFilterChain [main] Will secure Ant [pattern='/**', OPTIONS] with []
2022-09-28 23:01:02,407 WARN o.s.s.c.a.w.b.WebSecurity [main] You are asking Spring Security to ignore Ant [pattern='/swagger-resources/**']. This is not recommended -- please use permitAll via HttpSecurity#authorizeHttpRequests instead.
2022-09-28 23:01:02,407 INFO o.s.s.w.DefaultSecurityFilterChain [main] Will secure Ant [pattern='/swagger-resources/**'] with []
2022-09-28 23:01:02,407 WARN o.s.s.c.a.w.b.WebSecurity [main] You are asking Spring Security to ignore Ant [pattern='/swagger-ui.html**']. This is not recommended -- please use permitAll via HttpSecurity#authorizeHttpRequests instead.
2022-09-28 23:01:02,407 INFO o.s.s.w.DefaultSecurityFilterChain [main] Will secure Ant [pattern='/swagger-ui.html**'] with []
2022-09-28 23:01:02,407 WARN o.s.s.c.a.w.b.WebSecurity [main] You are asking Spring Security to ignore Ant [pattern='/swagger-ui/**']. This is not recommended -- please use permitAll via HttpSecurity#authorizeHttpRequests instead.
2022-09-28 23:01:02,407 INFO o.s.s.w.DefaultSecurityFilterChain [main] Will secure Ant [pattern='/swagger-ui/**'] with []
2022-09-28 23:01:02,407 WARN o.s.s.c.a.w.b.WebSecurity [main] You are asking Spring Security to ignore Ant [pattern='/v2/api-docs/**']. This is not recommended -- please use permitAll via HttpSecurity#authorizeHttpRequests instead.
2022-09-28 23:01:02,407 INFO o.s.s.w.DefaultSecurityFilterChain [main] Will secure Ant [pattern='/v2/api-docs/**'] with []
2022-09-28 23:01:02,407 WARN o.s.s.c.a.w.b.WebSecurity [main] You are asking Spring Security to ignore Ant [pattern='/webjars/**']. This is not recommended -- please use permitAll via HttpSecurity#authorizeHttpRequests instead.
2022-09-28 23:01:02,407 INFO o.s.s.w.DefaultSecurityFilterChain [main] Will secure Ant [pattern='/webjars/**'] with []
2022-09-28 23:01:02,407 WARN o.s.s.c.a.w.b.WebSecurity [main] You are asking Spring Security to ignore Ant [pattern='/public/**']. This is not recommended -- please use permitAll via HttpSecurity#authorizeHttpRequests instead.
2022-09-28 23:01:02,407 INFO o.s.s.w.DefaultSecurityFilterChain [main] Will secure Ant [pattern='/public/**'] with []
2022-09-28 23:01:02,436 INFO o.s.s.w.DefaultSecurityFilterChain [main] Will not secure Or [Ant [pattern='/**']]
2022-09-28 23:01:02,519 DEBUG o.h.e.j.s.SqlStatementLogger [main] select admuser0_.id as id1_0_, admuser0_.ADDRESS as address2_0_, admuser0_.BIRTHDAY as birthday3_0_, admuser0_.CREATE_TIME as create_t4_0_, admuser0_.CREATOR_ID as creator_5_0_, admuser0_.CREATOR_NAME as creator_6_0_, admuser0_.EMAIL as email7_0_, admuser0_.FULL_NAME as full_nam8_0_, admuser0_.GENDER as gender9_0_, admuser0_.GIVEN_NAME as given_n10_0_, admuser0_.IS_DELETE as is_dele11_0_, admuser0_.PASSWORD as passwor12_0_, admuser0_.PHONE_NUMBER as phone_n13_0_, admuser0_.POSITION as positio14_0_, admuser0_.STATUS as status15_0_, admuser0_.SURNAME as surname16_0_, admuser0_.TYPE as type17_0_, admuser0_.UPDATE_TIME as update_18_0_, admuser0_.UPDATER_ID as updater19_0_, admuser0_.UPDATER_NAME as updater20_0_, admuser0_.USER_NAME as user_na21_0_ from ADM_USERS admuser0_ where admuser0_.USER_NAME=?
2022-09-28 23:01:02,522 TRACE o.h.t.d.s.BasicBinder [main] binding parameter [1] as [VARCHAR] - [admin]
2022-09-28 23:01:02,797 INFO o.a.j.l.DirectJDKLog [main] Starting ProtocolHandler ["http-nio-8023"]
2022-09-28 23:01:02,814 INFO o.s.b.w.e.t.TomcatWebServer [main] Tomcat started on port(s): 8023 (http) with context path '/ig-clone'
2022-09-28 23:01:03,078 INFO o.s.s.q.SchedulerFactoryBean [main] Starting Quartz Scheduler now
2022-09-28 23:01:03,078 INFO o.q.c.QuartzScheduler [main] Scheduler quartzScheduler_$_NON_CLUSTERED started.
2022-09-28 23:01:03,087 INFO o.s.b.StartupInfoLogger [main] Started IgCloneApplication in 7.392 seconds (JVM running for 8.745)
2022-09-28 23:01:03,557 INFO o.a.j.l.DirectJDKLog [RMI TCP Connection(1)-192.168.0.104] Initializing Spring DispatcherServlet 'dispatcherServlet'
2022-09-28 23:01:26,176 INFO o.a.j.l.DirectJDKLog [http-nio-8023-exec-1] Error parsing HTTP request header
 Note: further occurrences of HTTP request parsing errors will be logged at DEBUG level.
java.lang.IllegalArgumentException: Invalid character found in the request target [/ig-clone/api/v1/post/getComment/1?page=0&size=10&search={%22id%22:%221%22} ]. The valid characters are defined in RFC 7230 and RFC 3986
	at org.apache.coyote.http11.Http11InputBuffer.parseRequestLine(Http11InputBuffer.java:494) ~[tomcat-embed-core-9.0.60.jar:9.0.60]
	at org.apache.coyote.http11.Http11Processor.service(Http11Processor.java:271) ~[tomcat-embed-core-9.0.60.jar:9.0.60]
	at org.apache.coyote.AbstractProcessorLight.process(AbstractProcessorLight.java:65) ~[tomcat-embed-core-9.0.60.jar:9.0.60]
	at org.apache.coyote.AbstractProtocol$ConnectionHandler.process(AbstractProtocol.java:889) ~[tomcat-embed-core-9.0.60.jar:9.0.60]
	at org.apache.tomcat.util.net.NioEndpoint$SocketProcessor.doRun(NioEndpoint.java:1743) ~[tomcat-embed-core-9.0.60.jar:9.0.60]
	at org.apache.tomcat.util.net.SocketProcessorBase.run(SocketProcessorBase.java:49) ~[tomcat-embed-core-9.0.60.jar:9.0.60]
	at org.apache.tomcat.util.threads.ThreadPoolExecutor.runWorker(ThreadPoolExecutor.java:1191) ~[tomcat-embed-core-9.0.60.jar:9.0.60]
	at org.apache.tomcat.util.threads.ThreadPoolExecutor$Worker.run(ThreadPoolExecutor.java:659) ~[tomcat-embed-core-9.0.60.jar:9.0.60]
	at org.apache.tomcat.util.threads.TaskThread$WrappingRunnable.run(TaskThread.java:61) ~[tomcat-embed-core-9.0.60.jar:9.0.60]
	at java.lang.Thread.run(Thread.java:748) ~[?:1.8.0_202]
2022-09-28 23:01:38,415 INFO c.s.p.SSOResource [http-nio-8023-exec-4] language current: en_US, examle error_401: Unauthorized
2022-09-28 23:01:38,499 DEBUG o.h.e.j.s.SqlStatementLogger [http-nio-8023-exec-4] select admuser0_.id as id1_0_, admuser0_.ADDRESS as address2_0_, admuser0_.BIRTHDAY as birthday3_0_, admuser0_.CREATE_TIME as create_t4_0_, admuser0_.CREATOR_ID as creator_5_0_, admuser0_.CREATOR_NAME as creator_6_0_, admuser0_.EMAIL as email7_0_, admuser0_.FULL_NAME as full_nam8_0_, admuser0_.GENDER as gender9_0_, admuser0_.GIVEN_NAME as given_n10_0_, admuser0_.IS_DELETE as is_dele11_0_, admuser0_.PASSWORD as passwor12_0_, admuser0_.PHONE_NUMBER as phone_n13_0_, admuser0_.POSITION as positio14_0_, admuser0_.STATUS as status15_0_, admuser0_.SURNAME as surname16_0_, admuser0_.TYPE as type17_0_, admuser0_.UPDATE_TIME as update_18_0_, admuser0_.UPDATER_ID as updater19_0_, admuser0_.UPDATER_NAME as updater20_0_, admuser0_.USER_NAME as user_na21_0_ from ADM_USERS admuser0_ where admuser0_.USER_NAME=?
2022-09-28 23:01:38,499 TRACE o.h.t.d.s.BasicBinder [http-nio-8023-exec-4] binding parameter [1] as [VARCHAR] - [admin]
2022-09-28 23:01:53,840 DEBUG o.h.e.j.s.SqlStatementLogger [http-nio-8023-exec-5] select admuser0_.id as id1_0_, admuser0_.ADDRESS as address2_0_, admuser0_.BIRTHDAY as birthday3_0_, admuser0_.CREATE_TIME as create_t4_0_, admuser0_.CREATOR_ID as creator_5_0_, admuser0_.CREATOR_NAME as creator_6_0_, admuser0_.EMAIL as email7_0_, admuser0_.FULL_NAME as full_nam8_0_, admuser0_.GENDER as gender9_0_, admuser0_.GIVEN_NAME as given_n10_0_, admuser0_.IS_DELETE as is_dele11_0_, admuser0_.PASSWORD as passwor12_0_, admuser0_.PHONE_NUMBER as phone_n13_0_, admuser0_.POSITION as positio14_0_, admuser0_.STATUS as status15_0_, admuser0_.SURNAME as surname16_0_, admuser0_.TYPE as type17_0_, admuser0_.UPDATE_TIME as update_18_0_, admuser0_.UPDATER_ID as updater19_0_, admuser0_.UPDATER_NAME as updater20_0_, admuser0_.USER_NAME as user_na21_0_ from ADM_USERS admuser0_ where admuser0_.USER_NAME=?
2022-09-28 23:01:53,841 TRACE o.h.t.d.s.BasicBinder [http-nio-8023-exec-5] binding parameter [1] as [VARCHAR] - [admin]
2022-09-28 23:01:53,844 DEBUG o.h.e.j.s.SqlStatementLogger [http-nio-8023-exec-5] select admuser0_.id as id1_0_, admuser0_.ADDRESS as address2_0_, admuser0_.BIRTHDAY as birthday3_0_, admuser0_.CREATE_TIME as create_t4_0_, admuser0_.CREATOR_ID as creator_5_0_, admuser0_.CREATOR_NAME as creator_6_0_, admuser0_.EMAIL as email7_0_, admuser0_.FULL_NAME as full_nam8_0_, admuser0_.GENDER as gender9_0_, admuser0_.GIVEN_NAME as given_n10_0_, admuser0_.IS_DELETE as is_dele11_0_, admuser0_.PASSWORD as passwor12_0_, admuser0_.PHONE_NUMBER as phone_n13_0_, admuser0_.POSITION as positio14_0_, admuser0_.STATUS as status15_0_, admuser0_.SURNAME as surname16_0_, admuser0_.TYPE as type17_0_, admuser0_.UPDATE_TIME as update_18_0_, admuser0_.UPDATER_ID as updater19_0_, admuser0_.UPDATER_NAME as updater20_0_, admuser0_.USER_NAME as user_na21_0_ from ADM_USERS admuser0_ where admuser0_.USER_NAME=?
2022-09-28 23:01:53,845 TRACE o.h.t.d.s.BasicBinder [http-nio-8023-exec-5] binding parameter [1] as [VARCHAR] - [admin]
2022-09-28 23:01:53,870 DEBUG o.h.e.j.s.SqlStatementLogger [http-nio-8023-exec-5] select count(viewcommen0_.id) as col_0_0_ from ( select * from COMMENTS ) viewcommen0_ left outer join POST post1_ on viewcommen0_.post_id=post1_.id where 1=1 and post1_.id=?
2022-09-28 23:01:53,871 TRACE o.h.t.d.s.BasicBinder [http-nio-8023-exec-5] binding parameter [1] as [BIGINT] - [1]
2022-09-28 23:01:53,873 DEBUG o.h.e.j.s.SqlStatementLogger [http-nio-8023-exec-5] select viewcommen0_.id as id1_0_, viewcommen0_.BODY as body2_0_, viewcommen0_.CREATE_TIME as create_t3_0_, viewcommen0_.CREATOR_ID as creator_4_0_, viewcommen0_.CREATOR_NAME as creator_5_0_, viewcommen0_.IS_DELETE as is_delet6_0_, viewcommen0_.post_id as post_id10_0_, viewcommen0_.UPDATE_TIME as update_t7_0_, viewcommen0_.UPDATER_ID as updater_8_0_, viewcommen0_.UPDATER_NAME as updater_9_0_, viewcommen0_.user_id as user_id11_0_ from ( select * from COMMENTS ) viewcommen0_ left outer join POST post1_ on viewcommen0_.post_id=post1_.id where 1=1 and post1_.id=? order by viewcommen0_.CREATE_TIME DESC limit ?
2022-09-28 23:01:53,874 TRACE o.h.t.d.s.BasicBinder [http-nio-8023-exec-5] binding parameter [1] as [BIGINT] - [1]
2022-09-28 23:01:53,891 DEBUG o.h.e.j.s.SqlStatementLogger [http-nio-8023-exec-5] select post0_.id as id1_9_0_, post0_.CREATE_TIME as create_t2_9_0_, post0_.CREATOR_ID as creator_3_9_0_, post0_.CREATOR_NAME as creator_4_9_0_, post0_.DESCRIPTION as descript5_9_0_, post0_.IS_DELETE as is_delet6_9_0_, post0_.UPDATE_TIME as update_t7_9_0_, post0_.UPDATER_ID as updater_8_9_0_, post0_.UPDATER_NAME as updater_9_9_0_ from POST post0_ where post0_.id=?
2022-09-28 23:01:53,891 TRACE o.h.t.d.s.BasicBinder [http-nio-8023-exec-5] binding parameter [1] as [BIGINT] - [1]
2022-09-28 23:01:53,897 DEBUG o.h.e.j.s.SqlStatementLogger [http-nio-8023-exec-5] select admuser0_.id as id1_0_0_, admuser0_.ADDRESS as address2_0_0_, admuser0_.BIRTHDAY as birthday3_0_0_, admuser0_.CREATE_TIME as create_t4_0_0_, admuser0_.CREATOR_ID as creator_5_0_0_, admuser0_.CREATOR_NAME as creator_6_0_0_, admuser0_.EMAIL as email7_0_0_, admuser0_.FULL_NAME as full_nam8_0_0_, admuser0_.GENDER as gender9_0_0_, admuser0_.GIVEN_NAME as given_n10_0_0_, admuser0_.IS_DELETE as is_dele11_0_0_, admuser0_.PASSWORD as passwor12_0_0_, admuser0_.PHONE_NUMBER as phone_n13_0_0_, admuser0_.POSITION as positio14_0_0_, admuser0_.STATUS as status15_0_0_, admuser0_.SURNAME as surname16_0_0_, admuser0_.TYPE as type17_0_0_, admuser0_.UPDATE_TIME as update_18_0_0_, admuser0_.UPDATER_ID as updater19_0_0_, admuser0_.UPDATER_NAME as updater20_0_0_, admuser0_.USER_NAME as user_na21_0_0_ from ADM_USERS admuser0_ where admuser0_.id=?
2022-09-28 23:01:53,898 TRACE o.h.t.d.s.BasicBinder [http-nio-8023-exec-5] binding parameter [1] as [BIGINT] - [4]
2022-09-28 23:01:53,899 DEBUG o.h.e.j.s.SqlStatementLogger [http-nio-8023-exec-5] select admuser0_.id as id1_0_0_, admuser0_.ADDRESS as address2_0_0_, admuser0_.BIRTHDAY as birthday3_0_0_, admuser0_.CREATE_TIME as create_t4_0_0_, admuser0_.CREATOR_ID as creator_5_0_0_, admuser0_.CREATOR_NAME as creator_6_0_0_, admuser0_.EMAIL as email7_0_0_, admuser0_.FULL_NAME as full_nam8_0_0_, admuser0_.GENDER as gender9_0_0_, admuser0_.GIVEN_NAME as given_n10_0_0_, admuser0_.IS_DELETE as is_dele11_0_0_, admuser0_.PASSWORD as passwor12_0_0_, admuser0_.PHONE_NUMBER as phone_n13_0_0_, admuser0_.POSITION as positio14_0_0_, admuser0_.STATUS as status15_0_0_, admuser0_.SURNAME as surname16_0_0_, admuser0_.TYPE as type17_0_0_, admuser0_.UPDATE_TIME as update_18_0_0_, admuser0_.UPDATER_ID as updater19_0_0_, admuser0_.UPDATER_NAME as updater20_0_0_, admuser0_.USER_NAME as user_na21_0_0_ from ADM_USERS admuser0_ where admuser0_.id=?
2022-09-28 23:01:53,899 TRACE o.h.t.d.s.BasicBinder [http-nio-8023-exec-5] binding parameter [1] as [BIGINT] - [1]
2022-09-28 23:03:10,485 DEBUG o.h.e.j.s.SqlStatementLogger [http-nio-8023-exec-8] select count(viewfollow0_.id) as col_0_0_ from ( select * from FOLLOWS ) viewfollow0_ left outer join ADM_USERS admuser1_ on viewfollow0_.following_id=admuser1_.id where 1=1 and viewfollow0_.IS_DELETE=? and admuser1_.id=?
2022-09-28 23:03:10,486 TRACE o.h.t.d.s.BasicBinder [http-nio-8023-exec-8] binding parameter [1] as [BIGINT] - [0]
2022-09-28 23:03:10,486 TRACE o.h.t.d.s.BasicBinder [http-nio-8023-exec-8] binding parameter [2] as [BIGINT] - [1]
2022-09-28 23:03:10,488 DEBUG o.h.e.j.s.SqlStatementLogger [http-nio-8023-exec-8] select viewfollow0_.id as id1_0_, viewfollow0_.CREATE_TIME as create_t2_0_, viewfollow0_.CREATOR_ID as creator_3_0_, viewfollow0_.CREATOR_NAME as creator_4_0_, viewfollow0_.follower_id as follower9_0_, viewfollow0_.following_id as followi10_0_, viewfollow0_.IS_DELETE as is_delet5_0_, viewfollow0_.UPDATE_TIME as update_t6_0_, viewfollow0_.UPDATER_ID as updater_7_0_, viewfollow0_.UPDATER_NAME as updater_8_0_ from ( select * from FOLLOWS ) viewfollow0_ left outer join ADM_USERS admuser1_ on viewfollow0_.following_id=admuser1_.id where 1=1 and viewfollow0_.IS_DELETE=? and admuser1_.id=? order by viewfollow0_.CREATE_TIME DESC limit ?
2022-09-28 23:03:10,488 TRACE o.h.t.d.s.BasicBinder [http-nio-8023-exec-8] binding parameter [1] as [BIGINT] - [0]
2022-09-28 23:03:10,488 TRACE o.h.t.d.s.BasicBinder [http-nio-8023-exec-8] binding parameter [2] as [BIGINT] - [1]
2022-09-28 23:03:21,742 DEBUG o.h.e.j.s.SqlStatementLogger [http-nio-8023-exec-9] select count(viewfollow0_.id) as col_0_0_ from ( select * from FOLLOWS ) viewfollow0_ left outer join ADM_USERS admuser1_ on viewfollow0_.follower_id=admuser1_.id where 1=1 and viewfollow0_.IS_DELETE=? and admuser1_.id=?
2022-09-28 23:03:21,744 TRACE o.h.t.d.s.BasicBinder [http-nio-8023-exec-9] binding parameter [1] as [BIGINT] - [0]
2022-09-28 23:03:21,744 TRACE o.h.t.d.s.BasicBinder [http-nio-8023-exec-9] binding parameter [2] as [BIGINT] - [1]
2022-09-28 23:03:21,746 DEBUG o.h.e.j.s.SqlStatementLogger [http-nio-8023-exec-9] select viewfollow0_.id as id1_0_, viewfollow0_.CREATE_TIME as create_t2_0_, viewfollow0_.CREATOR_ID as creator_3_0_, viewfollow0_.CREATOR_NAME as creator_4_0_, viewfollow0_.follower_id as follower9_0_, viewfollow0_.following_id as followi10_0_, viewfollow0_.IS_DELETE as is_delet5_0_, viewfollow0_.UPDATE_TIME as update_t6_0_, viewfollow0_.UPDATER_ID as updater_7_0_, viewfollow0_.UPDATER_NAME as updater_8_0_ from ( select * from FOLLOWS ) viewfollow0_ left outer join ADM_USERS admuser1_ on viewfollow0_.follower_id=admuser1_.id where 1=1 and viewfollow0_.IS_DELETE=? and admuser1_.id=? order by viewfollow0_.CREATE_TIME DESC limit ?
2022-09-28 23:03:21,746 TRACE o.h.t.d.s.BasicBinder [http-nio-8023-exec-9] binding parameter [1] as [BIGINT] - [0]
2022-09-28 23:03:21,746 TRACE o.h.t.d.s.BasicBinder [http-nio-8023-exec-9] binding parameter [2] as [BIGINT] - [1]
2022-09-28 23:03:21,749 DEBUG o.h.e.j.s.SqlStatementLogger [http-nio-8023-exec-9] select admuser0_.id as id1_0_0_, admuser0_.ADDRESS as address2_0_0_, admuser0_.BIRTHDAY as birthday3_0_0_, admuser0_.CREATE_TIME as create_t4_0_0_, admuser0_.CREATOR_ID as creator_5_0_0_, admuser0_.CREATOR_NAME as creator_6_0_0_, admuser0_.EMAIL as email7_0_0_, admuser0_.FULL_NAME as full_nam8_0_0_, admuser0_.GENDER as gender9_0_0_, admuser0_.GIVEN_NAME as given_n10_0_0_, admuser0_.IS_DELETE as is_dele11_0_0_, admuser0_.PASSWORD as passwor12_0_0_, admuser0_.PHONE_NUMBER as phone_n13_0_0_, admuser0_.POSITION as positio14_0_0_, admuser0_.STATUS as status15_0_0_, admuser0_.SURNAME as surname16_0_0_, admuser0_.TYPE as type17_0_0_, admuser0_.UPDATE_TIME as update_18_0_0_, admuser0_.UPDATER_ID as updater19_0_0_, admuser0_.UPDATER_NAME as updater20_0_0_, admuser0_.USER_NAME as user_na21_0_0_ from ADM_USERS admuser0_ where admuser0_.id=?
2022-09-28 23:03:21,749 TRACE o.h.t.d.s.BasicBinder [http-nio-8023-exec-9] binding parameter [1] as [BIGINT] - [1]
2022-09-28 23:03:21,750 DEBUG o.h.e.j.s.SqlStatementLogger [http-nio-8023-exec-9] select admuser0_.id as id1_0_0_, admuser0_.ADDRESS as address2_0_0_, admuser0_.BIRTHDAY as birthday3_0_0_, admuser0_.CREATE_TIME as create_t4_0_0_, admuser0_.CREATOR_ID as creator_5_0_0_, admuser0_.CREATOR_NAME as creator_6_0_0_, admuser0_.EMAIL as email7_0_0_, admuser0_.FULL_NAME as full_nam8_0_0_, admuser0_.GENDER as gender9_0_0_, admuser0_.GIVEN_NAME as given_n10_0_0_, admuser0_.IS_DELETE as is_dele11_0_0_, admuser0_.PASSWORD as passwor12_0_0_, admuser0_.PHONE_NUMBER as phone_n13_0_0_, admuser0_.POSITION as positio14_0_0_, admuser0_.STATUS as status15_0_0_, admuser0_.SURNAME as surname16_0_0_, admuser0_.TYPE as type17_0_0_, admuser0_.UPDATE_TIME as update_18_0_0_, admuser0_.UPDATER_ID as updater19_0_0_, admuser0_.UPDATER_NAME as updater20_0_0_, admuser0_.USER_NAME as user_na21_0_0_ from ADM_USERS admuser0_ where admuser0_.id=?
2022-09-28 23:03:21,751 TRACE o.h.t.d.s.BasicBinder [http-nio-8023-exec-9] binding parameter [1] as [BIGINT] - [5]
2022-09-28 23:03:21,752 DEBUG o.h.e.j.s.SqlStatementLogger [http-nio-8023-exec-9] select admuser0_.id as id1_0_0_, admuser0_.ADDRESS as address2_0_0_, admuser0_.BIRTHDAY as birthday3_0_0_, admuser0_.CREATE_TIME as create_t4_0_0_, admuser0_.CREATOR_ID as creator_5_0_0_, admuser0_.CREATOR_NAME as creator_6_0_0_, admuser0_.EMAIL as email7_0_0_, admuser0_.FULL_NAME as full_nam8_0_0_, admuser0_.GENDER as gender9_0_0_, admuser0_.GIVEN_NAME as given_n10_0_0_, admuser0_.IS_DELETE as is_dele11_0_0_, admuser0_.PASSWORD as passwor12_0_0_, admuser0_.PHONE_NUMBER as phone_n13_0_0_, admuser0_.POSITION as positio14_0_0_, admuser0_.STATUS as status15_0_0_, admuser0_.SURNAME as surname16_0_0_, admuser0_.TYPE as type17_0_0_, admuser0_.UPDATE_TIME as update_18_0_0_, admuser0_.UPDATER_ID as updater19_0_0_, admuser0_.UPDATER_NAME as updater20_0_0_, admuser0_.USER_NAME as user_na21_0_0_ from ADM_USERS admuser0_ where admuser0_.id=?
2022-09-28 23:03:21,752 TRACE o.h.t.d.s.BasicBinder [http-nio-8023-exec-9] binding parameter [1] as [BIGINT] - [4]
2022-09-28 23:03:21,753 DEBUG o.h.e.j.s.SqlStatementLogger [http-nio-8023-exec-9] select admuser0_.id as id1_0_0_, admuser0_.ADDRESS as address2_0_0_, admuser0_.BIRTHDAY as birthday3_0_0_, admuser0_.CREATE_TIME as create_t4_0_0_, admuser0_.CREATOR_ID as creator_5_0_0_, admuser0_.CREATOR_NAME as creator_6_0_0_, admuser0_.EMAIL as email7_0_0_, admuser0_.FULL_NAME as full_nam8_0_0_, admuser0_.GENDER as gender9_0_0_, admuser0_.GIVEN_NAME as given_n10_0_0_, admuser0_.IS_DELETE as is_dele11_0_0_, admuser0_.PASSWORD as passwor12_0_0_, admuser0_.PHONE_NUMBER as phone_n13_0_0_, admuser0_.POSITION as positio14_0_0_, admuser0_.STATUS as status15_0_0_, admuser0_.SURNAME as surname16_0_0_, admuser0_.TYPE as type17_0_0_, admuser0_.UPDATE_TIME as update_18_0_0_, admuser0_.UPDATER_ID as updater19_0_0_, admuser0_.UPDATER_NAME as updater20_0_0_, admuser0_.USER_NAME as user_na21_0_0_ from ADM_USERS admuser0_ where admuser0_.id=?
2022-09-28 23:03:21,753 TRACE o.h.t.d.s.BasicBinder [http-nio-8023-exec-9] binding parameter [1] as [BIGINT] - [2]
2022-09-28 23:03:21,754 DEBUG o.h.e.j.s.SqlStatementLogger [http-nio-8023-exec-9] select admuser0_.id as id1_0_0_, admuser0_.ADDRESS as address2_0_0_, admuser0_.BIRTHDAY as birthday3_0_0_, admuser0_.CREATE_TIME as create_t4_0_0_, admuser0_.CREATOR_ID as creator_5_0_0_, admuser0_.CREATOR_NAME as creator_6_0_0_, admuser0_.EMAIL as email7_0_0_, admuser0_.FULL_NAME as full_nam8_0_0_, admuser0_.GENDER as gender9_0_0_, admuser0_.GIVEN_NAME as given_n10_0_0_, admuser0_.IS_DELETE as is_dele11_0_0_, admuser0_.PASSWORD as passwor12_0_0_, admuser0_.PHONE_NUMBER as phone_n13_0_0_, admuser0_.POSITION as positio14_0_0_, admuser0_.STATUS as status15_0_0_, admuser0_.SURNAME as surname16_0_0_, admuser0_.TYPE as type17_0_0_, admuser0_.UPDATE_TIME as update_18_0_0_, admuser0_.UPDATER_ID as updater19_0_0_, admuser0_.UPDATER_NAME as updater20_0_0_, admuser0_.USER_NAME as user_na21_0_0_ from ADM_USERS admuser0_ where admuser0_.id=?
2022-09-28 23:03:21,754 TRACE o.h.t.d.s.BasicBinder [http-nio-8023-exec-9] binding parameter [1] as [BIGINT] - [3]
2022-09-28 23:12:29,513 DEBUG o.h.e.j.s.SqlStatementLogger [http-nio-8023-exec-1] select admuser0_.id as id1_0_, admuser0_.ADDRESS as address2_0_, admuser0_.BIRTHDAY as birthday3_0_, admuser0_.CREATE_TIME as create_t4_0_, admuser0_.CREATOR_ID as creator_5_0_, admuser0_.CREATOR_NAME as creator_6_0_, admuser0_.EMAIL as email7_0_, admuser0_.FULL_NAME as full_nam8_0_, admuser0_.GENDER as gender9_0_, admuser0_.GIVEN_NAME as given_n10_0_, admuser0_.IS_DELETE as is_dele11_0_, admuser0_.PASSWORD as passwor12_0_, admuser0_.PHONE_NUMBER as phone_n13_0_, admuser0_.POSITION as positio14_0_, admuser0_.STATUS as status15_0_, admuser0_.SURNAME as surname16_0_, admuser0_.TYPE as type17_0_, admuser0_.UPDATE_TIME as update_18_0_, admuser0_.UPDATER_ID as updater19_0_, admuser0_.UPDATER_NAME as updater20_0_, admuser0_.USER_NAME as user_na21_0_ from ADM_USERS admuser0_ where admuser0_.USER_NAME=?
2022-09-28 23:12:29,515 TRACE o.h.t.d.s.BasicBinder [http-nio-8023-exec-1] binding parameter [1] as [VARCHAR] - [admin]
2022-09-28 23:12:29,517 DEBUG o.h.e.j.s.SqlStatementLogger [http-nio-8023-exec-1] select admuser0_.id as id1_0_, admuser0_.ADDRESS as address2_0_, admuser0_.BIRTHDAY as birthday3_0_, admuser0_.CREATE_TIME as create_t4_0_, admuser0_.CREATOR_ID as creator_5_0_, admuser0_.CREATOR_NAME as creator_6_0_, admuser0_.EMAIL as email7_0_, admuser0_.FULL_NAME as full_nam8_0_, admuser0_.GENDER as gender9_0_, admuser0_.GIVEN_NAME as given_n10_0_, admuser0_.IS_DELETE as is_dele11_0_, admuser0_.PASSWORD as passwor12_0_, admuser0_.PHONE_NUMBER as phone_n13_0_, admuser0_.POSITION as positio14_0_, admuser0_.STATUS as status15_0_, admuser0_.SURNAME as surname16_0_, admuser0_.TYPE as type17_0_, admuser0_.UPDATE_TIME as update_18_0_, admuser0_.UPDATER_ID as updater19_0_, admuser0_.UPDATER_NAME as updater20_0_, admuser0_.USER_NAME as user_na21_0_ from ADM_USERS admuser0_ where admuser0_.USER_NAME=?
2022-09-28 23:12:29,518 TRACE o.h.t.d.s.BasicBinder [http-nio-8023-exec-1] binding parameter [1] as [VARCHAR] - [admin]
2022-09-28 23:12:29,528 DEBUG o.h.e.j.s.SqlStatementLogger [http-nio-8023-exec-1] select follow0_.id as id1_7_, follow0_.CREATE_TIME as create_t2_7_, follow0_.CREATOR_ID as creator_3_7_, follow0_.CREATOR_NAME as creator_4_7_, follow0_.follower_id as follower9_7_, follow0_.following_id as followi10_7_, follow0_.IS_DELETE as is_delet5_7_, follow0_.UPDATE_TIME as update_t6_7_, follow0_.UPDATER_ID as updater_7_7_, follow0_.UPDATER_NAME as updater_8_7_ from FOLLOWS follow0_ inner join ADM_USERS admuser1_ on follow0_.follower_id=admuser1_.id where admuser1_.id=?
2022-09-28 23:12:29,529 TRACE o.h.t.d.s.BasicBinder [http-nio-8023-exec-1] binding parameter [1] as [BIGINT] - [1]
2022-09-28 23:12:29,547 DEBUG o.h.e.j.s.SqlStatementLogger [http-nio-8023-exec-1] select count(viewpost0_.id) as col_0_0_ from ( select * from POST ) viewpost0_ where 1=1 and (viewpost0_.CREATOR_ID in (? , ? , ? , ? , ?))
2022-09-28 23:12:29,548 TRACE o.h.t.d.s.BasicBinder [http-nio-8023-exec-1] binding parameter [1] as [BIGINT] - [3]
2022-09-28 23:12:29,548 TRACE o.h.t.d.s.BasicBinder [http-nio-8023-exec-1] binding parameter [2] as [BIGINT] - [2]
2022-09-28 23:12:29,548 TRACE o.h.t.d.s.BasicBinder [http-nio-8023-exec-1] binding parameter [3] as [BIGINT] - [4]
2022-09-28 23:12:29,548 TRACE o.h.t.d.s.BasicBinder [http-nio-8023-exec-1] binding parameter [4] as [BIGINT] - [5]
2022-09-28 23:12:29,548 TRACE o.h.t.d.s.BasicBinder [http-nio-8023-exec-1] binding parameter [5] as [BIGINT] - [1]
2022-09-28 23:12:29,553 DEBUG o.h.e.j.s.SqlStatementLogger [http-nio-8023-exec-1] select viewpost0_.id as id1_0_, viewpost0_.CREATE_TIME as create_t2_0_, viewpost0_.CREATOR_ID as creator_3_0_, viewpost0_.CREATOR_NAME as creator_4_0_, viewpost0_.DESCRIPTION as descript5_0_, viewpost0_.IS_DELETE as is_delet6_0_, viewpost0_.UPDATE_TIME as update_t7_0_, viewpost0_.UPDATER_ID as updater_8_0_, viewpost0_.UPDATER_NAME as updater_9_0_ from ( select * from POST ) viewpost0_ where 1=1 and (viewpost0_.CREATOR_ID in (? , ? , ? , ? , ?)) order by viewpost0_.CREATE_TIME DESC limit ?
2022-09-28 23:12:29,553 TRACE o.h.t.d.s.BasicBinder [http-nio-8023-exec-1] binding parameter [1] as [BIGINT] - [3]
2022-09-28 23:12:29,553 TRACE o.h.t.d.s.BasicBinder [http-nio-8023-exec-1] binding parameter [2] as [BIGINT] - [2]
2022-09-28 23:12:29,553 TRACE o.h.t.d.s.BasicBinder [http-nio-8023-exec-1] binding parameter [3] as [BIGINT] - [4]
2022-09-28 23:12:29,553 TRACE o.h.t.d.s.BasicBinder [http-nio-8023-exec-1] binding parameter [4] as [BIGINT] - [5]
2022-09-28 23:12:29,554 TRACE o.h.t.d.s.BasicBinder [http-nio-8023-exec-1] binding parameter [5] as [BIGINT] - [1]
2022-09-28 23:48:10,112 INFO c.s.p.SSOResource [http-nio-8023-exec-7] language current: en_US, examle error_401: Unauthorized
2022-09-28 23:48:10,130 DEBUG o.h.e.j.s.SqlStatementLogger [http-nio-8023-exec-7] select admuser0_.id as id1_0_, admuser0_.ADDRESS as address2_0_, admuser0_.BIRTHDAY as birthday3_0_, admuser0_.CREATE_TIME as create_t4_0_, admuser0_.CREATOR_ID as creator_5_0_, admuser0_.CREATOR_NAME as creator_6_0_, admuser0_.EMAIL as email7_0_, admuser0_.FULL_NAME as full_nam8_0_, admuser0_.GENDER as gender9_0_, admuser0_.GIVEN_NAME as given_n10_0_, admuser0_.IS_DELETE as is_dele11_0_, admuser0_.PASSWORD as passwor12_0_, admuser0_.PHONE_NUMBER as phone_n13_0_, admuser0_.POSITION as positio14_0_, admuser0_.STATUS as status15_0_, admuser0_.SURNAME as surname16_0_, admuser0_.TYPE as type17_0_, admuser0_.UPDATE_TIME as update_18_0_, admuser0_.UPDATER_ID as updater19_0_, admuser0_.UPDATER_NAME as updater20_0_, admuser0_.USER_NAME as user_na21_0_ from ADM_USERS admuser0_ where admuser0_.USER_NAME=?
2022-09-28 23:48:10,131 TRACE o.h.t.d.s.BasicBinder [http-nio-8023-exec-7] binding parameter [1] as [VARCHAR] - [admin]
2022-09-28 23:51:30,685 INFO c.s.p.SSOResource [http-nio-8023-exec-10] language current: en_US, examle error_401: Unauthorized
2022-09-28 23:51:30,687 DEBUG o.h.e.j.s.SqlStatementLogger [http-nio-8023-exec-10] select admuser0_.id as id1_0_, admuser0_.ADDRESS as address2_0_, admuser0_.BIRTHDAY as birthday3_0_, admuser0_.CREATE_TIME as create_t4_0_, admuser0_.CREATOR_ID as creator_5_0_, admuser0_.CREATOR_NAME as creator_6_0_, admuser0_.EMAIL as email7_0_, admuser0_.FULL_NAME as full_nam8_0_, admuser0_.GENDER as gender9_0_, admuser0_.GIVEN_NAME as given_n10_0_, admuser0_.IS_DELETE as is_dele11_0_, admuser0_.PASSWORD as passwor12_0_, admuser0_.PHONE_NUMBER as phone_n13_0_, admuser0_.POSITION as positio14_0_, admuser0_.STATUS as status15_0_, admuser0_.SURNAME as surname16_0_, admuser0_.TYPE as type17_0_, admuser0_.UPDATE_TIME as update_18_0_, admuser0_.UPDATER_ID as updater19_0_, admuser0_.UPDATER_NAME as updater20_0_, admuser0_.USER_NAME as user_na21_0_ from ADM_USERS admuser0_ where admuser0_.USER_NAME=?
2022-09-28 23:51:30,688 TRACE o.h.t.d.s.BasicBinder [http-nio-8023-exec-10] binding parameter [1] as [VARCHAR] - [s]
2022-09-28 23:51:30,779 ERROR c.s.s.i.SrsSystemSerciceImpl [http-nio-8023-exec-10] s|Bad credentials
2022-09-28 23:51:30,822 ERROR c.s.c.RestApiExceptionHandler [http-nio-8023-exec-10] error - POST 192.168.0.104:8023/ig-clone/public/v1/sso/jwt-login - Tên đăng nhập hoặc mật khẩu không chính xác
2022-09-28 23:51:36,872 INFO c.s.p.SSOResource [http-nio-8023-exec-1] language current: en_US, examle error_401: Unauthorized
2022-09-28 23:51:36,874 DEBUG o.h.e.j.s.SqlStatementLogger [http-nio-8023-exec-1] select admuser0_.id as id1_0_, admuser0_.ADDRESS as address2_0_, admuser0_.BIRTHDAY as birthday3_0_, admuser0_.CREATE_TIME as create_t4_0_, admuser0_.CREATOR_ID as creator_5_0_, admuser0_.CREATOR_NAME as creator_6_0_, admuser0_.EMAIL as email7_0_, admuser0_.FULL_NAME as full_nam8_0_, admuser0_.GENDER as gender9_0_, admuser0_.GIVEN_NAME as given_n10_0_, admuser0_.IS_DELETE as is_dele11_0_, admuser0_.PASSWORD as passwor12_0_, admuser0_.PHONE_NUMBER as phone_n13_0_, admuser0_.POSITION as positio14_0_, admuser0_.STATUS as status15_0_, admuser0_.SURNAME as surname16_0_, admuser0_.TYPE as type17_0_, admuser0_.UPDATE_TIME as update_18_0_, admuser0_.UPDATER_ID as updater19_0_, admuser0_.UPDATER_NAME as updater20_0_, admuser0_.USER_NAME as user_na21_0_ from ADM_USERS admuser0_ where admuser0_.USER_NAME=?
2022-09-28 23:51:36,874 TRACE o.h.t.d.s.BasicBinder [http-nio-8023-exec-1] binding parameter [1] as [VARCHAR] - [admin]
2022-09-28 23:57:42,456 INFO c.s.p.SSOResource [http-nio-8023-exec-4] language current: en_US, examle error_401: Unauthorized
2022-09-28 23:57:42,459 DEBUG o.h.e.j.s.SqlStatementLogger [http-nio-8023-exec-4] select admuser0_.id as id1_0_, admuser0_.ADDRESS as address2_0_, admuser0_.BIRTHDAY as birthday3_0_, admuser0_.CREATE_TIME as create_t4_0_, admuser0_.CREATOR_ID as creator_5_0_, admuser0_.CREATOR_NAME as creator_6_0_, admuser0_.EMAIL as email7_0_, admuser0_.FULL_NAME as full_nam8_0_, admuser0_.GENDER as gender9_0_, admuser0_.GIVEN_NAME as given_n10_0_, admuser0_.IS_DELETE as is_dele11_0_, admuser0_.PASSWORD as passwor12_0_, admuser0_.PHONE_NUMBER as phone_n13_0_, admuser0_.POSITION as positio14_0_, admuser0_.STATUS as status15_0_, admuser0_.SURNAME as surname16_0_, admuser0_.TYPE as type17_0_, admuser0_.UPDATE_TIME as update_18_0_, admuser0_.UPDATER_ID as updater19_0_, admuser0_.UPDATER_NAME as updater20_0_, admuser0_.USER_NAME as user_na21_0_ from ADM_USERS admuser0_ where admuser0_.USER_NAME=?
2022-09-28 23:57:42,460 TRACE o.h.t.d.s.BasicBinder [http-nio-8023-exec-4] binding parameter [1] as [VARCHAR] - [admin]
2022-09-28 23:57:42,600 INFO c.s.p.SSOResource [http-nio-8023-exec-5] language current: en_US, examle error_401: Unauthorized
2022-09-28 23:57:42,602 DEBUG o.h.e.j.s.SqlStatementLogger [http-nio-8023-exec-5] select admuser0_.id as id1_0_, admuser0_.ADDRESS as address2_0_, admuser0_.BIRTHDAY as birthday3_0_, admuser0_.CREATE_TIME as create_t4_0_, admuser0_.CREATOR_ID as creator_5_0_, admuser0_.CREATOR_NAME as creator_6_0_, admuser0_.EMAIL as email7_0_, admuser0_.FULL_NAME as full_nam8_0_, admuser0_.GENDER as gender9_0_, admuser0_.GIVEN_NAME as given_n10_0_, admuser0_.IS_DELETE as is_dele11_0_, admuser0_.PASSWORD as passwor12_0_, admuser0_.PHONE_NUMBER as phone_n13_0_, admuser0_.POSITION as positio14_0_, admuser0_.STATUS as status15_0_, admuser0_.SURNAME as surname16_0_, admuser0_.TYPE as type17_0_, admuser0_.UPDATE_TIME as update_18_0_, admuser0_.UPDATER_ID as updater19_0_, admuser0_.UPDATER_NAME as updater20_0_, admuser0_.USER_NAME as user_na21_0_ from ADM_USERS admuser0_ where admuser0_.USER_NAME=?
2022-09-28 23:57:42,603 TRACE o.h.t.d.s.BasicBinder [http-nio-8023-exec-5] binding parameter [1] as [VARCHAR] - [admin]
2022-09-28 23:57:43,345 DEBUG o.h.e.j.s.SqlStatementLogger [http-nio-8023-exec-7] select admuser0_.id as id1_0_, admuser0_.ADDRESS as address2_0_, admuser0_.BIRTHDAY as birthday3_0_, admuser0_.CREATE_TIME as create_t4_0_, admuser0_.CREATOR_ID as creator_5_0_, admuser0_.CREATOR_NAME as creator_6_0_, admuser0_.EMAIL as email7_0_, admuser0_.FULL_NAME as full_nam8_0_, admuser0_.GENDER as gender9_0_, admuser0_.GIVEN_NAME as given_n10_0_, admuser0_.IS_DELETE as is_dele11_0_, admuser0_.PASSWORD as passwor12_0_, admuser0_.PHONE_NUMBER as phone_n13_0_, admuser0_.POSITION as positio14_0_, admuser0_.STATUS as status15_0_, admuser0_.SURNAME as surname16_0_, admuser0_.TYPE as type17_0_, admuser0_.UPDATE_TIME as update_18_0_, admuser0_.UPDATER_ID as updater19_0_, admuser0_.UPDATER_NAME as updater20_0_, admuser0_.USER_NAME as user_na21_0_ from ADM_USERS admuser0_ where admuser0_.USER_NAME=?
2022-09-28 23:57:43,347 TRACE o.h.t.d.s.BasicBinder [http-nio-8023-exec-7] binding parameter [1] as [VARCHAR] - [admin]
2022-09-28 23:57:43,350 DEBUG o.h.e.j.s.SqlStatementLogger [http-nio-8023-exec-7] select admuser0_.id as id1_0_, admuser0_.ADDRESS as address2_0_, admuser0_.BIRTHDAY as birthday3_0_, admuser0_.CREATE_TIME as create_t4_0_, admuser0_.CREATOR_ID as creator_5_0_, admuser0_.CREATOR_NAME as creator_6_0_, admuser0_.EMAIL as email7_0_, admuser0_.FULL_NAME as full_nam8_0_, admuser0_.GENDER as gender9_0_, admuser0_.GIVEN_NAME as given_n10_0_, admuser0_.IS_DELETE as is_dele11_0_, admuser0_.PASSWORD as passwor12_0_, admuser0_.PHONE_NUMBER as phone_n13_0_, admuser0_.POSITION as positio14_0_, admuser0_.STATUS as status15_0_, admuser0_.SURNAME as surname16_0_, admuser0_.TYPE as type17_0_, admuser0_.UPDATE_TIME as update_18_0_, admuser0_.UPDATER_ID as updater19_0_, admuser0_.UPDATER_NAME as updater20_0_, admuser0_.USER_NAME as user_na21_0_ from ADM_USERS admuser0_ where admuser0_.USER_NAME=?
2022-09-28 23:57:43,351 TRACE o.h.t.d.s.BasicBinder [http-nio-8023-exec-7] binding parameter [1] as [VARCHAR] - [admin]
2022-09-28 23:57:43,476 ERROR c.s.c.u.JsonHelper [http-nio-8023-exec-7] java.lang.IllegalStateException: Expected BEGIN_OBJECT but was STRING at line 1 column 1 path $
2022-09-28 23:57:43,480 DEBUG o.h.e.j.s.SqlStatementLogger [http-nio-8023-exec-7] select follow0_.id as id1_7_, follow0_.CREATE_TIME as create_t2_7_, follow0_.CREATOR_ID as creator_3_7_, follow0_.CREATOR_NAME as creator_4_7_, follow0_.follower_id as follower9_7_, follow0_.following_id as followi10_7_, follow0_.IS_DELETE as is_delet5_7_, follow0_.UPDATE_TIME as update_t6_7_, follow0_.UPDATER_ID as updater_7_7_, follow0_.UPDATER_NAME as updater_8_7_ from FOLLOWS follow0_ inner join ADM_USERS admuser1_ on follow0_.follower_id=admuser1_.id where admuser1_.id=?
2022-09-28 23:57:43,481 TRACE o.h.t.d.s.BasicBinder [http-nio-8023-exec-7] binding parameter [1] as [BIGINT] - [1]
2022-09-28 23:57:46,606 DEBUG o.h.e.j.s.SqlStatementLogger [http-nio-8023-exec-10] select admuser0_.id as id1_0_, admuser0_.ADDRESS as address2_0_, admuser0_.BIRTHDAY as birthday3_0_, admuser0_.CREATE_TIME as create_t4_0_, admuser0_.CREATOR_ID as creator_5_0_, admuser0_.CREATOR_NAME as creator_6_0_, admuser0_.EMAIL as email7_0_, admuser0_.FULL_NAME as full_nam8_0_, admuser0_.GENDER as gender9_0_, admuser0_.GIVEN_NAME as given_n10_0_, admuser0_.IS_DELETE as is_dele11_0_, admuser0_.PASSWORD as passwor12_0_, admuser0_.PHONE_NUMBER as phone_n13_0_, admuser0_.POSITION as positio14_0_, admuser0_.STATUS as status15_0_, admuser0_.SURNAME as surname16_0_, admuser0_.TYPE as type17_0_, admuser0_.UPDATE_TIME as update_18_0_, admuser0_.UPDATER_ID as updater19_0_, admuser0_.UPDATER_NAME as updater20_0_, admuser0_.USER_NAME as user_na21_0_ from ADM_USERS admuser0_ where admuser0_.USER_NAME=?
2022-09-28 23:57:46,609 TRACE o.h.t.d.s.BasicBinder [http-nio-8023-exec-10] binding parameter [1] as [VARCHAR] - [admin]
2022-09-28 23:57:46,613 DEBUG o.h.e.j.s.SqlStatementLogger [http-nio-8023-exec-10] select admuser0_.id as id1_0_, admuser0_.ADDRESS as address2_0_, admuser0_.BIRTHDAY as birthday3_0_, admuser0_.CREATE_TIME as create_t4_0_, admuser0_.CREATOR_ID as creator_5_0_, admuser0_.CREATOR_NAME as creator_6_0_, admuser0_.EMAIL as email7_0_, admuser0_.FULL_NAME as full_nam8_0_, admuser0_.GENDER as gender9_0_, admuser0_.GIVEN_NAME as given_n10_0_, admuser0_.IS_DELETE as is_dele11_0_, admuser0_.PASSWORD as passwor12_0_, admuser0_.PHONE_NUMBER as phone_n13_0_, admuser0_.POSITION as positio14_0_, admuser0_.STATUS as status15_0_, admuser0_.SURNAME as surname16_0_, admuser0_.TYPE as type17_0_, admuser0_.UPDATE_TIME as update_18_0_, admuser0_.UPDATER_ID as updater19_0_, admuser0_.UPDATER_NAME as updater20_0_, admuser0_.USER_NAME as user_na21_0_ from ADM_USERS admuser0_ where admuser0_.USER_NAME=?
2022-09-28 23:57:46,615 TRACE o.h.t.d.s.BasicBinder [http-nio-8023-exec-10] binding parameter [1] as [VARCHAR] - [admin]
2022-09-28 23:57:46,617 ERROR c.s.c.u.JsonHelper [http-nio-8023-exec-10] java.lang.IllegalStateException: Expected BEGIN_OBJECT but was STRING at line 1 column 1 path $
2022-09-28 23:57:46,617 DEBUG o.h.e.j.s.SqlStatementLogger [http-nio-8023-exec-10] select follow0_.id as id1_7_, follow0_.CREATE_TIME as create_t2_7_, follow0_.CREATOR_ID as creator_3_7_, follow0_.CREATOR_NAME as creator_4_7_, follow0_.follower_id as follower9_7_, follow0_.following_id as followi10_7_, follow0_.IS_DELETE as is_delet5_7_, follow0_.UPDATE_TIME as update_t6_7_, follow0_.UPDATER_ID as updater_7_7_, follow0_.UPDATER_NAME as updater_8_7_ from FOLLOWS follow0_ inner join ADM_USERS admuser1_ on follow0_.follower_id=admuser1_.id where admuser1_.id=?
2022-09-28 23:57:46,618 TRACE o.h.t.d.s.BasicBinder [http-nio-8023-exec-10] binding parameter [1] as [BIGINT] - [1]
2022-09-28 23:57:58,306 DEBUG o.h.e.j.s.SqlStatementLogger [http-nio-8023-exec-2] select admuser0_.id as id1_0_, admuser0_.ADDRESS as address2_0_, admuser0_.BIRTHDAY as birthday3_0_, admuser0_.CREATE_TIME as create_t4_0_, admuser0_.CREATOR_ID as creator_5_0_, admuser0_.CREATOR_NAME as creator_6_0_, admuser0_.EMAIL as email7_0_, admuser0_.FULL_NAME as full_nam8_0_, admuser0_.GENDER as gender9_0_, admuser0_.GIVEN_NAME as given_n10_0_, admuser0_.IS_DELETE as is_dele11_0_, admuser0_.PASSWORD as passwor12_0_, admuser0_.PHONE_NUMBER as phone_n13_0_, admuser0_.POSITION as positio14_0_, admuser0_.STATUS as status15_0_, admuser0_.SURNAME as surname16_0_, admuser0_.TYPE as type17_0_, admuser0_.UPDATE_TIME as update_18_0_, admuser0_.UPDATER_ID as updater19_0_, admuser0_.UPDATER_NAME as updater20_0_, admuser0_.USER_NAME as user_na21_0_ from ADM_USERS admuser0_ where admuser0_.USER_NAME=?
2022-09-28 23:57:58,309 TRACE o.h.t.d.s.BasicBinder [http-nio-8023-exec-2] binding parameter [1] as [VARCHAR] - [admin]
2022-09-28 23:57:58,315 DEBUG o.h.e.j.s.SqlStatementLogger [http-nio-8023-exec-2] select admuser0_.id as id1_0_, admuser0_.ADDRESS as address2_0_, admuser0_.BIRTHDAY as birthday3_0_, admuser0_.CREATE_TIME as create_t4_0_, admuser0_.CREATOR_ID as creator_5_0_, admuser0_.CREATOR_NAME as creator_6_0_, admuser0_.EMAIL as email7_0_, admuser0_.FULL_NAME as full_nam8_0_, admuser0_.GENDER as gender9_0_, admuser0_.GIVEN_NAME as given_n10_0_, admuser0_.IS_DELETE as is_dele11_0_, admuser0_.PASSWORD as passwor12_0_, admuser0_.PHONE_NUMBER as phone_n13_0_, admuser0_.POSITION as positio14_0_, admuser0_.STATUS as status15_0_, admuser0_.SURNAME as surname16_0_, admuser0_.TYPE as type17_0_, admuser0_.UPDATE_TIME as update_18_0_, admuser0_.UPDATER_ID as updater19_0_, admuser0_.UPDATER_NAME as updater20_0_, admuser0_.USER_NAME as user_na21_0_ from ADM_USERS admuser0_ where admuser0_.USER_NAME=?
2022-09-28 23:57:58,316 TRACE o.h.t.d.s.BasicBinder [http-nio-8023-exec-2] binding parameter [1] as [VARCHAR] - [admin]
2022-09-28 23:57:58,318 ERROR c.s.c.u.JsonHelper [http-nio-8023-exec-2] java.lang.IllegalStateException: Expected BEGIN_OBJECT but was STRING at line 1 column 1 path $
2022-09-28 23:57:58,318 DEBUG o.h.e.j.s.SqlStatementLogger [http-nio-8023-exec-2] select follow0_.id as id1_7_, follow0_.CREATE_TIME as create_t2_7_, follow0_.CREATOR_ID as creator_3_7_, follow0_.CREATOR_NAME as creator_4_7_, follow0_.follower_id as follower9_7_, follow0_.following_id as followi10_7_, follow0_.IS_DELETE as is_delet5_7_, follow0_.UPDATE_TIME as update_t6_7_, follow0_.UPDATER_ID as updater_7_7_, follow0_.UPDATER_NAME as updater_8_7_ from FOLLOWS follow0_ inner join ADM_USERS admuser1_ on follow0_.follower_id=admuser1_.id where admuser1_.id=?
2022-09-28 23:57:58,320 TRACE o.h.t.d.s.BasicBinder [http-nio-8023-exec-2] binding parameter [1] as [BIGINT] - [1]
