2022-09-29 23:42:23,898 INFO o.h.v.i.u.Version [background-preinit] HV000001: Hibernate Validator 6.2.3.Final
2022-09-29 23:42:23,955 INFO o.s.b.StartupInfoLogger [main] Starting IgCloneApplication using Java 1.8.0_202 on DESKTOP-FSGNT1P with PID 13600 (D:\instagram-backend\api\app-base\target\classes started by za in D:\instagram-backend\api)
2022-09-29 23:42:23,958 INFO o.s.b.SpringApplication [main] No active profile set, falling back to 1 default profile: "default"
2022-09-29 23:42:25,658 INFO o.s.d.r.c.RepositoryConfigurationDelegate [main] Bootstrapping Spring Data JPA repositories in DEFAULT mode.
2022-09-29 23:42:25,729 INFO o.s.d.r.c.RepositoryConfigurationDelegate [main] Finished Spring Data repository scanning in 63 ms. Found 10 JPA repository interfaces.
2022-09-29 23:42:26,352 INFO o.s.c.s.PostProcessorRegistrationDelegate$BeanPostProcessorChecker [main] Bean 'methodSecurityConfig' of type [com.sangnk.core.security.MethodSecurityConfig$$EnhancerBySpringCGLIB$$3c79349] is not eligible for getting processed by all BeanPostProcessors (for example: not eligible for auto-proxying)
2022-09-29 23:42:26,587 INFO o.s.b.w.e.t.TomcatWebServer [main] Tomcat initialized with port(s): 8023 (http)
2022-09-29 23:42:26,593 INFO o.a.j.l.DirectJDKLog [main] Initializing ProtocolHandler ["http-nio-8023"]
2022-09-29 23:42:26,594 INFO o.a.j.l.DirectJDKLog [main] Starting service [Tomcat]
2022-09-29 23:42:26,594 INFO o.a.j.l.DirectJDKLog [main] Starting Servlet engine: [Apache Tomcat/9.0.60]
2022-09-29 23:42:26,732 INFO o.a.j.l.DirectJDKLog [main] Initializing Spring embedded WebApplicationContext
2022-09-29 23:42:26,733 INFO o.s.b.w.s.c.ServletWebServerApplicationContext [main] Root WebApplicationContext: initialization completed in 2743 ms
2022-09-29 23:42:27,065 INFO o.h.j.i.u.LogHelper [main] HHH000204: Processing PersistenceUnitInfo [name: db.primary.datasource]
2022-09-29 23:42:27,118 INFO o.h.Version [main] HHH000412: Hibernate ORM core version 5.6.7.Final
2022-09-29 23:42:27,270 INFO o.h.a.c.r.j.JavaReflectionManager [main] HCANN000001: Hibernate Commons Annotations {5.1.2.Final}
2022-09-29 23:42:27,440 INFO o.h.d.Dialect [main] HHH000400: Using dialect: com.sangnk.core.dialect.MariaDB103UnicodeDialect
2022-09-29 23:42:28,335 INFO o.h.e.t.j.p.i.JtaPlatformInitiator [main] HHH000490: Using JtaPlatform implementation: [org.hibernate.engine.transaction.jta.platform.internal.NoJtaPlatform]
2022-09-29 23:42:28,343 INFO o.s.o.j.AbstractEntityManagerFactoryBean [main] Initialized JPA EntityManagerFactory for persistence unit 'db.primary.datasource'
2022-09-29 23:42:29,179 INFO o.h.d.Dialect [main] HHH000400: Using dialect: com.sangnk.core.dialect.MariaDB103UnicodeDialect$$EnhancerBySpringCGLIB$$b55a854d
2022-09-29 23:42:29,192 INFO o.h.d.Dialect [main] HHH000400: Using dialect: com.sangnk.core.dialect.MySQLUnicodeDialect$$EnhancerBySpringCGLIB$$27f688db
2022-09-29 23:42:29,200 INFO o.h.d.Dialect [main] HHH000400: Using dialect: com.sangnk.core.dialect.Oracle10gUnicodeDialect$$EnhancerBySpringCGLIB$$d3f3a843
2022-09-29 23:42:29,209 INFO o.h.d.Dialect [main] HHH000400: Using dialect: com.sangnk.core.dialect.PostgreSQLUnicodeDialect$$EnhancerBySpringCGLIB$$511b0481
2022-09-29 23:42:29,217 INFO o.h.d.Dialect [main] HHH000400: Using dialect: com.sangnk.core.dialect.SQLServerUnicodeDialect$$EnhancerBySpringCGLIB$$df34e0aa
2022-09-29 23:42:29,527 INFO o.q.i.StdSchedulerFactory [main] Using default implementation for ThreadExecutor
2022-09-29 23:42:29,538 INFO o.q.c.SchedulerSignalerImpl [main] Initialized Scheduler Signaller of type: class org.quartz.core.SchedulerSignalerImpl
2022-09-29 23:42:29,538 INFO o.q.c.QuartzScheduler [main] Quartz Scheduler v.2.3.2 created.
2022-09-29 23:42:29,538 INFO o.q.s.RAMJobStore [main] RAMJobStore initialized.
2022-09-29 23:42:29,539 INFO o.q.c.QuartzScheduler [main] Scheduler meta-data: Quartz Scheduler (v2.3.2) 'quartzScheduler' with instanceId 'NON_CLUSTERED'
  Scheduler class: 'org.quartz.core.QuartzScheduler' - running locally.
  NOT STARTED.
  Currently in standby mode.
  Number of jobs executed: 0
  Using thread pool 'org.quartz.simpl.SimpleThreadPool' - with 10 threads.
  Using job-store 'org.quartz.simpl.RAMJobStore' - which does not support persistence. and is not clustered.

2022-09-29 23:42:29,539 INFO o.q.i.StdSchedulerFactory [main] Quartz scheduler 'quartzScheduler' initialized from an externally provided properties instance.
2022-09-29 23:42:29,539 INFO o.q.i.StdSchedulerFactory [main] Quartz scheduler version: 2.3.2
2022-09-29 23:42:29,539 INFO o.q.c.QuartzScheduler [main] JobFactory set to: org.springframework.scheduling.quartz.SpringBeanJobFactory@2380e8d4
2022-09-29 23:42:29,616 INFO o.s.b.a.e.w.EndpointLinksResolver [main] Exposing 15 endpoint(s) beneath base path '/actuator'
2022-09-29 23:42:29,891 WARN o.s.s.c.a.w.b.WebSecurity [main] You are asking Spring Security to ignore Ant [pattern='/**', OPTIONS]. This is not recommended -- please use permitAll via HttpSecurity#authorizeHttpRequests instead.
2022-09-29 23:42:29,892 INFO o.s.s.w.DefaultSecurityFilterChain [main] Will secure Ant [pattern='/**', OPTIONS] with []
2022-09-29 23:42:29,892 WARN o.s.s.c.a.w.b.WebSecurity [main] You are asking Spring Security to ignore Ant [pattern='/swagger-resources/**']. This is not recommended -- please use permitAll via HttpSecurity#authorizeHttpRequests instead.
2022-09-29 23:42:29,892 INFO o.s.s.w.DefaultSecurityFilterChain [main] Will secure Ant [pattern='/swagger-resources/**'] with []
2022-09-29 23:42:29,892 WARN o.s.s.c.a.w.b.WebSecurity [main] You are asking Spring Security to ignore Ant [pattern='/swagger-ui.html**']. This is not recommended -- please use permitAll via HttpSecurity#authorizeHttpRequests instead.
2022-09-29 23:42:29,892 INFO o.s.s.w.DefaultSecurityFilterChain [main] Will secure Ant [pattern='/swagger-ui.html**'] with []
2022-09-29 23:42:29,893 WARN o.s.s.c.a.w.b.WebSecurity [main] You are asking Spring Security to ignore Ant [pattern='/swagger-ui/**']. This is not recommended -- please use permitAll via HttpSecurity#authorizeHttpRequests instead.
2022-09-29 23:42:29,893 INFO o.s.s.w.DefaultSecurityFilterChain [main] Will secure Ant [pattern='/swagger-ui/**'] with []
2022-09-29 23:42:29,893 WARN o.s.s.c.a.w.b.WebSecurity [main] You are asking Spring Security to ignore Ant [pattern='/v2/api-docs/**']. This is not recommended -- please use permitAll via HttpSecurity#authorizeHttpRequests instead.
2022-09-29 23:42:29,893 INFO o.s.s.w.DefaultSecurityFilterChain [main] Will secure Ant [pattern='/v2/api-docs/**'] with []
2022-09-29 23:42:29,893 WARN o.s.s.c.a.w.b.WebSecurity [main] You are asking Spring Security to ignore Ant [pattern='/webjars/**']. This is not recommended -- please use permitAll via HttpSecurity#authorizeHttpRequests instead.
2022-09-29 23:42:29,893 INFO o.s.s.w.DefaultSecurityFilterChain [main] Will secure Ant [pattern='/webjars/**'] with []
2022-09-29 23:42:29,893 WARN o.s.s.c.a.w.b.WebSecurity [main] You are asking Spring Security to ignore Ant [pattern='/public/**']. This is not recommended -- please use permitAll via HttpSecurity#authorizeHttpRequests instead.
2022-09-29 23:42:29,893 INFO o.s.s.w.DefaultSecurityFilterChain [main] Will secure Ant [pattern='/public/**'] with []
2022-09-29 23:42:29,893 WARN o.s.s.c.a.w.b.WebSecurity [main] You are asking Spring Security to ignore Ant [pattern='/files/downloadFile/**']. This is not recommended -- please use permitAll via HttpSecurity#authorizeHttpRequests instead.
2022-09-29 23:42:29,893 INFO o.s.s.w.DefaultSecurityFilterChain [main] Will secure Ant [pattern='/files/downloadFile/**'] with []
2022-09-29 23:42:29,924 INFO o.s.s.w.DefaultSecurityFilterChain [main] Will not secure Or [Ant [pattern='/**']]
2022-09-29 23:42:30,001 DEBUG o.h.e.j.s.SqlStatementLogger [main] select admuser0_.id as id1_0_, admuser0_.ADDRESS as address2_0_, admuser0_.BIRTHDAY as birthday3_0_, admuser0_.CREATE_TIME as create_t4_0_, admuser0_.CREATOR_ID as creator_5_0_, admuser0_.CREATOR_NAME as creator_6_0_, admuser0_.EMAIL as email7_0_, admuser0_.FULL_NAME as full_nam8_0_, admuser0_.GENDER as gender9_0_, admuser0_.GIVEN_NAME as given_n10_0_, admuser0_.IS_DELETE as is_dele11_0_, admuser0_.PASSWORD as passwor12_0_, admuser0_.PHONE_NUMBER as phone_n13_0_, admuser0_.POSITION as positio14_0_, admuser0_.STATUS as status15_0_, admuser0_.SURNAME as surname16_0_, admuser0_.TYPE as type17_0_, admuser0_.UPDATE_TIME as update_18_0_, admuser0_.UPDATER_ID as updater19_0_, admuser0_.UPDATER_NAME as updater20_0_, admuser0_.USER_NAME as user_na21_0_ from ADM_USERS admuser0_ where admuser0_.USER_NAME=?
2022-09-29 23:42:30,004 TRACE o.h.t.d.s.BasicBinder [main] binding parameter [1] as [VARCHAR] - [admin]
2022-09-29 23:42:30,299 INFO o.a.j.l.DirectJDKLog [main] Starting ProtocolHandler ["http-nio-8023"]
2022-09-29 23:42:30,313 INFO o.s.b.w.e.t.TomcatWebServer [main] Tomcat started on port(s): 8023 (http) with context path '/ig-clone'
2022-09-29 23:42:30,598 INFO o.s.s.q.SchedulerFactoryBean [main] Starting Quartz Scheduler now
2022-09-29 23:42:30,599 INFO o.q.c.QuartzScheduler [main] Scheduler quartzScheduler_$_NON_CLUSTERED started.
2022-09-29 23:42:30,608 INFO o.s.b.StartupInfoLogger [main] Started IgCloneApplication in 7.049 seconds (JVM running for 8.173)
2022-09-29 23:42:30,838 INFO o.a.j.l.DirectJDKLog [RMI TCP Connection(1)-192.168.0.104] Initializing Spring DispatcherServlet 'dispatcherServlet'
2022-09-29 23:42:46,640 DEBUG o.h.e.j.s.SqlStatementLogger [http-nio-8023-exec-2] select admuser0_.id as id1_0_, admuser0_.ADDRESS as address2_0_, admuser0_.BIRTHDAY as birthday3_0_, admuser0_.CREATE_TIME as create_t4_0_, admuser0_.CREATOR_ID as creator_5_0_, admuser0_.CREATOR_NAME as creator_6_0_, admuser0_.EMAIL as email7_0_, admuser0_.FULL_NAME as full_nam8_0_, admuser0_.GENDER as gender9_0_, admuser0_.GIVEN_NAME as given_n10_0_, admuser0_.IS_DELETE as is_dele11_0_, admuser0_.PASSWORD as passwor12_0_, admuser0_.PHONE_NUMBER as phone_n13_0_, admuser0_.POSITION as positio14_0_, admuser0_.STATUS as status15_0_, admuser0_.SURNAME as surname16_0_, admuser0_.TYPE as type17_0_, admuser0_.UPDATE_TIME as update_18_0_, admuser0_.UPDATER_ID as updater19_0_, admuser0_.UPDATER_NAME as updater20_0_, admuser0_.USER_NAME as user_na21_0_ from ADM_USERS admuser0_ where admuser0_.USER_NAME=?
2022-09-29 23:42:46,641 TRACE o.h.t.d.s.BasicBinder [http-nio-8023-exec-2] binding parameter [1] as [VARCHAR] - [user6]
2022-09-29 23:42:46,667 DEBUG o.h.e.j.s.SqlStatementLogger [http-nio-8023-exec-2] insert into ADM_USERS (ADDRESS, BIRTHDAY, CREATE_TIME, CREATOR_ID, CREATOR_NAME, EMAIL, FULL_NAME, GENDER, GIVEN_NAME, IS_DELETE, PASSWORD, PHONE_NUMBER, POSITION, STATUS, SURNAME, TYPE, UPDATE_TIME, UPDATER_ID, UPDATER_NAME, USER_NAME) values (?, ?, ?, ?, ?, ?, ?, ?, ?, ?, ?, ?, ?, ?, ?, ?, ?, ?, ?, ?)
2022-09-29 23:42:46,668 TRACE o.h.t.d.s.BasicBinder [http-nio-8023-exec-2] binding parameter [1] as [VARCHAR] - [null]
2022-09-29 23:42:46,670 TRACE o.h.t.d.s.BasicBinder [http-nio-8023-exec-2] binding parameter [2] as [TIMESTAMP] - [null]
2022-09-29 23:42:46,670 TRACE o.h.t.d.s.BasicBinder [http-nio-8023-exec-2] binding parameter [3] as [TIMESTAMP] - [Thu Sep 29 23:42:46 ICT 2022]
2022-09-29 23:42:46,671 TRACE o.h.t.d.s.BasicBinder [http-nio-8023-exec-2] binding parameter [4] as [BIGINT] - [-1]
2022-09-29 23:42:46,672 TRACE o.h.t.d.s.BasicBinder [http-nio-8023-exec-2] binding parameter [5] as [VARCHAR] - [UnAuthen]
2022-09-29 23:42:46,672 TRACE o.h.t.d.s.BasicBinder [http-nio-8023-exec-2] binding parameter [6] as [VARCHAR] - [null]
2022-09-29 23:42:46,673 TRACE o.h.t.d.s.BasicBinder [http-nio-8023-exec-2] binding parameter [7] as [VARCHAR] - [khuong jap]
2022-09-29 23:42:46,673 TRACE o.h.t.d.s.BasicBinder [http-nio-8023-exec-2] binding parameter [8] as [BIGINT] - [null]
2022-09-29 23:42:46,673 TRACE o.h.t.d.s.BasicBinder [http-nio-8023-exec-2] binding parameter [9] as [VARCHAR] - [null]
2022-09-29 23:42:46,673 TRACE o.h.t.d.s.BasicBinder [http-nio-8023-exec-2] binding parameter [10] as [BIGINT] - [0]
2022-09-29 23:42:46,673 TRACE o.h.t.d.s.BasicBinder [http-nio-8023-exec-2] binding parameter [11] as [VARCHAR] - [$2a$10$0BNUsD7ppZr20dVbLvkmneBgiwqYjGuPyD/oMCfIUyOKjb4WWN2Ji]
2022-09-29 23:42:46,674 TRACE o.h.t.d.s.BasicBinder [http-nio-8023-exec-2] binding parameter [12] as [VARCHAR] - [null]
2022-09-29 23:42:46,674 TRACE o.h.t.d.s.BasicBinder [http-nio-8023-exec-2] binding parameter [13] as [VARCHAR] - [null]
2022-09-29 23:42:46,674 TRACE o.h.t.d.s.BasicBinder [http-nio-8023-exec-2] binding parameter [14] as [BIGINT] - [0]
2022-09-29 23:42:46,674 TRACE o.h.t.d.s.BasicBinder [http-nio-8023-exec-2] binding parameter [15] as [VARCHAR] - [null]
2022-09-29 23:42:46,674 TRACE o.h.t.d.s.BasicBinder [http-nio-8023-exec-2] binding parameter [16] as [BIGINT] - [0]
2022-09-29 23:42:46,674 TRACE o.h.t.d.s.BasicBinder [http-nio-8023-exec-2] binding parameter [17] as [TIMESTAMP] - [Thu Sep 29 23:42:46 ICT 2022]
2022-09-29 23:42:46,675 TRACE o.h.t.d.s.BasicBinder [http-nio-8023-exec-2] binding parameter [18] as [BIGINT] - [-1]
2022-09-29 23:42:46,675 TRACE o.h.t.d.s.BasicBinder [http-nio-8023-exec-2] binding parameter [19] as [VARCHAR] - [UnAuthen]
2022-09-29 23:42:46,675 TRACE o.h.t.d.s.BasicBinder [http-nio-8023-exec-2] binding parameter [20] as [VARCHAR] - [user6]
2022-09-29 23:42:46,799 DEBUG o.h.e.j.s.SqlStatementLogger [http-nio-8023-exec-1] select admuser0_.id as id1_0_, admuser0_.ADDRESS as address2_0_, admuser0_.BIRTHDAY as birthday3_0_, admuser0_.CREATE_TIME as create_t4_0_, admuser0_.CREATOR_ID as creator_5_0_, admuser0_.CREATOR_NAME as creator_6_0_, admuser0_.EMAIL as email7_0_, admuser0_.FULL_NAME as full_nam8_0_, admuser0_.GENDER as gender9_0_, admuser0_.GIVEN_NAME as given_n10_0_, admuser0_.IS_DELETE as is_dele11_0_, admuser0_.PASSWORD as passwor12_0_, admuser0_.PHONE_NUMBER as phone_n13_0_, admuser0_.POSITION as positio14_0_, admuser0_.STATUS as status15_0_, admuser0_.SURNAME as surname16_0_, admuser0_.TYPE as type17_0_, admuser0_.UPDATE_TIME as update_18_0_, admuser0_.UPDATER_ID as updater19_0_, admuser0_.UPDATER_NAME as updater20_0_, admuser0_.USER_NAME as user_na21_0_ from ADM_USERS admuser0_ where admuser0_.USER_NAME=?
2022-09-29 23:42:46,800 TRACE o.h.t.d.s.BasicBinder [http-nio-8023-exec-1] binding parameter [1] as [VARCHAR] - [user6]
2022-09-29 23:42:46,850 ERROR c.s.c.RestApiExceptionHandler [http-nio-8023-exec-1] error - POST 192.168.0.104:8023/ig-clone/public/v1/sso/register - Tên đăng nhập đã tồn tại
2022-09-29 23:43:41,640 DEBUG o.h.e.j.s.SqlStatementLogger [http-nio-8023-exec-3] select admuser0_.id as id1_0_, admuser0_.ADDRESS as address2_0_, admuser0_.BIRTHDAY as birthday3_0_, admuser0_.CREATE_TIME as create_t4_0_, admuser0_.CREATOR_ID as creator_5_0_, admuser0_.CREATOR_NAME as creator_6_0_, admuser0_.EMAIL as email7_0_, admuser0_.FULL_NAME as full_nam8_0_, admuser0_.GENDER as gender9_0_, admuser0_.GIVEN_NAME as given_n10_0_, admuser0_.IS_DELETE as is_dele11_0_, admuser0_.PASSWORD as passwor12_0_, admuser0_.PHONE_NUMBER as phone_n13_0_, admuser0_.POSITION as positio14_0_, admuser0_.STATUS as status15_0_, admuser0_.SURNAME as surname16_0_, admuser0_.TYPE as type17_0_, admuser0_.UPDATE_TIME as update_18_0_, admuser0_.UPDATER_ID as updater19_0_, admuser0_.UPDATER_NAME as updater20_0_, admuser0_.USER_NAME as user_na21_0_ from ADM_USERS admuser0_ where admuser0_.USER_NAME=?
2022-09-29 23:43:41,640 TRACE o.h.t.d.s.BasicBinder [http-nio-8023-exec-3] binding parameter [1] as [VARCHAR] - [user6]
2022-09-29 23:43:41,642 ERROR c.s.c.RestApiExceptionHandler [http-nio-8023-exec-3] error - POST 192.168.0.104:8023/ig-clone/public/v1/sso/register - Tên đăng nhập đã tồn tại
2022-09-29 23:43:41,727 DEBUG o.h.e.j.s.SqlStatementLogger [http-nio-8023-exec-4] select admuser0_.id as id1_0_, admuser0_.ADDRESS as address2_0_, admuser0_.BIRTHDAY as birthday3_0_, admuser0_.CREATE_TIME as create_t4_0_, admuser0_.CREATOR_ID as creator_5_0_, admuser0_.CREATOR_NAME as creator_6_0_, admuser0_.EMAIL as email7_0_, admuser0_.FULL_NAME as full_nam8_0_, admuser0_.GENDER as gender9_0_, admuser0_.GIVEN_NAME as given_n10_0_, admuser0_.IS_DELETE as is_dele11_0_, admuser0_.PASSWORD as passwor12_0_, admuser0_.PHONE_NUMBER as phone_n13_0_, admuser0_.POSITION as positio14_0_, admuser0_.STATUS as status15_0_, admuser0_.SURNAME as surname16_0_, admuser0_.TYPE as type17_0_, admuser0_.UPDATE_TIME as update_18_0_, admuser0_.UPDATER_ID as updater19_0_, admuser0_.UPDATER_NAME as updater20_0_, admuser0_.USER_NAME as user_na21_0_ from ADM_USERS admuser0_ where admuser0_.USER_NAME=?
2022-09-29 23:43:41,728 TRACE o.h.t.d.s.BasicBinder [http-nio-8023-exec-4] binding parameter [1] as [VARCHAR] - [user6]
2022-09-29 23:43:41,731 ERROR c.s.c.RestApiExceptionHandler [http-nio-8023-exec-4] error - POST 192.168.0.104:8023/ig-clone/public/v1/sso/register - Tên đăng nhập đã tồn tại
2022-09-29 23:45:13,639 DEBUG o.h.e.j.s.SqlStatementLogger [http-nio-8023-exec-6] select admuser0_.id as id1_0_, admuser0_.ADDRESS as address2_0_, admuser0_.BIRTHDAY as birthday3_0_, admuser0_.CREATE_TIME as create_t4_0_, admuser0_.CREATOR_ID as creator_5_0_, admuser0_.CREATOR_NAME as creator_6_0_, admuser0_.EMAIL as email7_0_, admuser0_.FULL_NAME as full_nam8_0_, admuser0_.GENDER as gender9_0_, admuser0_.GIVEN_NAME as given_n10_0_, admuser0_.IS_DELETE as is_dele11_0_, admuser0_.PASSWORD as passwor12_0_, admuser0_.PHONE_NUMBER as phone_n13_0_, admuser0_.POSITION as positio14_0_, admuser0_.STATUS as status15_0_, admuser0_.SURNAME as surname16_0_, admuser0_.TYPE as type17_0_, admuser0_.UPDATE_TIME as update_18_0_, admuser0_.UPDATER_ID as updater19_0_, admuser0_.UPDATER_NAME as updater20_0_, admuser0_.USER_NAME as user_na21_0_ from ADM_USERS admuser0_ where admuser0_.USER_NAME=?
2022-09-29 23:45:13,640 TRACE o.h.t.d.s.BasicBinder [http-nio-8023-exec-6] binding parameter [1] as [VARCHAR] - [user7]
2022-09-29 23:45:13,641 DEBUG o.h.e.j.s.SqlStatementLogger [http-nio-8023-exec-6] insert into ADM_USERS (ADDRESS, BIRTHDAY, CREATE_TIME, CREATOR_ID, CREATOR_NAME, EMAIL, FULL_NAME, GENDER, GIVEN_NAME, IS_DELETE, PASSWORD, PHONE_NUMBER, POSITION, STATUS, SURNAME, TYPE, UPDATE_TIME, UPDATER_ID, UPDATER_NAME, USER_NAME) values (?, ?, ?, ?, ?, ?, ?, ?, ?, ?, ?, ?, ?, ?, ?, ?, ?, ?, ?, ?)
2022-09-29 23:45:13,641 TRACE o.h.t.d.s.BasicBinder [http-nio-8023-exec-6] binding parameter [1] as [VARCHAR] - [null]
2022-09-29 23:45:13,641 TRACE o.h.t.d.s.BasicBinder [http-nio-8023-exec-6] binding parameter [2] as [TIMESTAMP] - [null]
2022-09-29 23:45:13,641 TRACE o.h.t.d.s.BasicBinder [http-nio-8023-exec-6] binding parameter [3] as [TIMESTAMP] - [Thu Sep 29 23:45:13 ICT 2022]
2022-09-29 23:45:13,641 TRACE o.h.t.d.s.BasicBinder [http-nio-8023-exec-6] binding parameter [4] as [BIGINT] - [-1]
2022-09-29 23:45:13,642 TRACE o.h.t.d.s.BasicBinder [http-nio-8023-exec-6] binding parameter [5] as [VARCHAR] - [UnAuthen]
2022-09-29 23:45:13,642 TRACE o.h.t.d.s.BasicBinder [http-nio-8023-exec-6] binding parameter [6] as [VARCHAR] - [null]
2022-09-29 23:45:13,642 TRACE o.h.t.d.s.BasicBinder [http-nio-8023-exec-6] binding parameter [7] as [VARCHAR] - [thu quynh]
2022-09-29 23:45:13,642 TRACE o.h.t.d.s.BasicBinder [http-nio-8023-exec-6] binding parameter [8] as [BIGINT] - [null]
2022-09-29 23:45:13,642 TRACE o.h.t.d.s.BasicBinder [http-nio-8023-exec-6] binding parameter [9] as [VARCHAR] - [null]
2022-09-29 23:45:13,642 TRACE o.h.t.d.s.BasicBinder [http-nio-8023-exec-6] binding parameter [10] as [BIGINT] - [0]
2022-09-29 23:45:13,642 TRACE o.h.t.d.s.BasicBinder [http-nio-8023-exec-6] binding parameter [11] as [VARCHAR] - [$2a$10$PsuM6jhvDamNT4iYycumBOuEVwCgVe7xeWXUqUORH8ykK1sJamPt6]
2022-09-29 23:45:13,643 TRACE o.h.t.d.s.BasicBinder [http-nio-8023-exec-6] binding parameter [12] as [VARCHAR] - [null]
2022-09-29 23:45:13,643 TRACE o.h.t.d.s.BasicBinder [http-nio-8023-exec-6] binding parameter [13] as [VARCHAR] - [null]
2022-09-29 23:45:13,643 TRACE o.h.t.d.s.BasicBinder [http-nio-8023-exec-6] binding parameter [14] as [BIGINT] - [0]
2022-09-29 23:45:13,643 TRACE o.h.t.d.s.BasicBinder [http-nio-8023-exec-6] binding parameter [15] as [VARCHAR] - [null]
2022-09-29 23:45:13,643 TRACE o.h.t.d.s.BasicBinder [http-nio-8023-exec-6] binding parameter [16] as [BIGINT] - [0]
2022-09-29 23:45:13,643 TRACE o.h.t.d.s.BasicBinder [http-nio-8023-exec-6] binding parameter [17] as [TIMESTAMP] - [Thu Sep 29 23:45:13 ICT 2022]
2022-09-29 23:45:13,644 TRACE o.h.t.d.s.BasicBinder [http-nio-8023-exec-6] binding parameter [18] as [BIGINT] - [-1]
2022-09-29 23:45:13,644 TRACE o.h.t.d.s.BasicBinder [http-nio-8023-exec-6] binding parameter [19] as [VARCHAR] - [UnAuthen]
2022-09-29 23:45:13,644 TRACE o.h.t.d.s.BasicBinder [http-nio-8023-exec-6] binding parameter [20] as [VARCHAR] - [user7]
2022-09-29 23:45:13,741 DEBUG o.h.e.j.s.SqlStatementLogger [http-nio-8023-exec-7] select admuser0_.id as id1_0_, admuser0_.ADDRESS as address2_0_, admuser0_.BIRTHDAY as birthday3_0_, admuser0_.CREATE_TIME as create_t4_0_, admuser0_.CREATOR_ID as creator_5_0_, admuser0_.CREATOR_NAME as creator_6_0_, admuser0_.EMAIL as email7_0_, admuser0_.FULL_NAME as full_nam8_0_, admuser0_.GENDER as gender9_0_, admuser0_.GIVEN_NAME as given_n10_0_, admuser0_.IS_DELETE as is_dele11_0_, admuser0_.PASSWORD as passwor12_0_, admuser0_.PHONE_NUMBER as phone_n13_0_, admuser0_.POSITION as positio14_0_, admuser0_.STATUS as status15_0_, admuser0_.SURNAME as surname16_0_, admuser0_.TYPE as type17_0_, admuser0_.UPDATE_TIME as update_18_0_, admuser0_.UPDATER_ID as updater19_0_, admuser0_.UPDATER_NAME as updater20_0_, admuser0_.USER_NAME as user_na21_0_ from ADM_USERS admuser0_ where admuser0_.USER_NAME=?
2022-09-29 23:45:13,743 TRACE o.h.t.d.s.BasicBinder [http-nio-8023-exec-7] binding parameter [1] as [VARCHAR] - [user7]
2022-09-29 23:45:13,745 ERROR c.s.c.RestApiExceptionHandler [http-nio-8023-exec-7] error - POST 192.168.0.104:8023/ig-clone/public/v1/sso/register - Tên đăng nhập đã tồn tại
2022-09-29 23:45:25,819 DEBUG o.h.e.j.s.SqlStatementLogger [http-nio-8023-exec-8] select admuser0_.id as id1_0_, admuser0_.ADDRESS as address2_0_, admuser0_.BIRTHDAY as birthday3_0_, admuser0_.CREATE_TIME as create_t4_0_, admuser0_.CREATOR_ID as creator_5_0_, admuser0_.CREATOR_NAME as creator_6_0_, admuser0_.EMAIL as email7_0_, admuser0_.FULL_NAME as full_nam8_0_, admuser0_.GENDER as gender9_0_, admuser0_.GIVEN_NAME as given_n10_0_, admuser0_.IS_DELETE as is_dele11_0_, admuser0_.PASSWORD as passwor12_0_, admuser0_.PHONE_NUMBER as phone_n13_0_, admuser0_.POSITION as positio14_0_, admuser0_.STATUS as status15_0_, admuser0_.SURNAME as surname16_0_, admuser0_.TYPE as type17_0_, admuser0_.UPDATE_TIME as update_18_0_, admuser0_.UPDATER_ID as updater19_0_, admuser0_.UPDATER_NAME as updater20_0_, admuser0_.USER_NAME as user_na21_0_ from ADM_USERS admuser0_ where admuser0_.USER_NAME=?
2022-09-29 23:45:25,819 TRACE o.h.t.d.s.BasicBinder [http-nio-8023-exec-8] binding parameter [1] as [VARCHAR] - [user8]
2022-09-29 23:45:25,820 DEBUG o.h.e.j.s.SqlStatementLogger [http-nio-8023-exec-8] insert into ADM_USERS (ADDRESS, BIRTHDAY, CREATE_TIME, CREATOR_ID, CREATOR_NAME, EMAIL, FULL_NAME, GENDER, GIVEN_NAME, IS_DELETE, PASSWORD, PHONE_NUMBER, POSITION, STATUS, SURNAME, TYPE, UPDATE_TIME, UPDATER_ID, UPDATER_NAME, USER_NAME) values (?, ?, ?, ?, ?, ?, ?, ?, ?, ?, ?, ?, ?, ?, ?, ?, ?, ?, ?, ?)
2022-09-29 23:45:25,820 TRACE o.h.t.d.s.BasicBinder [http-nio-8023-exec-8] binding parameter [1] as [VARCHAR] - [null]
2022-09-29 23:45:25,821 TRACE o.h.t.d.s.BasicBinder [http-nio-8023-exec-8] binding parameter [2] as [TIMESTAMP] - [null]
2022-09-29 23:45:25,821 TRACE o.h.t.d.s.BasicBinder [http-nio-8023-exec-8] binding parameter [3] as [TIMESTAMP] - [Thu Sep 29 23:45:25 ICT 2022]
2022-09-29 23:45:25,821 TRACE o.h.t.d.s.BasicBinder [http-nio-8023-exec-8] binding parameter [4] as [BIGINT] - [-1]
2022-09-29 23:45:25,821 TRACE o.h.t.d.s.BasicBinder [http-nio-8023-exec-8] binding parameter [5] as [VARCHAR] - [UnAuthen]
2022-09-29 23:45:25,821 TRACE o.h.t.d.s.BasicBinder [http-nio-8023-exec-8] binding parameter [6] as [VARCHAR] - [null]
2022-09-29 23:45:25,821 TRACE o.h.t.d.s.BasicBinder [http-nio-8023-exec-8] binding parameter [7] as [VARCHAR] - [thu quynh]
2022-09-29 23:45:25,821 TRACE o.h.t.d.s.BasicBinder [http-nio-8023-exec-8] binding parameter [8] as [BIGINT] - [null]
2022-09-29 23:45:25,822 TRACE o.h.t.d.s.BasicBinder [http-nio-8023-exec-8] binding parameter [9] as [VARCHAR] - [null]
2022-09-29 23:45:25,822 TRACE o.h.t.d.s.BasicBinder [http-nio-8023-exec-8] binding parameter [10] as [BIGINT] - [0]
2022-09-29 23:45:25,822 TRACE o.h.t.d.s.BasicBinder [http-nio-8023-exec-8] binding parameter [11] as [VARCHAR] - [$2a$10$9z1Gl0yoJ1wQMXEiVWdveuI8soJJqwp4KR8vBgCZq1j5yqu.nPpje]
2022-09-29 23:45:25,822 TRACE o.h.t.d.s.BasicBinder [http-nio-8023-exec-8] binding parameter [12] as [VARCHAR] - [null]
2022-09-29 23:45:25,822 TRACE o.h.t.d.s.BasicBinder [http-nio-8023-exec-8] binding parameter [13] as [VARCHAR] - [null]
2022-09-29 23:45:25,822 TRACE o.h.t.d.s.BasicBinder [http-nio-8023-exec-8] binding parameter [14] as [BIGINT] - [0]
2022-09-29 23:45:25,822 TRACE o.h.t.d.s.BasicBinder [http-nio-8023-exec-8] binding parameter [15] as [VARCHAR] - [null]
2022-09-29 23:45:25,823 TRACE o.h.t.d.s.BasicBinder [http-nio-8023-exec-8] binding parameter [16] as [BIGINT] - [0]
2022-09-29 23:45:25,823 TRACE o.h.t.d.s.BasicBinder [http-nio-8023-exec-8] binding parameter [17] as [TIMESTAMP] - [Thu Sep 29 23:45:25 ICT 2022]
2022-09-29 23:45:25,823 TRACE o.h.t.d.s.BasicBinder [http-nio-8023-exec-8] binding parameter [18] as [BIGINT] - [-1]
2022-09-29 23:45:25,823 TRACE o.h.t.d.s.BasicBinder [http-nio-8023-exec-8] binding parameter [19] as [VARCHAR] - [UnAuthen]
2022-09-29 23:45:25,823 TRACE o.h.t.d.s.BasicBinder [http-nio-8023-exec-8] binding parameter [20] as [VARCHAR] - [user8]
2022-09-29 23:45:25,915 DEBUG o.h.e.j.s.SqlStatementLogger [http-nio-8023-exec-9] select admuser0_.id as id1_0_, admuser0_.ADDRESS as address2_0_, admuser0_.BIRTHDAY as birthday3_0_, admuser0_.CREATE_TIME as create_t4_0_, admuser0_.CREATOR_ID as creator_5_0_, admuser0_.CREATOR_NAME as creator_6_0_, admuser0_.EMAIL as email7_0_, admuser0_.FULL_NAME as full_nam8_0_, admuser0_.GENDER as gender9_0_, admuser0_.GIVEN_NAME as given_n10_0_, admuser0_.IS_DELETE as is_dele11_0_, admuser0_.PASSWORD as passwor12_0_, admuser0_.PHONE_NUMBER as phone_n13_0_, admuser0_.POSITION as positio14_0_, admuser0_.STATUS as status15_0_, admuser0_.SURNAME as surname16_0_, admuser0_.TYPE as type17_0_, admuser0_.UPDATE_TIME as update_18_0_, admuser0_.UPDATER_ID as updater19_0_, admuser0_.UPDATER_NAME as updater20_0_, admuser0_.USER_NAME as user_na21_0_ from ADM_USERS admuser0_ where admuser0_.USER_NAME=?
2022-09-29 23:45:25,916 TRACE o.h.t.d.s.BasicBinder [http-nio-8023-exec-9] binding parameter [1] as [VARCHAR] - [user8]
2022-09-29 23:45:25,917 ERROR c.s.c.RestApiExceptionHandler [http-nio-8023-exec-9] error - POST 192.168.0.104:8023/ig-clone/public/v1/sso/register - Tên đăng nhập đã tồn tại
2022-09-29 23:45:49,300 DEBUG o.h.e.j.s.SqlStatementLogger [http-nio-8023-exec-10] select admuser0_.id as id1_0_, admuser0_.ADDRESS as address2_0_, admuser0_.BIRTHDAY as birthday3_0_, admuser0_.CREATE_TIME as create_t4_0_, admuser0_.CREATOR_ID as creator_5_0_, admuser0_.CREATOR_NAME as creator_6_0_, admuser0_.EMAIL as email7_0_, admuser0_.FULL_NAME as full_nam8_0_, admuser0_.GENDER as gender9_0_, admuser0_.GIVEN_NAME as given_n10_0_, admuser0_.IS_DELETE as is_dele11_0_, admuser0_.PASSWORD as passwor12_0_, admuser0_.PHONE_NUMBER as phone_n13_0_, admuser0_.POSITION as positio14_0_, admuser0_.STATUS as status15_0_, admuser0_.SURNAME as surname16_0_, admuser0_.TYPE as type17_0_, admuser0_.UPDATE_TIME as update_18_0_, admuser0_.UPDATER_ID as updater19_0_, admuser0_.UPDATER_NAME as updater20_0_, admuser0_.USER_NAME as user_na21_0_ from ADM_USERS admuser0_ where admuser0_.USER_NAME=?
2022-09-29 23:45:49,300 TRACE o.h.t.d.s.BasicBinder [http-nio-8023-exec-10] binding parameter [1] as [VARCHAR] - [user9]
2022-09-29 23:45:49,301 DEBUG o.h.e.j.s.SqlStatementLogger [http-nio-8023-exec-10] insert into ADM_USERS (ADDRESS, BIRTHDAY, CREATE_TIME, CREATOR_ID, CREATOR_NAME, EMAIL, FULL_NAME, GENDER, GIVEN_NAME, IS_DELETE, PASSWORD, PHONE_NUMBER, POSITION, STATUS, SURNAME, TYPE, UPDATE_TIME, UPDATER_ID, UPDATER_NAME, USER_NAME) values (?, ?, ?, ?, ?, ?, ?, ?, ?, ?, ?, ?, ?, ?, ?, ?, ?, ?, ?, ?)
2022-09-29 23:45:49,301 TRACE o.h.t.d.s.BasicBinder [http-nio-8023-exec-10] binding parameter [1] as [VARCHAR] - [null]
2022-09-29 23:45:49,301 TRACE o.h.t.d.s.BasicBinder [http-nio-8023-exec-10] binding parameter [2] as [TIMESTAMP] - [null]
2022-09-29 23:45:49,302 TRACE o.h.t.d.s.BasicBinder [http-nio-8023-exec-10] binding parameter [3] as [TIMESTAMP] - [Thu Sep 29 23:45:49 ICT 2022]
2022-09-29 23:45:49,302 TRACE o.h.t.d.s.BasicBinder [http-nio-8023-exec-10] binding parameter [4] as [BIGINT] - [-1]
2022-09-29 23:45:49,302 TRACE o.h.t.d.s.BasicBinder [http-nio-8023-exec-10] binding parameter [5] as [VARCHAR] - [UnAuthen]
2022-09-29 23:45:49,302 TRACE o.h.t.d.s.BasicBinder [http-nio-8023-exec-10] binding parameter [6] as [VARCHAR] - [null]
2022-09-29 23:45:49,302 TRACE o.h.t.d.s.BasicBinder [http-nio-8023-exec-10] binding parameter [7] as [VARCHAR] - [thu quynh 1]
2022-09-29 23:45:49,302 TRACE o.h.t.d.s.BasicBinder [http-nio-8023-exec-10] binding parameter [8] as [BIGINT] - [null]
2022-09-29 23:45:49,303 TRACE o.h.t.d.s.BasicBinder [http-nio-8023-exec-10] binding parameter [9] as [VARCHAR] - [null]
2022-09-29 23:45:49,303 TRACE o.h.t.d.s.BasicBinder [http-nio-8023-exec-10] binding parameter [10] as [BIGINT] - [0]
2022-09-29 23:45:49,303 TRACE o.h.t.d.s.BasicBinder [http-nio-8023-exec-10] binding parameter [11] as [VARCHAR] - [$2a$10$x46uPfa1aTqqy1HbZNywleAfP4ysXrCY5K2Eqo3Vy9FW79Iza97nS]
2022-09-29 23:45:49,303 TRACE o.h.t.d.s.BasicBinder [http-nio-8023-exec-10] binding parameter [12] as [VARCHAR] - [null]
2022-09-29 23:45:49,303 TRACE o.h.t.d.s.BasicBinder [http-nio-8023-exec-10] binding parameter [13] as [VARCHAR] - [null]
2022-09-29 23:45:49,304 TRACE o.h.t.d.s.BasicBinder [http-nio-8023-exec-10] binding parameter [14] as [BIGINT] - [0]
2022-09-29 23:45:49,304 TRACE o.h.t.d.s.BasicBinder [http-nio-8023-exec-10] binding parameter [15] as [VARCHAR] - [null]
2022-09-29 23:45:49,304 TRACE o.h.t.d.s.BasicBinder [http-nio-8023-exec-10] binding parameter [16] as [BIGINT] - [0]
2022-09-29 23:45:49,304 TRACE o.h.t.d.s.BasicBinder [http-nio-8023-exec-10] binding parameter [17] as [TIMESTAMP] - [Thu Sep 29 23:45:49 ICT 2022]
2022-09-29 23:45:49,304 TRACE o.h.t.d.s.BasicBinder [http-nio-8023-exec-10] binding parameter [18] as [BIGINT] - [-1]
2022-09-29 23:45:49,305 TRACE o.h.t.d.s.BasicBinder [http-nio-8023-exec-10] binding parameter [19] as [VARCHAR] - [UnAuthen]
2022-09-29 23:45:49,305 TRACE o.h.t.d.s.BasicBinder [http-nio-8023-exec-10] binding parameter [20] as [VARCHAR] - [user9]
2022-09-29 23:45:49,401 DEBUG o.h.e.j.s.SqlStatementLogger [http-nio-8023-exec-2] select admuser0_.id as id1_0_, admuser0_.ADDRESS as address2_0_, admuser0_.BIRTHDAY as birthday3_0_, admuser0_.CREATE_TIME as create_t4_0_, admuser0_.CREATOR_ID as creator_5_0_, admuser0_.CREATOR_NAME as creator_6_0_, admuser0_.EMAIL as email7_0_, admuser0_.FULL_NAME as full_nam8_0_, admuser0_.GENDER as gender9_0_, admuser0_.GIVEN_NAME as given_n10_0_, admuser0_.IS_DELETE as is_dele11_0_, admuser0_.PASSWORD as passwor12_0_, admuser0_.PHONE_NUMBER as phone_n13_0_, admuser0_.POSITION as positio14_0_, admuser0_.STATUS as status15_0_, admuser0_.SURNAME as surname16_0_, admuser0_.TYPE as type17_0_, admuser0_.UPDATE_TIME as update_18_0_, admuser0_.UPDATER_ID as updater19_0_, admuser0_.UPDATER_NAME as updater20_0_, admuser0_.USER_NAME as user_na21_0_ from ADM_USERS admuser0_ where admuser0_.USER_NAME=?
2022-09-29 23:45:49,401 TRACE o.h.t.d.s.BasicBinder [http-nio-8023-exec-2] binding parameter [1] as [VARCHAR] - [user9]
2022-09-29 23:45:49,402 ERROR c.s.c.RestApiExceptionHandler [http-nio-8023-exec-2] error - POST 192.168.0.104:8023/ig-clone/public/v1/sso/register - Tên đăng nhập đã tồn tại
2022-09-29 23:46:13,695 DEBUG o.h.e.j.s.SqlStatementLogger [http-nio-8023-exec-1] select admuser0_.id as id1_0_, admuser0_.ADDRESS as address2_0_, admuser0_.BIRTHDAY as birthday3_0_, admuser0_.CREATE_TIME as create_t4_0_, admuser0_.CREATOR_ID as creator_5_0_, admuser0_.CREATOR_NAME as creator_6_0_, admuser0_.EMAIL as email7_0_, admuser0_.FULL_NAME as full_nam8_0_, admuser0_.GENDER as gender9_0_, admuser0_.GIVEN_NAME as given_n10_0_, admuser0_.IS_DELETE as is_dele11_0_, admuser0_.PASSWORD as passwor12_0_, admuser0_.PHONE_NUMBER as phone_n13_0_, admuser0_.POSITION as positio14_0_, admuser0_.STATUS as status15_0_, admuser0_.SURNAME as surname16_0_, admuser0_.TYPE as type17_0_, admuser0_.UPDATE_TIME as update_18_0_, admuser0_.UPDATER_ID as updater19_0_, admuser0_.UPDATER_NAME as updater20_0_, admuser0_.USER_NAME as user_na21_0_ from ADM_USERS admuser0_ where admuser0_.USER_NAME=?
2022-09-29 23:46:13,696 TRACE o.h.t.d.s.BasicBinder [http-nio-8023-exec-1] binding parameter [1] as [VARCHAR] - [user10]
2022-09-29 23:46:13,697 DEBUG o.h.e.j.s.SqlStatementLogger [http-nio-8023-exec-1] insert into ADM_USERS (ADDRESS, BIRTHDAY, CREATE_TIME, CREATOR_ID, CREATOR_NAME, EMAIL, FULL_NAME, GENDER, GIVEN_NAME, IS_DELETE, PASSWORD, PHONE_NUMBER, POSITION, STATUS, SURNAME, TYPE, UPDATE_TIME, UPDATER_ID, UPDATER_NAME, USER_NAME) values (?, ?, ?, ?, ?, ?, ?, ?, ?, ?, ?, ?, ?, ?, ?, ?, ?, ?, ?, ?)
2022-09-29 23:46:13,697 TRACE o.h.t.d.s.BasicBinder [http-nio-8023-exec-1] binding parameter [1] as [VARCHAR] - [null]
2022-09-29 23:46:13,697 TRACE o.h.t.d.s.BasicBinder [http-nio-8023-exec-1] binding parameter [2] as [TIMESTAMP] - [null]
2022-09-29 23:46:13,697 TRACE o.h.t.d.s.BasicBinder [http-nio-8023-exec-1] binding parameter [3] as [TIMESTAMP] - [Thu Sep 29 23:46:13 ICT 2022]
2022-09-29 23:46:13,697 TRACE o.h.t.d.s.BasicBinder [http-nio-8023-exec-1] binding parameter [4] as [BIGINT] - [-1]
2022-09-29 23:46:13,698 TRACE o.h.t.d.s.BasicBinder [http-nio-8023-exec-1] binding parameter [5] as [VARCHAR] - [UnAuthen]
2022-09-29 23:46:13,698 TRACE o.h.t.d.s.BasicBinder [http-nio-8023-exec-1] binding parameter [6] as [VARCHAR] - [null]
2022-09-29 23:46:13,698 TRACE o.h.t.d.s.BasicBinder [http-nio-8023-exec-1] binding parameter [7] as [VARCHAR] - [le han]
2022-09-29 23:46:13,698 TRACE o.h.t.d.s.BasicBinder [http-nio-8023-exec-1] binding parameter [8] as [BIGINT] - [null]
2022-09-29 23:46:13,699 TRACE o.h.t.d.s.BasicBinder [http-nio-8023-exec-1] binding parameter [9] as [VARCHAR] - [null]
2022-09-29 23:46:13,699 TRACE o.h.t.d.s.BasicBinder [http-nio-8023-exec-1] binding parameter [10] as [BIGINT] - [0]
2022-09-29 23:46:13,699 TRACE o.h.t.d.s.BasicBinder [http-nio-8023-exec-1] binding parameter [11] as [VARCHAR] - [$2a$10$r4D1QWnkyz5XNxc9/xDprOUu97uImrFVXnHHSvRY3DySzpyhV2CvK]
2022-09-29 23:46:13,699 TRACE o.h.t.d.s.BasicBinder [http-nio-8023-exec-1] binding parameter [12] as [VARCHAR] - [null]
2022-09-29 23:46:13,699 TRACE o.h.t.d.s.BasicBinder [http-nio-8023-exec-1] binding parameter [13] as [VARCHAR] - [null]
2022-09-29 23:46:13,700 TRACE o.h.t.d.s.BasicBinder [http-nio-8023-exec-1] binding parameter [14] as [BIGINT] - [0]
2022-09-29 23:46:13,700 TRACE o.h.t.d.s.BasicBinder [http-nio-8023-exec-1] binding parameter [15] as [VARCHAR] - [null]
2022-09-29 23:46:13,700 TRACE o.h.t.d.s.BasicBinder [http-nio-8023-exec-1] binding parameter [16] as [BIGINT] - [0]
2022-09-29 23:46:13,700 TRACE o.h.t.d.s.BasicBinder [http-nio-8023-exec-1] binding parameter [17] as [TIMESTAMP] - [Thu Sep 29 23:46:13 ICT 2022]
2022-09-29 23:46:13,700 TRACE o.h.t.d.s.BasicBinder [http-nio-8023-exec-1] binding parameter [18] as [BIGINT] - [-1]
2022-09-29 23:46:13,701 TRACE o.h.t.d.s.BasicBinder [http-nio-8023-exec-1] binding parameter [19] as [VARCHAR] - [UnAuthen]
2022-09-29 23:46:13,701 TRACE o.h.t.d.s.BasicBinder [http-nio-8023-exec-1] binding parameter [20] as [VARCHAR] - [user10]
2022-09-29 23:46:13,811 DEBUG o.h.e.j.s.SqlStatementLogger [http-nio-8023-exec-3] select admuser0_.id as id1_0_, admuser0_.ADDRESS as address2_0_, admuser0_.BIRTHDAY as birthday3_0_, admuser0_.CREATE_TIME as create_t4_0_, admuser0_.CREATOR_ID as creator_5_0_, admuser0_.CREATOR_NAME as creator_6_0_, admuser0_.EMAIL as email7_0_, admuser0_.FULL_NAME as full_nam8_0_, admuser0_.GENDER as gender9_0_, admuser0_.GIVEN_NAME as given_n10_0_, admuser0_.IS_DELETE as is_dele11_0_, admuser0_.PASSWORD as passwor12_0_, admuser0_.PHONE_NUMBER as phone_n13_0_, admuser0_.POSITION as positio14_0_, admuser0_.STATUS as status15_0_, admuser0_.SURNAME as surname16_0_, admuser0_.TYPE as type17_0_, admuser0_.UPDATE_TIME as update_18_0_, admuser0_.UPDATER_ID as updater19_0_, admuser0_.UPDATER_NAME as updater20_0_, admuser0_.USER_NAME as user_na21_0_ from ADM_USERS admuser0_ where admuser0_.USER_NAME=?
2022-09-29 23:46:13,812 TRACE o.h.t.d.s.BasicBinder [http-nio-8023-exec-3] binding parameter [1] as [VARCHAR] - [user10]
2022-09-29 23:46:13,814 ERROR c.s.c.RestApiExceptionHandler [http-nio-8023-exec-3] error - POST 192.168.0.104:8023/ig-clone/public/v1/sso/register - Tên đăng nhập đã tồn tại
2022-09-29 23:48:18,020 DEBUG o.h.e.j.s.SqlStatementLogger [http-nio-8023-exec-8] select admuser0_.id as id1_0_, admuser0_.ADDRESS as address2_0_, admuser0_.BIRTHDAY as birthday3_0_, admuser0_.CREATE_TIME as create_t4_0_, admuser0_.CREATOR_ID as creator_5_0_, admuser0_.CREATOR_NAME as creator_6_0_, admuser0_.EMAIL as email7_0_, admuser0_.FULL_NAME as full_nam8_0_, admuser0_.GENDER as gender9_0_, admuser0_.GIVEN_NAME as given_n10_0_, admuser0_.IS_DELETE as is_dele11_0_, admuser0_.PASSWORD as passwor12_0_, admuser0_.PHONE_NUMBER as phone_n13_0_, admuser0_.POSITION as positio14_0_, admuser0_.STATUS as status15_0_, admuser0_.SURNAME as surname16_0_, admuser0_.TYPE as type17_0_, admuser0_.UPDATE_TIME as update_18_0_, admuser0_.UPDATER_ID as updater19_0_, admuser0_.UPDATER_NAME as updater20_0_, admuser0_.USER_NAME as user_na21_0_ from ADM_USERS admuser0_ where admuser0_.USER_NAME=?
2022-09-29 23:48:18,021 TRACE o.h.t.d.s.BasicBinder [http-nio-8023-exec-8] binding parameter [1] as [VARCHAR] - [user11]
2022-09-29 23:48:18,022 DEBUG o.h.e.j.s.SqlStatementLogger [http-nio-8023-exec-8] insert into ADM_USERS (ADDRESS, BIRTHDAY, CREATE_TIME, CREATOR_ID, CREATOR_NAME, EMAIL, FULL_NAME, GENDER, GIVEN_NAME, IS_DELETE, PASSWORD, PHONE_NUMBER, POSITION, STATUS, SURNAME, TYPE, UPDATE_TIME, UPDATER_ID, UPDATER_NAME, USER_NAME) values (?, ?, ?, ?, ?, ?, ?, ?, ?, ?, ?, ?, ?, ?, ?, ?, ?, ?, ?, ?)
2022-09-29 23:48:18,022 TRACE o.h.t.d.s.BasicBinder [http-nio-8023-exec-8] binding parameter [1] as [VARCHAR] - [null]
2022-09-29 23:48:18,022 TRACE o.h.t.d.s.BasicBinder [http-nio-8023-exec-8] binding parameter [2] as [TIMESTAMP] - [null]
2022-09-29 23:48:18,022 TRACE o.h.t.d.s.BasicBinder [http-nio-8023-exec-8] binding parameter [3] as [TIMESTAMP] - [Thu Sep 29 23:48:18 ICT 2022]
2022-09-29 23:48:18,022 TRACE o.h.t.d.s.BasicBinder [http-nio-8023-exec-8] binding parameter [4] as [BIGINT] - [-1]
2022-09-29 23:48:18,023 TRACE o.h.t.d.s.BasicBinder [http-nio-8023-exec-8] binding parameter [5] as [VARCHAR] - [UnAuthen]
2022-09-29 23:48:18,023 TRACE o.h.t.d.s.BasicBinder [http-nio-8023-exec-8] binding parameter [6] as [VARCHAR] - [null]
2022-09-29 23:48:18,023 TRACE o.h.t.d.s.BasicBinder [http-nio-8023-exec-8] binding parameter [7] as [VARCHAR] - [nam phon]
2022-09-29 23:48:18,023 TRACE o.h.t.d.s.BasicBinder [http-nio-8023-exec-8] binding parameter [8] as [BIGINT] - [null]
2022-09-29 23:48:18,023 TRACE o.h.t.d.s.BasicBinder [http-nio-8023-exec-8] binding parameter [9] as [VARCHAR] - [null]
2022-09-29 23:48:18,023 TRACE o.h.t.d.s.BasicBinder [http-nio-8023-exec-8] binding parameter [10] as [BIGINT] - [0]
2022-09-29 23:48:18,023 TRACE o.h.t.d.s.BasicBinder [http-nio-8023-exec-8] binding parameter [11] as [VARCHAR] - [$2a$10$i7/vXGpf9GBHVItdFkh92.M21KZQ3pRANmN7m1PlBqydZgLGnR35C]
2022-09-29 23:48:18,023 TRACE o.h.t.d.s.BasicBinder [http-nio-8023-exec-8] binding parameter [12] as [VARCHAR] - [null]
2022-09-29 23:48:18,023 TRACE o.h.t.d.s.BasicBinder [http-nio-8023-exec-8] binding parameter [13] as [VARCHAR] - [null]
2022-09-29 23:48:18,024 TRACE o.h.t.d.s.BasicBinder [http-nio-8023-exec-8] binding parameter [14] as [BIGINT] - [0]
2022-09-29 23:48:18,024 TRACE o.h.t.d.s.BasicBinder [http-nio-8023-exec-8] binding parameter [15] as [VARCHAR] - [null]
2022-09-29 23:48:18,024 TRACE o.h.t.d.s.BasicBinder [http-nio-8023-exec-8] binding parameter [16] as [BIGINT] - [0]
2022-09-29 23:48:18,024 TRACE o.h.t.d.s.BasicBinder [http-nio-8023-exec-8] binding parameter [17] as [TIMESTAMP] - [Thu Sep 29 23:48:18 ICT 2022]
2022-09-29 23:48:18,024 TRACE o.h.t.d.s.BasicBinder [http-nio-8023-exec-8] binding parameter [18] as [BIGINT] - [-1]
2022-09-29 23:48:18,024 TRACE o.h.t.d.s.BasicBinder [http-nio-8023-exec-8] binding parameter [19] as [VARCHAR] - [UnAuthen]
2022-09-29 23:48:18,024 TRACE o.h.t.d.s.BasicBinder [http-nio-8023-exec-8] binding parameter [20] as [VARCHAR] - [user11]
2022-09-29 23:48:18,112 DEBUG o.h.e.j.s.SqlStatementLogger [http-nio-8023-exec-9] select admuser0_.id as id1_0_, admuser0_.ADDRESS as address2_0_, admuser0_.BIRTHDAY as birthday3_0_, admuser0_.CREATE_TIME as create_t4_0_, admuser0_.CREATOR_ID as creator_5_0_, admuser0_.CREATOR_NAME as creator_6_0_, admuser0_.EMAIL as email7_0_, admuser0_.FULL_NAME as full_nam8_0_, admuser0_.GENDER as gender9_0_, admuser0_.GIVEN_NAME as given_n10_0_, admuser0_.IS_DELETE as is_dele11_0_, admuser0_.PASSWORD as passwor12_0_, admuser0_.PHONE_NUMBER as phone_n13_0_, admuser0_.POSITION as positio14_0_, admuser0_.STATUS as status15_0_, admuser0_.SURNAME as surname16_0_, admuser0_.TYPE as type17_0_, admuser0_.UPDATE_TIME as update_18_0_, admuser0_.UPDATER_ID as updater19_0_, admuser0_.UPDATER_NAME as updater20_0_, admuser0_.USER_NAME as user_na21_0_ from ADM_USERS admuser0_ where admuser0_.USER_NAME=?
2022-09-29 23:48:18,113 TRACE o.h.t.d.s.BasicBinder [http-nio-8023-exec-9] binding parameter [1] as [VARCHAR] - [user11]
2022-09-29 23:48:18,115 ERROR c.s.c.RestApiExceptionHandler [http-nio-8023-exec-9] error - POST 192.168.0.104:8023/ig-clone/public/v1/sso/register - Tên đăng nhập đã tồn tại
2022-09-29 23:49:38,499 DEBUG o.h.e.j.s.SqlStatementLogger [http-nio-8023-exec-2] select admuser0_.id as id1_0_, admuser0_.ADDRESS as address2_0_, admuser0_.BIRTHDAY as birthday3_0_, admuser0_.CREATE_TIME as create_t4_0_, admuser0_.CREATOR_ID as creator_5_0_, admuser0_.CREATOR_NAME as creator_6_0_, admuser0_.EMAIL as email7_0_, admuser0_.FULL_NAME as full_nam8_0_, admuser0_.GENDER as gender9_0_, admuser0_.GIVEN_NAME as given_n10_0_, admuser0_.IS_DELETE as is_dele11_0_, admuser0_.PASSWORD as passwor12_0_, admuser0_.PHONE_NUMBER as phone_n13_0_, admuser0_.POSITION as positio14_0_, admuser0_.STATUS as status15_0_, admuser0_.SURNAME as surname16_0_, admuser0_.TYPE as type17_0_, admuser0_.UPDATE_TIME as update_18_0_, admuser0_.UPDATER_ID as updater19_0_, admuser0_.UPDATER_NAME as updater20_0_, admuser0_.USER_NAME as user_na21_0_ from ADM_USERS admuser0_ where admuser0_.USER_NAME=?
2022-09-29 23:49:38,500 TRACE o.h.t.d.s.BasicBinder [http-nio-8023-exec-2] binding parameter [1] as [VARCHAR] - [user12]
2022-09-29 23:49:38,501 DEBUG o.h.e.j.s.SqlStatementLogger [http-nio-8023-exec-2] insert into ADM_USERS (ADDRESS, BIRTHDAY, CREATE_TIME, CREATOR_ID, CREATOR_NAME, EMAIL, FULL_NAME, GENDER, GIVEN_NAME, IS_DELETE, PASSWORD, PHONE_NUMBER, POSITION, STATUS, SURNAME, TYPE, UPDATE_TIME, UPDATER_ID, UPDATER_NAME, USER_NAME) values (?, ?, ?, ?, ?, ?, ?, ?, ?, ?, ?, ?, ?, ?, ?, ?, ?, ?, ?, ?)
2022-09-29 23:49:38,502 TRACE o.h.t.d.s.BasicBinder [http-nio-8023-exec-2] binding parameter [1] as [VARCHAR] - [null]
2022-09-29 23:49:38,502 TRACE o.h.t.d.s.BasicBinder [http-nio-8023-exec-2] binding parameter [2] as [TIMESTAMP] - [null]
2022-09-29 23:49:38,502 TRACE o.h.t.d.s.BasicBinder [http-nio-8023-exec-2] binding parameter [3] as [TIMESTAMP] - [Thu Sep 29 23:49:38 ICT 2022]
2022-09-29 23:49:38,502 TRACE o.h.t.d.s.BasicBinder [http-nio-8023-exec-2] binding parameter [4] as [BIGINT] - [-1]
2022-09-29 23:49:38,503 TRACE o.h.t.d.s.BasicBinder [http-nio-8023-exec-2] binding parameter [5] as [VARCHAR] - [UnAuthen]
2022-09-29 23:49:38,503 TRACE o.h.t.d.s.BasicBinder [http-nio-8023-exec-2] binding parameter [6] as [VARCHAR] - [null]
2022-09-29 23:49:38,503 TRACE o.h.t.d.s.BasicBinder [http-nio-8023-exec-2] binding parameter [7] as [VARCHAR] - [co thien]
2022-09-29 23:49:38,503 TRACE o.h.t.d.s.BasicBinder [http-nio-8023-exec-2] binding parameter [8] as [BIGINT] - [null]
2022-09-29 23:49:38,504 TRACE o.h.t.d.s.BasicBinder [http-nio-8023-exec-2] binding parameter [9] as [VARCHAR] - [null]
2022-09-29 23:49:38,504 TRACE o.h.t.d.s.BasicBinder [http-nio-8023-exec-2] binding parameter [10] as [BIGINT] - [0]
2022-09-29 23:49:38,504 TRACE o.h.t.d.s.BasicBinder [http-nio-8023-exec-2] binding parameter [11] as [VARCHAR] - [$2a$10$PpYPa7VhjjAyKRc.2Rnhx.wfWqvOiGUtsEgjHvbsCZpnwbo0xMfo2]
2022-09-29 23:49:38,504 TRACE o.h.t.d.s.BasicBinder [http-nio-8023-exec-2] binding parameter [12] as [VARCHAR] - [null]
2022-09-29 23:49:38,504 TRACE o.h.t.d.s.BasicBinder [http-nio-8023-exec-2] binding parameter [13] as [VARCHAR] - [null]
2022-09-29 23:49:38,504 TRACE o.h.t.d.s.BasicBinder [http-nio-8023-exec-2] binding parameter [14] as [BIGINT] - [0]
2022-09-29 23:49:38,504 TRACE o.h.t.d.s.BasicBinder [http-nio-8023-exec-2] binding parameter [15] as [VARCHAR] - [null]
2022-09-29 23:49:38,504 TRACE o.h.t.d.s.BasicBinder [http-nio-8023-exec-2] binding parameter [16] as [BIGINT] - [0]
2022-09-29 23:49:38,505 TRACE o.h.t.d.s.BasicBinder [http-nio-8023-exec-2] binding parameter [17] as [TIMESTAMP] - [Thu Sep 29 23:49:38 ICT 2022]
2022-09-29 23:49:38,505 TRACE o.h.t.d.s.BasicBinder [http-nio-8023-exec-2] binding parameter [18] as [BIGINT] - [-1]
2022-09-29 23:49:38,505 TRACE o.h.t.d.s.BasicBinder [http-nio-8023-exec-2] binding parameter [19] as [VARCHAR] - [UnAuthen]
2022-09-29 23:49:38,505 TRACE o.h.t.d.s.BasicBinder [http-nio-8023-exec-2] binding parameter [20] as [VARCHAR] - [user12]
2022-09-29 23:49:38,596 DEBUG o.h.e.j.s.SqlStatementLogger [http-nio-8023-exec-1] select admuser0_.id as id1_0_, admuser0_.ADDRESS as address2_0_, admuser0_.BIRTHDAY as birthday3_0_, admuser0_.CREATE_TIME as create_t4_0_, admuser0_.CREATOR_ID as creator_5_0_, admuser0_.CREATOR_NAME as creator_6_0_, admuser0_.EMAIL as email7_0_, admuser0_.FULL_NAME as full_nam8_0_, admuser0_.GENDER as gender9_0_, admuser0_.GIVEN_NAME as given_n10_0_, admuser0_.IS_DELETE as is_dele11_0_, admuser0_.PASSWORD as passwor12_0_, admuser0_.PHONE_NUMBER as phone_n13_0_, admuser0_.POSITION as positio14_0_, admuser0_.STATUS as status15_0_, admuser0_.SURNAME as surname16_0_, admuser0_.TYPE as type17_0_, admuser0_.UPDATE_TIME as update_18_0_, admuser0_.UPDATER_ID as updater19_0_, admuser0_.UPDATER_NAME as updater20_0_, admuser0_.USER_NAME as user_na21_0_ from ADM_USERS admuser0_ where admuser0_.USER_NAME=?
2022-09-29 23:49:38,597 TRACE o.h.t.d.s.BasicBinder [http-nio-8023-exec-1] binding parameter [1] as [VARCHAR] - [user12]
2022-09-29 23:49:38,598 ERROR c.s.c.RestApiExceptionHandler [http-nio-8023-exec-1] error - POST 192.168.0.104:8023/ig-clone/public/v1/sso/register - Tên đăng nhập đã tồn tại
2022-09-29 23:49:50,847 INFO c.s.p.SSOResource [http-nio-8023-exec-3] language current: vi_VN, examle error_401: Không có quyền truy cập
2022-09-29 23:49:50,920 DEBUG o.h.e.j.s.SqlStatementLogger [http-nio-8023-exec-3] select admuser0_.id as id1_0_, admuser0_.ADDRESS as address2_0_, admuser0_.BIRTHDAY as birthday3_0_, admuser0_.CREATE_TIME as create_t4_0_, admuser0_.CREATOR_ID as creator_5_0_, admuser0_.CREATOR_NAME as creator_6_0_, admuser0_.EMAIL as email7_0_, admuser0_.FULL_NAME as full_nam8_0_, admuser0_.GENDER as gender9_0_, admuser0_.GIVEN_NAME as given_n10_0_, admuser0_.IS_DELETE as is_dele11_0_, admuser0_.PASSWORD as passwor12_0_, admuser0_.PHONE_NUMBER as phone_n13_0_, admuser0_.POSITION as positio14_0_, admuser0_.STATUS as status15_0_, admuser0_.SURNAME as surname16_0_, admuser0_.TYPE as type17_0_, admuser0_.UPDATE_TIME as update_18_0_, admuser0_.UPDATER_ID as updater19_0_, admuser0_.UPDATER_NAME as updater20_0_, admuser0_.USER_NAME as user_na21_0_ from ADM_USERS admuser0_ where admuser0_.USER_NAME=?
2022-09-29 23:49:50,920 TRACE o.h.t.d.s.BasicBinder [http-nio-8023-exec-3] binding parameter [1] as [VARCHAR] - [user12]
2022-09-29 23:49:51,091 INFO c.s.p.SSOResource [http-nio-8023-exec-4] language current: vi_VN, examle error_401: Không có quyền truy cập
2022-09-29 23:49:51,093 DEBUG o.h.e.j.s.SqlStatementLogger [http-nio-8023-exec-4] select admuser0_.id as id1_0_, admuser0_.ADDRESS as address2_0_, admuser0_.BIRTHDAY as birthday3_0_, admuser0_.CREATE_TIME as create_t4_0_, admuser0_.CREATOR_ID as creator_5_0_, admuser0_.CREATOR_NAME as creator_6_0_, admuser0_.EMAIL as email7_0_, admuser0_.FULL_NAME as full_nam8_0_, admuser0_.GENDER as gender9_0_, admuser0_.GIVEN_NAME as given_n10_0_, admuser0_.IS_DELETE as is_dele11_0_, admuser0_.PASSWORD as passwor12_0_, admuser0_.PHONE_NUMBER as phone_n13_0_, admuser0_.POSITION as positio14_0_, admuser0_.STATUS as status15_0_, admuser0_.SURNAME as surname16_0_, admuser0_.TYPE as type17_0_, admuser0_.UPDATE_TIME as update_18_0_, admuser0_.UPDATER_ID as updater19_0_, admuser0_.UPDATER_NAME as updater20_0_, admuser0_.USER_NAME as user_na21_0_ from ADM_USERS admuser0_ where admuser0_.USER_NAME=?
2022-09-29 23:49:51,093 TRACE o.h.t.d.s.BasicBinder [http-nio-8023-exec-4] binding parameter [1] as [VARCHAR] - [user12]
2022-09-29 23:49:59,648 DEBUG o.h.e.j.s.SqlStatementLogger [http-nio-8023-exec-6] select admuser0_.id as id1_0_, admuser0_.ADDRESS as address2_0_, admuser0_.BIRTHDAY as birthday3_0_, admuser0_.CREATE_TIME as create_t4_0_, admuser0_.CREATOR_ID as creator_5_0_, admuser0_.CREATOR_NAME as creator_6_0_, admuser0_.EMAIL as email7_0_, admuser0_.FULL_NAME as full_nam8_0_, admuser0_.GENDER as gender9_0_, admuser0_.GIVEN_NAME as given_n10_0_, admuser0_.IS_DELETE as is_dele11_0_, admuser0_.PASSWORD as passwor12_0_, admuser0_.PHONE_NUMBER as phone_n13_0_, admuser0_.POSITION as positio14_0_, admuser0_.STATUS as status15_0_, admuser0_.SURNAME as surname16_0_, admuser0_.TYPE as type17_0_, admuser0_.UPDATE_TIME as update_18_0_, admuser0_.UPDATER_ID as updater19_0_, admuser0_.UPDATER_NAME as updater20_0_, admuser0_.USER_NAME as user_na21_0_ from ADM_USERS admuser0_ where admuser0_.USER_NAME=?
2022-09-29 23:49:59,649 TRACE o.h.t.d.s.BasicBinder [http-nio-8023-exec-6] binding parameter [1] as [VARCHAR] - [user12]
2022-09-29 23:49:59,676 DEBUG o.h.e.j.s.SqlStatementLogger [http-nio-8023-exec-6] select admuser0_.id as id1_0_, admuser0_.ADDRESS as address2_0_, admuser0_.BIRTHDAY as birthday3_0_, admuser0_.CREATE_TIME as create_t4_0_, admuser0_.CREATOR_ID as creator_5_0_, admuser0_.CREATOR_NAME as creator_6_0_, admuser0_.EMAIL as email7_0_, admuser0_.FULL_NAME as full_nam8_0_, admuser0_.GENDER as gender9_0_, admuser0_.GIVEN_NAME as given_n10_0_, admuser0_.IS_DELETE as is_dele11_0_, admuser0_.PASSWORD as passwor12_0_, admuser0_.PHONE_NUMBER as phone_n13_0_, admuser0_.POSITION as positio14_0_, admuser0_.STATUS as status15_0_, admuser0_.SURNAME as surname16_0_, admuser0_.TYPE as type17_0_, admuser0_.UPDATE_TIME as update_18_0_, admuser0_.UPDATER_ID as updater19_0_, admuser0_.UPDATER_NAME as updater20_0_, admuser0_.USER_NAME as user_na21_0_ from ADM_USERS admuser0_ where admuser0_.USER_NAME=?
2022-09-29 23:49:59,677 TRACE o.h.t.d.s.BasicBinder [http-nio-8023-exec-6] binding parameter [1] as [VARCHAR] - [user12]
2022-09-29 23:49:59,718 DEBUG o.h.e.j.s.SqlStatementLogger [http-nio-8023-exec-6] select follow0_.id as id1_7_, follow0_.CREATE_TIME as create_t2_7_, follow0_.CREATOR_ID as creator_3_7_, follow0_.CREATOR_NAME as creator_4_7_, follow0_.follower_id as follower9_7_, follow0_.following_id as followi10_7_, follow0_.IS_DELETE as is_delet5_7_, follow0_.UPDATE_TIME as update_t6_7_, follow0_.UPDATER_ID as updater_7_7_, follow0_.UPDATER_NAME as updater_8_7_ from FOLLOWS follow0_ inner join ADM_USERS admuser1_ on follow0_.follower_id=admuser1_.id where admuser1_.id=?
2022-09-29 23:49:59,720 TRACE o.h.t.d.s.BasicBinder [http-nio-8023-exec-6] binding parameter [1] as [BIGINT] - [20]
2022-09-29 23:49:59,731 DEBUG o.h.e.j.s.SqlStatementLogger [http-nio-8023-exec-6] select count(viewpost0_.id) as col_0_0_ from ( select * from POST ) viewpost0_ where 1=1
2022-09-29 23:49:59,737 DEBUG o.h.e.j.s.SqlStatementLogger [http-nio-8023-exec-6] select viewpost0_.id as id1_0_, viewpost0_.CREATE_TIME as create_t2_0_, viewpost0_.CREATOR_ID as creator_3_0_, viewpost0_.CREATOR_NAME as creator_4_0_, viewpost0_.DESCRIPTION as descript5_0_, viewpost0_.IS_DELETE as is_delet6_0_, viewpost0_.UPDATE_TIME as update_t7_0_, viewpost0_.UPDATER_ID as updater_8_0_, viewpost0_.UPDATER_NAME as updater_9_0_ from ( select * from POST ) viewpost0_ where 1=1 order by viewpost0_.UPDATE_TIME DESC, viewpost0_.CREATE_TIME DESC limit ?
2022-09-29 23:50:00,203 DEBUG o.h.e.j.s.SqlStatementLogger [http-nio-8023-exec-9] select fileattach0_.id as id1_3_, fileattach0_.CONTENT_TYPE as content_2_3_, fileattach0_.CREATE_TIME as create_t3_3_, fileattach0_.CREATOR_ID as creator_4_3_, fileattach0_.CREATOR_NAME as creator_5_3_, fileattach0_.FILE_EXTENTION as file_ext6_3_, fileattach0_.FILE_NAME as file_nam7_3_, fileattach0_.FILE_PATH as file_pat8_3_, fileattach0_.FILE_SERVICE_ID as file_ser9_3_, fileattach0_.IS_DELETE as is_dele10_3_, fileattach0_.IS_ENCRYPT as is_encr11_3_, fileattach0_.IS_SIGNED as is_sign12_3_, fileattach0_.NOTE as note13_3_, fileattach0_.OBJECT_ID as object_14_3_, fileattach0_.OBJECT_TYPE as object_15_3_, fileattach0_.PDF_ALREADY as pdf_alr16_3_, fileattach0_.SIGNED_DOC_ID as signed_17_3_, fileattach0_.STORAGE_TYPE as storage18_3_, fileattach0_.UPDATE_TIME as update_19_3_, fileattach0_.UPDATER_ID as updater20_3_, fileattach0_.UPDATER_NAME as updater21_3_ from FILE_ATTACHMENT fileattach0_ where fileattach0_.id=? and fileattach0_.IS_DELETE=?
2022-09-29 23:50:00,203 TRACE o.h.t.d.s.BasicBinder [http-nio-8023-exec-9] binding parameter [1] as [BIGINT] - [1]
2022-09-29 23:50:00,204 TRACE o.h.t.d.s.BasicBinder [http-nio-8023-exec-9] binding parameter [2] as [BIGINT] - [0]
2022-09-29 23:50:00,239 DEBUG o.h.e.j.s.SqlStatementLogger [http-nio-8023-exec-9] select fileattach0_.id as id1_2_0_, fileattach0_.CONTENT_TYPE as content_2_2_0_, fileattach0_.CREATE_TIME as create_t3_2_0_, fileattach0_.CREATOR_ID as creator_4_2_0_, fileattach0_.CREATOR_NAME as creator_5_2_0_, fileattach0_.DESCRIPTION as descript6_2_0_, fileattach0_.FILE_CODE as file_cod7_2_0_, fileattach0_.FILE_NAME as file_nam8_2_0_, fileattach0_.FILE_PATH as file_pat9_2_0_, fileattach0_.FILE_SIZE as file_si10_2_0_, fileattach0_.FILE_TYPE as file_ty11_2_0_, fileattach0_.IS_DELETE as is_dele12_2_0_, fileattach0_.IS_ENCRYPT as is_encr13_2_0_, fileattach0_.IS_ORIGINAL as is_orig14_2_0_, fileattach0_.IS_PDF as is_pdf15_2_0_, fileattach0_.PDF_ATTACH_DOCUMENT_ID as pdf_att16_2_0_, fileattach0_.UPDATE_TIME as update_17_2_0_, fileattach0_.UPDATER_ID as updater18_2_0_, fileattach0_.UPDATER_NAME as updater19_2_0_ from FILE_ATTACH_DOCUMENT fileattach0_ where fileattach0_.id=?
2022-09-29 23:50:00,240 TRACE o.h.t.d.s.BasicBinder [http-nio-8023-exec-9] binding parameter [1] as [BIGINT] - [1]
2022-09-29 23:57:36,314 DEBUG o.h.e.j.s.SqlStatementLogger [http-nio-8023-exec-3] select admuser0_.id as id1_0_, admuser0_.ADDRESS as address2_0_, admuser0_.BIRTHDAY as birthday3_0_, admuser0_.CREATE_TIME as create_t4_0_, admuser0_.CREATOR_ID as creator_5_0_, admuser0_.CREATOR_NAME as creator_6_0_, admuser0_.EMAIL as email7_0_, admuser0_.FULL_NAME as full_nam8_0_, admuser0_.GENDER as gender9_0_, admuser0_.GIVEN_NAME as given_n10_0_, admuser0_.IS_DELETE as is_dele11_0_, admuser0_.PASSWORD as passwor12_0_, admuser0_.PHONE_NUMBER as phone_n13_0_, admuser0_.POSITION as positio14_0_, admuser0_.STATUS as status15_0_, admuser0_.SURNAME as surname16_0_, admuser0_.TYPE as type17_0_, admuser0_.UPDATE_TIME as update_18_0_, admuser0_.UPDATER_ID as updater19_0_, admuser0_.UPDATER_NAME as updater20_0_, admuser0_.USER_NAME as user_na21_0_ from ADM_USERS admuser0_ where admuser0_.USER_NAME=?
2022-09-29 23:57:36,315 TRACE o.h.t.d.s.BasicBinder [http-nio-8023-exec-3] binding parameter [1] as [VARCHAR] - [user222]
2022-09-29 23:57:36,317 DEBUG o.h.e.j.s.SqlStatementLogger [http-nio-8023-exec-3] insert into ADM_USERS (ADDRESS, BIRTHDAY, CREATE_TIME, CREATOR_ID, CREATOR_NAME, EMAIL, FULL_NAME, GENDER, GIVEN_NAME, IS_DELETE, PASSWORD, PHONE_NUMBER, POSITION, STATUS, SURNAME, TYPE, UPDATE_TIME, UPDATER_ID, UPDATER_NAME, USER_NAME) values (?, ?, ?, ?, ?, ?, ?, ?, ?, ?, ?, ?, ?, ?, ?, ?, ?, ?, ?, ?)
2022-09-29 23:57:36,317 TRACE o.h.t.d.s.BasicBinder [http-nio-8023-exec-3] binding parameter [1] as [VARCHAR] - [null]
2022-09-29 23:57:36,318 TRACE o.h.t.d.s.BasicBinder [http-nio-8023-exec-3] binding parameter [2] as [TIMESTAMP] - [null]
2022-09-29 23:57:36,318 TRACE o.h.t.d.s.BasicBinder [http-nio-8023-exec-3] binding parameter [3] as [TIMESTAMP] - [Thu Sep 29 23:57:36 ICT 2022]
2022-09-29 23:57:36,319 TRACE o.h.t.d.s.BasicBinder [http-nio-8023-exec-3] binding parameter [4] as [BIGINT] - [-1]
2022-09-29 23:57:36,319 TRACE o.h.t.d.s.BasicBinder [http-nio-8023-exec-3] binding parameter [5] as [VARCHAR] - [UnAuthen]
2022-09-29 23:57:36,319 TRACE o.h.t.d.s.BasicBinder [http-nio-8023-exec-3] binding parameter [6] as [VARCHAR] - [null]
2022-09-29 23:57:36,319 TRACE o.h.t.d.s.BasicBinder [http-nio-8023-exec-3] binding parameter [7] as [VARCHAR] - [sdak dkasmkd]
2022-09-29 23:57:36,319 TRACE o.h.t.d.s.BasicBinder [http-nio-8023-exec-3] binding parameter [8] as [BIGINT] - [null]
2022-09-29 23:57:36,319 TRACE o.h.t.d.s.BasicBinder [http-nio-8023-exec-3] binding parameter [9] as [VARCHAR] - [null]
2022-09-29 23:57:36,319 TRACE o.h.t.d.s.BasicBinder [http-nio-8023-exec-3] binding parameter [10] as [BIGINT] - [0]
2022-09-29 23:57:36,320 TRACE o.h.t.d.s.BasicBinder [http-nio-8023-exec-3] binding parameter [11] as [VARCHAR] - [$2a$10$fDR/jA8H8YwgZQPSg6RtU..zELjPH0wrdUWsCS3EztDndZK8xXb3C]
2022-09-29 23:57:36,320 TRACE o.h.t.d.s.BasicBinder [http-nio-8023-exec-3] binding parameter [12] as [VARCHAR] - [null]
2022-09-29 23:57:36,320 TRACE o.h.t.d.s.BasicBinder [http-nio-8023-exec-3] binding parameter [13] as [VARCHAR] - [null]
2022-09-29 23:57:36,320 TRACE o.h.t.d.s.BasicBinder [http-nio-8023-exec-3] binding parameter [14] as [BIGINT] - [0]
2022-09-29 23:57:36,320 TRACE o.h.t.d.s.BasicBinder [http-nio-8023-exec-3] binding parameter [15] as [VARCHAR] - [null]
2022-09-29 23:57:36,320 TRACE o.h.t.d.s.BasicBinder [http-nio-8023-exec-3] binding parameter [16] as [BIGINT] - [0]
2022-09-29 23:57:36,320 TRACE o.h.t.d.s.BasicBinder [http-nio-8023-exec-3] binding parameter [17] as [TIMESTAMP] - [Thu Sep 29 23:57:36 ICT 2022]
2022-09-29 23:57:36,320 TRACE o.h.t.d.s.BasicBinder [http-nio-8023-exec-3] binding parameter [18] as [BIGINT] - [-1]
2022-09-29 23:57:36,320 TRACE o.h.t.d.s.BasicBinder [http-nio-8023-exec-3] binding parameter [19] as [VARCHAR] - [UnAuthen]
2022-09-29 23:57:36,321 TRACE o.h.t.d.s.BasicBinder [http-nio-8023-exec-3] binding parameter [20] as [VARCHAR] - [user222]
2022-09-29 23:58:49,362 DEBUG o.h.e.j.s.SqlStatementLogger [http-nio-8023-exec-5] select admuser0_.id as id1_0_, admuser0_.ADDRESS as address2_0_, admuser0_.BIRTHDAY as birthday3_0_, admuser0_.CREATE_TIME as create_t4_0_, admuser0_.CREATOR_ID as creator_5_0_, admuser0_.CREATOR_NAME as creator_6_0_, admuser0_.EMAIL as email7_0_, admuser0_.FULL_NAME as full_nam8_0_, admuser0_.GENDER as gender9_0_, admuser0_.GIVEN_NAME as given_n10_0_, admuser0_.IS_DELETE as is_dele11_0_, admuser0_.PASSWORD as passwor12_0_, admuser0_.PHONE_NUMBER as phone_n13_0_, admuser0_.POSITION as positio14_0_, admuser0_.STATUS as status15_0_, admuser0_.SURNAME as surname16_0_, admuser0_.TYPE as type17_0_, admuser0_.UPDATE_TIME as update_18_0_, admuser0_.UPDATER_ID as updater19_0_, admuser0_.UPDATER_NAME as updater20_0_, admuser0_.USER_NAME as user_na21_0_ from ADM_USERS admuser0_ where admuser0_.USER_NAME=?
2022-09-29 23:58:49,362 TRACE o.h.t.d.s.BasicBinder [http-nio-8023-exec-5] binding parameter [1] as [VARCHAR] - [user14]
2022-09-29 23:58:49,363 DEBUG o.h.e.j.s.SqlStatementLogger [http-nio-8023-exec-5] insert into ADM_USERS (ADDRESS, BIRTHDAY, CREATE_TIME, CREATOR_ID, CREATOR_NAME, EMAIL, FULL_NAME, GENDER, GIVEN_NAME, IS_DELETE, PASSWORD, PHONE_NUMBER, POSITION, STATUS, SURNAME, TYPE, UPDATE_TIME, UPDATER_ID, UPDATER_NAME, USER_NAME) values (?, ?, ?, ?, ?, ?, ?, ?, ?, ?, ?, ?, ?, ?, ?, ?, ?, ?, ?, ?)
2022-09-29 23:58:49,363 TRACE o.h.t.d.s.BasicBinder [http-nio-8023-exec-5] binding parameter [1] as [VARCHAR] - [null]
2022-09-29 23:58:49,364 TRACE o.h.t.d.s.BasicBinder [http-nio-8023-exec-5] binding parameter [2] as [TIMESTAMP] - [null]
2022-09-29 23:58:49,364 TRACE o.h.t.d.s.BasicBinder [http-nio-8023-exec-5] binding parameter [3] as [TIMESTAMP] - [Thu Sep 29 23:58:49 ICT 2022]
2022-09-29 23:58:49,366 TRACE o.h.t.d.s.BasicBinder [http-nio-8023-exec-5] binding parameter [4] as [BIGINT] - [-1]
2022-09-29 23:58:49,366 TRACE o.h.t.d.s.BasicBinder [http-nio-8023-exec-5] binding parameter [5] as [VARCHAR] - [UnAuthen]
2022-09-29 23:58:49,366 TRACE o.h.t.d.s.BasicBinder [http-nio-8023-exec-5] binding parameter [6] as [VARCHAR] - [null]
2022-09-29 23:58:49,366 TRACE o.h.t.d.s.BasicBinder [http-nio-8023-exec-5] binding parameter [7] as [VARCHAR] - [ngoc thuy]
2022-09-29 23:58:49,366 TRACE o.h.t.d.s.BasicBinder [http-nio-8023-exec-5] binding parameter [8] as [BIGINT] - [null]
2022-09-29 23:58:49,366 TRACE o.h.t.d.s.BasicBinder [http-nio-8023-exec-5] binding parameter [9] as [VARCHAR] - [null]
2022-09-29 23:58:49,367 TRACE o.h.t.d.s.BasicBinder [http-nio-8023-exec-5] binding parameter [10] as [BIGINT] - [0]
2022-09-29 23:58:49,367 TRACE o.h.t.d.s.BasicBinder [http-nio-8023-exec-5] binding parameter [11] as [VARCHAR] - [$2a$10$Q8.CdbJQ1iWxOeRaEE.amOtokqOYHO0xn2msX4LsgDisSdSXkktHS]
2022-09-29 23:58:49,367 TRACE o.h.t.d.s.BasicBinder [http-nio-8023-exec-5] binding parameter [12] as [VARCHAR] - [null]
2022-09-29 23:58:49,367 TRACE o.h.t.d.s.BasicBinder [http-nio-8023-exec-5] binding parameter [13] as [VARCHAR] - [null]
2022-09-29 23:58:49,367 TRACE o.h.t.d.s.BasicBinder [http-nio-8023-exec-5] binding parameter [14] as [BIGINT] - [0]
2022-09-29 23:58:49,367 TRACE o.h.t.d.s.BasicBinder [http-nio-8023-exec-5] binding parameter [15] as [VARCHAR] - [null]
2022-09-29 23:58:49,367 TRACE o.h.t.d.s.BasicBinder [http-nio-8023-exec-5] binding parameter [16] as [BIGINT] - [0]
2022-09-29 23:58:49,368 TRACE o.h.t.d.s.BasicBinder [http-nio-8023-exec-5] binding parameter [17] as [TIMESTAMP] - [Thu Sep 29 23:58:49 ICT 2022]
2022-09-29 23:58:49,368 TRACE o.h.t.d.s.BasicBinder [http-nio-8023-exec-5] binding parameter [18] as [BIGINT] - [-1]
2022-09-29 23:58:49,368 TRACE o.h.t.d.s.BasicBinder [http-nio-8023-exec-5] binding parameter [19] as [VARCHAR] - [UnAuthen]
2022-09-29 23:58:49,368 TRACE o.h.t.d.s.BasicBinder [http-nio-8023-exec-5] binding parameter [20] as [VARCHAR] - [user14]
2022-09-29 23:58:49,457 DEBUG o.h.e.j.s.SqlStatementLogger [http-nio-8023-exec-6] select admuser0_.id as id1_0_, admuser0_.ADDRESS as address2_0_, admuser0_.BIRTHDAY as birthday3_0_, admuser0_.CREATE_TIME as create_t4_0_, admuser0_.CREATOR_ID as creator_5_0_, admuser0_.CREATOR_NAME as creator_6_0_, admuser0_.EMAIL as email7_0_, admuser0_.FULL_NAME as full_nam8_0_, admuser0_.GENDER as gender9_0_, admuser0_.GIVEN_NAME as given_n10_0_, admuser0_.IS_DELETE as is_dele11_0_, admuser0_.PASSWORD as passwor12_0_, admuser0_.PHONE_NUMBER as phone_n13_0_, admuser0_.POSITION as positio14_0_, admuser0_.STATUS as status15_0_, admuser0_.SURNAME as surname16_0_, admuser0_.TYPE as type17_0_, admuser0_.UPDATE_TIME as update_18_0_, admuser0_.UPDATER_ID as updater19_0_, admuser0_.UPDATER_NAME as updater20_0_, admuser0_.USER_NAME as user_na21_0_ from ADM_USERS admuser0_ where admuser0_.USER_NAME=?
2022-09-29 23:58:49,457 TRACE o.h.t.d.s.BasicBinder [http-nio-8023-exec-6] binding parameter [1] as [VARCHAR] - [user14]
2022-09-29 23:58:49,458 ERROR c.s.c.RestApiExceptionHandler [http-nio-8023-exec-6] error - POST 192.168.0.104:8023/ig-clone/public/v1/sso/register - Tên đăng nhập đã tồn tại
